{"timestamp":"2025-09-26T16:02:23.258633","level":"info","event":"DAG bundles loaded: dags-folder","logger":"airflow.dag_processing.bundles.manager.DagBundlesManager"}
{"timestamp":"2025-09-26T16:02:23.259081","level":"info","event":"Filling up the DagBag from /Users/adelson/airflow/dags/clair_api_processor.py","logger":"airflow.models.dagbag.DagBag"}
{"timestamp":"2025-09-26T16:02:23.317168","level":"info","event":"Tmp dir root location: /var/folders/82/f0krq6zj2bb8g6tczhngyxh00000gn/T","logger":"airflow.task.hooks.airflow.providers.standard.hooks.subprocess.SubprocessHook"}
{"timestamp":"2025-09-26T16:02:23.317463","level":"info","event":"Running command: ['/bin/bash', '-c', '\\n        # Set environment variables\\n        export CLAIR_URL=\"https://next-lab-test.bms.utwente.nl/chatBot/\"\\n        export CLAIR_TOKEN=\"ZMhoyTJQxNE\"\\n        \\n        # Add conda to PATH\\n        export PATH=\"/Users/adelson/miniconda3/bin:$PATH\"\\n        \\n        # Change to the directory containing clair_api_tester.py\\n        cd \"/Users/adelson/Library/CloudStorage/GoogleDrive-adelson.dias@gmail.com/Meu Drive/Clair/clair-v044\"\\n        \\n        # Activate the clair-py310 environment and run the script\\n        echo \"Starting Clair API processing...\"\\n        echo \"Input file: /Users/adelson/Documents/mai-thomas/data/combined_chats.csv\"\\n        echo \"Mode: ssrl\"\\n        echo \"Keywords: default, artificial intelligence\"\\n        echo \"Language: EN\"\\n        echo \"Groups: 2\"\\n        echo \"\"\\n        \\n        # Run the script with unbuffered output and stderr redirected to stdout to capture progress bars\\n        conda run -n clair-py310 python -u tests/archived/clair_api_tester.py             --data_file_path=\"/Users/adelson/Documents/mai-thomas/data/combined_chats.csv\"             --dataset_lang=\"EN\"             --topics_file=\"default, artificial intelligence\"             --mode=\"ssrl\"             --n_groups=\"2\" 2>&1\\n        \\n        echo \"\"\\n        echo \"Clair API processing completed!\"\\n        ']","logger":"airflow.task.hooks.airflow.providers.standard.hooks.subprocess.SubprocessHook"}
{"timestamp":"2025-09-26T16:02:23.320503","level":"info","event":"Output:","logger":"airflow.task.hooks.airflow.providers.standard.hooks.subprocess.SubprocessHook"}
{"timestamp":"2025-09-26T16:02:23.323361","level":"info","event":"Starting Clair API processing...","logger":"airflow.task.hooks.airflow.providers.standard.hooks.subprocess.SubprocessHook"}
{"timestamp":"2025-09-26T16:02:23.323417","level":"info","event":"Input file: /Users/adelson/Documents/mai-thomas/data/combined_chats.csv","logger":"airflow.task.hooks.airflow.providers.standard.hooks.subprocess.SubprocessHook"}
{"timestamp":"2025-09-26T16:02:23.323442","level":"info","event":"Mode: ssrl","logger":"airflow.task.hooks.airflow.providers.standard.hooks.subprocess.SubprocessHook"}
{"timestamp":"2025-09-26T16:02:23.323459","level":"info","event":"Keywords: default, artificial intelligence","logger":"airflow.task.hooks.airflow.providers.standard.hooks.subprocess.SubprocessHook"}
{"timestamp":"2025-09-26T16:02:23.323475","level":"info","event":"Language: EN","logger":"airflow.task.hooks.airflow.providers.standard.hooks.subprocess.SubprocessHook"}
{"timestamp":"2025-09-26T16:02:23.323490","level":"info","event":"Groups: 2","logger":"airflow.task.hooks.airflow.providers.standard.hooks.subprocess.SubprocessHook"}
{"timestamp":"2025-09-26T16:02:23.323507","level":"info","event":"","logger":"airflow.task.hooks.airflow.providers.standard.hooks.subprocess.SubprocessHook"}
{"timestamp":"2025-09-26T16:06:40.174657","level":"info","event":"","logger":"airflow.task.hooks.airflow.providers.standard.hooks.subprocess.SubprocessHook"}
{"timestamp":"2025-09-26T16:06:40.174895","level":"info","event":"  0%|          | 0/260 [00:00<?, ?it/s]","logger":"airflow.task.hooks.airflow.providers.standard.hooks.subprocess.SubprocessHook"}
{"timestamp":"2025-09-26T16:06:40.174932","level":"info","event":"  0%|          | 1/260 [00:00<04:03,  1.07it/s]","logger":"airflow.task.hooks.airflow.providers.standard.hooks.subprocess.SubprocessHook"}
{"timestamp":"2025-09-26T16:06:40.174954","level":"info","event":"  1%|          | 2/260 [00:01<04:04,  1.05it/s]","logger":"airflow.task.hooks.airflow.providers.standard.hooks.subprocess.SubprocessHook"}
{"timestamp":"2025-09-26T16:06:40.174975","level":"info","event":"  1%|          | 3/260 [00:02<04:06,  1.04it/s]","logger":"airflow.task.hooks.airflow.providers.standard.hooks.subprocess.SubprocessHook"}
{"timestamp":"2025-09-26T16:06:40.174994","level":"info","event":"  2%|▏         | 4/260 [00:04<05:49,  1.37s/it]","logger":"airflow.task.hooks.airflow.providers.standard.hooks.subprocess.SubprocessHook"}
{"timestamp":"2025-09-26T16:06:40.175021","level":"info","event":"  2%|▏         | 5/260 [00:05<05:15,  1.24s/it]","logger":"airflow.task.hooks.airflow.providers.standard.hooks.subprocess.SubprocessHook"}
{"timestamp":"2025-09-26T16:06:40.175037","level":"info","event":"  2%|▏         | 6/260 [00:06<04:53,  1.16s/it]","logger":"airflow.task.hooks.airflow.providers.standard.hooks.subprocess.SubprocessHook"}
{"timestamp":"2025-09-26T16:06:40.175053","level":"info","event":"  3%|▎         | 7/260 [00:07<04:38,  1.10s/it]","logger":"airflow.task.hooks.airflow.providers.standard.hooks.subprocess.SubprocessHook"}
{"timestamp":"2025-09-26T16:06:40.175068","level":"info","event":"  3%|▎         | 8/260 [00:08<04:28,  1.07s/it]","logger":"airflow.task.hooks.airflow.providers.standard.hooks.subprocess.SubprocessHook"}
{"timestamp":"2025-09-26T16:06:40.175083","level":"info","event":"  3%|▎         | 9/260 [00:09<04:20,  1.04s/it]","logger":"airflow.task.hooks.airflow.providers.standard.hooks.subprocess.SubprocessHook"}
{"timestamp":"2025-09-26T16:06:40.175098","level":"info","event":"  4%|▍         | 10/260 [00:10<04:17,  1.03s/it]","logger":"airflow.task.hooks.airflow.providers.standard.hooks.subprocess.SubprocessHook"}
{"timestamp":"2025-09-26T16:06:40.175117","level":"info","event":"  4%|▍         | 11/260 [00:11<04:13,  1.02s/it]","logger":"airflow.task.hooks.airflow.providers.standard.hooks.subprocess.SubprocessHook"}
{"timestamp":"2025-09-26T16:06:40.175132","level":"info","event":"  5%|▍         | 12/260 [00:12<04:16,  1.03s/it]","logger":"airflow.task.hooks.airflow.providers.standard.hooks.subprocess.SubprocessHook"}
{"timestamp":"2025-09-26T16:06:40.175148","level":"info","event":"  5%|▌         | 13/260 [00:13<04:10,  1.02s/it]","logger":"airflow.task.hooks.airflow.providers.standard.hooks.subprocess.SubprocessHook"}
{"timestamp":"2025-09-26T16:06:40.175162","level":"info","event":"  5%|▌         | 14/260 [00:14<04:07,  1.01s/it]","logger":"airflow.task.hooks.airflow.providers.standard.hooks.subprocess.SubprocessHook"}
{"timestamp":"2025-09-26T16:06:40.175177","level":"info","event":"  6%|▌         | 15/260 [00:15<04:05,  1.00s/it]","logger":"airflow.task.hooks.airflow.providers.standard.hooks.subprocess.SubprocessHook"}
{"timestamp":"2025-09-26T16:06:40.175192","level":"info","event":"  6%|▌         | 16/260 [00:16<04:02,  1.01it/s]","logger":"airflow.task.hooks.airflow.providers.standard.hooks.subprocess.SubprocessHook"}
{"timestamp":"2025-09-26T16:06:40.175207","level":"info","event":"  7%|▋         | 17/260 [00:17<03:59,  1.01it/s]","logger":"airflow.task.hooks.airflow.providers.standard.hooks.subprocess.SubprocessHook"}
{"timestamp":"2025-09-26T16:06:40.175222","level":"info","event":"  7%|▋         | 18/260 [00:18<03:55,  1.03it/s]","logger":"airflow.task.hooks.airflow.providers.standard.hooks.subprocess.SubprocessHook"}
{"timestamp":"2025-09-26T16:06:40.175237","level":"info","event":"  7%|▋         | 19/260 [00:19<03:56,  1.02it/s]","logger":"airflow.task.hooks.airflow.providers.standard.hooks.subprocess.SubprocessHook"}
{"timestamp":"2025-09-26T16:06:40.175252","level":"info","event":"  8%|▊         | 20/260 [00:20<03:55,  1.02it/s]","logger":"airflow.task.hooks.airflow.providers.standard.hooks.subprocess.SubprocessHook"}
{"timestamp":"2025-09-26T16:06:40.175267","level":"info","event":"  8%|▊         | 21/260 [00:21<03:51,  1.03it/s]","logger":"airflow.task.hooks.airflow.providers.standard.hooks.subprocess.SubprocessHook"}
{"timestamp":"2025-09-26T16:06:40.175281","level":"info","event":"  8%|▊         | 22/260 [00:22<03:49,  1.04it/s]","logger":"airflow.task.hooks.airflow.providers.standard.hooks.subprocess.SubprocessHook"}
{"timestamp":"2025-09-26T16:06:40.175298","level":"info","event":"  9%|▉         | 23/260 [00:23<03:47,  1.04it/s]","logger":"airflow.task.hooks.airflow.providers.standard.hooks.subprocess.SubprocessHook"}
{"timestamp":"2025-09-26T16:06:40.175314","level":"info","event":"  9%|▉         | 24/260 [00:24<03:52,  1.02it/s]","logger":"airflow.task.hooks.airflow.providers.standard.hooks.subprocess.SubprocessHook"}
{"timestamp":"2025-09-26T16:06:40.175329","level":"info","event":" 10%|▉         | 25/260 [00:25<03:49,  1.02it/s]","logger":"airflow.task.hooks.airflow.providers.standard.hooks.subprocess.SubprocessHook"}
{"timestamp":"2025-09-26T16:06:40.175344","level":"info","event":" 10%|█         | 26/260 [00:26<03:46,  1.03it/s]","logger":"airflow.task.hooks.airflow.providers.standard.hooks.subprocess.SubprocessHook"}
{"timestamp":"2025-09-26T16:06:40.175359","level":"info","event":" 10%|█         | 27/260 [00:27<03:49,  1.02it/s]","logger":"airflow.task.hooks.airflow.providers.standard.hooks.subprocess.SubprocessHook"}
{"timestamp":"2025-09-26T16:06:40.175373","level":"info","event":" 11%|█         | 28/260 [00:28<03:46,  1.02it/s]","logger":"airflow.task.hooks.airflow.providers.standard.hooks.subprocess.SubprocessHook"}
{"timestamp":"2025-09-26T16:06:40.175388","level":"info","event":" 11%|█         | 29/260 [00:29<03:46,  1.02it/s]","logger":"airflow.task.hooks.airflow.providers.standard.hooks.subprocess.SubprocessHook"}
{"timestamp":"2025-09-26T16:06:40.175403","level":"info","event":" 12%|█▏        | 30/260 [00:30<03:42,  1.04it/s]","logger":"airflow.task.hooks.airflow.providers.standard.hooks.subprocess.SubprocessHook"}
{"timestamp":"2025-09-26T16:06:40.175418","level":"info","event":" 12%|█▏        | 31/260 [00:31<03:38,  1.05it/s]","logger":"airflow.task.hooks.airflow.providers.standard.hooks.subprocess.SubprocessHook"}
{"timestamp":"2025-09-26T16:06:40.175433","level":"info","event":" 12%|█▏        | 32/260 [00:32<03:34,  1.06it/s]","logger":"airflow.task.hooks.airflow.providers.standard.hooks.subprocess.SubprocessHook"}
{"timestamp":"2025-09-26T16:06:40.175448","level":"info","event":" 13%|█▎        | 33/260 [00:33<03:39,  1.03it/s]","logger":"airflow.task.hooks.airflow.providers.standard.hooks.subprocess.SubprocessHook"}
{"timestamp":"2025-09-26T16:06:40.175462","level":"info","event":" 13%|█▎        | 34/260 [00:34<03:36,  1.04it/s]","logger":"airflow.task.hooks.airflow.providers.standard.hooks.subprocess.SubprocessHook"}
{"timestamp":"2025-09-26T16:06:40.175477","level":"info","event":" 13%|█▎        | 35/260 [00:35<03:35,  1.05it/s]","logger":"airflow.task.hooks.airflow.providers.standard.hooks.subprocess.SubprocessHook"}
{"timestamp":"2025-09-26T16:06:40.175492","level":"info","event":" 14%|█▍        | 36/260 [00:36<03:31,  1.06it/s]","logger":"airflow.task.hooks.airflow.providers.standard.hooks.subprocess.SubprocessHook"}
{"timestamp":"2025-09-26T16:06:40.175507","level":"info","event":" 14%|█▍        | 37/260 [00:37<03:30,  1.06it/s]","logger":"airflow.task.hooks.airflow.providers.standard.hooks.subprocess.SubprocessHook"}
{"timestamp":"2025-09-26T16:06:40.175521","level":"info","event":" 15%|█▍        | 38/260 [00:37<03:29,  1.06it/s]","logger":"airflow.task.hooks.airflow.providers.standard.hooks.subprocess.SubprocessHook"}
{"timestamp":"2025-09-26T16:06:40.175536","level":"info","event":" 15%|█▌        | 39/260 [00:38<03:27,  1.06it/s]","logger":"airflow.task.hooks.airflow.providers.standard.hooks.subprocess.SubprocessHook"}
{"timestamp":"2025-09-26T16:06:40.175552","level":"info","event":" 15%|█▌        | 40/260 [00:39<03:27,  1.06it/s]","logger":"airflow.task.hooks.airflow.providers.standard.hooks.subprocess.SubprocessHook"}
{"timestamp":"2025-09-26T16:06:40.175566","level":"info","event":" 16%|█▌        | 41/260 [00:40<03:33,  1.02it/s]","logger":"airflow.task.hooks.airflow.providers.standard.hooks.subprocess.SubprocessHook"}
{"timestamp":"2025-09-26T16:06:40.175581","level":"info","event":" 16%|█▌        | 42/260 [00:41<03:31,  1.03it/s]","logger":"airflow.task.hooks.airflow.providers.standard.hooks.subprocess.SubprocessHook"}
{"timestamp":"2025-09-26T16:06:40.175596","level":"info","event":" 17%|█▋        | 43/260 [00:42<03:28,  1.04it/s]","logger":"airflow.task.hooks.airflow.providers.standard.hooks.subprocess.SubprocessHook"}
{"timestamp":"2025-09-26T16:06:40.175611","level":"info","event":" 17%|█▋        | 44/260 [00:43<03:26,  1.05it/s]","logger":"airflow.task.hooks.airflow.providers.standard.hooks.subprocess.SubprocessHook"}
{"timestamp":"2025-09-26T16:06:40.175625","level":"info","event":" 17%|█▋        | 45/260 [00:44<03:25,  1.05it/s]","logger":"airflow.task.hooks.airflow.providers.standard.hooks.subprocess.SubprocessHook"}
{"timestamp":"2025-09-26T16:06:40.175640","level":"info","event":" 18%|█▊        | 46/260 [00:45<03:23,  1.05it/s]","logger":"airflow.task.hooks.airflow.providers.standard.hooks.subprocess.SubprocessHook"}
{"timestamp":"2025-09-26T16:06:40.175655","level":"info","event":" 18%|█▊        | 47/260 [00:46<03:26,  1.03it/s]","logger":"airflow.task.hooks.airflow.providers.standard.hooks.subprocess.SubprocessHook"}
{"timestamp":"2025-09-26T16:06:40.175669","level":"info","event":" 18%|█▊        | 48/260 [00:47<03:24,  1.04it/s]","logger":"airflow.task.hooks.airflow.providers.standard.hooks.subprocess.SubprocessHook"}
{"timestamp":"2025-09-26T16:06:40.175684","level":"info","event":" 19%|█▉        | 49/260 [00:48<03:22,  1.04it/s]","logger":"airflow.task.hooks.airflow.providers.standard.hooks.subprocess.SubprocessHook"}
{"timestamp":"2025-09-26T16:06:40.175698","level":"info","event":" 19%|█▉        | 50/260 [00:49<03:19,  1.05it/s]","logger":"airflow.task.hooks.airflow.providers.standard.hooks.subprocess.SubprocessHook"}
{"timestamp":"2025-09-26T16:06:40.175713","level":"info","event":" 20%|█▉        | 51/260 [00:50<03:30,  1.01s/it]","logger":"airflow.task.hooks.airflow.providers.standard.hooks.subprocess.SubprocessHook"}
{"timestamp":"2025-09-26T16:06:40.175728","level":"info","event":" 20%|██        | 52/260 [00:51<03:35,  1.04s/it]","logger":"airflow.task.hooks.airflow.providers.standard.hooks.subprocess.SubprocessHook"}
{"timestamp":"2025-09-26T16:06:40.175742","level":"info","event":" 20%|██        | 53/260 [00:52<03:30,  1.02s/it]","logger":"airflow.task.hooks.airflow.providers.standard.hooks.subprocess.SubprocessHook"}
{"timestamp":"2025-09-26T16:06:40.175757","level":"info","event":" 21%|██        | 54/260 [00:53<03:31,  1.03s/it]","logger":"airflow.task.hooks.airflow.providers.standard.hooks.subprocess.SubprocessHook"}
{"timestamp":"2025-09-26T16:06:40.175771","level":"info","event":" 21%|██        | 55/260 [00:54<03:24,  1.00it/s]","logger":"airflow.task.hooks.airflow.providers.standard.hooks.subprocess.SubprocessHook"}
{"timestamp":"2025-09-26T16:06:40.175786","level":"info","event":" 22%|██▏       | 56/260 [00:55<03:21,  1.01it/s]","logger":"airflow.task.hooks.airflow.providers.standard.hooks.subprocess.SubprocessHook"}
{"timestamp":"2025-09-26T16:06:40.175810","level":"info","event":" 22%|██▏       | 57/260 [00:56<03:17,  1.03it/s]","logger":"airflow.task.hooks.airflow.providers.standard.hooks.subprocess.SubprocessHook"}
{"timestamp":"2025-09-26T16:06:40.175825","level":"info","event":" 22%|██▏       | 58/260 [00:57<03:15,  1.03it/s]","logger":"airflow.task.hooks.airflow.providers.standard.hooks.subprocess.SubprocessHook"}
{"timestamp":"2025-09-26T16:06:40.175839","level":"info","event":" 23%|██▎       | 59/260 [00:58<03:12,  1.04it/s]","logger":"airflow.task.hooks.airflow.providers.standard.hooks.subprocess.SubprocessHook"}
{"timestamp":"2025-09-26T16:06:40.175854","level":"info","event":" 23%|██▎       | 60/260 [00:59<03:09,  1.05it/s]","logger":"airflow.task.hooks.airflow.providers.standard.hooks.subprocess.SubprocessHook"}
{"timestamp":"2025-09-26T16:06:40.175869","level":"info","event":" 23%|██▎       | 61/260 [01:00<03:14,  1.02it/s]","logger":"airflow.task.hooks.airflow.providers.standard.hooks.subprocess.SubprocessHook"}
{"timestamp":"2025-09-26T16:06:40.175883","level":"info","event":" 24%|██▍       | 62/260 [01:01<03:11,  1.04it/s]","logger":"airflow.task.hooks.airflow.providers.standard.hooks.subprocess.SubprocessHook"}
{"timestamp":"2025-09-26T16:06:40.175898","level":"info","event":" 24%|██▍       | 63/260 [01:02<03:11,  1.03it/s]","logger":"airflow.task.hooks.airflow.providers.standard.hooks.subprocess.SubprocessHook"}
{"timestamp":"2025-09-26T16:06:40.175913","level":"info","event":" 25%|██▍       | 64/260 [01:03<03:11,  1.02it/s]","logger":"airflow.task.hooks.airflow.providers.standard.hooks.subprocess.SubprocessHook"}
{"timestamp":"2025-09-26T16:06:40.175927","level":"info","event":" 25%|██▌       | 65/260 [01:04<03:10,  1.02it/s]","logger":"airflow.task.hooks.airflow.providers.standard.hooks.subprocess.SubprocessHook"}
{"timestamp":"2025-09-26T16:06:40.175942","level":"info","event":" 25%|██▌       | 66/260 [01:05<03:12,  1.01it/s]","logger":"airflow.task.hooks.airflow.providers.standard.hooks.subprocess.SubprocessHook"}
{"timestamp":"2025-09-26T16:06:40.175956","level":"info","event":" 26%|██▌       | 67/260 [01:06<03:09,  1.02it/s]","logger":"airflow.task.hooks.airflow.providers.standard.hooks.subprocess.SubprocessHook"}
{"timestamp":"2025-09-26T16:06:40.175971","level":"info","event":" 26%|██▌       | 68/260 [01:07<03:05,  1.03it/s]","logger":"airflow.task.hooks.airflow.providers.standard.hooks.subprocess.SubprocessHook"}
{"timestamp":"2025-09-26T16:06:40.175985","level":"info","event":" 27%|██▋       | 69/260 [01:08<03:03,  1.04it/s]","logger":"airflow.task.hooks.airflow.providers.standard.hooks.subprocess.SubprocessHook"}
{"timestamp":"2025-09-26T16:06:40.176000","level":"info","event":" 27%|██▋       | 70/260 [01:09<03:05,  1.02it/s]","logger":"airflow.task.hooks.airflow.providers.standard.hooks.subprocess.SubprocessHook"}
{"timestamp":"2025-09-26T16:06:40.176015","level":"info","event":" 27%|██▋       | 71/260 [01:10<03:03,  1.03it/s]","logger":"airflow.task.hooks.airflow.providers.standard.hooks.subprocess.SubprocessHook"}
{"timestamp":"2025-09-26T16:06:40.176029","level":"info","event":" 28%|██▊       | 72/260 [01:11<03:05,  1.01it/s]","logger":"airflow.task.hooks.airflow.providers.standard.hooks.subprocess.SubprocessHook"}
{"timestamp":"2025-09-26T16:06:40.176044","level":"info","event":" 28%|██▊       | 73/260 [01:12<03:07,  1.00s/it]","logger":"airflow.task.hooks.airflow.providers.standard.hooks.subprocess.SubprocessHook"}
{"timestamp":"2025-09-26T16:06:40.176058","level":"info","event":" 28%|██▊       | 74/260 [01:13<03:06,  1.00s/it]","logger":"airflow.task.hooks.airflow.providers.standard.hooks.subprocess.SubprocessHook"}
{"timestamp":"2025-09-26T16:06:40.176073","level":"info","event":" 29%|██▉       | 75/260 [01:14<03:02,  1.01it/s]","logger":"airflow.task.hooks.airflow.providers.standard.hooks.subprocess.SubprocessHook"}
{"timestamp":"2025-09-26T16:06:40.176087","level":"info","event":" 29%|██▉       | 76/260 [01:15<02:59,  1.02it/s]","logger":"airflow.task.hooks.airflow.providers.standard.hooks.subprocess.SubprocessHook"}
{"timestamp":"2025-09-26T16:06:40.176102","level":"info","event":" 30%|██▉       | 77/260 [01:16<02:58,  1.03it/s]","logger":"airflow.task.hooks.airflow.providers.standard.hooks.subprocess.SubprocessHook"}
{"timestamp":"2025-09-26T16:06:40.176116","level":"info","event":" 30%|███       | 78/260 [01:17<03:00,  1.01it/s]","logger":"airflow.task.hooks.airflow.providers.standard.hooks.subprocess.SubprocessHook"}
{"timestamp":"2025-09-26T16:06:40.176131","level":"info","event":" 30%|███       | 79/260 [01:18<03:02,  1.01s/it]","logger":"airflow.task.hooks.airflow.providers.standard.hooks.subprocess.SubprocessHook"}
{"timestamp":"2025-09-26T16:06:40.176146","level":"info","event":" 31%|███       | 80/260 [01:19<02:58,  1.01it/s]","logger":"airflow.task.hooks.airflow.providers.standard.hooks.subprocess.SubprocessHook"}
{"timestamp":"2025-09-26T16:06:40.176160","level":"info","event":" 31%|███       | 81/260 [01:20<02:54,  1.03it/s]","logger":"airflow.task.hooks.airflow.providers.standard.hooks.subprocess.SubprocessHook"}
{"timestamp":"2025-09-26T16:06:40.176175","level":"info","event":" 32%|███▏      | 82/260 [01:21<02:56,  1.01it/s]","logger":"airflow.task.hooks.airflow.providers.standard.hooks.subprocess.SubprocessHook"}
{"timestamp":"2025-09-26T16:06:40.176190","level":"info","event":" 32%|███▏      | 83/260 [01:22<02:57,  1.01s/it]","logger":"airflow.task.hooks.airflow.providers.standard.hooks.subprocess.SubprocessHook"}
{"timestamp":"2025-09-26T16:06:40.176205","level":"info","event":" 32%|███▏      | 84/260 [01:23<02:54,  1.01it/s]","logger":"airflow.task.hooks.airflow.providers.standard.hooks.subprocess.SubprocessHook"}
{"timestamp":"2025-09-26T16:06:40.176219","level":"info","event":" 33%|███▎      | 85/260 [01:24<02:50,  1.03it/s]","logger":"airflow.task.hooks.airflow.providers.standard.hooks.subprocess.SubprocessHook"}
{"timestamp":"2025-09-26T16:06:40.176234","level":"info","event":" 33%|███▎      | 86/260 [01:24<02:48,  1.04it/s]","logger":"airflow.task.hooks.airflow.providers.standard.hooks.subprocess.SubprocessHook"}
{"timestamp":"2025-09-26T16:06:40.176249","level":"info","event":" 33%|███▎      | 87/260 [01:25<02:45,  1.05it/s]","logger":"airflow.task.hooks.airflow.providers.standard.hooks.subprocess.SubprocessHook"}
{"timestamp":"2025-09-26T16:06:40.176263","level":"info","event":" 34%|███▍      | 88/260 [01:26<02:43,  1.05it/s]","logger":"airflow.task.hooks.airflow.providers.standard.hooks.subprocess.SubprocessHook"}
{"timestamp":"2025-09-26T16:06:40.176278","level":"info","event":" 34%|███▍      | 89/260 [01:27<02:42,  1.05it/s]","logger":"airflow.task.hooks.airflow.providers.standard.hooks.subprocess.SubprocessHook"}
{"timestamp":"2025-09-26T16:06:40.176292","level":"info","event":" 35%|███▍      | 90/260 [01:28<02:40,  1.06it/s]","logger":"airflow.task.hooks.airflow.providers.standard.hooks.subprocess.SubprocessHook"}
{"timestamp":"2025-09-26T16:06:40.176307","level":"info","event":" 35%|███▌      | 91/260 [01:29<02:40,  1.06it/s]","logger":"airflow.task.hooks.airflow.providers.standard.hooks.subprocess.SubprocessHook"}
{"timestamp":"2025-09-26T16:06:40.176322","level":"info","event":" 35%|███▌      | 92/260 [01:30<02:43,  1.03it/s]","logger":"airflow.task.hooks.airflow.providers.standard.hooks.subprocess.SubprocessHook"}
{"timestamp":"2025-09-26T16:06:40.176336","level":"info","event":" 36%|███▌      | 93/260 [01:31<02:40,  1.04it/s]","logger":"airflow.task.hooks.airflow.providers.standard.hooks.subprocess.SubprocessHook"}
{"timestamp":"2025-09-26T16:06:40.176351","level":"info","event":" 36%|███▌      | 94/260 [01:32<02:39,  1.04it/s]","logger":"airflow.task.hooks.airflow.providers.standard.hooks.subprocess.SubprocessHook"}
{"timestamp":"2025-09-26T16:06:40.176365","level":"info","event":" 37%|███▋      | 95/260 [01:33<02:36,  1.05it/s]","logger":"airflow.task.hooks.airflow.providers.standard.hooks.subprocess.SubprocessHook"}
{"timestamp":"2025-09-26T16:06:40.176380","level":"info","event":" 37%|███▋      | 96/260 [01:34<02:40,  1.02it/s]","logger":"airflow.task.hooks.airflow.providers.standard.hooks.subprocess.SubprocessHook"}
{"timestamp":"2025-09-26T16:06:40.176395","level":"info","event":" 37%|███▋      | 97/260 [01:35<02:37,  1.03it/s]","logger":"airflow.task.hooks.airflow.providers.standard.hooks.subprocess.SubprocessHook"}
{"timestamp":"2025-09-26T16:06:40.176409","level":"info","event":" 38%|███▊      | 98/260 [01:36<02:34,  1.05it/s]","logger":"airflow.task.hooks.airflow.providers.standard.hooks.subprocess.SubprocessHook"}
{"timestamp":"2025-09-26T16:06:40.176424","level":"info","event":" 38%|███▊      | 99/260 [01:37<02:32,  1.05it/s]","logger":"airflow.task.hooks.airflow.providers.standard.hooks.subprocess.SubprocessHook"}
{"timestamp":"2025-09-26T16:06:40.176439","level":"info","event":" 38%|███▊      | 100/260 [01:38<02:32,  1.05it/s]","logger":"airflow.task.hooks.airflow.providers.standard.hooks.subprocess.SubprocessHook"}
{"timestamp":"2025-09-26T16:06:40.176454","level":"info","event":" 39%|███▉      | 101/260 [01:39<02:40,  1.01s/it]","logger":"airflow.task.hooks.airflow.providers.standard.hooks.subprocess.SubprocessHook"}
{"timestamp":"2025-09-26T16:06:40.176469","level":"info","event":" 39%|███▉      | 102/260 [01:40<02:36,  1.01it/s]","logger":"airflow.task.hooks.airflow.providers.standard.hooks.subprocess.SubprocessHook"}
{"timestamp":"2025-09-26T16:06:40.176483","level":"info","event":" 40%|███▉      | 103/260 [01:41<02:38,  1.01s/it]","logger":"airflow.task.hooks.airflow.providers.standard.hooks.subprocess.SubprocessHook"}
{"timestamp":"2025-09-26T16:06:40.176498","level":"info","event":" 40%|████      | 104/260 [01:42<02:36,  1.00s/it]","logger":"airflow.task.hooks.airflow.providers.standard.hooks.subprocess.SubprocessHook"}
{"timestamp":"2025-09-26T16:06:40.176512","level":"info","event":" 40%|████      | 105/260 [01:43<02:32,  1.02it/s]","logger":"airflow.task.hooks.airflow.providers.standard.hooks.subprocess.SubprocessHook"}
{"timestamp":"2025-09-26T16:06:40.176527","level":"info","event":" 41%|████      | 106/260 [01:44<02:30,  1.02it/s]","logger":"airflow.task.hooks.airflow.providers.standard.hooks.subprocess.SubprocessHook"}
{"timestamp":"2025-09-26T16:06:40.176541","level":"info","event":" 41%|████      | 107/260 [01:45<02:28,  1.03it/s]","logger":"airflow.task.hooks.airflow.providers.standard.hooks.subprocess.SubprocessHook"}
{"timestamp":"2025-09-26T16:06:40.176556","level":"info","event":" 42%|████▏     | 108/260 [01:46<02:25,  1.04it/s]","logger":"airflow.task.hooks.airflow.providers.standard.hooks.subprocess.SubprocessHook"}
{"timestamp":"2025-09-26T16:06:40.176570","level":"info","event":" 42%|████▏     | 109/260 [01:47<02:25,  1.04it/s]","logger":"airflow.task.hooks.airflow.providers.standard.hooks.subprocess.SubprocessHook"}
{"timestamp":"2025-09-26T16:06:40.176585","level":"info","event":" 42%|████▏     | 110/260 [01:48<02:23,  1.05it/s]","logger":"airflow.task.hooks.airflow.providers.standard.hooks.subprocess.SubprocessHook"}
{"timestamp":"2025-09-26T16:06:40.176600","level":"info","event":" 43%|████▎     | 111/260 [01:49<02:22,  1.05it/s]","logger":"airflow.task.hooks.airflow.providers.standard.hooks.subprocess.SubprocessHook"}
{"timestamp":"2025-09-26T16:06:40.176614","level":"info","event":" 43%|████▎     | 112/260 [01:50<02:21,  1.05it/s]","logger":"airflow.task.hooks.airflow.providers.standard.hooks.subprocess.SubprocessHook"}
{"timestamp":"2025-09-26T16:06:40.176629","level":"info","event":" 43%|████▎     | 113/260 [01:51<02:23,  1.03it/s]","logger":"airflow.task.hooks.airflow.providers.standard.hooks.subprocess.SubprocessHook"}
{"timestamp":"2025-09-26T16:06:40.176643","level":"info","event":" 44%|████▍     | 114/260 [01:51<02:19,  1.05it/s]","logger":"airflow.task.hooks.airflow.providers.standard.hooks.subprocess.SubprocessHook"}
{"timestamp":"2025-09-26T16:06:40.176658","level":"info","event":" 44%|████▍     | 115/260 [01:52<02:19,  1.04it/s]","logger":"airflow.task.hooks.airflow.providers.standard.hooks.subprocess.SubprocessHook"}
{"timestamp":"2025-09-26T16:06:40.176672","level":"info","event":" 45%|████▍     | 116/260 [01:53<02:16,  1.05it/s]","logger":"airflow.task.hooks.airflow.providers.standard.hooks.subprocess.SubprocessHook"}
{"timestamp":"2025-09-26T16:06:40.176687","level":"info","event":" 45%|████▌     | 117/260 [01:54<02:18,  1.03it/s]","logger":"airflow.task.hooks.airflow.providers.standard.hooks.subprocess.SubprocessHook"}
{"timestamp":"2025-09-26T16:06:40.176701","level":"info","event":" 45%|████▌     | 118/260 [01:55<02:15,  1.05it/s]","logger":"airflow.task.hooks.airflow.providers.standard.hooks.subprocess.SubprocessHook"}
{"timestamp":"2025-09-26T16:06:40.176716","level":"info","event":" 46%|████▌     | 119/260 [01:56<02:12,  1.06it/s]","logger":"airflow.task.hooks.airflow.providers.standard.hooks.subprocess.SubprocessHook"}
{"timestamp":"2025-09-26T16:06:40.176731","level":"info","event":" 46%|████▌     | 120/260 [01:57<02:15,  1.03it/s]","logger":"airflow.task.hooks.airflow.providers.standard.hooks.subprocess.SubprocessHook"}
{"timestamp":"2025-09-26T16:06:40.176745","level":"info","event":" 47%|████▋     | 121/260 [01:58<02:13,  1.04it/s]","logger":"airflow.task.hooks.airflow.providers.standard.hooks.subprocess.SubprocessHook"}
{"timestamp":"2025-09-26T16:06:40.176760","level":"info","event":" 47%|████▋     | 122/260 [01:59<02:11,  1.05it/s]","logger":"airflow.task.hooks.airflow.providers.standard.hooks.subprocess.SubprocessHook"}
{"timestamp":"2025-09-26T16:06:40.176774","level":"info","event":" 47%|████▋     | 123/260 [02:00<02:18,  1.01s/it]","logger":"airflow.task.hooks.airflow.providers.standard.hooks.subprocess.SubprocessHook"}
{"timestamp":"2025-09-26T16:06:40.176789","level":"info","event":" 48%|████▊     | 124/260 [02:01<02:13,  1.02it/s]","logger":"airflow.task.hooks.airflow.providers.standard.hooks.subprocess.SubprocessHook"}
{"timestamp":"2025-09-26T16:06:40.176803","level":"info","event":" 48%|████▊     | 125/260 [02:02<02:10,  1.04it/s]","logger":"airflow.task.hooks.airflow.providers.standard.hooks.subprocess.SubprocessHook"}
{"timestamp":"2025-09-26T16:06:40.176818","level":"info","event":" 48%|████▊     | 126/260 [02:03<02:08,  1.04it/s]","logger":"airflow.task.hooks.airflow.providers.standard.hooks.subprocess.SubprocessHook"}
{"timestamp":"2025-09-26T16:06:40.176832","level":"info","event":" 49%|████▉     | 127/260 [02:04<02:06,  1.05it/s]","logger":"airflow.task.hooks.airflow.providers.standard.hooks.subprocess.SubprocessHook"}
{"timestamp":"2025-09-26T16:06:40.176847","level":"info","event":" 49%|████▉     | 128/260 [02:05<02:04,  1.06it/s]","logger":"airflow.task.hooks.airflow.providers.standard.hooks.subprocess.SubprocessHook"}
{"timestamp":"2025-09-26T16:06:40.176862","level":"info","event":" 50%|████▉     | 129/260 [02:06<02:03,  1.06it/s]","logger":"airflow.task.hooks.airflow.providers.standard.hooks.subprocess.SubprocessHook"}
{"timestamp":"2025-09-26T16:06:40.176876","level":"info","event":" 50%|█████     | 130/260 [02:07<02:09,  1.01it/s]","logger":"airflow.task.hooks.airflow.providers.standard.hooks.subprocess.SubprocessHook"}
{"timestamp":"2025-09-26T16:06:40.176891","level":"info","event":" 50%|█████     | 131/260 [02:08<02:05,  1.02it/s]","logger":"airflow.task.hooks.airflow.providers.standard.hooks.subprocess.SubprocessHook"}
{"timestamp":"2025-09-26T16:06:40.176905","level":"info","event":" 51%|█████     | 132/260 [02:09<02:03,  1.03it/s]","logger":"airflow.task.hooks.airflow.providers.standard.hooks.subprocess.SubprocessHook"}
{"timestamp":"2025-09-26T16:06:40.176920","level":"info","event":" 51%|█████     | 133/260 [02:10<02:02,  1.04it/s]","logger":"airflow.task.hooks.airflow.providers.standard.hooks.subprocess.SubprocessHook"}
{"timestamp":"2025-09-26T16:06:40.176935","level":"info","event":" 52%|█████▏    | 134/260 [02:11<02:00,  1.04it/s]","logger":"airflow.task.hooks.airflow.providers.standard.hooks.subprocess.SubprocessHook"}
{"timestamp":"2025-09-26T16:06:40.176949","level":"info","event":" 52%|█████▏    | 135/260 [02:12<02:02,  1.02it/s]","logger":"airflow.task.hooks.airflow.providers.standard.hooks.subprocess.SubprocessHook"}
{"timestamp":"2025-09-26T16:06:40.176964","level":"info","event":" 52%|█████▏    | 136/260 [02:13<02:03,  1.00it/s]","logger":"airflow.task.hooks.airflow.providers.standard.hooks.subprocess.SubprocessHook"}
{"timestamp":"2025-09-26T16:06:40.176979","level":"info","event":" 53%|█████▎    | 137/260 [02:14<02:01,  1.01it/s]","logger":"airflow.task.hooks.airflow.providers.standard.hooks.subprocess.SubprocessHook"}
{"timestamp":"2025-09-26T16:06:40.176993","level":"info","event":" 53%|█████▎    | 138/260 [02:15<01:59,  1.02it/s]","logger":"airflow.task.hooks.airflow.providers.standard.hooks.subprocess.SubprocessHook"}
{"timestamp":"2025-09-26T16:06:40.177008","level":"info","event":" 53%|█████▎    | 139/260 [02:16<01:56,  1.04it/s]","logger":"airflow.task.hooks.airflow.providers.standard.hooks.subprocess.SubprocessHook"}
{"timestamp":"2025-09-26T16:06:40.177022","level":"info","event":" 54%|█████▍    | 140/260 [02:17<02:05,  1.04s/it]","logger":"airflow.task.hooks.airflow.providers.standard.hooks.subprocess.SubprocessHook"}
{"timestamp":"2025-09-26T16:06:40.177037","level":"info","event":" 54%|█████▍    | 141/260 [02:18<02:00,  1.01s/it]","logger":"airflow.task.hooks.airflow.providers.standard.hooks.subprocess.SubprocessHook"}
{"timestamp":"2025-09-26T16:06:40.177051","level":"info","event":" 55%|█████▍    | 142/260 [02:19<01:57,  1.01it/s]","logger":"airflow.task.hooks.airflow.providers.standard.hooks.subprocess.SubprocessHook"}
{"timestamp":"2025-09-26T16:06:40.177066","level":"info","event":" 55%|█████▌    | 143/260 [02:20<01:57,  1.01s/it]","logger":"airflow.task.hooks.airflow.providers.standard.hooks.subprocess.SubprocessHook"}
{"timestamp":"2025-09-26T16:06:40.177085","level":"info","event":" 55%|█████▌    | 144/260 [02:21<01:54,  1.02it/s]","logger":"airflow.task.hooks.airflow.providers.standard.hooks.subprocess.SubprocessHook"}
{"timestamp":"2025-09-26T16:06:40.177100","level":"info","event":" 56%|█████▌    | 145/260 [02:22<01:55,  1.00s/it]","logger":"airflow.task.hooks.airflow.providers.standard.hooks.subprocess.SubprocessHook"}
{"timestamp":"2025-09-26T16:06:40.177114","level":"info","event":" 56%|█████▌    | 146/260 [02:23<01:51,  1.02it/s]","logger":"airflow.task.hooks.airflow.providers.standard.hooks.subprocess.SubprocessHook"}
{"timestamp":"2025-09-26T16:06:40.177129","level":"info","event":" 57%|█████▋    | 147/260 [02:24<01:49,  1.03it/s]","logger":"airflow.task.hooks.airflow.providers.standard.hooks.subprocess.SubprocessHook"}
{"timestamp":"2025-09-26T16:06:40.177143","level":"info","event":" 57%|█████▋    | 148/260 [02:25<01:47,  1.04it/s]","logger":"airflow.task.hooks.airflow.providers.standard.hooks.subprocess.SubprocessHook"}
{"timestamp":"2025-09-26T16:06:40.177158","level":"info","event":" 57%|█████▋    | 149/260 [02:26<01:45,  1.05it/s]","logger":"airflow.task.hooks.airflow.providers.standard.hooks.subprocess.SubprocessHook"}
{"timestamp":"2025-09-26T16:06:40.177173","level":"info","event":" 58%|█████▊    | 150/260 [02:26<01:43,  1.06it/s]","logger":"airflow.task.hooks.airflow.providers.standard.hooks.subprocess.SubprocessHook"}
{"timestamp":"2025-09-26T16:06:40.177188","level":"info","event":" 58%|█████▊    | 151/260 [02:27<01:43,  1.05it/s]","logger":"airflow.task.hooks.airflow.providers.standard.hooks.subprocess.SubprocessHook"}
{"timestamp":"2025-09-26T16:06:40.177202","level":"info","event":" 58%|█████▊    | 152/260 [02:28<01:42,  1.05it/s]","logger":"airflow.task.hooks.airflow.providers.standard.hooks.subprocess.SubprocessHook"}
{"timestamp":"2025-09-26T16:06:40.177217","level":"info","event":" 59%|█████▉    | 153/260 [02:29<01:44,  1.02it/s]","logger":"airflow.task.hooks.airflow.providers.standard.hooks.subprocess.SubprocessHook"}
{"timestamp":"2025-09-26T16:06:40.177231","level":"info","event":" 59%|█████▉    | 154/260 [02:30<01:42,  1.04it/s]","logger":"airflow.task.hooks.airflow.providers.standard.hooks.subprocess.SubprocessHook"}
{"timestamp":"2025-09-26T16:06:40.177246","level":"info","event":" 60%|█████▉    | 155/260 [02:31<01:40,  1.04it/s]","logger":"airflow.task.hooks.airflow.providers.standard.hooks.subprocess.SubprocessHook"}
{"timestamp":"2025-09-26T16:06:40.177260","level":"info","event":" 60%|██████    | 156/260 [02:32<01:42,  1.02it/s]","logger":"airflow.task.hooks.airflow.providers.standard.hooks.subprocess.SubprocessHook"}
{"timestamp":"2025-09-26T16:06:40.177275","level":"info","event":" 60%|██████    | 157/260 [02:33<01:40,  1.03it/s]","logger":"airflow.task.hooks.airflow.providers.standard.hooks.subprocess.SubprocessHook"}
{"timestamp":"2025-09-26T16:06:40.177289","level":"info","event":" 61%|██████    | 158/260 [02:34<01:38,  1.04it/s]","logger":"airflow.task.hooks.airflow.providers.standard.hooks.subprocess.SubprocessHook"}
{"timestamp":"2025-09-26T16:06:40.177304","level":"info","event":" 61%|██████    | 159/260 [02:35<01:35,  1.05it/s]","logger":"airflow.task.hooks.airflow.providers.standard.hooks.subprocess.SubprocessHook"}
{"timestamp":"2025-09-26T16:06:40.177318","level":"info","event":" 62%|██████▏   | 160/260 [02:36<01:34,  1.06it/s]","logger":"airflow.task.hooks.airflow.providers.standard.hooks.subprocess.SubprocessHook"}
{"timestamp":"2025-09-26T16:06:40.177333","level":"info","event":" 62%|██████▏   | 161/260 [02:37<01:34,  1.05it/s]","logger":"airflow.task.hooks.airflow.providers.standard.hooks.subprocess.SubprocessHook"}
{"timestamp":"2025-09-26T16:06:40.177348","level":"info","event":" 62%|██████▏   | 162/260 [02:38<01:33,  1.05it/s]","logger":"airflow.task.hooks.airflow.providers.standard.hooks.subprocess.SubprocessHook"}
{"timestamp":"2025-09-26T16:06:40.177363","level":"info","event":" 63%|██████▎   | 163/260 [02:39<01:32,  1.05it/s]","logger":"airflow.task.hooks.airflow.providers.standard.hooks.subprocess.SubprocessHook"}
{"timestamp":"2025-09-26T16:06:40.177378","level":"info","event":" 63%|██████▎   | 164/260 [02:40<01:33,  1.03it/s]","logger":"airflow.task.hooks.airflow.providers.standard.hooks.subprocess.SubprocessHook"}
{"timestamp":"2025-09-26T16:06:40.177392","level":"info","event":" 63%|██████▎   | 165/260 [02:41<01:33,  1.01it/s]","logger":"airflow.task.hooks.airflow.providers.standard.hooks.subprocess.SubprocessHook"}
{"timestamp":"2025-09-26T16:06:40.177407","level":"info","event":" 64%|██████▍   | 166/260 [02:42<01:34,  1.01s/it]","logger":"airflow.task.hooks.airflow.providers.standard.hooks.subprocess.SubprocessHook"}
{"timestamp":"2025-09-26T16:06:40.177422","level":"info","event":" 64%|██████▍   | 167/260 [02:43<01:35,  1.02s/it]","logger":"airflow.task.hooks.airflow.providers.standard.hooks.subprocess.SubprocessHook"}
{"timestamp":"2025-09-26T16:06:40.177436","level":"info","event":" 65%|██████▍   | 168/260 [02:44<01:32,  1.01s/it]","logger":"airflow.task.hooks.airflow.providers.standard.hooks.subprocess.SubprocessHook"}
{"timestamp":"2025-09-26T16:06:40.177451","level":"info","event":" 65%|██████▌   | 169/260 [02:45<01:30,  1.01it/s]","logger":"airflow.task.hooks.airflow.providers.standard.hooks.subprocess.SubprocessHook"}
{"timestamp":"2025-09-26T16:06:40.177466","level":"info","event":" 65%|██████▌   | 170/260 [02:46<01:28,  1.01it/s]","logger":"airflow.task.hooks.airflow.providers.standard.hooks.subprocess.SubprocessHook"}
{"timestamp":"2025-09-26T16:06:40.177480","level":"info","event":" 66%|██████▌   | 171/260 [02:47<01:27,  1.02it/s]","logger":"airflow.task.hooks.airflow.providers.standard.hooks.subprocess.SubprocessHook"}
{"timestamp":"2025-09-26T16:06:40.177495","level":"info","event":" 66%|██████▌   | 172/260 [02:48<01:27,  1.00it/s]","logger":"airflow.task.hooks.airflow.providers.standard.hooks.subprocess.SubprocessHook"}
{"timestamp":"2025-09-26T16:06:40.177510","level":"info","event":" 67%|██████▋   | 173/260 [02:49<01:25,  1.02it/s]","logger":"airflow.task.hooks.airflow.providers.standard.hooks.subprocess.SubprocessHook"}
{"timestamp":"2025-09-26T16:06:40.177524","level":"info","event":" 67%|██████▋   | 174/260 [02:50<01:26,  1.00s/it]","logger":"airflow.task.hooks.airflow.providers.standard.hooks.subprocess.SubprocessHook"}
{"timestamp":"2025-09-26T16:06:40.177539","level":"info","event":" 67%|██████▋   | 175/260 [02:51<01:23,  1.02it/s]","logger":"airflow.task.hooks.airflow.providers.standard.hooks.subprocess.SubprocessHook"}
{"timestamp":"2025-09-26T16:06:40.177553","level":"info","event":" 68%|██████▊   | 176/260 [02:52<01:21,  1.03it/s]","logger":"airflow.task.hooks.airflow.providers.standard.hooks.subprocess.SubprocessHook"}
{"timestamp":"2025-09-26T16:06:40.177568","level":"info","event":" 68%|██████▊   | 177/260 [02:53<01:22,  1.01it/s]","logger":"airflow.task.hooks.airflow.providers.standard.hooks.subprocess.SubprocessHook"}
{"timestamp":"2025-09-26T16:06:40.177583","level":"info","event":" 68%|██████▊   | 178/260 [02:54<01:22,  1.00s/it]","logger":"airflow.task.hooks.airflow.providers.standard.hooks.subprocess.SubprocessHook"}
{"timestamp":"2025-09-26T16:06:40.177597","level":"info","event":" 69%|██████▉   | 179/260 [02:55<01:19,  1.02it/s]","logger":"airflow.task.hooks.airflow.providers.standard.hooks.subprocess.SubprocessHook"}
{"timestamp":"2025-09-26T16:06:40.177612","level":"info","event":" 69%|██████▉   | 180/260 [02:56<01:17,  1.03it/s]","logger":"airflow.task.hooks.airflow.providers.standard.hooks.subprocess.SubprocessHook"}
{"timestamp":"2025-09-26T16:06:40.177626","level":"info","event":" 70%|██████▉   | 181/260 [02:57<01:18,  1.00it/s]","logger":"airflow.task.hooks.airflow.providers.standard.hooks.subprocess.SubprocessHook"}
{"timestamp":"2025-09-26T16:06:40.177641","level":"info","event":" 70%|███████   | 182/260 [02:58<01:18,  1.01s/it]","logger":"airflow.task.hooks.airflow.providers.standard.hooks.subprocess.SubprocessHook"}
{"timestamp":"2025-09-26T16:06:40.177655","level":"info","event":" 70%|███████   | 183/260 [02:59<01:17,  1.01s/it]","logger":"airflow.task.hooks.airflow.providers.standard.hooks.subprocess.SubprocessHook"}
{"timestamp":"2025-09-26T16:06:40.177670","level":"info","event":" 71%|███████   | 184/260 [03:00<01:16,  1.00s/it]","logger":"airflow.task.hooks.airflow.providers.standard.hooks.subprocess.SubprocessHook"}
{"timestamp":"2025-09-26T16:06:40.177685","level":"info","event":" 71%|███████   | 185/260 [03:01<01:16,  1.01s/it]","logger":"airflow.task.hooks.airflow.providers.standard.hooks.subprocess.SubprocessHook"}
{"timestamp":"2025-09-26T16:06:40.177699","level":"info","event":" 72%|███████▏  | 186/260 [03:02<01:15,  1.02s/it]","logger":"airflow.task.hooks.airflow.providers.standard.hooks.subprocess.SubprocessHook"}
{"timestamp":"2025-09-26T16:06:40.177714","level":"info","event":" 72%|███████▏  | 187/260 [03:03<01:15,  1.03s/it]","logger":"airflow.task.hooks.airflow.providers.standard.hooks.subprocess.SubprocessHook"}
{"timestamp":"2025-09-26T16:06:40.177729","level":"info","event":" 72%|███████▏  | 188/260 [03:04<01:12,  1.00s/it]","logger":"airflow.task.hooks.airflow.providers.standard.hooks.subprocess.SubprocessHook"}
{"timestamp":"2025-09-26T16:06:40.177743","level":"info","event":" 73%|███████▎  | 189/260 [03:05<01:09,  1.02it/s]","logger":"airflow.task.hooks.airflow.providers.standard.hooks.subprocess.SubprocessHook"}
{"timestamp":"2025-09-26T16:06:40.177758","level":"info","event":" 73%|███████▎  | 190/260 [03:06<01:08,  1.03it/s]","logger":"airflow.task.hooks.airflow.providers.standard.hooks.subprocess.SubprocessHook"}
{"timestamp":"2025-09-26T16:06:40.177773","level":"info","event":" 73%|███████▎  | 191/260 [03:07<01:06,  1.04it/s]","logger":"airflow.task.hooks.airflow.providers.standard.hooks.subprocess.SubprocessHook"}
{"timestamp":"2025-09-26T16:06:40.177787","level":"info","event":" 74%|███████▍  | 192/260 [03:08<01:09,  1.02s/it]","logger":"airflow.task.hooks.airflow.providers.standard.hooks.subprocess.SubprocessHook"}
{"timestamp":"2025-09-26T16:06:40.177802","level":"info","event":" 74%|███████▍  | 193/260 [03:09<01:06,  1.01it/s]","logger":"airflow.task.hooks.airflow.providers.standard.hooks.subprocess.SubprocessHook"}
{"timestamp":"2025-09-26T16:06:40.177817","level":"info","event":" 75%|███████▍  | 194/260 [03:10<01:04,  1.02it/s]","logger":"airflow.task.hooks.airflow.providers.standard.hooks.subprocess.SubprocessHook"}
{"timestamp":"2025-09-26T16:06:40.177831","level":"info","event":" 75%|███████▌  | 195/260 [03:11<01:04,  1.00it/s]","logger":"airflow.task.hooks.airflow.providers.standard.hooks.subprocess.SubprocessHook"}
{"timestamp":"2025-09-26T16:06:40.177846","level":"info","event":" 75%|███████▌  | 196/260 [03:12<01:04,  1.01s/it]","logger":"airflow.task.hooks.airflow.providers.standard.hooks.subprocess.SubprocessHook"}
{"timestamp":"2025-09-26T16:06:40.177860","level":"info","event":" 76%|███████▌  | 197/260 [03:13<01:02,  1.01it/s]","logger":"airflow.task.hooks.airflow.providers.standard.hooks.subprocess.SubprocessHook"}
{"timestamp":"2025-09-26T16:06:40.177875","level":"info","event":" 76%|███████▌  | 198/260 [03:14<01:00,  1.03it/s]","logger":"airflow.task.hooks.airflow.providers.standard.hooks.subprocess.SubprocessHook"}
{"timestamp":"2025-09-26T16:06:40.177889","level":"info","event":" 77%|███████▋  | 199/260 [03:15<00:59,  1.03it/s]","logger":"airflow.task.hooks.airflow.providers.standard.hooks.subprocess.SubprocessHook"}
{"timestamp":"2025-09-26T16:06:40.177904","level":"info","event":" 77%|███████▋  | 200/260 [03:16<00:58,  1.03it/s]","logger":"airflow.task.hooks.airflow.providers.standard.hooks.subprocess.SubprocessHook"}
{"timestamp":"2025-09-26T16:06:40.177918","level":"info","event":" 77%|███████▋  | 201/260 [03:17<00:56,  1.05it/s]","logger":"airflow.task.hooks.airflow.providers.standard.hooks.subprocess.SubprocessHook"}
{"timestamp":"2025-09-26T16:06:40.177933","level":"info","event":" 78%|███████▊  | 202/260 [03:18<00:55,  1.05it/s]","logger":"airflow.task.hooks.airflow.providers.standard.hooks.subprocess.SubprocessHook"}
{"timestamp":"2025-09-26T16:06:40.177947","level":"info","event":" 78%|███████▊  | 203/260 [03:19<00:55,  1.03it/s]","logger":"airflow.task.hooks.airflow.providers.standard.hooks.subprocess.SubprocessHook"}
{"timestamp":"2025-09-26T16:06:40.177962","level":"info","event":" 78%|███████▊  | 204/260 [03:20<00:53,  1.05it/s]","logger":"airflow.task.hooks.airflow.providers.standard.hooks.subprocess.SubprocessHook"}
{"timestamp":"2025-09-26T16:06:40.177977","level":"info","event":" 79%|███████▉  | 205/260 [03:20<00:52,  1.06it/s]","logger":"airflow.task.hooks.airflow.providers.standard.hooks.subprocess.SubprocessHook"}
{"timestamp":"2025-09-26T16:06:40.177991","level":"info","event":" 79%|███████▉  | 206/260 [03:21<00:51,  1.05it/s]","logger":"airflow.task.hooks.airflow.providers.standard.hooks.subprocess.SubprocessHook"}
{"timestamp":"2025-09-26T16:06:40.178006","level":"info","event":" 80%|███████▉  | 207/260 [03:22<00:50,  1.04it/s]","logger":"airflow.task.hooks.airflow.providers.standard.hooks.subprocess.SubprocessHook"}
{"timestamp":"2025-09-26T16:06:40.178020","level":"info","event":" 80%|████████  | 208/260 [03:23<00:50,  1.02it/s]","logger":"airflow.task.hooks.airflow.providers.standard.hooks.subprocess.SubprocessHook"}
{"timestamp":"2025-09-26T16:06:40.178035","level":"info","event":" 80%|████████  | 209/260 [03:24<00:50,  1.01it/s]","logger":"airflow.task.hooks.airflow.providers.standard.hooks.subprocess.SubprocessHook"}
{"timestamp":"2025-09-26T16:06:40.178049","level":"info","event":" 81%|████████  | 210/260 [03:25<00:48,  1.02it/s]","logger":"airflow.task.hooks.airflow.providers.standard.hooks.subprocess.SubprocessHook"}
{"timestamp":"2025-09-26T16:06:40.178064","level":"info","event":" 81%|████████  | 211/260 [03:26<00:47,  1.03it/s]","logger":"airflow.task.hooks.airflow.providers.standard.hooks.subprocess.SubprocessHook"}
{"timestamp":"2025-09-26T16:06:40.178078","level":"info","event":" 82%|████████▏ | 212/260 [03:27<00:46,  1.04it/s]","logger":"airflow.task.hooks.airflow.providers.standard.hooks.subprocess.SubprocessHook"}
{"timestamp":"2025-09-26T16:06:40.178096","level":"info","event":" 82%|████████▏ | 213/260 [03:28<00:44,  1.05it/s]","logger":"airflow.task.hooks.airflow.providers.standard.hooks.subprocess.SubprocessHook"}
{"timestamp":"2025-09-26T16:06:40.178111","level":"info","event":" 82%|████████▏ | 214/260 [03:29<00:43,  1.05it/s]","logger":"airflow.task.hooks.airflow.providers.standard.hooks.subprocess.SubprocessHook"}
{"timestamp":"2025-09-26T16:06:40.178126","level":"info","event":" 83%|████████▎ | 215/260 [03:30<00:42,  1.05it/s]","logger":"airflow.task.hooks.airflow.providers.standard.hooks.subprocess.SubprocessHook"}
{"timestamp":"2025-09-26T16:06:40.178141","level":"info","event":" 83%|████████▎ | 216/260 [03:31<00:41,  1.06it/s]","logger":"airflow.task.hooks.airflow.providers.standard.hooks.subprocess.SubprocessHook"}
{"timestamp":"2025-09-26T16:06:40.178155","level":"info","event":" 83%|████████▎ | 217/260 [03:32<00:41,  1.03it/s]","logger":"airflow.task.hooks.airflow.providers.standard.hooks.subprocess.SubprocessHook"}
{"timestamp":"2025-09-26T16:06:40.178170","level":"info","event":" 84%|████████▍ | 218/260 [03:33<00:40,  1.04it/s]","logger":"airflow.task.hooks.airflow.providers.standard.hooks.subprocess.SubprocessHook"}
{"timestamp":"2025-09-26T16:06:40.178184","level":"info","event":" 84%|████████▍ | 219/260 [03:34<00:39,  1.04it/s]","logger":"airflow.task.hooks.airflow.providers.standard.hooks.subprocess.SubprocessHook"}
{"timestamp":"2025-09-26T16:06:40.178199","level":"info","event":" 85%|████████▍ | 220/260 [03:35<00:38,  1.05it/s]","logger":"airflow.task.hooks.airflow.providers.standard.hooks.subprocess.SubprocessHook"}
{"timestamp":"2025-09-26T16:06:40.178213","level":"info","event":" 85%|████████▌ | 221/260 [03:36<00:37,  1.05it/s]","logger":"airflow.task.hooks.airflow.providers.standard.hooks.subprocess.SubprocessHook"}
{"timestamp":"2025-09-26T16:06:40.178228","level":"info","event":" 85%|████████▌ | 222/260 [03:37<00:35,  1.06it/s]","logger":"airflow.task.hooks.airflow.providers.standard.hooks.subprocess.SubprocessHook"}
{"timestamp":"2025-09-26T16:06:40.178242","level":"info","event":" 86%|████████▌ | 223/260 [03:38<00:34,  1.06it/s]","logger":"airflow.task.hooks.airflow.providers.standard.hooks.subprocess.SubprocessHook"}
{"timestamp":"2025-09-26T16:06:40.178257","level":"info","event":" 86%|████████▌ | 224/260 [03:39<00:34,  1.06it/s]","logger":"airflow.task.hooks.airflow.providers.standard.hooks.subprocess.SubprocessHook"}
{"timestamp":"2025-09-26T16:06:40.178272","level":"info","event":" 87%|████████▋ | 225/260 [03:40<00:32,  1.07it/s]","logger":"airflow.task.hooks.airflow.providers.standard.hooks.subprocess.SubprocessHook"}
{"timestamp":"2025-09-26T16:06:40.178287","level":"info","event":" 87%|████████▋ | 226/260 [03:41<00:32,  1.06it/s]","logger":"airflow.task.hooks.airflow.providers.standard.hooks.subprocess.SubprocessHook"}
{"timestamp":"2025-09-26T16:06:40.178301","level":"info","event":" 87%|████████▋ | 227/260 [03:42<00:32,  1.03it/s]","logger":"airflow.task.hooks.airflow.providers.standard.hooks.subprocess.SubprocessHook"}
{"timestamp":"2025-09-26T16:06:40.178316","level":"info","event":" 88%|████████▊ | 228/260 [03:43<00:30,  1.04it/s]","logger":"airflow.task.hooks.airflow.providers.standard.hooks.subprocess.SubprocessHook"}
{"timestamp":"2025-09-26T16:06:40.178330","level":"info","event":" 88%|████████▊ | 229/260 [03:44<00:30,  1.01it/s]","logger":"airflow.task.hooks.airflow.providers.standard.hooks.subprocess.SubprocessHook"}
{"timestamp":"2025-09-26T16:06:40.178345","level":"info","event":" 88%|████████▊ | 230/260 [03:45<00:29,  1.02it/s]","logger":"airflow.task.hooks.airflow.providers.standard.hooks.subprocess.SubprocessHook"}
{"timestamp":"2025-09-26T16:06:40.178360","level":"info","event":" 89%|████████▉ | 231/260 [03:45<00:28,  1.03it/s]","logger":"airflow.task.hooks.airflow.providers.standard.hooks.subprocess.SubprocessHook"}
{"timestamp":"2025-09-26T16:06:40.178374","level":"info","event":" 89%|████████▉ | 232/260 [03:47<00:27,  1.02it/s]","logger":"airflow.task.hooks.airflow.providers.standard.hooks.subprocess.SubprocessHook"}
{"timestamp":"2025-09-26T16:06:40.178389","level":"info","event":" 90%|████████▉ | 233/260 [03:48<00:26,  1.00it/s]","logger":"airflow.task.hooks.airflow.providers.standard.hooks.subprocess.SubprocessHook"}
{"timestamp":"2025-09-26T16:06:40.178403","level":"info","event":" 90%|█████████ | 234/260 [03:48<00:25,  1.02it/s]","logger":"airflow.task.hooks.airflow.providers.standard.hooks.subprocess.SubprocessHook"}
{"timestamp":"2025-09-26T16:06:40.178418","level":"info","event":" 90%|█████████ | 235/260 [03:49<00:24,  1.03it/s]","logger":"airflow.task.hooks.airflow.providers.standard.hooks.subprocess.SubprocessHook"}
{"timestamp":"2025-09-26T16:06:40.178433","level":"info","event":" 91%|█████████ | 236/260 [03:50<00:23,  1.01it/s]","logger":"airflow.task.hooks.airflow.providers.standard.hooks.subprocess.SubprocessHook"}
{"timestamp":"2025-09-26T16:06:40.178447","level":"info","event":" 91%|█████████ | 237/260 [03:51<00:22,  1.02it/s]","logger":"airflow.task.hooks.airflow.providers.standard.hooks.subprocess.SubprocessHook"}
{"timestamp":"2025-09-26T16:06:40.178462","level":"info","event":" 92%|█████████▏| 238/260 [03:52<00:21,  1.04it/s]","logger":"airflow.task.hooks.airflow.providers.standard.hooks.subprocess.SubprocessHook"}
{"timestamp":"2025-09-26T16:06:40.178477","level":"info","event":" 92%|█████████▏| 239/260 [03:53<00:20,  1.04it/s]","logger":"airflow.task.hooks.airflow.providers.standard.hooks.subprocess.SubprocessHook"}
{"timestamp":"2025-09-26T16:06:40.178492","level":"info","event":" 92%|█████████▏| 240/260 [03:54<00:19,  1.04it/s]","logger":"airflow.task.hooks.airflow.providers.standard.hooks.subprocess.SubprocessHook"}
{"timestamp":"2025-09-26T16:06:40.178507","level":"info","event":" 93%|█████████▎| 241/260 [03:55<00:18,  1.05it/s]","logger":"airflow.task.hooks.airflow.providers.standard.hooks.subprocess.SubprocessHook"}
{"timestamp":"2025-09-26T16:06:40.178521","level":"info","event":" 93%|█████████▎| 242/260 [03:56<00:17,  1.05it/s]","logger":"airflow.task.hooks.airflow.providers.standard.hooks.subprocess.SubprocessHook"}
{"timestamp":"2025-09-26T16:06:40.178536","level":"info","event":" 93%|█████████▎| 243/260 [03:57<00:16,  1.06it/s]","logger":"airflow.task.hooks.airflow.providers.standard.hooks.subprocess.SubprocessHook"}
{"timestamp":"2025-09-26T16:06:40.178551","level":"info","event":" 94%|█████████▍| 244/260 [03:58<00:15,  1.05it/s]","logger":"airflow.task.hooks.airflow.providers.standard.hooks.subprocess.SubprocessHook"}
{"timestamp":"2025-09-26T16:06:40.178566","level":"info","event":" 94%|█████████▍| 245/260 [03:59<00:14,  1.04it/s]","logger":"airflow.task.hooks.airflow.providers.standard.hooks.subprocess.SubprocessHook"}
{"timestamp":"2025-09-26T16:06:40.178580","level":"info","event":" 95%|█████████▍| 246/260 [04:00<00:13,  1.05it/s]","logger":"airflow.task.hooks.airflow.providers.standard.hooks.subprocess.SubprocessHook"}
{"timestamp":"2025-09-26T16:06:40.178595","level":"info","event":" 95%|█████████▌| 247/260 [04:01<00:12,  1.02it/s]","logger":"airflow.task.hooks.airflow.providers.standard.hooks.subprocess.SubprocessHook"}
{"timestamp":"2025-09-26T16:06:40.178610","level":"info","event":" 95%|█████████▌| 248/260 [04:02<00:11,  1.03it/s]","logger":"airflow.task.hooks.airflow.providers.standard.hooks.subprocess.SubprocessHook"}
{"timestamp":"2025-09-26T16:06:40.178624","level":"info","event":" 96%|█████████▌| 249/260 [04:03<00:10,  1.03it/s]","logger":"airflow.task.hooks.airflow.providers.standard.hooks.subprocess.SubprocessHook"}
{"timestamp":"2025-09-26T16:06:40.178639","level":"info","event":" 96%|█████████▌| 250/260 [04:04<00:09,  1.01it/s]","logger":"airflow.task.hooks.airflow.providers.standard.hooks.subprocess.SubprocessHook"}
{"timestamp":"2025-09-26T16:06:40.178653","level":"info","event":" 97%|█████████▋| 251/260 [04:05<00:08,  1.03it/s]","logger":"airflow.task.hooks.airflow.providers.standard.hooks.subprocess.SubprocessHook"}
{"timestamp":"2025-09-26T16:06:40.178668","level":"info","event":" 97%|█████████▋| 252/260 [04:06<00:07,  1.03it/s]","logger":"airflow.task.hooks.airflow.providers.standard.hooks.subprocess.SubprocessHook"}
{"timestamp":"2025-09-26T16:06:40.178683","level":"info","event":" 97%|█████████▋| 253/260 [04:07<00:06,  1.05it/s]","logger":"airflow.task.hooks.airflow.providers.standard.hooks.subprocess.SubprocessHook"}
{"timestamp":"2025-09-26T16:06:40.178698","level":"info","event":" 98%|█████████▊| 254/260 [04:08<00:05,  1.05it/s]","logger":"airflow.task.hooks.airflow.providers.standard.hooks.subprocess.SubprocessHook"}
{"timestamp":"2025-09-26T16:06:40.178712","level":"info","event":" 98%|█████████▊| 255/260 [04:09<00:04,  1.02it/s]","logger":"airflow.task.hooks.airflow.providers.standard.hooks.subprocess.SubprocessHook"}
{"timestamp":"2025-09-26T16:06:40.178727","level":"info","event":" 98%|█████████▊| 256/260 [04:10<00:03,  1.00it/s]","logger":"airflow.task.hooks.airflow.providers.standard.hooks.subprocess.SubprocessHook"}
{"timestamp":"2025-09-26T16:06:40.178742","level":"info","event":" 99%|█████████▉| 257/260 [04:11<00:03,  1.01s/it]","logger":"airflow.task.hooks.airflow.providers.standard.hooks.subprocess.SubprocessHook"}
{"timestamp":"2025-09-26T16:06:40.178757","level":"info","event":" 99%|█████████▉| 258/260 [04:12<00:02,  1.02s/it]","logger":"airflow.task.hooks.airflow.providers.standard.hooks.subprocess.SubprocessHook"}
{"timestamp":"2025-09-26T16:06:40.178771","level":"info","event":"100%|█████████▉| 259/260 [04:13<00:01,  1.03s/it]","logger":"airflow.task.hooks.airflow.providers.standard.hooks.subprocess.SubprocessHook"}
{"timestamp":"2025-09-26T16:06:40.178786","level":"info","event":"100%|██████████| 260/260 [04:14<00:00,  1.00s/it]","logger":"airflow.task.hooks.airflow.providers.standard.hooks.subprocess.SubprocessHook"}
{"timestamp":"2025-09-26T16:06:40.178801","level":"info","event":"100%|██████████| 260/260 [04:14<00:00,  1.02it/s]","logger":"airflow.task.hooks.airflow.providers.standard.hooks.subprocess.SubprocessHook"}
{"timestamp":"2025-09-26T16:06:40.178815","level":"info","event":"Traceback (most recent call last):","logger":"airflow.task.hooks.airflow.providers.standard.hooks.subprocess.SubprocessHook"}
{"timestamp":"2025-09-26T16:06:40.178830","level":"info","event":"  File \"/Users/adelson/Library/CloudStorage/GoogleDrive-adelson.dias@gmail.com/Meu Drive/Clair/clair-v044/tests/archived/clair_api_tester.py\", line 154, in <module>","logger":"airflow.task.hooks.airflow.providers.standard.hooks.subprocess.SubprocessHook"}
{"timestamp":"2025-09-26T16:06:40.178860","level":"info","event":"    fire.Fire(main)","logger":"airflow.task.hooks.airflow.providers.standard.hooks.subprocess.SubprocessHook"}
{"timestamp":"2025-09-26T16:06:40.178876","level":"info","event":"  File \"/Users/adelson/miniconda3/envs/clair-py310/lib/python3.10/site-packages/fire/core.py\", line 135, in Fire","logger":"airflow.task.hooks.airflow.providers.standard.hooks.subprocess.SubprocessHook"}
{"timestamp":"2025-09-26T16:06:40.178891","level":"info","event":"    component_trace = _Fire(component, args, parsed_flag_args, context, name)","logger":"airflow.task.hooks.airflow.providers.standard.hooks.subprocess.SubprocessHook"}
{"timestamp":"2025-09-26T16:06:40.178905","level":"info","event":"  File \"/Users/adelson/miniconda3/envs/clair-py310/lib/python3.10/site-packages/fire/core.py\", line 468, in _Fire","logger":"airflow.task.hooks.airflow.providers.standard.hooks.subprocess.SubprocessHook"}
{"timestamp":"2025-09-26T16:06:40.178920","level":"info","event":"    component, remaining_args = _CallAndUpdateTrace(","logger":"airflow.task.hooks.airflow.providers.standard.hooks.subprocess.SubprocessHook"}
{"timestamp":"2025-09-26T16:06:40.178937","level":"info","event":"  File \"/Users/adelson/miniconda3/envs/clair-py310/lib/python3.10/site-packages/fire/core.py\", line 684, in _CallAndUpdateTrace","logger":"airflow.task.hooks.airflow.providers.standard.hooks.subprocess.SubprocessHook"}
{"timestamp":"2025-09-26T16:06:40.178955","level":"info","event":"    component = fn(*varargs, **kwargs)","logger":"airflow.task.hooks.airflow.providers.standard.hooks.subprocess.SubprocessHook"}
{"timestamp":"2025-09-26T16:06:40.178970","level":"info","event":"  File \"/Users/adelson/Library/CloudStorage/GoogleDrive-adelson.dias@gmail.com/Meu Drive/Clair/clair-v044/tests/archived/clair_api_tester.py\", line 147, in main","logger":"airflow.task.hooks.airflow.providers.standard.hooks.subprocess.SubprocessHook"}
{"timestamp":"2025-09-26T16:06:40.178988","level":"info","event":"    rows_df[rows_df['group'] == group].to_excel(writer, encoding=\"utf-8\", sheet_name=f\"Chat-{i+1}\")","logger":"airflow.task.hooks.airflow.providers.standard.hooks.subprocess.SubprocessHook"}
{"timestamp":"2025-09-26T16:06:40.179003","level":"info","event":"  File \"/Users/adelson/miniconda3/envs/clair-py310/lib/python3.10/site-packages/pandas/util/_decorators.py\", line 333, in wrapper","logger":"airflow.task.hooks.airflow.providers.standard.hooks.subprocess.SubprocessHook"}
{"timestamp":"2025-09-26T16:06:40.179023","level":"info","event":"    return func(*args, **kwargs)","logger":"airflow.task.hooks.airflow.providers.standard.hooks.subprocess.SubprocessHook"}
{"timestamp":"2025-09-26T16:06:40.179038","level":"info","event":"TypeError: NDFrame.to_excel() got an unexpected keyword argument 'encoding'","logger":"airflow.task.hooks.airflow.providers.standard.hooks.subprocess.SubprocessHook"}
{"timestamp":"2025-09-26T16:06:40.179052","level":"info","event":"","logger":"airflow.task.hooks.airflow.providers.standard.hooks.subprocess.SubprocessHook"}
{"timestamp":"2025-09-26T16:06:40.179067","level":"info","event":"ERROR conda.cli.main_run:execute(127): `conda run python -u tests/archived/clair_api_tester.py --data_file_path=/Users/adelson/Documents/mai-thomas/data/combined_chats.csv --dataset_lang=EN --topics_file=default, artificial intelligence --mode=ssrl --n_groups=2` failed. (See above for error)","logger":"airflow.task.hooks.airflow.providers.standard.hooks.subprocess.SubprocessHook"}
{"timestamp":"2025-09-26T16:06:40.179082","level":"info","event":"https://next-lab-test.bms.utwente.nl/chatBot","logger":"airflow.task.hooks.airflow.providers.standard.hooks.subprocess.SubprocessHook"}
{"timestamp":"2025-09-26T16:06:40.179097","level":"info","event":"{'is_active': True,","logger":"airflow.task.hooks.airflow.providers.standard.hooks.subprocess.SubprocessHook"}
{"timestamp":"2025-09-26T16:06:40.179112","level":"info","event":" 'keywords': ['default', ' artificial intelligence'],","logger":"airflow.task.hooks.airflow.providers.standard.hooks.subprocess.SubprocessHook"}
{"timestamp":"2025-09-26T16:06:40.179126","level":"info","event":" 'language': 'EN',","logger":"airflow.task.hooks.airflow.providers.standard.hooks.subprocess.SubprocessHook"}
{"timestamp":"2025-09-26T16:06:40.179141","level":"info","event":" 'learning_space': 'test/clair_api_ssrl',","logger":"airflow.task.hooks.airflow.providers.standard.hooks.subprocess.SubprocessHook"}
{"timestamp":"2025-09-26T16:06:40.179156","level":"info","event":" 'mode': 'ssrl'}","logger":"airflow.task.hooks.airflow.providers.standard.hooks.subprocess.SubprocessHook"}
{"timestamp":"2025-09-26T16:06:40.179170","level":"info","event":"<Response [200]> null 200 OK","logger":"airflow.task.hooks.airflow.providers.standard.hooks.subprocess.SubprocessHook"}
{"timestamp":"2025-09-26T16:06:40.179185","level":"info","event":"Starting...","logger":"airflow.task.hooks.airflow.providers.standard.hooks.subprocess.SubprocessHook"}
{"timestamp":"2025-09-26T16:06:40.179199","level":"info","event":"","logger":"airflow.task.hooks.airflow.providers.standard.hooks.subprocess.SubprocessHook"}
{"timestamp":"2025-09-26T16:06:40.211389","level":"info","event":"","logger":"airflow.task.hooks.airflow.providers.standard.hooks.subprocess.SubprocessHook"}
{"timestamp":"2025-09-26T16:06:40.211442","level":"info","event":"Clair API processing completed!","logger":"airflow.task.hooks.airflow.providers.standard.hooks.subprocess.SubprocessHook"}
{"timestamp":"2025-09-26T16:06:40.212458","level":"info","event":"Command exited with return code 0","logger":"airflow.task.hooks.airflow.providers.standard.hooks.subprocess.SubprocessHook"}
{"timestamp":"2025-09-26T16:06:40.213389","level":"info","event":"Pushing xcom","ti":"RuntimeTaskInstance(id=UUID('019986c2-dfce-7f76-ad97-f9f0de6c3a16'), task_id='run_clair_api_processor', dag_id='clair_api_processor', run_id='manual__2025-09-26T16:02:22.263085+00:00', try_number=1, map_index=-1, hostname='macbook-air-de-adelson.local', context_carrier=None, task=<Task(BashOperator): run_clair_api_processor>, bundle_instance=LocalDagBundle(name=dags-folder), max_tries=1, start_date=datetime.datetime(2025, 9, 26, 16, 2, 23, 194133, tzinfo=datetime.timezone.utc), end_date=None, state=<TaskInstanceState.RUNNING: 'running'>, is_mapped=False, rendered_map_index=None, log_url='http://localhost:8080/dags/clair_api_processor/runs/manual__2025-09-26T16%3A02%3A22.263085%2B00%3A00/tasks/run_clair_api_processor?try_number=1')","logger":"task"}
