{"timestamp":"2025-09-26T14:44:33.488510","level":"info","event":"DAG bundles loaded: dags-folder","logger":"airflow.dag_processing.bundles.manager.DagBundlesManager"}
{"timestamp":"2025-09-26T14:44:33.488748","level":"info","event":"Filling up the DagBag from /Users/adelson/airflow/dags/clair_api_processor.py","logger":"airflow.models.dagbag.DagBag"}
{"timestamp":"2025-09-26T14:44:33.536736","level":"info","event":"Tmp dir root location: /var/folders/82/f0krq6zj2bb8g6tczhngyxh00000gn/T","logger":"airflow.task.hooks.airflow.providers.standard.hooks.subprocess.SubprocessHook"}
{"timestamp":"2025-09-26T14:44:33.536996","level":"info","event":"Running command: ['/bin/bash', '-c', '\\n        # Set environment variables\\n        export CLAIR_URL=\"https://next-lab-test.bms.utwente.nl/chatBot/\"\\n        export CLAIR_TOKEN=\"ZMhoyTJQxNE\"\\n        \\n        # Add conda to PATH\\n        export PATH=\"/Users/adelson/miniconda3/bin:$PATH\"\\n        \\n        # Change to the directory containing clair_api_tester.py\\n        cd \"/Users/adelson/Library/CloudStorage/GoogleDrive-adelson.dias@gmail.com/Meu Drive/Clair/clair-v044\"\\n        \\n        # Activate the clair-py310 environment and run the script\\n        conda run -n clair-py310 python tests/archived/clair_api_tester.py             --data_file_path=\"/Users/adelson/Documents/mai-thomas/data/combined_chats.csv\"             --dataset_lang=\"EN\"             --topics_file=\"default, artificial intelligence\"             --mode=\"ssrl\"             --n_groups=\"-1\"\\n        ']","logger":"airflow.task.hooks.airflow.providers.standard.hooks.subprocess.SubprocessHook"}
{"timestamp":"2025-09-26T14:44:33.540636","level":"info","event":"Output:","logger":"airflow.task.hooks.airflow.providers.standard.hooks.subprocess.SubprocessHook"}
{"timestamp":"2025-09-26T14:45:41.609100","level":"info","event":"","logger":"airflow.task.hooks.airflow.providers.standard.hooks.subprocess.SubprocessHook"}
{"timestamp":"2025-09-26T14:45:41.609323","level":"info","event":"  0%|          | 0/4066 [00:00<?, ?it/s]","logger":"airflow.task.hooks.airflow.providers.standard.hooks.subprocess.SubprocessHook"}
{"timestamp":"2025-09-26T14:45:41.609365","level":"info","event":"  0%|          | 1/4066 [00:01<2:13:38,  1.97s/it]","logger":"airflow.task.hooks.airflow.providers.standard.hooks.subprocess.SubprocessHook"}
{"timestamp":"2025-09-26T14:45:41.609397","level":"info","event":"  0%|          | 2/4066 [00:03<1:57:43,  1.74s/it]","logger":"airflow.task.hooks.airflow.providers.standard.hooks.subprocess.SubprocessHook"}
{"timestamp":"2025-09-26T14:45:41.609419","level":"info","event":"  0%|          | 3/4066 [00:05<1:50:14,  1.63s/it]","logger":"airflow.task.hooks.airflow.providers.standard.hooks.subprocess.SubprocessHook"}
{"timestamp":"2025-09-26T14:45:41.609440","level":"info","event":"  0%|          | 4/4066 [00:06<1:47:16,  1.58s/it]","logger":"airflow.task.hooks.airflow.providers.standard.hooks.subprocess.SubprocessHook"}
{"timestamp":"2025-09-26T14:45:41.609456","level":"info","event":"  0%|          | 5/4066 [00:08<1:46:42,  1.58s/it]","logger":"airflow.task.hooks.airflow.providers.standard.hooks.subprocess.SubprocessHook"}
{"timestamp":"2025-09-26T14:45:41.609477","level":"info","event":"  0%|          | 6/4066 [00:09<1:43:42,  1.53s/it]","logger":"airflow.task.hooks.airflow.providers.standard.hooks.subprocess.SubprocessHook"}
{"timestamp":"2025-09-26T14:45:41.609498","level":"info","event":"  0%|          | 7/4066 [00:11<1:42:29,  1.51s/it]","logger":"airflow.task.hooks.airflow.providers.standard.hooks.subprocess.SubprocessHook"}
{"timestamp":"2025-09-26T14:45:41.609517","level":"info","event":"  0%|          | 8/4066 [00:12<1:48:05,  1.60s/it]","logger":"airflow.task.hooks.airflow.providers.standard.hooks.subprocess.SubprocessHook"}
{"timestamp":"2025-09-26T14:45:41.609535","level":"info","event":"  0%|          | 9/4066 [00:14<1:45:14,  1.56s/it]","logger":"airflow.task.hooks.airflow.providers.standard.hooks.subprocess.SubprocessHook"}
{"timestamp":"2025-09-26T14:45:41.609550","level":"info","event":"  0%|          | 10/4066 [00:15<1:45:12,  1.56s/it]","logger":"airflow.task.hooks.airflow.providers.standard.hooks.subprocess.SubprocessHook"}
{"timestamp":"2025-09-26T14:45:41.609565","level":"info","event":"  0%|          | 11/4066 [00:17<1:48:43,  1.61s/it]","logger":"airflow.task.hooks.airflow.providers.standard.hooks.subprocess.SubprocessHook"}
{"timestamp":"2025-09-26T14:45:41.609581","level":"info","event":"  0%|          | 12/4066 [00:19<1:45:07,  1.56s/it]","logger":"airflow.task.hooks.airflow.providers.standard.hooks.subprocess.SubprocessHook"}
{"timestamp":"2025-09-26T14:45:41.609599","level":"info","event":"  0%|          | 13/4066 [00:20<1:42:56,  1.52s/it]","logger":"airflow.task.hooks.airflow.providers.standard.hooks.subprocess.SubprocessHook"}
{"timestamp":"2025-09-26T14:45:41.609614","level":"info","event":"  0%|          | 14/4066 [00:21<1:41:58,  1.51s/it]","logger":"airflow.task.hooks.airflow.providers.standard.hooks.subprocess.SubprocessHook"}
{"timestamp":"2025-09-26T14:45:41.609629","level":"info","event":"  0%|          | 15/4066 [00:23<1:40:21,  1.49s/it]","logger":"airflow.task.hooks.airflow.providers.standard.hooks.subprocess.SubprocessHook"}
{"timestamp":"2025-09-26T14:45:41.609650","level":"info","event":"  0%|          | 16/4066 [00:24<1:37:08,  1.44s/it]","logger":"airflow.task.hooks.airflow.providers.standard.hooks.subprocess.SubprocessHook"}
{"timestamp":"2025-09-26T14:45:41.609665","level":"info","event":"  0%|          | 17/4066 [00:26<1:35:52,  1.42s/it]","logger":"airflow.task.hooks.airflow.providers.standard.hooks.subprocess.SubprocessHook"}
{"timestamp":"2025-09-26T14:45:41.609680","level":"info","event":"  0%|          | 18/4066 [00:27<1:36:25,  1.43s/it]","logger":"airflow.task.hooks.airflow.providers.standard.hooks.subprocess.SubprocessHook"}
{"timestamp":"2025-09-26T14:45:41.609697","level":"info","event":"  0%|          | 19/4066 [00:28<1:34:00,  1.39s/it]","logger":"airflow.task.hooks.airflow.providers.standard.hooks.subprocess.SubprocessHook"}
{"timestamp":"2025-09-26T14:45:41.609712","level":"info","event":"  0%|          | 20/4066 [00:30<1:31:34,  1.36s/it]","logger":"airflow.task.hooks.airflow.providers.standard.hooks.subprocess.SubprocessHook"}
{"timestamp":"2025-09-26T14:45:41.609730","level":"info","event":"  1%|          | 21/4066 [00:31<1:31:52,  1.36s/it]","logger":"airflow.task.hooks.airflow.providers.standard.hooks.subprocess.SubprocessHook"}
{"timestamp":"2025-09-26T14:45:41.609745","level":"info","event":"  1%|          | 22/4066 [00:32<1:31:07,  1.35s/it]","logger":"airflow.task.hooks.airflow.providers.standard.hooks.subprocess.SubprocessHook"}
{"timestamp":"2025-09-26T14:45:41.609760","level":"info","event":"  1%|          | 23/4066 [00:34<1:29:59,  1.34s/it]","logger":"airflow.task.hooks.airflow.providers.standard.hooks.subprocess.SubprocessHook"}
{"timestamp":"2025-09-26T14:45:41.609776","level":"info","event":"  1%|          | 24/4066 [00:35<1:29:54,  1.33s/it]","logger":"airflow.task.hooks.airflow.providers.standard.hooks.subprocess.SubprocessHook"}
{"timestamp":"2025-09-26T14:45:41.609791","level":"info","event":"  1%|          | 24/4066 [01:05<3:04:57,  2.75s/it]","logger":"airflow.task.hooks.airflow.providers.standard.hooks.subprocess.SubprocessHook"}
{"timestamp":"2025-09-26T14:45:41.609807","level":"info","event":"Traceback (most recent call last):","logger":"airflow.task.hooks.airflow.providers.standard.hooks.subprocess.SubprocessHook"}
{"timestamp":"2025-09-26T14:45:41.609835","level":"info","event":"  File \"/Users/adelson/miniconda3/envs/clair-py310/lib/python3.10/site-packages/urllib3/connectionpool.py\", line 534, in _make_request","logger":"airflow.task.hooks.airflow.providers.standard.hooks.subprocess.SubprocessHook"}
{"timestamp":"2025-09-26T14:45:41.609864","level":"info","event":"    response = conn.getresponse()","logger":"airflow.task.hooks.airflow.providers.standard.hooks.subprocess.SubprocessHook"}
{"timestamp":"2025-09-26T14:45:41.609880","level":"info","event":"  File \"/Users/adelson/miniconda3/envs/clair-py310/lib/python3.10/site-packages/urllib3/connection.py\", line 565, in getresponse","logger":"airflow.task.hooks.airflow.providers.standard.hooks.subprocess.SubprocessHook"}
{"timestamp":"2025-09-26T14:45:41.609903","level":"info","event":"    httplib_response = super().getresponse()","logger":"airflow.task.hooks.airflow.providers.standard.hooks.subprocess.SubprocessHook"}
{"timestamp":"2025-09-26T14:45:41.609919","level":"info","event":"  File \"/Users/adelson/miniconda3/envs/clair-py310/lib/python3.10/http/client.py\", line 1375, in getresponse","logger":"airflow.task.hooks.airflow.providers.standard.hooks.subprocess.SubprocessHook"}
{"timestamp":"2025-09-26T14:45:41.609948","level":"info","event":"    response.begin()","logger":"airflow.task.hooks.airflow.providers.standard.hooks.subprocess.SubprocessHook"}
{"timestamp":"2025-09-26T14:45:41.609964","level":"info","event":"  File \"/Users/adelson/miniconda3/envs/clair-py310/lib/python3.10/http/client.py\", line 318, in begin","logger":"airflow.task.hooks.airflow.providers.standard.hooks.subprocess.SubprocessHook"}
{"timestamp":"2025-09-26T14:45:41.609984","level":"info","event":"    version, status, reason = self._read_status()","logger":"airflow.task.hooks.airflow.providers.standard.hooks.subprocess.SubprocessHook"}
{"timestamp":"2025-09-26T14:45:41.609999","level":"info","event":"  File \"/Users/adelson/miniconda3/envs/clair-py310/lib/python3.10/http/client.py\", line 279, in _read_status","logger":"airflow.task.hooks.airflow.providers.standard.hooks.subprocess.SubprocessHook"}
{"timestamp":"2025-09-26T14:45:41.610014","level":"info","event":"    line = str(self.fp.readline(_MAXLINE + 1), \"iso-8859-1\")","logger":"airflow.task.hooks.airflow.providers.standard.hooks.subprocess.SubprocessHook"}
{"timestamp":"2025-09-26T14:45:41.610029","level":"info","event":"  File \"/Users/adelson/miniconda3/envs/clair-py310/lib/python3.10/socket.py\", line 717, in readinto","logger":"airflow.task.hooks.airflow.providers.standard.hooks.subprocess.SubprocessHook"}
{"timestamp":"2025-09-26T14:45:41.610044","level":"info","event":"    return self._sock.recv_into(b)","logger":"airflow.task.hooks.airflow.providers.standard.hooks.subprocess.SubprocessHook"}
{"timestamp":"2025-09-26T14:45:41.610059","level":"info","event":"  File \"/Users/adelson/miniconda3/envs/clair-py310/lib/python3.10/ssl.py\", line 1307, in recv_into","logger":"airflow.task.hooks.airflow.providers.standard.hooks.subprocess.SubprocessHook"}
{"timestamp":"2025-09-26T14:45:41.610075","level":"info","event":"    return self.read(nbytes, buffer)","logger":"airflow.task.hooks.airflow.providers.standard.hooks.subprocess.SubprocessHook"}
{"timestamp":"2025-09-26T14:45:41.610090","level":"info","event":"  File \"/Users/adelson/miniconda3/envs/clair-py310/lib/python3.10/ssl.py\", line 1163, in read","logger":"airflow.task.hooks.airflow.providers.standard.hooks.subprocess.SubprocessHook"}
{"timestamp":"2025-09-26T14:45:41.610108","level":"info","event":"    return self._sslobj.read(len, buffer)","logger":"airflow.task.hooks.airflow.providers.standard.hooks.subprocess.SubprocessHook"}
{"timestamp":"2025-09-26T14:45:41.610123","level":"info","event":"TimeoutError: The read operation timed out","logger":"airflow.task.hooks.airflow.providers.standard.hooks.subprocess.SubprocessHook"}
{"timestamp":"2025-09-26T14:45:41.610138","level":"info","event":"","logger":"airflow.task.hooks.airflow.providers.standard.hooks.subprocess.SubprocessHook"}
{"timestamp":"2025-09-26T14:45:41.610154","level":"info","event":"The above exception was the direct cause of the following exception:","logger":"airflow.task.hooks.airflow.providers.standard.hooks.subprocess.SubprocessHook"}
{"timestamp":"2025-09-26T14:45:41.610169","level":"info","event":"","logger":"airflow.task.hooks.airflow.providers.standard.hooks.subprocess.SubprocessHook"}
{"timestamp":"2025-09-26T14:45:41.610190","level":"info","event":"Traceback (most recent call last):","logger":"airflow.task.hooks.airflow.providers.standard.hooks.subprocess.SubprocessHook"}
{"timestamp":"2025-09-26T14:45:41.610205","level":"info","event":"  File \"/Users/adelson/miniconda3/envs/clair-py310/lib/python3.10/site-packages/requests/adapters.py\", line 644, in send","logger":"airflow.task.hooks.airflow.providers.standard.hooks.subprocess.SubprocessHook"}
{"timestamp":"2025-09-26T14:45:41.610220","level":"info","event":"    resp = conn.urlopen(","logger":"airflow.task.hooks.airflow.providers.standard.hooks.subprocess.SubprocessHook"}
{"timestamp":"2025-09-26T14:45:41.610235","level":"info","event":"  File \"/Users/adelson/miniconda3/envs/clair-py310/lib/python3.10/site-packages/urllib3/connectionpool.py\", line 841, in urlopen","logger":"airflow.task.hooks.airflow.providers.standard.hooks.subprocess.SubprocessHook"}
{"timestamp":"2025-09-26T14:45:41.610253","level":"info","event":"    retries = retries.increment(","logger":"airflow.task.hooks.airflow.providers.standard.hooks.subprocess.SubprocessHook"}
{"timestamp":"2025-09-26T14:45:41.610268","level":"info","event":"  File \"/Users/adelson/miniconda3/envs/clair-py310/lib/python3.10/site-packages/urllib3/util/retry.py\", line 474, in increment","logger":"airflow.task.hooks.airflow.providers.standard.hooks.subprocess.SubprocessHook"}
{"timestamp":"2025-09-26T14:45:41.610283","level":"info","event":"    raise reraise(type(error), error, _stacktrace)","logger":"airflow.task.hooks.airflow.providers.standard.hooks.subprocess.SubprocessHook"}
{"timestamp":"2025-09-26T14:45:41.610301","level":"info","event":"  File \"/Users/adelson/miniconda3/envs/clair-py310/lib/python3.10/site-packages/urllib3/util/util.py\", line 39, in reraise","logger":"airflow.task.hooks.airflow.providers.standard.hooks.subprocess.SubprocessHook"}
{"timestamp":"2025-09-26T14:45:41.610317","level":"info","event":"    raise value","logger":"airflow.task.hooks.airflow.providers.standard.hooks.subprocess.SubprocessHook"}
{"timestamp":"2025-09-26T14:45:41.610335","level":"info","event":"  File \"/Users/adelson/miniconda3/envs/clair-py310/lib/python3.10/site-packages/urllib3/connectionpool.py\", line 787, in urlopen","logger":"airflow.task.hooks.airflow.providers.standard.hooks.subprocess.SubprocessHook"}
{"timestamp":"2025-09-26T14:45:41.610350","level":"info","event":"    response = self._make_request(","logger":"airflow.task.hooks.airflow.providers.standard.hooks.subprocess.SubprocessHook"}
{"timestamp":"2025-09-26T14:45:41.610365","level":"info","event":"  File \"/Users/adelson/miniconda3/envs/clair-py310/lib/python3.10/site-packages/urllib3/connectionpool.py\", line 536, in _make_request","logger":"airflow.task.hooks.airflow.providers.standard.hooks.subprocess.SubprocessHook"}
{"timestamp":"2025-09-26T14:45:41.610381","level":"info","event":"    self._raise_timeout(err=e, url=url, timeout_value=read_timeout)","logger":"airflow.task.hooks.airflow.providers.standard.hooks.subprocess.SubprocessHook"}
{"timestamp":"2025-09-26T14:45:41.610396","level":"info","event":"  File \"/Users/adelson/miniconda3/envs/clair-py310/lib/python3.10/site-packages/urllib3/connectionpool.py\", line 367, in _raise_timeout","logger":"airflow.task.hooks.airflow.providers.standard.hooks.subprocess.SubprocessHook"}
{"timestamp":"2025-09-26T14:45:41.610415","level":"info","event":"    raise ReadTimeoutError(","logger":"airflow.task.hooks.airflow.providers.standard.hooks.subprocess.SubprocessHook"}
{"timestamp":"2025-09-26T14:45:41.610430","level":"info","event":"urllib3.exceptions.ReadTimeoutError: HTTPSConnectionPool(host='next-lab-test.bms.utwente.nl', port=443): Read timed out. (read timeout=30)","logger":"airflow.task.hooks.airflow.providers.standard.hooks.subprocess.SubprocessHook"}
{"timestamp":"2025-09-26T14:45:41.610445","level":"info","event":"","logger":"airflow.task.hooks.airflow.providers.standard.hooks.subprocess.SubprocessHook"}
{"timestamp":"2025-09-26T14:45:41.610460","level":"info","event":"During handling of the above exception, another exception occurred:","logger":"airflow.task.hooks.airflow.providers.standard.hooks.subprocess.SubprocessHook"}
{"timestamp":"2025-09-26T14:45:41.610475","level":"info","event":"","logger":"airflow.task.hooks.airflow.providers.standard.hooks.subprocess.SubprocessHook"}
{"timestamp":"2025-09-26T14:45:41.610490","level":"info","event":"Traceback (most recent call last):","logger":"airflow.task.hooks.airflow.providers.standard.hooks.subprocess.SubprocessHook"}
{"timestamp":"2025-09-26T14:45:41.610505","level":"info","event":"  File \"/Users/adelson/Library/CloudStorage/GoogleDrive-adelson.dias@gmail.com/Meu Drive/Clair/clair-v044/tests/archived/clair_api_tester.py\", line 151, in <module>","logger":"airflow.task.hooks.airflow.providers.standard.hooks.subprocess.SubprocessHook"}
{"timestamp":"2025-09-26T14:45:41.610524","level":"info","event":"    fire.Fire(main)","logger":"airflow.task.hooks.airflow.providers.standard.hooks.subprocess.SubprocessHook"}
{"timestamp":"2025-09-26T14:45:41.610539","level":"info","event":"  File \"/Users/adelson/miniconda3/envs/clair-py310/lib/python3.10/site-packages/fire/core.py\", line 135, in Fire","logger":"airflow.task.hooks.airflow.providers.standard.hooks.subprocess.SubprocessHook"}
{"timestamp":"2025-09-26T14:45:41.610554","level":"info","event":"    component_trace = _Fire(component, args, parsed_flag_args, context, name)","logger":"airflow.task.hooks.airflow.providers.standard.hooks.subprocess.SubprocessHook"}
{"timestamp":"2025-09-26T14:45:41.610569","level":"info","event":"  File \"/Users/adelson/miniconda3/envs/clair-py310/lib/python3.10/site-packages/fire/core.py\", line 468, in _Fire","logger":"airflow.task.hooks.airflow.providers.standard.hooks.subprocess.SubprocessHook"}
{"timestamp":"2025-09-26T14:45:41.610584","level":"info","event":"    component, remaining_args = _CallAndUpdateTrace(","logger":"airflow.task.hooks.airflow.providers.standard.hooks.subprocess.SubprocessHook"}
{"timestamp":"2025-09-26T14:45:41.610599","level":"info","event":"  File \"/Users/adelson/miniconda3/envs/clair-py310/lib/python3.10/site-packages/fire/core.py\", line 684, in _CallAndUpdateTrace","logger":"airflow.task.hooks.airflow.providers.standard.hooks.subprocess.SubprocessHook"}
{"timestamp":"2025-09-26T14:45:41.610614","level":"info","event":"    component = fn(*varargs, **kwargs)","logger":"airflow.task.hooks.airflow.providers.standard.hooks.subprocess.SubprocessHook"}
{"timestamp":"2025-09-26T14:45:41.610629","level":"info","event":"  File \"/Users/adelson/Library/CloudStorage/GoogleDrive-adelson.dias@gmail.com/Meu Drive/Clair/clair-v044/tests/archived/clair_api_tester.py\", line 114, in main","logger":"airflow.task.hooks.airflow.providers.standard.hooks.subprocess.SubprocessHook"}
{"timestamp":"2025-09-26T14:45:41.610647","level":"info","event":"    req = requests.post(f\"{CLAIR_URL}/message?retrieve_details=true&save=false\",","logger":"airflow.task.hooks.airflow.providers.standard.hooks.subprocess.SubprocessHook"}
{"timestamp":"2025-09-26T14:45:41.610662","level":"info","event":"  File \"/Users/adelson/miniconda3/envs/clair-py310/lib/python3.10/site-packages/requests/api.py\", line 115, in post","logger":"airflow.task.hooks.airflow.providers.standard.hooks.subprocess.SubprocessHook"}
{"timestamp":"2025-09-26T14:45:41.610677","level":"info","event":"    return request(\"post\", url, data=data, json=json, **kwargs)","logger":"airflow.task.hooks.airflow.providers.standard.hooks.subprocess.SubprocessHook"}
{"timestamp":"2025-09-26T14:45:41.610692","level":"info","event":"  File \"/Users/adelson/miniconda3/envs/clair-py310/lib/python3.10/site-packages/requests/api.py\", line 59, in request","logger":"airflow.task.hooks.airflow.providers.standard.hooks.subprocess.SubprocessHook"}
{"timestamp":"2025-09-26T14:45:41.610707","level":"info","event":"    return session.request(method=method, url=url, **kwargs)","logger":"airflow.task.hooks.airflow.providers.standard.hooks.subprocess.SubprocessHook"}
{"timestamp":"2025-09-26T14:45:41.610722","level":"info","event":"  File \"/Users/adelson/miniconda3/envs/clair-py310/lib/python3.10/site-packages/requests/sessions.py\", line 589, in request","logger":"airflow.task.hooks.airflow.providers.standard.hooks.subprocess.SubprocessHook"}
{"timestamp":"2025-09-26T14:45:41.610737","level":"info","event":"    resp = self.send(prep, **send_kwargs)","logger":"airflow.task.hooks.airflow.providers.standard.hooks.subprocess.SubprocessHook"}
{"timestamp":"2025-09-26T14:45:41.610751","level":"info","event":"  File \"/Users/adelson/miniconda3/envs/clair-py310/lib/python3.10/site-packages/requests/sessions.py\", line 703, in send","logger":"airflow.task.hooks.airflow.providers.standard.hooks.subprocess.SubprocessHook"}
{"timestamp":"2025-09-26T14:45:41.610766","level":"info","event":"    r = adapter.send(request, **kwargs)","logger":"airflow.task.hooks.airflow.providers.standard.hooks.subprocess.SubprocessHook"}
{"timestamp":"2025-09-26T14:45:41.610781","level":"info","event":"  File \"/Users/adelson/miniconda3/envs/clair-py310/lib/python3.10/site-packages/requests/adapters.py\", line 690, in send","logger":"airflow.task.hooks.airflow.providers.standard.hooks.subprocess.SubprocessHook"}
{"timestamp":"2025-09-26T14:45:41.610796","level":"info","event":"    raise ReadTimeout(e, request=request)","logger":"airflow.task.hooks.airflow.providers.standard.hooks.subprocess.SubprocessHook"}
{"timestamp":"2025-09-26T14:45:41.610815","level":"info","event":"requests.exceptions.ReadTimeout: (\"Some failure happens at message: {'group': 'b293_VR_WC_S5english', 'text': 'Today our patient is Maija Mehiläinen, 57 years old.', 'timestamp': '2025-01-01 00:00:08.000', 'username': 'SpeakerA'}\", ReadTimeoutError(\"HTTPSConnectionPool(host='next-lab-test.bms.utwente.nl', port=443): Read timed out. (read timeout=30)\"))","logger":"airflow.task.hooks.airflow.providers.standard.hooks.subprocess.SubprocessHook"}
{"timestamp":"2025-09-26T14:45:41.610857","level":"info","event":"","logger":"airflow.task.hooks.airflow.providers.standard.hooks.subprocess.SubprocessHook"}
{"timestamp":"2025-09-26T14:45:41.610877","level":"info","event":"ERROR conda.cli.main_run:execute(127): `conda run python tests/archived/clair_api_tester.py --data_file_path=/Users/adelson/Documents/mai-thomas/data/combined_chats.csv --dataset_lang=EN --topics_file=default, artificial intelligence --mode=ssrl --n_groups=-1` failed. (See above for error)","logger":"airflow.task.hooks.airflow.providers.standard.hooks.subprocess.SubprocessHook"}
{"timestamp":"2025-09-26T14:45:41.610900","level":"info","event":"https://next-lab-test.bms.utwente.nl/chatBot","logger":"airflow.task.hooks.airflow.providers.standard.hooks.subprocess.SubprocessHook"}
{"timestamp":"2025-09-26T14:45:41.610915","level":"info","event":"{'is_active': True,","logger":"airflow.task.hooks.airflow.providers.standard.hooks.subprocess.SubprocessHook"}
{"timestamp":"2025-09-26T14:45:41.610930","level":"info","event":" 'keywords': ['default', ' artificial intelligence'],","logger":"airflow.task.hooks.airflow.providers.standard.hooks.subprocess.SubprocessHook"}
{"timestamp":"2025-09-26T14:45:41.610945","level":"info","event":" 'language': 'EN',","logger":"airflow.task.hooks.airflow.providers.standard.hooks.subprocess.SubprocessHook"}
{"timestamp":"2025-09-26T14:45:41.610960","level":"info","event":" 'learning_space': 'test/clair_api_ssrl',","logger":"airflow.task.hooks.airflow.providers.standard.hooks.subprocess.SubprocessHook"}
{"timestamp":"2025-09-26T14:45:41.610975","level":"info","event":" 'mode': 'ssrl'}","logger":"airflow.task.hooks.airflow.providers.standard.hooks.subprocess.SubprocessHook"}
{"timestamp":"2025-09-26T14:45:41.610990","level":"info","event":"<Response [200]> null 200 OK","logger":"airflow.task.hooks.airflow.providers.standard.hooks.subprocess.SubprocessHook"}
{"timestamp":"2025-09-26T14:45:41.611006","level":"info","event":"Using all groups (26)","logger":"airflow.task.hooks.airflow.providers.standard.hooks.subprocess.SubprocessHook"}
{"timestamp":"2025-09-26T14:45:41.611021","level":"info","event":"Starting...","logger":"airflow.task.hooks.airflow.providers.standard.hooks.subprocess.SubprocessHook"}
{"timestamp":"2025-09-26T14:45:41.611050","level":"info","event":"","logger":"airflow.task.hooks.airflow.providers.standard.hooks.subprocess.SubprocessHook"}
{"timestamp":"2025-09-26T14:45:41.641803","level":"info","event":"Command exited with return code 1","logger":"airflow.task.hooks.airflow.providers.standard.hooks.subprocess.SubprocessHook"}
{"timestamp":"2025-09-26T14:45:41.642475","level":"error","event":"Task failed with exception","logger":"task","error_detail":[{"exc_type":"AirflowException","exc_value":"Bash command failed. The command returned a non-zero exit code 1.","exc_notes":[],"syntax_error":null,"is_cause":false,"frames":[{"filename":"/Users/adelson/miniconda3/envs/airflow-test/lib/python3.10/site-packages/airflow/sdk/execution_time/task_runner.py","lineno":920,"name":"run"},{"filename":"/Users/adelson/miniconda3/envs/airflow-test/lib/python3.10/site-packages/airflow/sdk/execution_time/task_runner.py","lineno":1215,"name":"_execute_task"},{"filename":"/Users/adelson/miniconda3/envs/airflow-test/lib/python3.10/site-packages/airflow/sdk/bases/operator.py","lineno":397,"name":"wrapper"},{"filename":"/Users/adelson/miniconda3/envs/airflow-test/lib/python3.10/site-packages/airflow/providers/standard/operators/bash.py","lineno":232,"name":"execute"}],"is_group":false,"exceptions":[]}]}
