{"timestamp":"2025-09-26T13:23:24.637384","level":"info","event":"DAG bundles loaded: dags-folder","logger":"airflow.dag_processing.bundles.manager.DagBundlesManager"}
{"timestamp":"2025-09-26T13:23:24.638118","level":"info","event":"Filling up the DagBag from /Users/adelson/airflow/dags/prep_chats.py","logger":"airflow.models.dagbag.DagBag"}
{"timestamp":"2025-09-26T13:23:24.941831","level":"info","event":"NumExpr defaulting to 10 threads.","logger":"numexpr.utils"}
{"timestamp":"2025-09-26T13:23:25.068088Z","level":"info","event":"Creating Excel output with multiple sheets","chan":"stdout","logger":"task"}
{"timestamp":"2025-09-26T13:23:25.068174Z","level":"info","event":"Received csv_files: ['/Users/adelson/Documents/mai-thomas/VR_WC_Transcripts/VR_WC_S11english.csv', '/Users/adelson/Documents/mai-thomas/VR_WC_Transcripts/VR_WC_S26english.csv', '/Users/adelson/Documents/mai-thomas/VR_WC_Transcripts/VR_WC_S7english.csv', '/Users/adelson/Documents/mai-thomas/VR_WC_Transcripts/VR_WC_S2english.csv', '/Users/adelson/Documents/mai-thomas/VR_WC_Transcripts/VR_WC_S23english.csv', '/Users/adelson/Documents/mai-thomas/VR_WC_Transcripts/VR_WC_S14english.csv', '/Users/adelson/Documents/mai-thomas/VR_WC_Transcripts/VR_WC_S19english.csv', '/Users/adelson/Documents/mai-thomas/VR_WC_Transcripts/VR_WC_S8english.csv', '/Users/adelson/Documents/mai-thomas/VR_WC_Transcripts/VR_WC_S29english.csv', '/Users/adelson/Documents/mai-thomas/VR_WC_Transcripts/VR_WC_S24english.csv', '/Users/adelson/Documents/mai-thomas/VR_WC_Transcripts/VR_WC_S13english.csv', '/Users/adelson/Documents/mai-thomas/VR_WC_Transcripts/VR_WC_S5english.csv', '/Users/adelson/Documents/mai-thomas/VR_WC_Transcripts/VR_WC_S16english.csv', '/Users/adelson/Documents/mai-thomas/VR_WC_Transcripts/VR_WC_S21english.csv', '/Users/adelson/Documents/mai-thomas/VR_WC_Transcripts/VR_WC_S22english.csv', '/Users/adelson/Documents/mai-thomas/VR_WC_Transcripts/VR_WC_S15english.csv', '/Users/adelson/Documents/mai-thomas/VR_WC_Transcripts/VR_WC_S3english.csv', '/Users/adelson/Documents/mai-thomas/VR_WC_Transcripts/VR_WC_S18english.csv', '/Users/adelson/Documents/mai-thomas/VR_WC_Transcripts/VR_WC_S6english.csv', '/Users/adelson/Documents/mai-thomas/VR_WC_Transcripts/VR_WC_S10english.csv', '/Users/adelson/Documents/mai-thomas/VR_WC_Transcripts/VR_WC_S17english.csv', '/Users/adelson/Documents/mai-thomas/VR_WC_Transcripts/VR_WC_S20english.csv', '/Users/adelson/Documents/mai-thomas/VR_WC_Transcripts/VR_WC_S28english.csv', '/Users/adelson/Documents/mai-thomas/VR_WC_Transcripts/VR_WC_S9english.csv', '/Users/adelson/Documents/mai-thomas/VR_WC_Transcripts/VR_WC_S4english.csv', '/Users/adelson/Documents/mai-thomas/VR_WC_Transcripts/VR_WC_S12english.csv']","chan":"stdout","logger":"task"}
{"timestamp":"2025-09-26T13:23:25.068206Z","level":"info","event":"Type of csv_files: <class 'str'>","chan":"stdout","logger":"task"}
{"timestamp":"2025-09-26T13:23:25.068227Z","level":"info","event":"csv_files is a string, attempting to parse...","chan":"stdout","logger":"task"}
{"timestamp":"2025-09-26T13:23:25.068265Z","level":"info","event":"Parsed csv_files: ['/Users/adelson/Documents/mai-thomas/VR_WC_Transcripts/VR_WC_S11english.csv', '/Users/adelson/Documents/mai-thomas/VR_WC_Transcripts/VR_WC_S26english.csv', '/Users/adelson/Documents/mai-thomas/VR_WC_Transcripts/VR_WC_S7english.csv', '/Users/adelson/Documents/mai-thomas/VR_WC_Transcripts/VR_WC_S2english.csv', '/Users/adelson/Documents/mai-thomas/VR_WC_Transcripts/VR_WC_S23english.csv', '/Users/adelson/Documents/mai-thomas/VR_WC_Transcripts/VR_WC_S14english.csv', '/Users/adelson/Documents/mai-thomas/VR_WC_Transcripts/VR_WC_S19english.csv', '/Users/adelson/Documents/mai-thomas/VR_WC_Transcripts/VR_WC_S8english.csv', '/Users/adelson/Documents/mai-thomas/VR_WC_Transcripts/VR_WC_S29english.csv', '/Users/adelson/Documents/mai-thomas/VR_WC_Transcripts/VR_WC_S24english.csv', '/Users/adelson/Documents/mai-thomas/VR_WC_Transcripts/VR_WC_S13english.csv', '/Users/adelson/Documents/mai-thomas/VR_WC_Transcripts/VR_WC_S5english.csv', '/Users/adelson/Documents/mai-thomas/VR_WC_Transcripts/VR_WC_S16english.csv', '/Users/adelson/Documents/mai-thomas/VR_WC_Transcripts/VR_WC_S21english.csv', '/Users/adelson/Documents/mai-thomas/VR_WC_Transcripts/VR_WC_S22english.csv', '/Users/adelson/Documents/mai-thomas/VR_WC_Transcripts/VR_WC_S15english.csv', '/Users/adelson/Documents/mai-thomas/VR_WC_Transcripts/VR_WC_S3english.csv', '/Users/adelson/Documents/mai-thomas/VR_WC_Transcripts/VR_WC_S18english.csv', '/Users/adelson/Documents/mai-thomas/VR_WC_Transcripts/VR_WC_S6english.csv', '/Users/adelson/Documents/mai-thomas/VR_WC_Transcripts/VR_WC_S10english.csv', '/Users/adelson/Documents/mai-thomas/VR_WC_Transcripts/VR_WC_S17english.csv', '/Users/adelson/Documents/mai-thomas/VR_WC_Transcripts/VR_WC_S20english.csv', '/Users/adelson/Documents/mai-thomas/VR_WC_Transcripts/VR_WC_S28english.csv', '/Users/adelson/Documents/mai-thomas/VR_WC_Transcripts/VR_WC_S9english.csv', '/Users/adelson/Documents/mai-thomas/VR_WC_Transcripts/VR_WC_S4english.csv', '/Users/adelson/Documents/mai-thomas/VR_WC_Transcripts/VR_WC_S12english.csv']","chan":"stdout","logger":"task"}
{"timestamp":"2025-09-26T13:23:25.160298Z","level":"info","event":"Added sheet 'VR_WC_S11english' with 191 rows","chan":"stdout","logger":"task"}
{"timestamp":"2025-09-26T13:23:25.174813Z","level":"info","event":"Added sheet 'VR_WC_S26english' with 160 rows","chan":"stdout","logger":"task"}
{"timestamp":"2025-09-26T13:23:25.197789Z","level":"info","event":"Added sheet 'VR_WC_S7english' with 283 rows","chan":"stdout","logger":"task"}
{"timestamp":"2025-09-26T13:23:25.299872Z","level":"info","event":"Added sheet 'VR_WC_S2english' with 431 rows","chan":"stdout","logger":"task"}
{"timestamp":"2025-09-26T13:23:25.309295Z","level":"info","event":"Added sheet 'VR_WC_S23english' with 83 rows","chan":"stdout","logger":"task"}
{"timestamp":"2025-09-26T13:23:25.320957Z","level":"info","event":"Added sheet 'VR_WC_S14english' with 112 rows","chan":"stdout","logger":"task"}
{"timestamp":"2025-09-26T13:23:25.336056Z","level":"info","event":"Added sheet 'VR_WC_S19english' with 134 rows","chan":"stdout","logger":"task"}
{"timestamp":"2025-09-26T13:23:25.356304Z","level":"info","event":"Added sheet 'VR_WC_S8english' with 195 rows","chan":"stdout","logger":"task"}
{"timestamp":"2025-09-26T13:23:25.367856Z","level":"info","event":"Added sheet 'VR_WC_S29english' with 106 rows","chan":"stdout","logger":"task"}
{"timestamp":"2025-09-26T13:23:25.385920Z","level":"info","event":"Added sheet 'VR_WC_S24english' with 199 rows","chan":"stdout","logger":"task"}
{"timestamp":"2025-09-26T13:23:25.405457Z","level":"info","event":"Added sheet 'VR_WC_S13english' with 194 rows","chan":"stdout","logger":"task"}
{"timestamp":"2025-09-26T13:23:25.425211Z","level":"info","event":"Added sheet 'VR_WC_S5english' with 220 rows","chan":"stdout","logger":"task"}
{"timestamp":"2025-09-26T13:23:25.445530Z","level":"info","event":"Added sheet 'VR_WC_S16english' with 211 rows","chan":"stdout","logger":"task"}
{"timestamp":"2025-09-26T13:23:25.459031Z","level":"info","event":"Added sheet 'VR_WC_S21english' with 130 rows","chan":"stdout","logger":"task"}
{"timestamp":"2025-09-26T13:23:25.472145Z","level":"info","event":"Added sheet 'VR_WC_S22english' with 107 rows","chan":"stdout","logger":"task"}
{"timestamp":"2025-09-26T13:23:25.487274Z","level":"info","event":"Added sheet 'VR_WC_S15english' with 161 rows","chan":"stdout","logger":"task"}
{"timestamp":"2025-09-26T13:23:25.507321Z","level":"info","event":"Added sheet 'VR_WC_S3english' with 248 rows","chan":"stdout","logger":"task"}
{"timestamp":"2025-09-26T13:23:25.521589Z","level":"info","event":"Added sheet 'VR_WC_S18english' with 169 rows","chan":"stdout","logger":"task"}
{"timestamp":"2025-09-26T13:23:25.531596Z","level":"info","event":"Added sheet 'VR_WC_S6english' with 112 rows","chan":"stdout","logger":"task"}
{"timestamp":"2025-09-26T13:23:25.544638Z","level":"info","event":"Added sheet 'VR_WC_S10english' with 151 rows","chan":"stdout","logger":"task"}
{"timestamp":"2025-09-26T13:23:25.557922Z","level":"info","event":"Added sheet 'VR_WC_S17english' with 150 rows","chan":"stdout","logger":"task"}
{"timestamp":"2025-09-26T13:23:25.565849Z","level":"info","event":"Added sheet 'VR_WC_S20english' with 78 rows","chan":"stdout","logger":"task"}
{"timestamp":"2025-09-26T13:23:25.573597Z","level":"info","event":"Added sheet 'VR_WC_S28english' with 76 rows","chan":"stdout","logger":"task"}
{"timestamp":"2025-09-26T13:23:25.587704Z","level":"info","event":"Added sheet 'VR_WC_S9english' with 163 rows","chan":"stdout","logger":"task"}
{"timestamp":"2025-09-26T13:23:25.602219Z","level":"info","event":"Added sheet 'VR_WC_S4english' with 174 rows","chan":"stdout","logger":"task"}
{"timestamp":"2025-09-26T13:23:25.619417Z","level":"info","event":"Added sheet 'VR_WC_S12english' with 196 rows","chan":"stdout","logger":"task"}
{"timestamp":"2025-09-26T13:23:25.746502Z","level":"info","event":"Excel file created: /Users/adelson/Documents/mai-thomas/data/processed_chats.xlsx with 26 sheets","chan":"stdout","logger":"task"}
{"timestamp":"2025-09-26T13:23:25.746538","level":"info","event":"Done. Returned value was: /Users/adelson/Documents/mai-thomas/data/processed_chats.xlsx","logger":"airflow.task.operators.airflow.providers.standard.operators.python.PythonOperator"}
{"timestamp":"2025-09-26T13:23:25.746613","level":"info","event":"Pushing xcom","ti":"RuntimeTaskInstance(id=UUID('01998631-4c96-70f4-bf29-1a2d8a5118c6'), task_id='create_excel_output', dag_id='prep_chats', run_id='manual__2025-09-26T13:23:21.854110+00:00', try_number=1, map_index=-1, hostname='macbook-air-de-adelson.local', context_carrier=None, task=<Task(PythonOperator): create_excel_output>, bundle_instance=LocalDagBundle(name=dags-folder), max_tries=0, start_date=datetime.datetime(2025, 9, 26, 13, 23, 24, 599129, tzinfo=datetime.timezone.utc), end_date=None, state=<TaskInstanceState.RUNNING: 'running'>, is_mapped=False, rendered_map_index=None, log_url='http://localhost:8080/dags/prep_chats/runs/manual__2025-09-26T13%3A23%3A21.854110%2B00%3A00/tasks/create_excel_output?try_number=1')","logger":"task"}
