{"timestamp":"2025-09-26T16:08:42.339756","level":"info","event":"DAG bundles loaded: dags-folder","logger":"airflow.dag_processing.bundles.manager.DagBundlesManager"}
{"timestamp":"2025-09-26T16:08:42.340212","level":"info","event":"Filling up the DagBag from /Users/adelson/airflow/dags/clair_api_processor.py","logger":"airflow.models.dagbag.DagBag"}
{"timestamp":"2025-09-26T16:08:42.376622","level":"info","event":"Tmp dir root location: /var/folders/82/f0krq6zj2bb8g6tczhngyxh00000gn/T","logger":"airflow.task.hooks.airflow.providers.standard.hooks.subprocess.SubprocessHook"}
{"timestamp":"2025-09-26T16:08:42.377168","level":"info","event":"Running command: ['/bin/bash', '-c', '\\n        echo \"=\" * 60\\n        echo \"CLAIR API PROCESSING SUMMARY\"\\n        echo \"=\" * 60\\n        echo \"📁 Input file: /Users/adelson/Documents/mai-thomas/data/combined_chats.csv\"\\n        echo \"🌐 API URL: https://next-lab-test.bms.utwente.nl/chatBot/\"\\n        echo \"🔧 Mode: ssrl\"\\n        echo \"🌍 Language: EN\"\\n        echo \"📊 Groups: -5\"\\n        echo \"\"\\n        \\n        output_file=\"/Users/adelson/Documents/mai-thomas/data/combined_chats__clair_api_ssrl.xlsx\"\\n        if [ -f \"$output_file\" ]; then\\n            echo \"✅ Processing completed successfully!\"\\n            echo \"📄 Output file: $output_file\"\\n            echo \"📏 File size: $(ls -lh \"$output_file\" | awk \\'{print $5}\\')\"\\n        else\\n            echo \"❌ Processing failed - output file not found\"\\n        fi\\n        echo \"=\" * 60\\n        ']","logger":"airflow.task.hooks.airflow.providers.standard.hooks.subprocess.SubprocessHook"}
{"timestamp":"2025-09-26T16:08:42.379884","level":"info","event":"Output:","logger":"airflow.task.hooks.airflow.providers.standard.hooks.subprocess.SubprocessHook"}
{"timestamp":"2025-09-26T16:08:42.381140","level":"info","event":"= * 60","logger":"airflow.task.hooks.airflow.providers.standard.hooks.subprocess.SubprocessHook"}
{"timestamp":"2025-09-26T16:08:42.381168","level":"info","event":"CLAIR API PROCESSING SUMMARY","logger":"airflow.task.hooks.airflow.providers.standard.hooks.subprocess.SubprocessHook"}
{"timestamp":"2025-09-26T16:08:42.381191","level":"info","event":"= * 60","logger":"airflow.task.hooks.airflow.providers.standard.hooks.subprocess.SubprocessHook"}
{"timestamp":"2025-09-26T16:08:42.381217","level":"info","event":"📁 Input file: /Users/adelson/Documents/mai-thomas/data/combined_chats.csv","logger":"airflow.task.hooks.airflow.providers.standard.hooks.subprocess.SubprocessHook"}
{"timestamp":"2025-09-26T16:08:42.381242","level":"info","event":"🌐 API URL: https://next-lab-test.bms.utwente.nl/chatBot/","logger":"airflow.task.hooks.airflow.providers.standard.hooks.subprocess.SubprocessHook"}
{"timestamp":"2025-09-26T16:08:42.381260","level":"info","event":"🔧 Mode: ssrl","logger":"airflow.task.hooks.airflow.providers.standard.hooks.subprocess.SubprocessHook"}
{"timestamp":"2025-09-26T16:08:42.381280","level":"info","event":"🌍 Language: EN","logger":"airflow.task.hooks.airflow.providers.standard.hooks.subprocess.SubprocessHook"}
{"timestamp":"2025-09-26T16:08:42.381296","level":"info","event":"📊 Groups: -5","logger":"airflow.task.hooks.airflow.providers.standard.hooks.subprocess.SubprocessHook"}
{"timestamp":"2025-09-26T16:08:42.381315","level":"info","event":"","logger":"airflow.task.hooks.airflow.providers.standard.hooks.subprocess.SubprocessHook"}
{"timestamp":"2025-09-26T16:08:42.381333","level":"info","event":"✅ Processing completed successfully!","logger":"airflow.task.hooks.airflow.providers.standard.hooks.subprocess.SubprocessHook"}
{"timestamp":"2025-09-26T16:08:42.381352","level":"info","event":"📄 Output file: /Users/adelson/Documents/mai-thomas/data/combined_chats__clair_api_ssrl.xlsx","logger":"airflow.task.hooks.airflow.providers.standard.hooks.subprocess.SubprocessHook"}
{"timestamp":"2025-09-26T16:08:42.384472","level":"info","event":"📏 File size: 0B","logger":"airflow.task.hooks.airflow.providers.standard.hooks.subprocess.SubprocessHook"}
{"timestamp":"2025-09-26T16:08:42.384497","level":"info","event":"= * 60","logger":"airflow.task.hooks.airflow.providers.standard.hooks.subprocess.SubprocessHook"}
{"timestamp":"2025-09-26T16:08:42.384916","level":"info","event":"Command exited with return code 0","logger":"airflow.task.hooks.airflow.providers.standard.hooks.subprocess.SubprocessHook"}
{"timestamp":"2025-09-26T16:08:42.385221","level":"info","event":"Pushing xcom","ti":"RuntimeTaskInstance(id=UUID('019986c8-4871-7eb0-910c-4482951e1812'), task_id='processing_summary', dag_id='clair_api_processor', run_id='manual__2025-09-26T16:08:16.727683+00:00', try_number=1, map_index=-1, hostname='macbook-air-de-adelson.local', context_carrier=None, task=<Task(BashOperator): processing_summary>, bundle_instance=LocalDagBundle(name=dags-folder), max_tries=1, start_date=datetime.datetime(2025, 9, 26, 16, 8, 42, 318404, tzinfo=datetime.timezone.utc), end_date=None, state=<TaskInstanceState.RUNNING: 'running'>, is_mapped=False, rendered_map_index=None, log_url='http://localhost:8080/dags/clair_api_processor/runs/manual__2025-09-26T16%3A08%3A16.727683%2B00%3A00/tasks/processing_summary?try_number=1')","logger":"task"}
