{"timestamp":"2025-09-26T01:03:50.607162","level":"info","event":"DAG bundles loaded: dags-folder","logger":"airflow.dag_processing.bundles.manager.DagBundlesManager"}
{"timestamp":"2025-09-26T01:03:50.607460","level":"info","event":"Filling up the DagBag from /Users/adelson/airflow/dags/prep_chats.py","logger":"airflow.models.dagbag.DagBag"}
{"timestamp":"2025-09-26T01:03:50.922760","level":"info","event":"NumExpr defaulting to 10 threads.","logger":"numexpr.utils"}
{"timestamp":"2025-09-26T01:03:51.050245Z","level":"info","event":"Creating Excel output with multiple sheets","chan":"stdout","logger":"task"}
{"timestamp":"2025-09-26T01:03:51.050301Z","level":"info","event":"Received csv_files: ['/Users/adelson/Documents/mai-thomas/VR_WC_Transcripts/VR_WC_S11english.csv', '/Users/adelson/Documents/mai-thomas/VR_WC_Transcripts/VR_WC_S26english.csv', '/Users/adelson/Documents/mai-thomas/VR_WC_Transcripts/VR_WC_S7english.csv', '/Users/adelson/Documents/mai-thomas/VR_WC_Transcripts/VR_WC_S2english.csv', '/Users/adelson/Documents/mai-thomas/VR_WC_Transcripts/VR_WC_S23english.csv', '/Users/adelson/Documents/mai-thomas/VR_WC_Transcripts/VR_WC_S14english.csv', '/Users/adelson/Documents/mai-thomas/VR_WC_Transcripts/VR_WC_S19english.csv', '/Users/adelson/Documents/mai-thomas/VR_WC_Transcripts/VR_WC_S8english.csv', '/Users/adelson/Documents/mai-thomas/VR_WC_Transcripts/VR_WC_S29english.csv', '/Users/adelson/Documents/mai-thomas/VR_WC_Transcripts/VR_WC_S24english.csv', '/Users/adelson/Documents/mai-thomas/VR_WC_Transcripts/VR_WC_S13english.csv', '/Users/adelson/Documents/mai-thomas/VR_WC_Transcripts/VR_WC_S5english.csv', '/Users/adelson/Documents/mai-thomas/VR_WC_Transcripts/VR_WC_S16english.csv', '/Users/adelson/Documents/mai-thomas/VR_WC_Transcripts/VR_WC_S21english.csv', '/Users/adelson/Documents/mai-thomas/VR_WC_Transcripts/VR_WC_S22english.csv', '/Users/adelson/Documents/mai-thomas/VR_WC_Transcripts/VR_WC_S15english.csv', '/Users/adelson/Documents/mai-thomas/VR_WC_Transcripts/VR_WC_S3english.csv', '/Users/adelson/Documents/mai-thomas/VR_WC_Transcripts/VR_WC_S18english.csv', '/Users/adelson/Documents/mai-thomas/VR_WC_Transcripts/VR_WC_S6english.csv', '/Users/adelson/Documents/mai-thomas/VR_WC_Transcripts/VR_WC_S10english.csv', '/Users/adelson/Documents/mai-thomas/VR_WC_Transcripts/VR_WC_S17english.csv', '/Users/adelson/Documents/mai-thomas/VR_WC_Transcripts/VR_WC_S20english.csv', '/Users/adelson/Documents/mai-thomas/VR_WC_Transcripts/VR_WC_S28english.csv', '/Users/adelson/Documents/mai-thomas/VR_WC_Transcripts/VR_WC_S9english.csv', '/Users/adelson/Documents/mai-thomas/VR_WC_Transcripts/VR_WC_S4english.csv', '/Users/adelson/Documents/mai-thomas/VR_WC_Transcripts/VR_WC_S12english.csv']","chan":"stdout","logger":"task"}
{"timestamp":"2025-09-26T01:03:51.050324Z","level":"info","event":"Type of csv_files: <class 'str'>","chan":"stdout","logger":"task"}
{"timestamp":"2025-09-26T01:03:51.050341Z","level":"info","event":"csv_files is a string, attempting to parse...","chan":"stdout","logger":"task"}
{"timestamp":"2025-09-26T01:03:51.050371Z","level":"info","event":"Parsed csv_files: ['/Users/adelson/Documents/mai-thomas/VR_WC_Transcripts/VR_WC_S11english.csv', '/Users/adelson/Documents/mai-thomas/VR_WC_Transcripts/VR_WC_S26english.csv', '/Users/adelson/Documents/mai-thomas/VR_WC_Transcripts/VR_WC_S7english.csv', '/Users/adelson/Documents/mai-thomas/VR_WC_Transcripts/VR_WC_S2english.csv', '/Users/adelson/Documents/mai-thomas/VR_WC_Transcripts/VR_WC_S23english.csv', '/Users/adelson/Documents/mai-thomas/VR_WC_Transcripts/VR_WC_S14english.csv', '/Users/adelson/Documents/mai-thomas/VR_WC_Transcripts/VR_WC_S19english.csv', '/Users/adelson/Documents/mai-thomas/VR_WC_Transcripts/VR_WC_S8english.csv', '/Users/adelson/Documents/mai-thomas/VR_WC_Transcripts/VR_WC_S29english.csv', '/Users/adelson/Documents/mai-thomas/VR_WC_Transcripts/VR_WC_S24english.csv', '/Users/adelson/Documents/mai-thomas/VR_WC_Transcripts/VR_WC_S13english.csv', '/Users/adelson/Documents/mai-thomas/VR_WC_Transcripts/VR_WC_S5english.csv', '/Users/adelson/Documents/mai-thomas/VR_WC_Transcripts/VR_WC_S16english.csv', '/Users/adelson/Documents/mai-thomas/VR_WC_Transcripts/VR_WC_S21english.csv', '/Users/adelson/Documents/mai-thomas/VR_WC_Transcripts/VR_WC_S22english.csv', '/Users/adelson/Documents/mai-thomas/VR_WC_Transcripts/VR_WC_S15english.csv', '/Users/adelson/Documents/mai-thomas/VR_WC_Transcripts/VR_WC_S3english.csv', '/Users/adelson/Documents/mai-thomas/VR_WC_Transcripts/VR_WC_S18english.csv', '/Users/adelson/Documents/mai-thomas/VR_WC_Transcripts/VR_WC_S6english.csv', '/Users/adelson/Documents/mai-thomas/VR_WC_Transcripts/VR_WC_S10english.csv', '/Users/adelson/Documents/mai-thomas/VR_WC_Transcripts/VR_WC_S17english.csv', '/Users/adelson/Documents/mai-thomas/VR_WC_Transcripts/VR_WC_S20english.csv', '/Users/adelson/Documents/mai-thomas/VR_WC_Transcripts/VR_WC_S28english.csv', '/Users/adelson/Documents/mai-thomas/VR_WC_Transcripts/VR_WC_S9english.csv', '/Users/adelson/Documents/mai-thomas/VR_WC_Transcripts/VR_WC_S4english.csv', '/Users/adelson/Documents/mai-thomas/VR_WC_Transcripts/VR_WC_S12english.csv']","chan":"stdout","logger":"task"}
{"timestamp":"2025-09-26T01:03:51.125707Z","level":"info","event":"Added sheet 'VR_WC_S11english' with 191 rows","chan":"stdout","logger":"task"}
{"timestamp":"2025-09-26T01:03:51.128103Z","level":"info","event":"Added sheet 'VR_WC_S26english' with 160 rows","chan":"stdout","logger":"task"}
{"timestamp":"2025-09-26T01:03:51.131583Z","level":"info","event":"Added sheet 'VR_WC_S7english' with 283 rows","chan":"stdout","logger":"task"}
{"timestamp":"2025-09-26T01:03:51.136500Z","level":"info","event":"Added sheet 'VR_WC_S2english' with 431 rows","chan":"stdout","logger":"task"}
{"timestamp":"2025-09-26T01:03:51.138184Z","level":"info","event":"Added sheet 'VR_WC_S23english' with 83 rows","chan":"stdout","logger":"task"}
{"timestamp":"2025-09-26T01:03:51.170941Z","level":"info","event":"Added sheet 'VR_WC_S14english' with 112 rows","chan":"stdout","logger":"task"}
{"timestamp":"2025-09-26T01:03:51.173303Z","level":"info","event":"Added sheet 'VR_WC_S19english' with 134 rows","chan":"stdout","logger":"task"}
{"timestamp":"2025-09-26T01:03:51.176004Z","level":"info","event":"Added sheet 'VR_WC_S8english' with 195 rows","chan":"stdout","logger":"task"}
{"timestamp":"2025-09-26T01:03:51.177807Z","level":"info","event":"Added sheet 'VR_WC_S29english' with 106 rows","chan":"stdout","logger":"task"}
{"timestamp":"2025-09-26T01:03:51.180399Z","level":"info","event":"Added sheet 'VR_WC_S24english' with 199 rows","chan":"stdout","logger":"task"}
{"timestamp":"2025-09-26T01:03:51.182968Z","level":"info","event":"Added sheet 'VR_WC_S13english' with 194 rows","chan":"stdout","logger":"task"}
{"timestamp":"2025-09-26T01:03:51.185966Z","level":"info","event":"Added sheet 'VR_WC_S5english' with 220 rows","chan":"stdout","logger":"task"}
{"timestamp":"2025-09-26T01:03:51.188722Z","level":"info","event":"Added sheet 'VR_WC_S16english' with 211 rows","chan":"stdout","logger":"task"}
{"timestamp":"2025-09-26T01:03:51.190613Z","level":"info","event":"Added sheet 'VR_WC_S21english' with 130 rows","chan":"stdout","logger":"task"}
{"timestamp":"2025-09-26T01:03:51.192296Z","level":"info","event":"Added sheet 'VR_WC_S22english' with 107 rows","chan":"stdout","logger":"task"}
{"timestamp":"2025-09-26T01:03:51.195168Z","level":"info","event":"Added sheet 'VR_WC_S15english' with 161 rows","chan":"stdout","logger":"task"}
{"timestamp":"2025-09-26T01:03:51.198421Z","level":"info","event":"Added sheet 'VR_WC_S3english' with 248 rows","chan":"stdout","logger":"task"}
{"timestamp":"2025-09-26T01:03:51.200761Z","level":"info","event":"Added sheet 'VR_WC_S18english' with 169 rows","chan":"stdout","logger":"task"}
{"timestamp":"2025-09-26T01:03:51.202547Z","level":"info","event":"Added sheet 'VR_WC_S6english' with 112 rows","chan":"stdout","logger":"task"}
{"timestamp":"2025-09-26T01:03:51.204679Z","level":"info","event":"Added sheet 'VR_WC_S10english' with 151 rows","chan":"stdout","logger":"task"}
{"timestamp":"2025-09-26T01:03:51.206796Z","level":"info","event":"Added sheet 'VR_WC_S17english' with 150 rows","chan":"stdout","logger":"task"}
{"timestamp":"2025-09-26T01:03:51.208233Z","level":"info","event":"Added sheet 'VR_WC_S20english' with 78 rows","chan":"stdout","logger":"task"}
{"timestamp":"2025-09-26T01:03:51.209639Z","level":"info","event":"Added sheet 'VR_WC_S28english' with 76 rows","chan":"stdout","logger":"task"}
{"timestamp":"2025-09-26T01:03:51.212073Z","level":"info","event":"Added sheet 'VR_WC_S9english' with 163 rows","chan":"stdout","logger":"task"}
{"timestamp":"2025-09-26T01:03:51.214445Z","level":"info","event":"Added sheet 'VR_WC_S4english' with 174 rows","chan":"stdout","logger":"task"}
{"timestamp":"2025-09-26T01:03:51.217033Z","level":"info","event":"Added sheet 'VR_WC_S12english' with 196 rows","chan":"stdout","logger":"task"}
{"timestamp":"2025-09-26T01:03:51.312654Z","level":"info","event":"Excel file created: /Users/adelson/Documents/exemplo-airflow/output/processed_chats.xlsx with 26 sheets","chan":"stdout","logger":"task"}
{"timestamp":"2025-09-26T01:03:51.312692","level":"info","event":"Done. Returned value was: /Users/adelson/Documents/exemplo-airflow/output/processed_chats.xlsx","logger":"airflow.task.operators.airflow.providers.standard.operators.python.PythonOperator"}
{"timestamp":"2025-09-26T01:03:51.312774","level":"info","event":"Pushing xcom","ti":"RuntimeTaskInstance(id=UUID('0199838c-3659-786a-a030-8ca35eee54aa'), task_id='create_excel_output', dag_id='prep_chats', run_id='manual__2025-09-26T01:03:48.287352+00:00', try_number=1, map_index=-1, hostname='macbook-air-de-adelson.local', context_carrier=None, task=<Task(PythonOperator): create_excel_output>, bundle_instance=LocalDagBundle(name=dags-folder), max_tries=0, start_date=datetime.datetime(2025, 9, 26, 1, 3, 50, 552445, tzinfo=datetime.timezone.utc), end_date=None, state=<TaskInstanceState.RUNNING: 'running'>, is_mapped=False, rendered_map_index=None, log_url='http://localhost:8080/dags/prep_chats/runs/manual__2025-09-26T01%3A03%3A48.287352%2B00%3A00/tasks/create_excel_output?try_number=1')","logger":"task"}
