{"timestamp":"2025-09-27T00:26:35.623001","level":"info","event":"DAG bundles loaded: dags-folder","logger":"airflow.dag_processing.bundles.manager.DagBundlesManager"}
{"timestamp":"2025-09-27T00:26:35.623262","level":"info","event":"Filling up the DagBag from /Users/adelson/airflow/dags/clair_api_processor.py","logger":"airflow.models.dagbag.DagBag"}
{"timestamp":"2025-09-27T00:26:35.675441Z","level":"info","event":"🚀 Starting Clair API processing...","chan":"stdout","logger":"task"}
{"timestamp":"2025-09-27T00:26:35.675501Z","level":"info","event":"📁 Input file: /Users/adelson/Documents/mai-thomas/data/combined_chats.csv","chan":"stdout","logger":"task"}
{"timestamp":"2025-09-27T00:26:35.675524Z","level":"info","event":"🔧 Mode: ssrl","chan":"stdout","logger":"task"}
{"timestamp":"2025-09-27T00:26:35.675542Z","level":"info","event":"🌍 Language: EN","chan":"stdout","logger":"task"}
{"timestamp":"2025-09-27T00:26:35.675560Z","level":"info","event":"📊 Groups: 1","chan":"stdout","logger":"task"}
{"timestamp":"2025-09-27T00:26:35.675576Z","level":"info","event":"🌐 API URL: https://next-lab-test.bms.utwente.nl/chatBot/","chan":"stdout","logger":"task"}
{"timestamp":"2025-09-27T00:26:35.675593Z","level":"info","event":"","chan":"stdout","logger":"task"}
{"timestamp":"2025-09-27T00:28:05.681409Z","level":"info","event":"","chan":"stdout","logger":"task"}
{"timestamp":"2025-09-27T00:28:05.681694Z","level":"info","event":"0%|          | 0/75 [00:00<?, ?it/s]","chan":"stdout","logger":"task"}
{"timestamp":"2025-09-27T00:28:05.681736Z","level":"info","event":"1%|▏         | 1/75 [00:01<01:31,  1.24s/it]","chan":"stdout","logger":"task"}
{"timestamp":"2025-09-27T00:28:05.681761Z","level":"info","event":"3%|▎         | 2/75 [00:02<01:26,  1.18s/it]","chan":"stdout","logger":"task"}
{"timestamp":"2025-09-27T00:28:05.681786Z","level":"info","event":"4%|▍         | 3/75 [00:03<01:23,  1.16s/it]","chan":"stdout","logger":"task"}
{"timestamp":"2025-09-27T00:28:05.681803Z","level":"info","event":"5%|▌         | 4/75 [00:04<01:22,  1.16s/it]","chan":"stdout","logger":"task"}
{"timestamp":"2025-09-27T00:28:05.681819Z","level":"info","event":"7%|▋         | 5/75 [00:05<01:20,  1.15s/it]","chan":"stdout","logger":"task"}
{"timestamp":"2025-09-27T00:28:05.681835Z","level":"info","event":"8%|▊         | 6/75 [00:06<01:19,  1.15s/it]","chan":"stdout","logger":"task"}
{"timestamp":"2025-09-27T00:28:05.681852Z","level":"info","event":"9%|▉         | 7/75 [00:08<01:20,  1.18s/it]","chan":"stdout","logger":"task"}
{"timestamp":"2025-09-27T00:28:05.681868Z","level":"info","event":"11%|█         | 8/75 [00:09<01:19,  1.19s/it]","chan":"stdout","logger":"task"}
{"timestamp":"2025-09-27T00:28:05.681884Z","level":"info","event":"12%|█▏        | 9/75 [00:10<01:18,  1.19s/it]","chan":"stdout","logger":"task"}
{"timestamp":"2025-09-27T00:28:05.681899Z","level":"info","event":"13%|█▎        | 10/75 [00:11<01:16,  1.18s/it]","chan":"stdout","logger":"task"}
{"timestamp":"2025-09-27T00:28:05.681915Z","level":"info","event":"15%|█▍        | 11/75 [00:12<01:14,  1.17s/it]","chan":"stdout","logger":"task"}
{"timestamp":"2025-09-27T00:28:05.681931Z","level":"info","event":"16%|█▌        | 12/75 [00:14<01:14,  1.19s/it]","chan":"stdout","logger":"task"}
{"timestamp":"2025-09-27T00:28:05.681946Z","level":"info","event":"17%|█▋        | 13/75 [00:15<01:13,  1.18s/it]","chan":"stdout","logger":"task"}
{"timestamp":"2025-09-27T00:28:05.681967Z","level":"info","event":"19%|█▊        | 14/75 [00:16<01:12,  1.19s/it]","chan":"stdout","logger":"task"}
{"timestamp":"2025-09-27T00:28:05.681982Z","level":"info","event":"20%|██        | 15/75 [00:17<01:10,  1.17s/it]","chan":"stdout","logger":"task"}
{"timestamp":"2025-09-27T00:28:05.681998Z","level":"info","event":"21%|██▏       | 16/75 [00:18<01:08,  1.16s/it]","chan":"stdout","logger":"task"}
{"timestamp":"2025-09-27T00:28:05.682018Z","level":"info","event":"23%|██▎       | 17/75 [00:19<01:07,  1.16s/it]","chan":"stdout","logger":"task"}
{"timestamp":"2025-09-27T00:28:05.682034Z","level":"info","event":"24%|██▍       | 18/75 [00:21<01:05,  1.15s/it]","chan":"stdout","logger":"task"}
{"timestamp":"2025-09-27T00:28:05.682054Z","level":"info","event":"25%|██▌       | 19/75 [00:22<01:04,  1.15s/it]","chan":"stdout","logger":"task"}
{"timestamp":"2025-09-27T00:28:05.682069Z","level":"info","event":"27%|██▋       | 20/75 [00:23<01:03,  1.15s/it]","chan":"stdout","logger":"task"}
{"timestamp":"2025-09-27T00:28:05.682084Z","level":"info","event":"28%|██▊       | 21/75 [00:24<01:02,  1.16s/it]","chan":"stdout","logger":"task"}
{"timestamp":"2025-09-27T00:28:05.682099Z","level":"info","event":"29%|██▉       | 22/75 [00:25<01:01,  1.15s/it]","chan":"stdout","logger":"task"}
{"timestamp":"2025-09-27T00:28:05.682114Z","level":"info","event":"31%|███       | 23/75 [00:26<00:59,  1.15s/it]","chan":"stdout","logger":"task"}
{"timestamp":"2025-09-27T00:28:05.682128Z","level":"info","event":"32%|███▏      | 24/75 [00:27<00:58,  1.15s/it]","chan":"stdout","logger":"task"}
{"timestamp":"2025-09-27T00:28:05.682143Z","level":"info","event":"33%|███▎      | 25/75 [00:29<00:57,  1.16s/it]","chan":"stdout","logger":"task"}
{"timestamp":"2025-09-27T00:28:05.682158Z","level":"info","event":"35%|███▍      | 26/75 [00:30<00:56,  1.15s/it]","chan":"stdout","logger":"task"}
{"timestamp":"2025-09-27T00:28:05.682172Z","level":"info","event":"36%|███▌      | 27/75 [00:31<00:54,  1.14s/it]","chan":"stdout","logger":"task"}
{"timestamp":"2025-09-27T00:28:05.682187Z","level":"info","event":"37%|███▋      | 28/75 [00:32<00:53,  1.15s/it]","chan":"stdout","logger":"task"}
{"timestamp":"2025-09-27T00:28:05.682208Z","level":"info","event":"39%|███▊      | 29/75 [00:33<00:52,  1.14s/it]","chan":"stdout","logger":"task"}
{"timestamp":"2025-09-27T00:28:05.682224Z","level":"info","event":"40%|████      | 30/75 [00:34<00:51,  1.15s/it]","chan":"stdout","logger":"task"}
{"timestamp":"2025-09-27T00:28:05.682240Z","level":"info","event":"41%|████▏     | 31/75 [00:36<00:50,  1.16s/it]","chan":"stdout","logger":"task"}
{"timestamp":"2025-09-27T00:28:05.682254Z","level":"info","event":"43%|████▎     | 32/75 [00:37<00:50,  1.17s/it]","chan":"stdout","logger":"task"}
{"timestamp":"2025-09-27T00:28:05.682269Z","level":"info","event":"44%|████▍     | 33/75 [00:38<00:49,  1.17s/it]","chan":"stdout","logger":"task"}
{"timestamp":"2025-09-27T00:28:05.682284Z","level":"info","event":"45%|████▌     | 34/75 [00:39<00:47,  1.16s/it]","chan":"stdout","logger":"task"}
{"timestamp":"2025-09-27T00:28:05.682299Z","level":"info","event":"47%|████▋     | 35/75 [00:40<00:46,  1.16s/it]","chan":"stdout","logger":"task"}
{"timestamp":"2025-09-27T00:28:05.682313Z","level":"info","event":"48%|████▊     | 36/75 [00:41<00:45,  1.16s/it]","chan":"stdout","logger":"task"}
{"timestamp":"2025-09-27T00:28:05.682328Z","level":"info","event":"49%|████▉     | 37/75 [00:43<00:43,  1.16s/it]","chan":"stdout","logger":"task"}
{"timestamp":"2025-09-27T00:28:05.682344Z","level":"info","event":"51%|█████     | 38/75 [00:44<00:42,  1.15s/it]","chan":"stdout","logger":"task"}
{"timestamp":"2025-09-27T00:28:05.682359Z","level":"info","event":"52%|█████▏    | 39/75 [00:45<00:41,  1.15s/it]","chan":"stdout","logger":"task"}
{"timestamp":"2025-09-27T00:28:05.682374Z","level":"info","event":"53%|█████▎    | 40/75 [00:46<00:40,  1.16s/it]","chan":"stdout","logger":"task"}
{"timestamp":"2025-09-27T00:28:05.682389Z","level":"info","event":"55%|█████▍    | 41/75 [00:47<00:39,  1.16s/it]","chan":"stdout","logger":"task"}
{"timestamp":"2025-09-27T00:28:05.682404Z","level":"info","event":"56%|█████▌    | 42/75 [00:48<00:38,  1.16s/it]","chan":"stdout","logger":"task"}
{"timestamp":"2025-09-27T00:28:05.682419Z","level":"info","event":"57%|█████▋    | 43/75 [00:50<00:38,  1.19s/it]","chan":"stdout","logger":"task"}
{"timestamp":"2025-09-27T00:28:05.682434Z","level":"info","event":"59%|█████▊    | 44/75 [00:51<00:37,  1.20s/it]","chan":"stdout","logger":"task"}
{"timestamp":"2025-09-27T00:28:05.682460Z","level":"info","event":"60%|██████    | 45/75 [00:52<00:35,  1.19s/it]","chan":"stdout","logger":"task"}
{"timestamp":"2025-09-27T00:28:05.682476Z","level":"info","event":"61%|██████▏   | 46/75 [00:53<00:34,  1.18s/it]","chan":"stdout","logger":"task"}
{"timestamp":"2025-09-27T00:28:05.682491Z","level":"info","event":"63%|██████▎   | 47/75 [00:54<00:32,  1.17s/it]","chan":"stdout","logger":"task"}
{"timestamp":"2025-09-27T00:28:05.682506Z","level":"info","event":"64%|██████▍   | 48/75 [00:55<00:31,  1.16s/it]","chan":"stdout","logger":"task"}
{"timestamp":"2025-09-27T00:28:05.682521Z","level":"info","event":"65%|██████▌   | 49/75 [00:57<00:29,  1.15s/it]","chan":"stdout","logger":"task"}
{"timestamp":"2025-09-27T00:28:05.682536Z","level":"info","event":"67%|██████▋   | 50/75 [00:58<00:28,  1.15s/it]","chan":"stdout","logger":"task"}
{"timestamp":"2025-09-27T00:28:05.682551Z","level":"info","event":"68%|██████▊   | 51/75 [00:59<00:27,  1.15s/it]","chan":"stdout","logger":"task"}
{"timestamp":"2025-09-27T00:28:05.682566Z","level":"info","event":"69%|██████▉   | 52/75 [01:00<00:26,  1.16s/it]","chan":"stdout","logger":"task"}
{"timestamp":"2025-09-27T00:28:05.682580Z","level":"info","event":"71%|███████   | 53/75 [01:01<00:25,  1.17s/it]","chan":"stdout","logger":"task"}
{"timestamp":"2025-09-27T00:28:05.682594Z","level":"info","event":"72%|███████▏  | 54/75 [01:02<00:25,  1.20s/it]","chan":"stdout","logger":"task"}
{"timestamp":"2025-09-27T00:28:05.682608Z","level":"info","event":"73%|███████▎  | 55/75 [01:04<00:23,  1.19s/it]","chan":"stdout","logger":"task"}
{"timestamp":"2025-09-27T00:28:05.682623Z","level":"info","event":"75%|███████▍  | 56/75 [01:05<00:22,  1.18s/it]","chan":"stdout","logger":"task"}
{"timestamp":"2025-09-27T00:28:05.682646Z","level":"info","event":"76%|███████▌  | 57/75 [01:06<00:20,  1.17s/it]","chan":"stdout","logger":"task"}
{"timestamp":"2025-09-27T00:28:05.682662Z","level":"info","event":"77%|███████▋  | 58/75 [01:07<00:19,  1.15s/it]","chan":"stdout","logger":"task"}
{"timestamp":"2025-09-27T00:28:05.682676Z","level":"info","event":"79%|███████▊  | 59/75 [01:08<00:18,  1.15s/it]","chan":"stdout","logger":"task"}
{"timestamp":"2025-09-27T00:28:05.682691Z","level":"info","event":"80%|████████  | 60/75 [01:09<00:17,  1.15s/it]","chan":"stdout","logger":"task"}
{"timestamp":"2025-09-27T00:28:05.682707Z","level":"info","event":"81%|████████▏ | 61/75 [01:11<00:16,  1.17s/it]","chan":"stdout","logger":"task"}
{"timestamp":"2025-09-27T00:28:05.682722Z","level":"info","event":"83%|████████▎ | 62/75 [01:12<00:15,  1.17s/it]","chan":"stdout","logger":"task"}
{"timestamp":"2025-09-27T00:28:05.682736Z","level":"info","event":"84%|████████▍ | 63/75 [01:13<00:14,  1.17s/it]","chan":"stdout","logger":"task"}
{"timestamp":"2025-09-27T00:28:05.682751Z","level":"info","event":"85%|████████▌ | 64/75 [01:14<00:12,  1.18s/it]","chan":"stdout","logger":"task"}
{"timestamp":"2025-09-27T00:28:05.682766Z","level":"info","event":"87%|████████▋ | 65/75 [01:15<00:11,  1.16s/it]","chan":"stdout","logger":"task"}
{"timestamp":"2025-09-27T00:28:05.682780Z","level":"info","event":"88%|████████▊ | 66/75 [01:16<00:10,  1.15s/it]","chan":"stdout","logger":"task"}
{"timestamp":"2025-09-27T00:28:05.682799Z","level":"info","event":"89%|████████▉ | 67/75 [01:18<00:09,  1.15s/it]","chan":"stdout","logger":"task"}
{"timestamp":"2025-09-27T00:28:05.682815Z","level":"info","event":"91%|█████████ | 68/75 [01:19<00:08,  1.16s/it]","chan":"stdout","logger":"task"}
{"timestamp":"2025-09-27T00:28:05.682830Z","level":"info","event":"92%|█████████▏| 69/75 [01:20<00:06,  1.15s/it]","chan":"stdout","logger":"task"}
{"timestamp":"2025-09-27T00:28:05.682848Z","level":"info","event":"93%|█████████▎| 70/75 [01:21<00:05,  1.15s/it]","chan":"stdout","logger":"task"}
{"timestamp":"2025-09-27T00:28:05.682881Z","level":"info","event":"95%|█████████▍| 71/75 [01:22<00:04,  1.14s/it]","chan":"stdout","logger":"task"}
{"timestamp":"2025-09-27T00:28:05.682898Z","level":"info","event":"96%|█████████▌| 72/75 [01:23<00:03,  1.15s/it]","chan":"stdout","logger":"task"}
{"timestamp":"2025-09-27T00:28:05.682913Z","level":"info","event":"97%|█████████▋| 73/75 [01:24<00:02,  1.16s/it]","chan":"stdout","logger":"task"}
{"timestamp":"2025-09-27T00:28:05.682928Z","level":"info","event":"99%|█████████▊| 74/75 [01:26<00:01,  1.17s/it]","chan":"stdout","logger":"task"}
{"timestamp":"2025-09-27T00:28:05.682943Z","level":"info","event":"100%|██████████| 75/75 [01:27<00:00,  1.16s/it]","chan":"stdout","logger":"task"}
{"timestamp":"2025-09-27T00:28:05.682957Z","level":"info","event":"100%|██████████| 75/75 [01:27<00:00,  1.16s/it]","chan":"stdout","logger":"task"}
{"timestamp":"2025-09-27T00:28:05.682971Z","level":"info","event":"","chan":"stdout","logger":"task"}
{"timestamp":"2025-09-27T00:28:05.682986Z","level":"info","event":"https://next-lab-test.bms.utwente.nl/chatBot","chan":"stdout","logger":"task"}
{"timestamp":"2025-09-27T00:28:05.683001Z","level":"info","event":"{'is_active': True,","chan":"stdout","logger":"task"}
{"timestamp":"2025-09-27T00:28:05.683015Z","level":"info","event":"'keywords': ['default', ' artificial intelligence'],","chan":"stdout","logger":"task"}
{"timestamp":"2025-09-27T00:28:05.683030Z","level":"info","event":"'language': 'EN',","chan":"stdout","logger":"task"}
{"timestamp":"2025-09-27T00:28:05.683044Z","level":"info","event":"'learning_space': 'test/clair_api_ssrl',","chan":"stdout","logger":"task"}
{"timestamp":"2025-09-27T00:28:05.683059Z","level":"info","event":"'mode': 'ssrl'}","chan":"stdout","logger":"task"}
{"timestamp":"2025-09-27T00:28:05.683073Z","level":"info","event":"<Response [200]> null 200 OK","chan":"stdout","logger":"task"}
{"timestamp":"2025-09-27T00:28:05.683088Z","level":"info","event":"Starting...","chan":"stdout","logger":"task"}
{"timestamp":"2025-09-27T00:28:05.683102Z","level":"info","event":"","chan":"stdout","logger":"task"}
{"timestamp":"2025-09-27T00:28:05.722097Z","level":"info","event":"","chan":"stdout","logger":"task"}
{"timestamp":"2025-09-27T00:28:05.722168Z","level":"info","event":"✅ Clair API processing completed successfully!","chan":"stdout","logger":"task"}
{"timestamp":"2025-09-27T00:28:05.722524","level":"info","event":"Done. Returned value was: None","logger":"airflow.task.operators.airflow.providers.standard.operators.python.PythonOperator"}
