{"timestamp":"2025-09-26T13:16:03.331534","level":"info","event":"DAG bundles loaded: dags-folder","logger":"airflow.dag_processing.bundles.manager.DagBundlesManager"}
{"timestamp":"2025-09-26T13:16:03.331792","level":"info","event":"Filling up the DagBag from /Users/adelson/airflow/dags/prep_chats.py","logger":"airflow.models.dagbag.DagBag"}
{"timestamp":"2025-09-26T13:16:03.660129","level":"info","event":"NumExpr defaulting to 10 threads.","logger":"numexpr.utils"}
{"timestamp":"2025-09-26T13:16:03.796756Z","level":"info","event":"Creating Excel output with multiple sheets","chan":"stdout","logger":"task"}
{"timestamp":"2025-09-26T13:16:03.796843Z","level":"info","event":"Received csv_files: ['/Users/adelson/Documents/mai-thomas/VR_WC_Transcripts/VR_WC_S11english.csv', '/Users/adelson/Documents/mai-thomas/VR_WC_Transcripts/VR_WC_S26english.csv', '/Users/adelson/Documents/mai-thomas/VR_WC_Transcripts/VR_WC_S7english.csv', '/Users/adelson/Documents/mai-thomas/VR_WC_Transcripts/VR_WC_S2english.csv', '/Users/adelson/Documents/mai-thomas/VR_WC_Transcripts/VR_WC_S23english.csv', '/Users/adelson/Documents/mai-thomas/VR_WC_Transcripts/VR_WC_S14english.csv', '/Users/adelson/Documents/mai-thomas/VR_WC_Transcripts/VR_WC_S19english.csv', '/Users/adelson/Documents/mai-thomas/VR_WC_Transcripts/VR_WC_S8english.csv', '/Users/adelson/Documents/mai-thomas/VR_WC_Transcripts/VR_WC_S29english.csv', '/Users/adelson/Documents/mai-thomas/VR_WC_Transcripts/VR_WC_S24english.csv', '/Users/adelson/Documents/mai-thomas/VR_WC_Transcripts/VR_WC_S13english.csv', '/Users/adelson/Documents/mai-thomas/VR_WC_Transcripts/VR_WC_S5english.csv', '/Users/adelson/Documents/mai-thomas/VR_WC_Transcripts/VR_WC_S16english.csv', '/Users/adelson/Documents/mai-thomas/VR_WC_Transcripts/VR_WC_S21english.csv', '/Users/adelson/Documents/mai-thomas/VR_WC_Transcripts/VR_WC_S22english.csv', '/Users/adelson/Documents/mai-thomas/VR_WC_Transcripts/VR_WC_S15english.csv', '/Users/adelson/Documents/mai-thomas/VR_WC_Transcripts/VR_WC_S3english.csv', '/Users/adelson/Documents/mai-thomas/VR_WC_Transcripts/VR_WC_S18english.csv', '/Users/adelson/Documents/mai-thomas/VR_WC_Transcripts/VR_WC_S6english.csv', '/Users/adelson/Documents/mai-thomas/VR_WC_Transcripts/VR_WC_S10english.csv', '/Users/adelson/Documents/mai-thomas/VR_WC_Transcripts/VR_WC_S17english.csv', '/Users/adelson/Documents/mai-thomas/VR_WC_Transcripts/VR_WC_S20english.csv', '/Users/adelson/Documents/mai-thomas/VR_WC_Transcripts/VR_WC_S28english.csv', '/Users/adelson/Documents/mai-thomas/VR_WC_Transcripts/VR_WC_S9english.csv', '/Users/adelson/Documents/mai-thomas/VR_WC_Transcripts/VR_WC_S4english.csv', '/Users/adelson/Documents/mai-thomas/VR_WC_Transcripts/VR_WC_S12english.csv']","chan":"stdout","logger":"task"}
{"timestamp":"2025-09-26T13:16:03.796870Z","level":"info","event":"Type of csv_files: <class 'str'>","chan":"stdout","logger":"task"}
{"timestamp":"2025-09-26T13:16:03.796889Z","level":"info","event":"csv_files is a string, attempting to parse...","chan":"stdout","logger":"task"}
{"timestamp":"2025-09-26T13:16:03.796917Z","level":"info","event":"Parsed csv_files: ['/Users/adelson/Documents/mai-thomas/VR_WC_Transcripts/VR_WC_S11english.csv', '/Users/adelson/Documents/mai-thomas/VR_WC_Transcripts/VR_WC_S26english.csv', '/Users/adelson/Documents/mai-thomas/VR_WC_Transcripts/VR_WC_S7english.csv', '/Users/adelson/Documents/mai-thomas/VR_WC_Transcripts/VR_WC_S2english.csv', '/Users/adelson/Documents/mai-thomas/VR_WC_Transcripts/VR_WC_S23english.csv', '/Users/adelson/Documents/mai-thomas/VR_WC_Transcripts/VR_WC_S14english.csv', '/Users/adelson/Documents/mai-thomas/VR_WC_Transcripts/VR_WC_S19english.csv', '/Users/adelson/Documents/mai-thomas/VR_WC_Transcripts/VR_WC_S8english.csv', '/Users/adelson/Documents/mai-thomas/VR_WC_Transcripts/VR_WC_S29english.csv', '/Users/adelson/Documents/mai-thomas/VR_WC_Transcripts/VR_WC_S24english.csv', '/Users/adelson/Documents/mai-thomas/VR_WC_Transcripts/VR_WC_S13english.csv', '/Users/adelson/Documents/mai-thomas/VR_WC_Transcripts/VR_WC_S5english.csv', '/Users/adelson/Documents/mai-thomas/VR_WC_Transcripts/VR_WC_S16english.csv', '/Users/adelson/Documents/mai-thomas/VR_WC_Transcripts/VR_WC_S21english.csv', '/Users/adelson/Documents/mai-thomas/VR_WC_Transcripts/VR_WC_S22english.csv', '/Users/adelson/Documents/mai-thomas/VR_WC_Transcripts/VR_WC_S15english.csv', '/Users/adelson/Documents/mai-thomas/VR_WC_Transcripts/VR_WC_S3english.csv', '/Users/adelson/Documents/mai-thomas/VR_WC_Transcripts/VR_WC_S18english.csv', '/Users/adelson/Documents/mai-thomas/VR_WC_Transcripts/VR_WC_S6english.csv', '/Users/adelson/Documents/mai-thomas/VR_WC_Transcripts/VR_WC_S10english.csv', '/Users/adelson/Documents/mai-thomas/VR_WC_Transcripts/VR_WC_S17english.csv', '/Users/adelson/Documents/mai-thomas/VR_WC_Transcripts/VR_WC_S20english.csv', '/Users/adelson/Documents/mai-thomas/VR_WC_Transcripts/VR_WC_S28english.csv', '/Users/adelson/Documents/mai-thomas/VR_WC_Transcripts/VR_WC_S9english.csv', '/Users/adelson/Documents/mai-thomas/VR_WC_Transcripts/VR_WC_S4english.csv', '/Users/adelson/Documents/mai-thomas/VR_WC_Transcripts/VR_WC_S12english.csv']","chan":"stdout","logger":"task"}
{"timestamp":"2025-09-26T13:16:03.926960Z","level":"info","event":"Added sheet 'VR_WC_S11english' with 191 rows","chan":"stdout","logger":"task"}
{"timestamp":"2025-09-26T13:16:03.941748Z","level":"info","event":"Added sheet 'VR_WC_S26english' with 160 rows","chan":"stdout","logger":"task"}
{"timestamp":"2025-09-26T13:16:03.965372Z","level":"info","event":"Added sheet 'VR_WC_S7english' with 283 rows","chan":"stdout","logger":"task"}
{"timestamp":"2025-09-26T13:16:04.044803Z","level":"info","event":"Added sheet 'VR_WC_S2english' with 431 rows","chan":"stdout","logger":"task"}
{"timestamp":"2025-09-26T13:16:04.054157Z","level":"info","event":"Added sheet 'VR_WC_S23english' with 83 rows","chan":"stdout","logger":"task"}
{"timestamp":"2025-09-26T13:16:04.065113Z","level":"info","event":"Added sheet 'VR_WC_S14english' with 112 rows","chan":"stdout","logger":"task"}
{"timestamp":"2025-09-26T13:16:04.076762Z","level":"info","event":"Added sheet 'VR_WC_S19english' with 134 rows","chan":"stdout","logger":"task"}
{"timestamp":"2025-09-26T13:16:04.095128Z","level":"info","event":"Added sheet 'VR_WC_S8english' with 195 rows","chan":"stdout","logger":"task"}
{"timestamp":"2025-09-26T13:16:04.107008Z","level":"info","event":"Added sheet 'VR_WC_S29english' with 106 rows","chan":"stdout","logger":"task"}
{"timestamp":"2025-09-26T13:16:04.125368Z","level":"info","event":"Added sheet 'VR_WC_S24english' with 199 rows","chan":"stdout","logger":"task"}
{"timestamp":"2025-09-26T13:16:04.141985Z","level":"info","event":"Added sheet 'VR_WC_S13english' with 194 rows","chan":"stdout","logger":"task"}
{"timestamp":"2025-09-26T13:16:04.159943Z","level":"info","event":"Added sheet 'VR_WC_S5english' with 220 rows","chan":"stdout","logger":"task"}
{"timestamp":"2025-09-26T13:16:04.176502Z","level":"info","event":"Added sheet 'VR_WC_S16english' with 211 rows","chan":"stdout","logger":"task"}
{"timestamp":"2025-09-26T13:16:04.187491Z","level":"info","event":"Added sheet 'VR_WC_S21english' with 130 rows","chan":"stdout","logger":"task"}
{"timestamp":"2025-09-26T13:16:04.197254Z","level":"info","event":"Added sheet 'VR_WC_S22english' with 107 rows","chan":"stdout","logger":"task"}
{"timestamp":"2025-09-26T13:16:04.210278Z","level":"info","event":"Added sheet 'VR_WC_S15english' with 161 rows","chan":"stdout","logger":"task"}
{"timestamp":"2025-09-26T13:16:04.229510Z","level":"info","event":"Added sheet 'VR_WC_S3english' with 248 rows","chan":"stdout","logger":"task"}
{"timestamp":"2025-09-26T13:16:04.243103Z","level":"info","event":"Added sheet 'VR_WC_S18english' with 169 rows","chan":"stdout","logger":"task"}
{"timestamp":"2025-09-26T13:16:04.252750Z","level":"info","event":"Added sheet 'VR_WC_S6english' with 112 rows","chan":"stdout","logger":"task"}
{"timestamp":"2025-09-26T13:16:04.264714Z","level":"info","event":"Added sheet 'VR_WC_S10english' with 151 rows","chan":"stdout","logger":"task"}
{"timestamp":"2025-09-26T13:16:04.276686Z","level":"info","event":"Added sheet 'VR_WC_S17english' with 150 rows","chan":"stdout","logger":"task"}
{"timestamp":"2025-09-26T13:16:04.283577Z","level":"info","event":"Added sheet 'VR_WC_S20english' with 78 rows","chan":"stdout","logger":"task"}
{"timestamp":"2025-09-26T13:16:04.290192Z","level":"info","event":"Added sheet 'VR_WC_S28english' with 76 rows","chan":"stdout","logger":"task"}
{"timestamp":"2025-09-26T13:16:04.303166Z","level":"info","event":"Added sheet 'VR_WC_S9english' with 163 rows","chan":"stdout","logger":"task"}
{"timestamp":"2025-09-26T13:16:04.316968Z","level":"info","event":"Added sheet 'VR_WC_S4english' with 174 rows","chan":"stdout","logger":"task"}
{"timestamp":"2025-09-26T13:16:04.332177Z","level":"info","event":"Added sheet 'VR_WC_S12english' with 196 rows","chan":"stdout","logger":"task"}
{"timestamp":"2025-09-26T13:16:04.458788Z","level":"info","event":"Excel file created: /Users/adelson/Documents/mai-thomas/data/processed_chats.xlsx with 26 sheets","chan":"stdout","logger":"task"}
{"timestamp":"2025-09-26T13:16:04.458825","level":"info","event":"Done. Returned value was: /Users/adelson/Documents/mai-thomas/data/processed_chats.xlsx","logger":"airflow.task.operators.airflow.providers.standard.operators.python.PythonOperator"}
{"timestamp":"2025-09-26T13:16:04.458901","level":"info","event":"Pushing xcom","ti":"RuntimeTaskInstance(id=UUID('0199862a-8ee1-7704-ae7e-444a859127da'), task_id='create_excel_output', dag_id='prep_chats', run_id='manual__2025-09-26T13:16:00.079382+00:00', try_number=1, map_index=-1, hostname='macbook-air-de-adelson.local', context_carrier=None, task=<Task(PythonOperator): create_excel_output>, bundle_instance=LocalDagBundle(name=dags-folder), max_tries=0, start_date=datetime.datetime(2025, 9, 26, 13, 16, 3, 250010, tzinfo=datetime.timezone.utc), end_date=None, state=<TaskInstanceState.RUNNING: 'running'>, is_mapped=False, rendered_map_index=None, log_url='http://localhost:8080/dags/prep_chats/runs/manual__2025-09-26T13%3A16%3A00.079382%2B00%3A00/tasks/create_excel_output?try_number=1')","logger":"task"}
