{"timestamp":"2025-09-26T13:57:14.397079","level":"info","event":"DAG bundles loaded: dags-folder","logger":"airflow.dag_processing.bundles.manager.DagBundlesManager"}
{"timestamp":"2025-09-26T13:57:14.397317","level":"info","event":"Filling up the DagBag from /Users/adelson/airflow/dags/prep_chats.py","logger":"airflow.models.dagbag.DagBag"}
{"timestamp":"2025-09-26T13:57:14.587890","level":"info","event":"NumExpr defaulting to 10 threads.","logger":"numexpr.utils"}
{"timestamp":"2025-09-26T13:57:14.745084Z","level":"info","event":"Processing 2020 CSV files","chan":"stdout","logger":"task"}
{"timestamp":"2025-09-26T13:57:14.745136Z","level":"info","event":"csv_files is a string, attempting to parse...","chan":"stdout","logger":"task"}
{"timestamp":"2025-09-26T13:57:14.771002Z","level":"info","event":"Removed consecutive duplicate text rows from VR_WC_S11english","chan":"stdout","logger":"task"}
{"timestamp":"2025-09-26T13:57:14.773527Z","level":"info","event":"Processed VR_WC_S11english: 166 rows, 5 columns","chan":"stdout","logger":"task"}
{"timestamp":"2025-09-26T13:57:14.785167Z","level":"info","event":"Removed consecutive duplicate text rows from VR_WC_S26english","chan":"stdout","logger":"task"}
{"timestamp":"2025-09-26T13:57:14.785924Z","level":"info","event":"Processed VR_WC_S26english: 159 rows, 5 columns","chan":"stdout","logger":"task"}
{"timestamp":"2025-09-26T13:57:14.804458Z","level":"info","event":"Removed consecutive duplicate text rows from VR_WC_S7english","chan":"stdout","logger":"task"}
{"timestamp":"2025-09-26T13:57:14.805334Z","level":"info","event":"Processed VR_WC_S7english: 276 rows, 5 columns","chan":"stdout","logger":"task"}
{"timestamp":"2025-09-26T13:57:14.833486Z","level":"info","event":"Removed consecutive duplicate text rows from VR_WC_S2english","chan":"stdout","logger":"task"}
{"timestamp":"2025-09-26T13:57:14.834612Z","level":"info","event":"Processed VR_WC_S2english: 403 rows, 5 columns","chan":"stdout","logger":"task"}
{"timestamp":"2025-09-26T13:57:14.841268Z","level":"info","event":"Removed consecutive duplicate text rows from VR_WC_S23english","chan":"stdout","logger":"task"}
{"timestamp":"2025-09-26T13:57:14.841852Z","level":"info","event":"Processed VR_WC_S23english: 76 rows, 5 columns","chan":"stdout","logger":"task"}
{"timestamp":"2025-09-26T13:57:14.850365Z","level":"info","event":"Removed consecutive duplicate text rows from VR_WC_S14english","chan":"stdout","logger":"task"}
{"timestamp":"2025-09-26T13:57:14.850908Z","level":"info","event":"Processed VR_WC_S14english: 90 rows, 5 columns","chan":"stdout","logger":"task"}
{"timestamp":"2025-09-26T13:57:14.860528Z","level":"info","event":"Removed consecutive duplicate text rows from VR_WC_S19english","chan":"stdout","logger":"task"}
{"timestamp":"2025-09-26T13:57:14.861122Z","level":"info","event":"Processed VR_WC_S19english: 117 rows, 5 columns","chan":"stdout","logger":"task"}
{"timestamp":"2025-09-26T13:57:14.874457Z","level":"info","event":"Removed consecutive duplicate text rows from VR_WC_S8english","chan":"stdout","logger":"task"}
{"timestamp":"2025-09-26T13:57:14.875320Z","level":"info","event":"Processed VR_WC_S8english: 192 rows, 5 columns","chan":"stdout","logger":"task"}
{"timestamp":"2025-09-26T13:57:14.884348Z","level":"info","event":"Removed consecutive duplicate text rows from VR_WC_S29english","chan":"stdout","logger":"task"}
{"timestamp":"2025-09-26T13:57:14.885130Z","level":"info","event":"Processed VR_WC_S29english: 102 rows, 5 columns","chan":"stdout","logger":"task"}
{"timestamp":"2025-09-26T13:57:14.900799Z","level":"info","event":"Removed consecutive duplicate text rows from VR_WC_S24english","chan":"stdout","logger":"task"}
{"timestamp":"2025-09-26T13:57:14.901655Z","level":"info","event":"Processed VR_WC_S24english: 190 rows, 5 columns","chan":"stdout","logger":"task"}
{"timestamp":"2025-09-26T13:57:14.914745Z","level":"info","event":"Removed consecutive duplicate text rows from VR_WC_S13english","chan":"stdout","logger":"task"}
{"timestamp":"2025-09-26T13:57:14.915657Z","level":"info","event":"Processed VR_WC_S13english: 184 rows, 5 columns","chan":"stdout","logger":"task"}
{"timestamp":"2025-09-26T13:57:14.930393Z","level":"info","event":"Removed consecutive duplicate text rows from VR_WC_S5english","chan":"stdout","logger":"task"}
{"timestamp":"2025-09-26T13:57:14.931231Z","level":"info","event":"Processed VR_WC_S5english: 199 rows, 5 columns","chan":"stdout","logger":"task"}
{"timestamp":"2025-09-26T13:57:14.946927Z","level":"info","event":"Removed consecutive duplicate text rows from VR_WC_S16english","chan":"stdout","logger":"task"}
{"timestamp":"2025-09-26T13:57:14.947741Z","level":"info","event":"Processed VR_WC_S16english: 210 rows, 5 columns","chan":"stdout","logger":"task"}
{"timestamp":"2025-09-26T13:57:14.957171Z","level":"info","event":"Removed consecutive duplicate text rows from VR_WC_S21english","chan":"stdout","logger":"task"}
{"timestamp":"2025-09-26T13:57:14.957802Z","level":"info","event":"Processed VR_WC_S21english: 91 rows, 5 columns","chan":"stdout","logger":"task"}
{"timestamp":"2025-09-26T13:57:14.965893Z","level":"info","event":"Removed consecutive duplicate text rows from VR_WC_S22english","chan":"stdout","logger":"task"}
{"timestamp":"2025-09-26T13:57:14.966504Z","level":"info","event":"Processed VR_WC_S22english: 105 rows, 5 columns","chan":"stdout","logger":"task"}
{"timestamp":"2025-09-26T13:57:14.977681Z","level":"info","event":"Removed consecutive duplicate text rows from VR_WC_S15english","chan":"stdout","logger":"task"}
{"timestamp":"2025-09-26T13:57:14.978448Z","level":"info","event":"Processed VR_WC_S15english: 155 rows, 5 columns","chan":"stdout","logger":"task"}
{"timestamp":"2025-09-26T13:57:14.995226Z","level":"info","event":"Removed consecutive duplicate text rows from VR_WC_S3english","chan":"stdout","logger":"task"}
{"timestamp":"2025-09-26T13:57:14.996124Z","level":"info","event":"Processed VR_WC_S3english: 218 rows, 5 columns","chan":"stdout","logger":"task"}
{"timestamp":"2025-09-26T13:57:15.008382Z","level":"info","event":"Removed consecutive duplicate text rows from VR_WC_S18english","chan":"stdout","logger":"task"}
{"timestamp":"2025-09-26T13:57:15.009126Z","level":"info","event":"Processed VR_WC_S18english: 156 rows, 5 columns","chan":"stdout","logger":"task"}
{"timestamp":"2025-09-26T13:57:15.017875Z","level":"info","event":"Removed consecutive duplicate text rows from VR_WC_S6english","chan":"stdout","logger":"task"}
{"timestamp":"2025-09-26T13:57:15.018407Z","level":"info","event":"Processed VR_WC_S6english: 42 rows, 5 columns","chan":"stdout","logger":"task"}
{"timestamp":"2025-09-26T13:57:15.029449Z","level":"info","event":"Removed consecutive duplicate text rows from VR_WC_S10english","chan":"stdout","logger":"task"}
{"timestamp":"2025-09-26T13:57:15.030274Z","level":"info","event":"Processed VR_WC_S10english: 146 rows, 5 columns","chan":"stdout","logger":"task"}
{"timestamp":"2025-09-26T13:57:15.041162Z","level":"info","event":"Removed consecutive duplicate text rows from VR_WC_S17english","chan":"stdout","logger":"task"}
{"timestamp":"2025-09-26T13:57:15.041919Z","level":"info","event":"Processed VR_WC_S17english: 144 rows, 5 columns","chan":"stdout","logger":"task"}
{"timestamp":"2025-09-26T13:57:15.049289Z","level":"info","event":"Removed consecutive duplicate text rows from VR_WC_S20english","chan":"stdout","logger":"task"}
{"timestamp":"2025-09-26T13:57:15.049846Z","level":"info","event":"Processed VR_WC_S20english: 78 rows, 5 columns","chan":"stdout","logger":"task"}
{"timestamp":"2025-09-26T13:57:15.056374Z","level":"info","event":"Removed consecutive duplicate text rows from VR_WC_S28english","chan":"stdout","logger":"task"}
{"timestamp":"2025-09-26T13:57:15.056946Z","level":"info","event":"Processed VR_WC_S28english: 75 rows, 5 columns","chan":"stdout","logger":"task"}
{"timestamp":"2025-09-26T13:57:15.070238Z","level":"info","event":"Removed consecutive duplicate text rows from VR_WC_S9english","chan":"stdout","logger":"task"}
{"timestamp":"2025-09-26T13:57:15.071035Z","level":"info","event":"Processed VR_WC_S9english: 153 rows, 5 columns","chan":"stdout","logger":"task"}
{"timestamp":"2025-09-26T13:57:15.083238Z","level":"info","event":"Removed consecutive duplicate text rows from VR_WC_S4english","chan":"stdout","logger":"task"}
{"timestamp":"2025-09-26T13:57:15.084016Z","level":"info","event":"Processed VR_WC_S4english: 172 rows, 5 columns","chan":"stdout","logger":"task"}
{"timestamp":"2025-09-26T13:57:15.096856Z","level":"info","event":"Removed consecutive duplicate text rows from VR_WC_S12english","chan":"stdout","logger":"task"}
{"timestamp":"2025-09-26T13:57:15.097639Z","level":"info","event":"Processed VR_WC_S12english: 167 rows, 5 columns","chan":"stdout","logger":"task"}
{"timestamp":"2025-09-26T13:57:15.097697","level":"info","event":"Done. Returned value was: ['/Users/adelson/Documents/mai-thomas/VR_WC_Transcripts/VR_WC_S11english_processed.csv', '/Users/adelson/Documents/mai-thomas/VR_WC_Transcripts/VR_WC_S26english_processed.csv', '/Users/adelson/Documents/mai-thomas/VR_WC_Transcripts/VR_WC_S7english_processed.csv', '/Users/adelson/Documents/mai-thomas/VR_WC_Transcripts/VR_WC_S2english_processed.csv', '/Users/adelson/Documents/mai-thomas/VR_WC_Transcripts/VR_WC_S23english_processed.csv', '/Users/adelson/Documents/mai-thomas/VR_WC_Transcripts/VR_WC_S14english_processed.csv', '/Users/adelson/Documents/mai-thomas/VR_WC_Transcripts/VR_WC_S19english_processed.csv', '/Users/adelson/Documents/mai-thomas/VR_WC_Transcripts/VR_WC_S8english_processed.csv', '/Users/adelson/Documents/mai-thomas/VR_WC_Transcripts/VR_WC_S29english_processed.csv', '/Users/adelson/Documents/mai-thomas/VR_WC_Transcripts/VR_WC_S24english_processed.csv', '/Users/adelson/Documents/mai-thomas/VR_WC_Transcripts/VR_WC_S13english_processed.csv', '/Users/adelson/Documents/mai-thomas/VR_WC_Transcripts/VR_WC_S5english_processed.csv', '/Users/adelson/Documents/mai-thomas/VR_WC_Transcripts/VR_WC_S16english_processed.csv', '/Users/adelson/Documents/mai-thomas/VR_WC_Transcripts/VR_WC_S21english_processed.csv', '/Users/adelson/Documents/mai-thomas/VR_WC_Transcripts/VR_WC_S22english_processed.csv', '/Users/adelson/Documents/mai-thomas/VR_WC_Transcripts/VR_WC_S15english_processed.csv', '/Users/adelson/Documents/mai-thomas/VR_WC_Transcripts/VR_WC_S3english_processed.csv', '/Users/adelson/Documents/mai-thomas/VR_WC_Transcripts/VR_WC_S18english_processed.csv', '/Users/adelson/Documents/mai-thomas/VR_WC_Transcripts/VR_WC_S6english_processed.csv', '/Users/adelson/Documents/mai-thomas/VR_WC_Transcripts/VR_WC_S10english_processed.csv', '/Users/adelson/Documents/mai-thomas/VR_WC_Transcripts/VR_WC_S17english_processed.csv', '/Users/adelson/Documents/mai-thomas/VR_WC_Transcripts/VR_WC_S20english_processed.csv', '/Users/adelson/Documents/mai-thomas/VR_WC_Transcripts/VR_WC_S28english_processed.csv', '/Users/adelson/Documents/mai-thomas/VR_WC_Transcripts/VR_WC_S9english_processed.csv', '/Users/adelson/Documents/mai-thomas/VR_WC_Transcripts/VR_WC_S4english_processed.csv', '/Users/adelson/Documents/mai-thomas/VR_WC_Transcripts/VR_WC_S12english_processed.csv']","logger":"airflow.task.operators.airflow.providers.standard.operators.python.PythonOperator"}
{"timestamp":"2025-09-26T13:57:15.097787","level":"info","event":"Pushing xcom","ti":"RuntimeTaskInstance(id=UUID('01998650-46ae-7f25-98fc-a02c42176991'), task_id='process_csv_files', dag_id='prep_chats', run_id='manual__2025-09-26T13:57:11.955095+00:00', try_number=1, map_index=-1, hostname='macbook-air-de-adelson.local', context_carrier=None, task=<Task(PythonOperator): process_csv_files>, bundle_instance=LocalDagBundle(name=dags-folder), max_tries=0, start_date=datetime.datetime(2025, 9, 26, 13, 57, 14, 357856, tzinfo=datetime.timezone.utc), end_date=None, state=<TaskInstanceState.RUNNING: 'running'>, is_mapped=False, rendered_map_index=None, log_url='http://localhost:8080/dags/prep_chats/runs/manual__2025-09-26T13%3A57%3A11.955095%2B00%3A00/tasks/process_csv_files?try_number=1')","logger":"task"}
