{"timestamp":"2025-09-26T14:01:28.218786","level":"info","event":"DAG bundles loaded: dags-folder","logger":"airflow.dag_processing.bundles.manager.DagBundlesManager"}
{"timestamp":"2025-09-26T14:01:28.219062","level":"info","event":"Filling up the DagBag from /Users/adelson/airflow/dags/prep_chats.py","logger":"airflow.models.dagbag.DagBag"}
{"timestamp":"2025-09-26T14:01:28.424480","level":"info","event":"NumExpr defaulting to 10 threads.","logger":"numexpr.utils"}
{"timestamp":"2025-09-26T14:01:28.568908Z","level":"info","event":"Processing 4300 CSV files","chan":"stdout","logger":"task"}
{"timestamp":"2025-09-26T14:01:28.568954Z","level":"info","event":"csv_files is a string, attempting to parse...","chan":"stdout","logger":"task"}
{"timestamp":"2025-09-26T14:01:28.587908Z","level":"info","event":"Removed consecutive duplicate text rows from VR_WC_S11english","chan":"stdout","logger":"task"}
{"timestamp":"2025-09-26T14:01:28.590240Z","level":"info","event":"Processed VR_WC_S11english: 166 rows, 5 columns","chan":"stdout","logger":"task"}
{"timestamp":"2025-09-26T14:01:28.601574Z","level":"info","event":"Removed consecutive duplicate text rows from VR_WC_S26english","chan":"stdout","logger":"task"}
{"timestamp":"2025-09-26T14:01:28.602331Z","level":"info","event":"Processed VR_WC_S26english: 159 rows, 5 columns","chan":"stdout","logger":"task"}
{"timestamp":"2025-09-26T14:01:28.620207Z","level":"info","event":"Removed consecutive duplicate text rows from VR_WC_S7english","chan":"stdout","logger":"task"}
{"timestamp":"2025-09-26T14:01:28.621054Z","level":"info","event":"Processed VR_WC_S7english: 276 rows, 5 columns","chan":"stdout","logger":"task"}
{"timestamp":"2025-09-26T14:01:28.647111Z","level":"info","event":"Removed consecutive duplicate text rows from VR_WC_S2english","chan":"stdout","logger":"task"}
{"timestamp":"2025-09-26T14:01:28.647970Z","level":"info","event":"Processed VR_WC_S2english: 403 rows, 5 columns","chan":"stdout","logger":"task"}
{"timestamp":"2025-09-26T14:01:28.653344Z","level":"info","event":"Removed consecutive duplicate text rows from VR_WC_S20english_processed","chan":"stdout","logger":"task"}
{"timestamp":"2025-09-26T14:01:28.653838Z","level":"info","event":"Processed VR_WC_S20english_processed: 78 rows, 5 columns","chan":"stdout","logger":"task"}
{"timestamp":"2025-09-26T14:01:28.660714Z","level":"info","event":"Removed consecutive duplicate text rows from VR_WC_S23english","chan":"stdout","logger":"task"}
{"timestamp":"2025-09-26T14:01:28.661253Z","level":"info","event":"Processed VR_WC_S23english: 76 rows, 5 columns","chan":"stdout","logger":"task"}
{"timestamp":"2025-09-26T14:01:28.669801Z","level":"info","event":"Removed consecutive duplicate text rows from VR_WC_S14english","chan":"stdout","logger":"task"}
{"timestamp":"2025-09-26T14:01:28.670329Z","level":"info","event":"Processed VR_WC_S14english: 90 rows, 5 columns","chan":"stdout","logger":"task"}
{"timestamp":"2025-09-26T14:01:28.680158Z","level":"info","event":"Removed consecutive duplicate text rows from VR_WC_S18english_processed","chan":"stdout","logger":"task"}
{"timestamp":"2025-09-26T14:01:28.680766Z","level":"info","event":"Processed VR_WC_S18english_processed: 156 rows, 5 columns","chan":"stdout","logger":"task"}
{"timestamp":"2025-09-26T14:01:28.691216Z","level":"info","event":"Removed consecutive duplicate text rows from VR_WC_S4english_processed","chan":"stdout","logger":"task"}
{"timestamp":"2025-09-26T14:01:28.691669Z","level":"info","event":"Processed VR_WC_S4english_processed: 172 rows, 5 columns","chan":"stdout","logger":"task"}
{"timestamp":"2025-09-26T14:01:28.700283Z","level":"info","event":"Removed consecutive duplicate text rows from VR_WC_S17english_processed","chan":"stdout","logger":"task"}
{"timestamp":"2025-09-26T14:01:28.700866Z","level":"info","event":"Processed VR_WC_S17english_processed: 144 rows, 5 columns","chan":"stdout","logger":"task"}
{"timestamp":"2025-09-26T14:01:28.710696Z","level":"info","event":"Removed consecutive duplicate text rows from VR_WC_S12english_processed","chan":"stdout","logger":"task"}
{"timestamp":"2025-09-26T14:01:28.711294Z","level":"info","event":"Processed VR_WC_S12english_processed: 167 rows, 5 columns","chan":"stdout","logger":"task"}
{"timestamp":"2025-09-26T14:01:28.720749Z","level":"info","event":"Removed consecutive duplicate text rows from VR_WC_S19english","chan":"stdout","logger":"task"}
{"timestamp":"2025-09-26T14:01:28.721400Z","level":"info","event":"Processed VR_WC_S19english: 117 rows, 5 columns","chan":"stdout","logger":"task"}
{"timestamp":"2025-09-26T14:01:28.734155Z","level":"info","event":"Removed consecutive duplicate text rows from VR_WC_S8english","chan":"stdout","logger":"task"}
{"timestamp":"2025-09-26T14:01:28.734846Z","level":"info","event":"Processed VR_WC_S8english: 192 rows, 5 columns","chan":"stdout","logger":"task"}
{"timestamp":"2025-09-26T14:01:28.745569Z","level":"info","event":"Removed consecutive duplicate text rows from VR_WC_S29english","chan":"stdout","logger":"task"}
{"timestamp":"2025-09-26T14:01:28.746279Z","level":"info","event":"Processed VR_WC_S29english: 102 rows, 5 columns","chan":"stdout","logger":"task"}
{"timestamp":"2025-09-26T14:01:28.760408Z","level":"info","event":"Removed consecutive duplicate text rows from VR_WC_S24english","chan":"stdout","logger":"task"}
{"timestamp":"2025-09-26T14:01:28.761942Z","level":"info","event":"Processed VR_WC_S24english: 190 rows, 5 columns","chan":"stdout","logger":"task"}
{"timestamp":"2025-09-26T14:01:28.781568Z","level":"info","event":"Removed consecutive duplicate text rows from VR_WC_S13english","chan":"stdout","logger":"task"}
{"timestamp":"2025-09-26T14:01:28.782901Z","level":"info","event":"Processed VR_WC_S13english: 184 rows, 5 columns","chan":"stdout","logger":"task"}
{"timestamp":"2025-09-26T14:01:28.802722Z","level":"info","event":"Removed consecutive duplicate text rows from VR_WC_S5english","chan":"stdout","logger":"task"}
{"timestamp":"2025-09-26T14:01:28.803698Z","level":"info","event":"Processed VR_WC_S5english: 199 rows, 5 columns","chan":"stdout","logger":"task"}
{"timestamp":"2025-09-26T14:01:28.816658Z","level":"info","event":"Removed consecutive duplicate text rows from VR_WC_S16english_processed","chan":"stdout","logger":"task"}
{"timestamp":"2025-09-26T14:01:28.817391Z","level":"info","event":"Processed VR_WC_S16english_processed: 210 rows, 5 columns","chan":"stdout","logger":"task"}
{"timestamp":"2025-09-26T14:01:28.832298Z","level":"info","event":"Removed consecutive duplicate text rows from VR_WC_S16english","chan":"stdout","logger":"task"}
{"timestamp":"2025-09-26T14:01:28.833313Z","level":"info","event":"Processed VR_WC_S16english: 210 rows, 5 columns","chan":"stdout","logger":"task"}
{"timestamp":"2025-09-26T14:01:28.842953Z","level":"info","event":"Removed consecutive duplicate text rows from VR_WC_S21english","chan":"stdout","logger":"task"}
{"timestamp":"2025-09-26T14:01:28.843671Z","level":"info","event":"Processed VR_WC_S21english: 91 rows, 5 columns","chan":"stdout","logger":"task"}
{"timestamp":"2025-09-26T14:01:28.856159Z","level":"info","event":"Removed consecutive duplicate text rows from VR_WC_S5english_processed","chan":"stdout","logger":"task"}
{"timestamp":"2025-09-26T14:01:28.856970Z","level":"info","event":"Processed VR_WC_S5english_processed: 199 rows, 5 columns","chan":"stdout","logger":"task"}
{"timestamp":"2025-09-26T14:01:28.868275Z","level":"info","event":"Removed consecutive duplicate text rows from VR_WC_S13english_processed","chan":"stdout","logger":"task"}
{"timestamp":"2025-09-26T14:01:28.868919Z","level":"info","event":"Processed VR_WC_S13english_processed: 184 rows, 5 columns","chan":"stdout","logger":"task"}
{"timestamp":"2025-09-26T14:01:28.880273Z","level":"info","event":"Removed consecutive duplicate text rows from VR_WC_S24english_processed","chan":"stdout","logger":"task"}
{"timestamp":"2025-09-26T14:01:28.880940Z","level":"info","event":"Processed VR_WC_S24english_processed: 190 rows, 5 columns","chan":"stdout","logger":"task"}
{"timestamp":"2025-09-26T14:01:28.888336Z","level":"info","event":"Removed consecutive duplicate text rows from VR_WC_S19english_processed","chan":"stdout","logger":"task"}
{"timestamp":"2025-09-26T14:01:28.888878Z","level":"info","event":"Processed VR_WC_S19english_processed: 117 rows, 5 columns","chan":"stdout","logger":"task"}
{"timestamp":"2025-09-26T14:01:28.894813Z","level":"info","event":"Removed consecutive duplicate text rows from VR_WC_S21english_processed","chan":"stdout","logger":"task"}
{"timestamp":"2025-09-26T14:01:28.895337Z","level":"info","event":"Processed VR_WC_S21english_processed: 91 rows, 5 columns","chan":"stdout","logger":"task"}
{"timestamp":"2025-09-26T14:01:28.905565Z","level":"info","event":"Removed consecutive duplicate text rows from VR_WC_S9english_processed","chan":"stdout","logger":"task"}
{"timestamp":"2025-09-26T14:01:28.906386Z","level":"info","event":"Processed VR_WC_S9english_processed: 153 rows, 5 columns","chan":"stdout","logger":"task"}
{"timestamp":"2025-09-26T14:01:28.913137Z","level":"info","event":"Removed consecutive duplicate text rows from VR_WC_S22english_processed","chan":"stdout","logger":"task"}
{"timestamp":"2025-09-26T14:01:28.913642Z","level":"info","event":"Processed VR_WC_S22english_processed: 105 rows, 5 columns","chan":"stdout","logger":"task"}
{"timestamp":"2025-09-26T14:01:28.922203Z","level":"info","event":"Removed consecutive duplicate text rows from VR_WC_S22english","chan":"stdout","logger":"task"}
{"timestamp":"2025-09-26T14:01:28.922832Z","level":"info","event":"Processed VR_WC_S22english: 105 rows, 5 columns","chan":"stdout","logger":"task"}
{"timestamp":"2025-09-26T14:01:28.934829Z","level":"info","event":"Removed consecutive duplicate text rows from VR_WC_S15english","chan":"stdout","logger":"task"}
{"timestamp":"2025-09-26T14:01:28.935411Z","level":"info","event":"Processed VR_WC_S15english: 155 rows, 5 columns","chan":"stdout","logger":"task"}
{"timestamp":"2025-09-26T14:01:28.950744Z","level":"info","event":"Removed consecutive duplicate text rows from VR_WC_S3english","chan":"stdout","logger":"task"}
{"timestamp":"2025-09-26T14:01:28.951428Z","level":"info","event":"Processed VR_WC_S3english: 218 rows, 5 columns","chan":"stdout","logger":"task"}
{"timestamp":"2025-09-26T14:01:28.956300Z","level":"info","event":"Removed consecutive duplicate text rows from VR_WC_S28english_processed","chan":"stdout","logger":"task"}
{"timestamp":"2025-09-26T14:01:28.956770Z","level":"info","event":"Processed VR_WC_S28english_processed: 75 rows, 5 columns","chan":"stdout","logger":"task"}
{"timestamp":"2025-09-26T14:01:28.969149Z","level":"info","event":"Removed consecutive duplicate text rows from VR_WC_S3english_processed","chan":"stdout","logger":"task"}
{"timestamp":"2025-09-26T14:01:28.969769Z","level":"info","event":"Processed VR_WC_S3english_processed: 218 rows, 5 columns","chan":"stdout","logger":"task"}
{"timestamp":"2025-09-26T14:01:28.978515Z","level":"info","event":"Removed consecutive duplicate text rows from VR_WC_S10english_processed","chan":"stdout","logger":"task"}
{"timestamp":"2025-09-26T14:01:28.979109Z","level":"info","event":"Processed VR_WC_S10english_processed: 146 rows, 5 columns","chan":"stdout","logger":"task"}
{"timestamp":"2025-09-26T14:01:28.990734Z","level":"info","event":"Removed consecutive duplicate text rows from VR_WC_S15english_processed","chan":"stdout","logger":"task"}
{"timestamp":"2025-09-26T14:01:28.992605Z","level":"info","event":"Processed VR_WC_S15english_processed: 155 rows, 5 columns","chan":"stdout","logger":"task"}
{"timestamp":"2025-09-26T14:01:28.995815Z","level":"info","event":"Removed consecutive duplicate text rows from VR_WC_S6english_processed","chan":"stdout","logger":"task"}
{"timestamp":"2025-09-26T14:01:29.005805Z","level":"info","event":"Processed VR_WC_S6english_processed: 42 rows, 5 columns","chan":"stdout","logger":"task"}
{"timestamp":"2025-09-26T14:01:29.018617Z","level":"info","event":"Removed consecutive duplicate text rows from VR_WC_S18english","chan":"stdout","logger":"task"}
{"timestamp":"2025-09-26T14:01:29.019601Z","level":"info","event":"Processed VR_WC_S18english: 156 rows, 5 columns","chan":"stdout","logger":"task"}
{"timestamp":"2025-09-26T14:01:29.028026Z","level":"info","event":"Removed consecutive duplicate text rows from VR_WC_S6english","chan":"stdout","logger":"task"}
{"timestamp":"2025-09-26T14:01:29.028537Z","level":"info","event":"Processed VR_WC_S6english: 42 rows, 5 columns","chan":"stdout","logger":"task"}
{"timestamp":"2025-09-26T14:01:29.039177Z","level":"info","event":"Removed consecutive duplicate text rows from VR_WC_S10english","chan":"stdout","logger":"task"}
{"timestamp":"2025-09-26T14:01:29.039726Z","level":"info","event":"Processed VR_WC_S10english: 146 rows, 5 columns","chan":"stdout","logger":"task"}
{"timestamp":"2025-09-26T14:01:29.050056Z","level":"info","event":"Removed consecutive duplicate text rows from VR_WC_S17english","chan":"stdout","logger":"task"}
{"timestamp":"2025-09-26T14:01:29.050614Z","level":"info","event":"Processed VR_WC_S17english: 144 rows, 5 columns","chan":"stdout","logger":"task"}
{"timestamp":"2025-09-26T14:01:29.060790Z","level":"info","event":"Removed consecutive duplicate text rows from VR_WC_S11english_processed","chan":"stdout","logger":"task"}
{"timestamp":"2025-09-26T14:01:29.061393Z","level":"info","event":"Processed VR_WC_S11english_processed: 166 rows, 5 columns","chan":"stdout","logger":"task"}
{"timestamp":"2025-09-26T14:01:29.068087Z","level":"info","event":"Removed consecutive duplicate text rows from VR_WC_S20english","chan":"stdout","logger":"task"}
{"timestamp":"2025-09-26T14:01:29.068604Z","level":"info","event":"Processed VR_WC_S20english: 78 rows, 5 columns","chan":"stdout","logger":"task"}
{"timestamp":"2025-09-26T14:01:29.091757Z","level":"info","event":"Removed consecutive duplicate text rows from VR_WC_S2english_processed","chan":"stdout","logger":"task"}
{"timestamp":"2025-09-26T14:01:29.092580Z","level":"info","event":"Processed VR_WC_S2english_processed: 403 rows, 5 columns","chan":"stdout","logger":"task"}
{"timestamp":"2025-09-26T14:01:29.098799Z","level":"info","event":"Removed consecutive duplicate text rows from VR_WC_S29english_processed","chan":"stdout","logger":"task"}
{"timestamp":"2025-09-26T14:01:29.099286Z","level":"info","event":"Processed VR_WC_S29english_processed: 102 rows, 5 columns","chan":"stdout","logger":"task"}
{"timestamp":"2025-09-26T14:01:29.115308Z","level":"info","event":"Removed consecutive duplicate text rows from VR_WC_S7english_processed","chan":"stdout","logger":"task"}
{"timestamp":"2025-09-26T14:01:29.115928Z","level":"info","event":"Processed VR_WC_S7english_processed: 276 rows, 5 columns","chan":"stdout","logger":"task"}
{"timestamp":"2025-09-26T14:01:29.121488Z","level":"info","event":"Removed consecutive duplicate text rows from VR_WC_S14english_processed","chan":"stdout","logger":"task"}
{"timestamp":"2025-09-26T14:01:29.121895Z","level":"info","event":"Processed VR_WC_S14english_processed: 90 rows, 5 columns","chan":"stdout","logger":"task"}
{"timestamp":"2025-09-26T14:01:29.126691Z","level":"info","event":"Removed consecutive duplicate text rows from VR_WC_S23english_processed","chan":"stdout","logger":"task"}
{"timestamp":"2025-09-26T14:01:29.127125Z","level":"info","event":"Processed VR_WC_S23english_processed: 76 rows, 5 columns","chan":"stdout","logger":"task"}
{"timestamp":"2025-09-26T14:01:29.138294Z","level":"info","event":"Removed consecutive duplicate text rows from VR_WC_S8english_processed","chan":"stdout","logger":"task"}
{"timestamp":"2025-09-26T14:01:29.138840Z","level":"info","event":"Processed VR_WC_S8english_processed: 192 rows, 5 columns","chan":"stdout","logger":"task"}
{"timestamp":"2025-09-26T14:01:29.148069Z","level":"info","event":"Removed consecutive duplicate text rows from VR_WC_S26english_processed","chan":"stdout","logger":"task"}
{"timestamp":"2025-09-26T14:01:29.148635Z","level":"info","event":"Processed VR_WC_S26english_processed: 159 rows, 5 columns","chan":"stdout","logger":"task"}
{"timestamp":"2025-09-26T14:01:29.155165Z","level":"info","event":"Removed consecutive duplicate text rows from VR_WC_S28english","chan":"stdout","logger":"task"}
{"timestamp":"2025-09-26T14:01:29.155703Z","level":"info","event":"Processed VR_WC_S28english: 75 rows, 5 columns","chan":"stdout","logger":"task"}
{"timestamp":"2025-09-26T14:01:29.166885Z","level":"info","event":"Removed consecutive duplicate text rows from VR_WC_S9english","chan":"stdout","logger":"task"}
{"timestamp":"2025-09-26T14:01:29.167437Z","level":"info","event":"Processed VR_WC_S9english: 153 rows, 5 columns","chan":"stdout","logger":"task"}
{"timestamp":"2025-09-26T14:01:29.179134Z","level":"info","event":"Removed consecutive duplicate text rows from VR_WC_S4english","chan":"stdout","logger":"task"}
{"timestamp":"2025-09-26T14:01:29.179709Z","level":"info","event":"Processed VR_WC_S4english: 172 rows, 5 columns","chan":"stdout","logger":"task"}
{"timestamp":"2025-09-26T14:01:29.193056Z","level":"info","event":"Removed consecutive duplicate text rows from VR_WC_S12english","chan":"stdout","logger":"task"}
{"timestamp":"2025-09-26T14:01:29.193740Z","level":"info","event":"Processed VR_WC_S12english: 167 rows, 5 columns","chan":"stdout","logger":"task"}
{"timestamp":"2025-09-26T14:01:29.193806","level":"info","event":"Done. Returned value was: ['/Users/adelson/Documents/mai-thomas/VR_WC_Transcripts/VR_WC_S11english_processed.csv', '/Users/adelson/Documents/mai-thomas/VR_WC_Transcripts/VR_WC_S26english_processed.csv', '/Users/adelson/Documents/mai-thomas/VR_WC_Transcripts/VR_WC_S7english_processed.csv', '/Users/adelson/Documents/mai-thomas/VR_WC_Transcripts/VR_WC_S2english_processed.csv', '/Users/adelson/Documents/mai-thomas/VR_WC_Transcripts/VR_WC_S20english_processed_processed.csv', '/Users/adelson/Documents/mai-thomas/VR_WC_Transcripts/VR_WC_S23english_processed.csv', '/Users/adelson/Documents/mai-thomas/VR_WC_Transcripts/VR_WC_S14english_processed.csv', '/Users/adelson/Documents/mai-thomas/VR_WC_Transcripts/VR_WC_S18english_processed_processed.csv', '/Users/adelson/Documents/mai-thomas/VR_WC_Transcripts/VR_WC_S4english_processed_processed.csv', '/Users/adelson/Documents/mai-thomas/VR_WC_Transcripts/VR_WC_S17english_processed_processed.csv', '/Users/adelson/Documents/mai-thomas/VR_WC_Transcripts/VR_WC_S12english_processed_processed.csv', '/Users/adelson/Documents/mai-thomas/VR_WC_Transcripts/VR_WC_S19english_processed.csv', '/Users/adelson/Documents/mai-thomas/VR_WC_Transcripts/VR_WC_S8english_processed.csv', '/Users/adelson/Documents/mai-thomas/VR_WC_Transcripts/VR_WC_S29english_processed.csv', '/Users/adelson/Documents/mai-thomas/VR_WC_Transcripts/VR_WC_S24english_processed.csv', '/Users/adelson/Documents/mai-thomas/VR_WC_Transcripts/VR_WC_S13english_processed.csv', '/Users/adelson/Documents/mai-thomas/VR_WC_Transcripts/VR_WC_S5english_processed.csv', '/Users/adelson/Documents/mai-thomas/VR_WC_Transcripts/VR_WC_S16english_processed_processed.csv', '/Users/adelson/Documents/mai-thomas/VR_WC_Transcripts/VR_WC_S16english_processed.csv', '/Users/adelson/Documents/mai-thomas/VR_WC_Transcripts/VR_WC_S21english_processed.csv', '/Users/adelson/Documents/mai-thomas/VR_WC_Transcripts/VR_WC_S5english_processed_processed.csv', '/Users/adelson/Documents/mai-thomas/VR_WC_Transcripts/VR_WC_S13english_processed_processed.csv', '/Users/adelson/Documents/mai-thomas/VR_WC_Transcripts/VR_WC_S24english_processed_processed.csv', '/Users/adelson/Documents/mai-thomas/VR_WC_Transcripts/VR_WC_S19english_processed_processed.csv', '/Users/adelson/Documents/mai-thomas/VR_WC_Transcripts/VR_WC_S21english_processed_processed.csv', '/Users/adelson/Documents/mai-thomas/VR_WC_Transcripts/VR_WC_S9english_processed_processed.csv', '/Users/adelson/Documents/mai-thomas/VR_WC_Transcripts/VR_WC_S22english_processed_processed.csv', '/Users/adelson/Documents/mai-thomas/VR_WC_Transcripts/VR_WC_S22english_processed.csv', '/Users/adelson/Documents/mai-thomas/VR_WC_Transcripts/VR_WC_S15english_processed.csv', '/Users/adelson/Documents/mai-thomas/VR_WC_Transcripts/VR_WC_S3english_processed.csv', '/Users/adelson/Documents/mai-thomas/VR_WC_Transcripts/VR_WC_S28english_processed_processed.csv', '/Users/adelson/Documents/mai-thomas/VR_WC_Transcripts/VR_WC_S3english_processed_processed.csv', '/Users/adelson/Documents/mai-thomas/VR_WC_Transcripts/VR_WC_S10english_processed_processed.csv', '/Users/adelson/Documents/mai-thomas/VR_WC_Transcripts/VR_WC_S15english_processed_processed.csv', '/Users/adelson/Documents/mai-thomas/VR_WC_Transcripts/VR_WC_S6english_processed_processed.csv', '/Users/adelson/Documents/mai-thomas/VR_WC_Transcripts/VR_WC_S18english_processed.csv', '/Users/adelson/Documents/mai-thomas/VR_WC_Transcripts/VR_WC_S6english_processed.csv', '/Users/adelson/Documents/mai-thomas/VR_WC_Transcripts/VR_WC_S10english_processed.csv', '/Users/adelson/Documents/mai-thomas/VR_WC_Transcripts/VR_WC_S17english_processed.csv', '/Users/adelson/Documents/mai-thomas/VR_WC_Transcripts/VR_WC_S11english_processed_processed.csv', '/Users/adelson/Documents/mai-thomas/VR_WC_Transcripts/VR_WC_S20english_processed.csv', '/Users/adelson/Documents/mai-thomas/VR_WC_Transcripts/VR_WC_S2english_processed_processed.csv', '/Users/adelson/Documents/mai-thomas/VR_WC_Transcripts/VR_WC_S29english_processed_processed.csv', '/Users/adelson/Documents/mai-thomas/VR_WC_Transcripts/VR_WC_S7english_processed_processed.csv', '/Users/adelson/Documents/mai-thomas/VR_WC_Transcripts/VR_WC_S14english_processed_processed.csv', '/Users/adelson/Documents/mai-thomas/VR_WC_Transcripts/VR_WC_S23english_processed_processed.csv', '/Users/adelson/Documents/mai-thomas/VR_WC_Transcripts/VR_WC_S8english_processed_processed.csv', '/Users/adelson/Documents/mai-thomas/VR_WC_Transcripts/VR_WC_S26english_processed_processed.csv', '/Users/adelson/Documents/mai-thomas/VR_WC_Transcripts/VR_WC_S28english_processed.csv', '/Users/adelson/Documents/mai-thomas/VR_WC_Transcripts/VR_WC_S9english_processed.csv', '/Users/adelson/Documents/mai-thomas/VR_WC_Transcripts/VR_WC_S4english_processed.csv', '/Users/adelson/Documents/mai-thomas/VR_WC_Transcripts/VR_WC_S12english_processed.csv']","logger":"airflow.task.operators.airflow.providers.standard.operators.python.PythonOperator"}
{"timestamp":"2025-09-26T14:01:29.193904","level":"info","event":"Pushing xcom","ti":"RuntimeTaskInstance(id=UUID('01998654-2734-70fd-8a7f-8b72666fed97'), task_id='process_csv_files', dag_id='prep_chats', run_id='manual__2025-09-26T14:01:26.042986+00:00', try_number=1, map_index=-1, hostname='macbook-air-de-adelson.local', context_carrier=None, task=<Task(PythonOperator): process_csv_files>, bundle_instance=LocalDagBundle(name=dags-folder), max_tries=0, start_date=datetime.datetime(2025, 9, 26, 14, 1, 28, 187724, tzinfo=datetime.timezone.utc), end_date=None, state=<TaskInstanceState.RUNNING: 'running'>, is_mapped=False, rendered_map_index=None, log_url='http://localhost:8080/dags/prep_chats/runs/manual__2025-09-26T14%3A01%3A26.042986%2B00%3A00/tasks/process_csv_files?try_number=1')","logger":"task"}
