{"timestamp":"2025-09-26T16:08:17.469231","level":"info","event":"DAG bundles loaded: dags-folder","logger":"airflow.dag_processing.bundles.manager.DagBundlesManager"}
{"timestamp":"2025-09-26T16:08:17.469512","level":"info","event":"Filling up the DagBag from /Users/adelson/airflow/dags/clair_api_processor.py","logger":"airflow.models.dagbag.DagBag"}
{"timestamp":"2025-09-26T16:08:17.531557","level":"info","event":"Tmp dir root location: /var/folders/82/f0krq6zj2bb8g6tczhngyxh00000gn/T","logger":"airflow.task.hooks.airflow.providers.standard.hooks.subprocess.SubprocessHook"}
{"timestamp":"2025-09-26T16:08:17.531859","level":"info","event":"Running command: ['/bin/bash', '-c', '\\n        # Set environment variables\\n        export CLAIR_URL=\"https://next-lab-test.bms.utwente.nl/chatBot/\"\\n        export CLAIR_TOKEN=\"ZMhoyTJQxNE\"\\n        \\n        # Add conda to PATH\\n        export PATH=\"/Users/adelson/miniconda3/bin:$PATH\"\\n        \\n        # Change to the directory containing clair_api_tester.py\\n        cd \"/Users/adelson/Library/CloudStorage/GoogleDrive-adelson.dias@gmail.com/Meu Drive/Clair/clair-v044\"\\n        \\n        # Activate the clair-py310 environment and run the script\\n        echo \"Starting Clair API processing...\"\\n        echo \"Input file: /Users/adelson/Documents/mai-thomas/data/combined_chats.csv\"\\n        echo \"Mode: ssrl\"\\n        echo \"Keywords: default, artificial intelligence\"\\n        echo \"Language: EN\"\\n        echo \"Groups: -5\"\\n        echo \"\"\\n        \\n        # Run the script with unbuffered output and stderr redirected to stdout to capture progress bars\\n        conda run -n clair-py310 python -u tests/archived/clair_api_tester.py             --data_file_path=\"/Users/adelson/Documents/mai-thomas/data/combined_chats.csv\"             --dataset_lang=\"EN\"             --topics_file=\"default, artificial intelligence\"             --mode=\"ssrl\"             --n_groups=\"-5\" 2>&1\\n        \\n        echo \"\"\\n        echo \"Clair API processing completed!\"\\n        ']","logger":"airflow.task.hooks.airflow.providers.standard.hooks.subprocess.SubprocessHook"}
{"timestamp":"2025-09-26T16:08:17.536737","level":"info","event":"Output:","logger":"airflow.task.hooks.airflow.providers.standard.hooks.subprocess.SubprocessHook"}
{"timestamp":"2025-09-26T16:08:17.540719","level":"info","event":"Starting Clair API processing...","logger":"airflow.task.hooks.airflow.providers.standard.hooks.subprocess.SubprocessHook"}
{"timestamp":"2025-09-26T16:08:17.540767","level":"info","event":"Input file: /Users/adelson/Documents/mai-thomas/data/combined_chats.csv","logger":"airflow.task.hooks.airflow.providers.standard.hooks.subprocess.SubprocessHook"}
{"timestamp":"2025-09-26T16:08:17.540795","level":"info","event":"Mode: ssrl","logger":"airflow.task.hooks.airflow.providers.standard.hooks.subprocess.SubprocessHook"}
{"timestamp":"2025-09-26T16:08:17.540817","level":"info","event":"Keywords: default, artificial intelligence","logger":"airflow.task.hooks.airflow.providers.standard.hooks.subprocess.SubprocessHook"}
{"timestamp":"2025-09-26T16:08:17.540834","level":"info","event":"Language: EN","logger":"airflow.task.hooks.airflow.providers.standard.hooks.subprocess.SubprocessHook"}
{"timestamp":"2025-09-26T16:08:17.540856","level":"info","event":"Groups: -5","logger":"airflow.task.hooks.airflow.providers.standard.hooks.subprocess.SubprocessHook"}
{"timestamp":"2025-09-26T16:08:17.540874","level":"info","event":"","logger":"airflow.task.hooks.airflow.providers.standard.hooks.subprocess.SubprocessHook"}
{"timestamp":"2025-09-26T16:08:41.119519","level":"info","event":"","logger":"airflow.task.hooks.airflow.providers.standard.hooks.subprocess.SubprocessHook"}
{"timestamp":"2025-09-26T16:08:41.119643","level":"info","event":"  0%|          | 0/4066 [00:00<?, ?it/s]","logger":"airflow.task.hooks.airflow.providers.standard.hooks.subprocess.SubprocessHook"}
{"timestamp":"2025-09-26T16:08:41.119673","level":"info","event":"  0%|          | 1/4066 [00:00<1:04:13,  1.05it/s]","logger":"airflow.task.hooks.airflow.providers.standard.hooks.subprocess.SubprocessHook"}
{"timestamp":"2025-09-26T16:08:41.119704","level":"info","event":"  0%|          | 2/4066 [00:01<1:06:48,  1.01it/s]","logger":"airflow.task.hooks.airflow.providers.standard.hooks.subprocess.SubprocessHook"}
{"timestamp":"2025-09-26T16:08:41.119727","level":"info","event":"  0%|          | 3/4066 [00:02<1:05:48,  1.03it/s]","logger":"airflow.task.hooks.airflow.providers.standard.hooks.subprocess.SubprocessHook"}
{"timestamp":"2025-09-26T16:08:41.119745","level":"info","event":"  0%|          | 4/4066 [00:03<1:04:38,  1.05it/s]","logger":"airflow.task.hooks.airflow.providers.standard.hooks.subprocess.SubprocessHook"}
{"timestamp":"2025-09-26T16:08:41.119763","level":"info","event":"  0%|          | 5/4066 [00:04<1:09:15,  1.02s/it]","logger":"airflow.task.hooks.airflow.providers.standard.hooks.subprocess.SubprocessHook"}
{"timestamp":"2025-09-26T16:08:41.119782","level":"info","event":"  0%|          | 6/4066 [00:05<1:07:46,  1.00s/it]","logger":"airflow.task.hooks.airflow.providers.standard.hooks.subprocess.SubprocessHook"}
{"timestamp":"2025-09-26T16:08:41.119801","level":"info","event":"  0%|          | 7/4066 [00:06<1:06:32,  1.02it/s]","logger":"airflow.task.hooks.airflow.providers.standard.hooks.subprocess.SubprocessHook"}
{"timestamp":"2025-09-26T16:08:41.119818","level":"info","event":"  0%|          | 8/4066 [00:07<1:07:18,  1.00it/s]","logger":"airflow.task.hooks.airflow.providers.standard.hooks.subprocess.SubprocessHook"}
{"timestamp":"2025-09-26T16:08:41.119835","level":"info","event":"  0%|          | 9/4066 [00:08<1:06:34,  1.02it/s]","logger":"airflow.task.hooks.airflow.providers.standard.hooks.subprocess.SubprocessHook"}
{"timestamp":"2025-09-26T16:08:41.119856","level":"info","event":"  0%|          | 10/4066 [00:09<1:05:36,  1.03it/s]","logger":"airflow.task.hooks.airflow.providers.standard.hooks.subprocess.SubprocessHook"}
{"timestamp":"2025-09-26T16:08:41.119893","level":"info","event":"  0%|          | 11/4066 [00:10<1:05:00,  1.04it/s]","logger":"airflow.task.hooks.airflow.providers.standard.hooks.subprocess.SubprocessHook"}
{"timestamp":"2025-09-26T16:08:41.119910","level":"info","event":"  0%|          | 12/4066 [00:11<1:08:23,  1.01s/it]","logger":"airflow.task.hooks.airflow.providers.standard.hooks.subprocess.SubprocessHook"}
{"timestamp":"2025-09-26T16:08:41.119926","level":"info","event":"  0%|          | 13/4066 [00:12<1:06:32,  1.02it/s]","logger":"airflow.task.hooks.airflow.providers.standard.hooks.subprocess.SubprocessHook"}
{"timestamp":"2025-09-26T16:08:41.119945","level":"info","event":"  0%|          | 14/4066 [00:13<1:08:02,  1.01s/it]","logger":"airflow.task.hooks.airflow.providers.standard.hooks.subprocess.SubprocessHook"}
{"timestamp":"2025-09-26T16:08:41.119961","level":"info","event":"  0%|          | 15/4066 [00:14<1:07:09,  1.01it/s]","logger":"airflow.task.hooks.airflow.providers.standard.hooks.subprocess.SubprocessHook"}
{"timestamp":"2025-09-26T16:08:41.119980","level":"info","event":"  0%|          | 16/4066 [00:15<1:06:12,  1.02it/s]","logger":"airflow.task.hooks.airflow.providers.standard.hooks.subprocess.SubprocessHook"}
{"timestamp":"2025-09-26T16:08:41.119996","level":"info","event":"  0%|          | 16/4066 [00:21<1:29:49,  1.33s/it]","logger":"airflow.task.hooks.airflow.providers.standard.hooks.subprocess.SubprocessHook"}
{"timestamp":"2025-09-26T16:08:41.120015","level":"info","event":"Traceback (most recent call last):","logger":"airflow.task.hooks.airflow.providers.standard.hooks.subprocess.SubprocessHook"}
{"timestamp":"2025-09-26T16:08:41.120036","level":"info","event":"  File \"/Users/adelson/miniconda3/envs/clair-py310/lib/python3.10/site-packages/urllib3/connectionpool.py\", line 464, in _make_request","logger":"airflow.task.hooks.airflow.providers.standard.hooks.subprocess.SubprocessHook"}
{"timestamp":"2025-09-26T16:08:41.120060","level":"info","event":"    self._validate_conn(conn)","logger":"airflow.task.hooks.airflow.providers.standard.hooks.subprocess.SubprocessHook"}
{"timestamp":"2025-09-26T16:08:41.120076","level":"info","event":"  File \"/Users/adelson/miniconda3/envs/clair-py310/lib/python3.10/site-packages/urllib3/connectionpool.py\", line 1093, in _validate_conn","logger":"airflow.task.hooks.airflow.providers.standard.hooks.subprocess.SubprocessHook"}
{"timestamp":"2025-09-26T16:08:41.120095","level":"info","event":"    conn.connect()","logger":"airflow.task.hooks.airflow.providers.standard.hooks.subprocess.SubprocessHook"}
{"timestamp":"2025-09-26T16:08:41.120113","level":"info","event":"  File \"/Users/adelson/miniconda3/envs/clair-py310/lib/python3.10/site-packages/urllib3/connection.py\", line 790, in connect","logger":"airflow.task.hooks.airflow.providers.standard.hooks.subprocess.SubprocessHook"}
{"timestamp":"2025-09-26T16:08:41.120132","level":"info","event":"    sock_and_verified = _ssl_wrap_socket_and_match_hostname(","logger":"airflow.task.hooks.airflow.providers.standard.hooks.subprocess.SubprocessHook"}
{"timestamp":"2025-09-26T16:08:41.120148","level":"info","event":"  File \"/Users/adelson/miniconda3/envs/clair-py310/lib/python3.10/site-packages/urllib3/connection.py\", line 969, in _ssl_wrap_socket_and_match_hostname","logger":"airflow.task.hooks.airflow.providers.standard.hooks.subprocess.SubprocessHook"}
{"timestamp":"2025-09-26T16:08:41.120172","level":"info","event":"    ssl_sock = ssl_wrap_socket(","logger":"airflow.task.hooks.airflow.providers.standard.hooks.subprocess.SubprocessHook"}
{"timestamp":"2025-09-26T16:08:41.120188","level":"info","event":"  File \"/Users/adelson/miniconda3/envs/clair-py310/lib/python3.10/site-packages/urllib3/util/ssl_.py\", line 480, in ssl_wrap_socket","logger":"airflow.task.hooks.airflow.providers.standard.hooks.subprocess.SubprocessHook"}
{"timestamp":"2025-09-26T16:08:41.120204","level":"info","event":"    ssl_sock = _ssl_wrap_socket_impl(sock, context, tls_in_tls, server_hostname)","logger":"airflow.task.hooks.airflow.providers.standard.hooks.subprocess.SubprocessHook"}
{"timestamp":"2025-09-26T16:08:41.120221","level":"info","event":"  File \"/Users/adelson/miniconda3/envs/clair-py310/lib/python3.10/site-packages/urllib3/util/ssl_.py\", line 524, in _ssl_wrap_socket_impl","logger":"airflow.task.hooks.airflow.providers.standard.hooks.subprocess.SubprocessHook"}
{"timestamp":"2025-09-26T16:08:41.120237","level":"info","event":"    return ssl_context.wrap_socket(sock, server_hostname=server_hostname)","logger":"airflow.task.hooks.airflow.providers.standard.hooks.subprocess.SubprocessHook"}
{"timestamp":"2025-09-26T16:08:41.120257","level":"info","event":"  File \"/Users/adelson/miniconda3/envs/clair-py310/lib/python3.10/ssl.py\", line 513, in wrap_socket","logger":"airflow.task.hooks.airflow.providers.standard.hooks.subprocess.SubprocessHook"}
{"timestamp":"2025-09-26T16:08:41.120273","level":"info","event":"    return self.sslsocket_class._create(","logger":"airflow.task.hooks.airflow.providers.standard.hooks.subprocess.SubprocessHook"}
{"timestamp":"2025-09-26T16:08:41.120291","level":"info","event":"  File \"/Users/adelson/miniconda3/envs/clair-py310/lib/python3.10/ssl.py\", line 1104, in _create","logger":"airflow.task.hooks.airflow.providers.standard.hooks.subprocess.SubprocessHook"}
{"timestamp":"2025-09-26T16:08:41.120308","level":"info","event":"    self.do_handshake()","logger":"airflow.task.hooks.airflow.providers.standard.hooks.subprocess.SubprocessHook"}
{"timestamp":"2025-09-26T16:08:41.120325","level":"info","event":"  File \"/Users/adelson/miniconda3/envs/clair-py310/lib/python3.10/ssl.py\", line 1375, in do_handshake","logger":"airflow.task.hooks.airflow.providers.standard.hooks.subprocess.SubprocessHook"}
{"timestamp":"2025-09-26T16:08:41.120341","level":"info","event":"    self._sslobj.do_handshake()","logger":"airflow.task.hooks.airflow.providers.standard.hooks.subprocess.SubprocessHook"}
{"timestamp":"2025-09-26T16:08:41.120357","level":"info","event":"ssl.SSLCertVerificationError: [SSL: CERTIFICATE_VERIFY_FAILED] certificate verify failed: unable to get local issuer certificate (_ssl.c:1017)","logger":"airflow.task.hooks.airflow.providers.standard.hooks.subprocess.SubprocessHook"}
{"timestamp":"2025-09-26T16:08:41.120375","level":"info","event":"","logger":"airflow.task.hooks.airflow.providers.standard.hooks.subprocess.SubprocessHook"}
{"timestamp":"2025-09-26T16:08:41.120391","level":"info","event":"During handling of the above exception, another exception occurred:","logger":"airflow.task.hooks.airflow.providers.standard.hooks.subprocess.SubprocessHook"}
{"timestamp":"2025-09-26T16:08:41.120407","level":"info","event":"","logger":"airflow.task.hooks.airflow.providers.standard.hooks.subprocess.SubprocessHook"}
{"timestamp":"2025-09-26T16:08:41.120423","level":"info","event":"Traceback (most recent call last):","logger":"airflow.task.hooks.airflow.providers.standard.hooks.subprocess.SubprocessHook"}
{"timestamp":"2025-09-26T16:08:41.120438","level":"info","event":"  File \"/Users/adelson/miniconda3/envs/clair-py310/lib/python3.10/site-packages/urllib3/connectionpool.py\", line 787, in urlopen","logger":"airflow.task.hooks.airflow.providers.standard.hooks.subprocess.SubprocessHook"}
{"timestamp":"2025-09-26T16:08:41.120454","level":"info","event":"    response = self._make_request(","logger":"airflow.task.hooks.airflow.providers.standard.hooks.subprocess.SubprocessHook"}
{"timestamp":"2025-09-26T16:08:41.120470","level":"info","event":"  File \"/Users/adelson/miniconda3/envs/clair-py310/lib/python3.10/site-packages/urllib3/connectionpool.py\", line 488, in _make_request","logger":"airflow.task.hooks.airflow.providers.standard.hooks.subprocess.SubprocessHook"}
{"timestamp":"2025-09-26T16:08:41.120486","level":"info","event":"    raise new_e","logger":"airflow.task.hooks.airflow.providers.standard.hooks.subprocess.SubprocessHook"}
{"timestamp":"2025-09-26T16:08:41.120502","level":"info","event":"urllib3.exceptions.SSLError: [SSL: CERTIFICATE_VERIFY_FAILED] certificate verify failed: unable to get local issuer certificate (_ssl.c:1017)","logger":"airflow.task.hooks.airflow.providers.standard.hooks.subprocess.SubprocessHook"}
{"timestamp":"2025-09-26T16:08:41.120518","level":"info","event":"","logger":"airflow.task.hooks.airflow.providers.standard.hooks.subprocess.SubprocessHook"}
{"timestamp":"2025-09-26T16:08:41.120534","level":"info","event":"The above exception was the direct cause of the following exception:","logger":"airflow.task.hooks.airflow.providers.standard.hooks.subprocess.SubprocessHook"}
{"timestamp":"2025-09-26T16:08:41.120550","level":"info","event":"","logger":"airflow.task.hooks.airflow.providers.standard.hooks.subprocess.SubprocessHook"}
{"timestamp":"2025-09-26T16:08:41.120566","level":"info","event":"Traceback (most recent call last):","logger":"airflow.task.hooks.airflow.providers.standard.hooks.subprocess.SubprocessHook"}
{"timestamp":"2025-09-26T16:08:41.120582","level":"info","event":"  File \"/Users/adelson/miniconda3/envs/clair-py310/lib/python3.10/site-packages/requests/adapters.py\", line 644, in send","logger":"airflow.task.hooks.airflow.providers.standard.hooks.subprocess.SubprocessHook"}
{"timestamp":"2025-09-26T16:08:41.120597","level":"info","event":"    resp = conn.urlopen(","logger":"airflow.task.hooks.airflow.providers.standard.hooks.subprocess.SubprocessHook"}
{"timestamp":"2025-09-26T16:08:41.120617","level":"info","event":"  File \"/Users/adelson/miniconda3/envs/clair-py310/lib/python3.10/site-packages/urllib3/connectionpool.py\", line 841, in urlopen","logger":"airflow.task.hooks.airflow.providers.standard.hooks.subprocess.SubprocessHook"}
{"timestamp":"2025-09-26T16:08:41.120633","level":"info","event":"    retries = retries.increment(","logger":"airflow.task.hooks.airflow.providers.standard.hooks.subprocess.SubprocessHook"}
{"timestamp":"2025-09-26T16:08:41.120649","level":"info","event":"  File \"/Users/adelson/miniconda3/envs/clair-py310/lib/python3.10/site-packages/urllib3/util/retry.py\", line 519, in increment","logger":"airflow.task.hooks.airflow.providers.standard.hooks.subprocess.SubprocessHook"}
{"timestamp":"2025-09-26T16:08:41.120665","level":"info","event":"    raise MaxRetryError(_pool, url, reason) from reason  # type: ignore[arg-type]","logger":"airflow.task.hooks.airflow.providers.standard.hooks.subprocess.SubprocessHook"}
{"timestamp":"2025-09-26T16:08:41.120682","level":"info","event":"urllib3.exceptions.MaxRetryError: HTTPSConnectionPool(host='next-lab-test.bms.utwente.nl', port=443): Max retries exceeded with url: /chatBot/message?retrieve_details=true&save=false (Caused by SSLError(SSLCertVerificationError(1, '[SSL: CERTIFICATE_VERIFY_FAILED] certificate verify failed: unable to get local issuer certificate (_ssl.c:1017)')))","logger":"airflow.task.hooks.airflow.providers.standard.hooks.subprocess.SubprocessHook"}
{"timestamp":"2025-09-26T16:08:41.120702","level":"info","event":"","logger":"airflow.task.hooks.airflow.providers.standard.hooks.subprocess.SubprocessHook"}
{"timestamp":"2025-09-26T16:08:41.120717","level":"info","event":"During handling of the above exception, another exception occurred:","logger":"airflow.task.hooks.airflow.providers.standard.hooks.subprocess.SubprocessHook"}
{"timestamp":"2025-09-26T16:08:41.120733","level":"info","event":"","logger":"airflow.task.hooks.airflow.providers.standard.hooks.subprocess.SubprocessHook"}
{"timestamp":"2025-09-26T16:08:41.120748","level":"info","event":"Traceback (most recent call last):","logger":"airflow.task.hooks.airflow.providers.standard.hooks.subprocess.SubprocessHook"}
{"timestamp":"2025-09-26T16:08:41.120764","level":"info","event":"  File \"/Users/adelson/Library/CloudStorage/GoogleDrive-adelson.dias@gmail.com/Meu Drive/Clair/clair-v044/tests/archived/clair_api_tester.py\", line 154, in <module>","logger":"airflow.task.hooks.airflow.providers.standard.hooks.subprocess.SubprocessHook"}
{"timestamp":"2025-09-26T16:08:41.120785","level":"info","event":"    fire.Fire(main)","logger":"airflow.task.hooks.airflow.providers.standard.hooks.subprocess.SubprocessHook"}
{"timestamp":"2025-09-26T16:08:41.120801","level":"info","event":"  File \"/Users/adelson/miniconda3/envs/clair-py310/lib/python3.10/site-packages/fire/core.py\", line 135, in Fire","logger":"airflow.task.hooks.airflow.providers.standard.hooks.subprocess.SubprocessHook"}
{"timestamp":"2025-09-26T16:08:41.120817","level":"info","event":"    component_trace = _Fire(component, args, parsed_flag_args, context, name)","logger":"airflow.task.hooks.airflow.providers.standard.hooks.subprocess.SubprocessHook"}
{"timestamp":"2025-09-26T16:08:41.120833","level":"info","event":"  File \"/Users/adelson/miniconda3/envs/clair-py310/lib/python3.10/site-packages/fire/core.py\", line 468, in _Fire","logger":"airflow.task.hooks.airflow.providers.standard.hooks.subprocess.SubprocessHook"}
{"timestamp":"2025-09-26T16:08:41.120923","level":"info","event":"    component, remaining_args = _CallAndUpdateTrace(","logger":"airflow.task.hooks.airflow.providers.standard.hooks.subprocess.SubprocessHook"}
{"timestamp":"2025-09-26T16:08:41.121011","level":"info","event":"  File \"/Users/adelson/miniconda3/envs/clair-py310/lib/python3.10/site-packages/fire/core.py\", line 684, in _CallAndUpdateTrace","logger":"airflow.task.hooks.airflow.providers.standard.hooks.subprocess.SubprocessHook"}
{"timestamp":"2025-09-26T16:08:41.121071","level":"info","event":"    component = fn(*varargs, **kwargs)","logger":"airflow.task.hooks.airflow.providers.standard.hooks.subprocess.SubprocessHook"}
{"timestamp":"2025-09-26T16:08:41.121094","level":"info","event":"  File \"/Users/adelson/Library/CloudStorage/GoogleDrive-adelson.dias@gmail.com/Meu Drive/Clair/clair-v044/tests/archived/clair_api_tester.py\", line 114, in main","logger":"airflow.task.hooks.airflow.providers.standard.hooks.subprocess.SubprocessHook"}
{"timestamp":"2025-09-26T16:08:41.121113","level":"info","event":"    req = requests.post(f\"{CLAIR_URL}/message?retrieve_details=true&save=false\",","logger":"airflow.task.hooks.airflow.providers.standard.hooks.subprocess.SubprocessHook"}
{"timestamp":"2025-09-26T16:08:41.121130","level":"info","event":"  File \"/Users/adelson/miniconda3/envs/clair-py310/lib/python3.10/site-packages/requests/api.py\", line 115, in post","logger":"airflow.task.hooks.airflow.providers.standard.hooks.subprocess.SubprocessHook"}
{"timestamp":"2025-09-26T16:08:41.121146","level":"info","event":"    return request(\"post\", url, data=data, json=json, **kwargs)","logger":"airflow.task.hooks.airflow.providers.standard.hooks.subprocess.SubprocessHook"}
{"timestamp":"2025-09-26T16:08:41.121162","level":"info","event":"  File \"/Users/adelson/miniconda3/envs/clair-py310/lib/python3.10/site-packages/requests/api.py\", line 59, in request","logger":"airflow.task.hooks.airflow.providers.standard.hooks.subprocess.SubprocessHook"}
{"timestamp":"2025-09-26T16:08:41.121178","level":"info","event":"    return session.request(method=method, url=url, **kwargs)","logger":"airflow.task.hooks.airflow.providers.standard.hooks.subprocess.SubprocessHook"}
{"timestamp":"2025-09-26T16:08:41.121194","level":"info","event":"  File \"/Users/adelson/miniconda3/envs/clair-py310/lib/python3.10/site-packages/requests/sessions.py\", line 589, in request","logger":"airflow.task.hooks.airflow.providers.standard.hooks.subprocess.SubprocessHook"}
{"timestamp":"2025-09-26T16:08:41.121209","level":"info","event":"    resp = self.send(prep, **send_kwargs)","logger":"airflow.task.hooks.airflow.providers.standard.hooks.subprocess.SubprocessHook"}
{"timestamp":"2025-09-26T16:08:41.121225","level":"info","event":"  File \"/Users/adelson/miniconda3/envs/clair-py310/lib/python3.10/site-packages/requests/sessions.py\", line 703, in send","logger":"airflow.task.hooks.airflow.providers.standard.hooks.subprocess.SubprocessHook"}
{"timestamp":"2025-09-26T16:08:41.121240","level":"info","event":"    r = adapter.send(request, **kwargs)","logger":"airflow.task.hooks.airflow.providers.standard.hooks.subprocess.SubprocessHook"}
{"timestamp":"2025-09-26T16:08:41.121256","level":"info","event":"  File \"/Users/adelson/miniconda3/envs/clair-py310/lib/python3.10/site-packages/requests/adapters.py\", line 675, in send","logger":"airflow.task.hooks.airflow.providers.standard.hooks.subprocess.SubprocessHook"}
{"timestamp":"2025-09-26T16:08:41.121271","level":"info","event":"    raise SSLError(e, request=request)","logger":"airflow.task.hooks.airflow.providers.standard.hooks.subprocess.SubprocessHook"}
{"timestamp":"2025-09-26T16:08:41.121289","level":"info","event":"requests.exceptions.SSLError: (\"Some failure happens at message: {'group': 'ac6d_VR_WC_S22english', 'text': 'Today our patient is Markus Näppärä, a 53 year old man.', 'timestamp': '2025-01-01 00:00:07', 'username': 'SpeakerA'}\", MaxRetryError(\"HTTPSConnectionPool(host='next-lab-test.bms.utwente.nl', port=443): Max retries exceeded with url: /chatBot/message?retrieve_details=true&save=false (Caused by SSLError(SSLCertVerificationError(1, '[SSL: CERTIFICATE_VERIFY_FAILED] certificate verify failed: unable to get local issuer certificate (_ssl.c:1017)')))\"))","logger":"airflow.task.hooks.airflow.providers.standard.hooks.subprocess.SubprocessHook"}
{"timestamp":"2025-09-26T16:08:41.121319","level":"info","event":"","logger":"airflow.task.hooks.airflow.providers.standard.hooks.subprocess.SubprocessHook"}
{"timestamp":"2025-09-26T16:08:41.121337","level":"info","event":"ERROR conda.cli.main_run:execute(127): `conda run python -u tests/archived/clair_api_tester.py --data_file_path=/Users/adelson/Documents/mai-thomas/data/combined_chats.csv --dataset_lang=EN --topics_file=default, artificial intelligence --mode=ssrl --n_groups=-5` failed. (See above for error)","logger":"airflow.task.hooks.airflow.providers.standard.hooks.subprocess.SubprocessHook"}
{"timestamp":"2025-09-26T16:08:41.121358","level":"info","event":"https://next-lab-test.bms.utwente.nl/chatBot","logger":"airflow.task.hooks.airflow.providers.standard.hooks.subprocess.SubprocessHook"}
{"timestamp":"2025-09-26T16:08:41.121374","level":"info","event":"{'is_active': True,","logger":"airflow.task.hooks.airflow.providers.standard.hooks.subprocess.SubprocessHook"}
{"timestamp":"2025-09-26T16:08:41.121392","level":"info","event":" 'keywords': ['default', ' artificial intelligence'],","logger":"airflow.task.hooks.airflow.providers.standard.hooks.subprocess.SubprocessHook"}
{"timestamp":"2025-09-26T16:08:41.121408","level":"info","event":" 'language': 'EN',","logger":"airflow.task.hooks.airflow.providers.standard.hooks.subprocess.SubprocessHook"}
{"timestamp":"2025-09-26T16:08:41.121424","level":"info","event":" 'learning_space': 'test/clair_api_ssrl',","logger":"airflow.task.hooks.airflow.providers.standard.hooks.subprocess.SubprocessHook"}
{"timestamp":"2025-09-26T16:08:41.121439","level":"info","event":" 'mode': 'ssrl'}","logger":"airflow.task.hooks.airflow.providers.standard.hooks.subprocess.SubprocessHook"}
{"timestamp":"2025-09-26T16:08:41.121454","level":"info","event":"<Response [200]> null 200 OK","logger":"airflow.task.hooks.airflow.providers.standard.hooks.subprocess.SubprocessHook"}
{"timestamp":"2025-09-26T16:08:41.121474","level":"info","event":"Using all groups (26)","logger":"airflow.task.hooks.airflow.providers.standard.hooks.subprocess.SubprocessHook"}
{"timestamp":"2025-09-26T16:08:41.121489","level":"info","event":"Starting...","logger":"airflow.task.hooks.airflow.providers.standard.hooks.subprocess.SubprocessHook"}
{"timestamp":"2025-09-26T16:08:41.121505","level":"info","event":"","logger":"airflow.task.hooks.airflow.providers.standard.hooks.subprocess.SubprocessHook"}
{"timestamp":"2025-09-26T16:08:41.152776","level":"info","event":"","logger":"airflow.task.hooks.airflow.providers.standard.hooks.subprocess.SubprocessHook"}
{"timestamp":"2025-09-26T16:08:41.152828","level":"info","event":"Clair API processing completed!","logger":"airflow.task.hooks.airflow.providers.standard.hooks.subprocess.SubprocessHook"}
{"timestamp":"2025-09-26T16:08:41.153520","level":"info","event":"Command exited with return code 0","logger":"airflow.task.hooks.airflow.providers.standard.hooks.subprocess.SubprocessHook"}
{"timestamp":"2025-09-26T16:08:41.154088","level":"info","event":"Pushing xcom","ti":"RuntimeTaskInstance(id=UUID('019986c8-486f-7d62-8a5f-7f1274435dcd'), task_id='run_clair_api_processor', dag_id='clair_api_processor', run_id='manual__2025-09-26T16:08:16.727683+00:00', try_number=1, map_index=-1, hostname='macbook-air-de-adelson.local', context_carrier=None, task=<Task(BashOperator): run_clair_api_processor>, bundle_instance=LocalDagBundle(name=dags-folder), max_tries=1, start_date=datetime.datetime(2025, 9, 26, 16, 8, 17, 405020, tzinfo=datetime.timezone.utc), end_date=None, state=<TaskInstanceState.RUNNING: 'running'>, is_mapped=False, rendered_map_index=None, log_url='http://localhost:8080/dags/clair_api_processor/runs/manual__2025-09-26T16%3A08%3A16.727683%2B00%3A00/tasks/run_clair_api_processor?try_number=1')","logger":"task"}
