{"timestamp":"2025-09-26T14:44:01.410743","level":"info","event":"DAG bundles loaded: dags-folder","logger":"airflow.dag_processing.bundles.manager.DagBundlesManager"}
{"timestamp":"2025-09-26T14:44:01.411018","level":"info","event":"Filling up the DagBag from /Users/adelson/airflow/dags/prep_chats.py","logger":"airflow.models.dagbag.DagBag"}
{"timestamp":"2025-09-26T14:44:01.673820","level":"info","event":"NumExpr defaulting to 10 threads.","logger":"numexpr.utils"}
{"timestamp":"2025-09-26T14:44:01.843558Z","level":"info","event":"Creating Excel output with multiple sheets","chan":"stdout","logger":"task"}
{"timestamp":"2025-09-26T14:44:01.843634Z","level":"info","event":"Received processed_files: ['/Users/adelson/Documents/mai-thomas/VR_WC_Transcripts/VR_WC_S11english_processed.csv', '/Users/adelson/Documents/mai-thomas/VR_WC_Transcripts/VR_WC_S26english_processed.csv', '/Users/adelson/Documents/mai-thomas/VR_WC_Transcripts/VR_WC_S7english_processed.csv', '/Users/adelson/Documents/mai-thomas/VR_WC_Transcripts/VR_WC_S2english_processed.csv', '/Users/adelson/Documents/mai-thomas/VR_WC_Transcripts/VR_WC_S23english_processed.csv', '/Users/adelson/Documents/mai-thomas/VR_WC_Transcripts/VR_WC_S14english_processed.csv', '/Users/adelson/Documents/mai-thomas/VR_WC_Transcripts/VR_WC_S19english_processed.csv', '/Users/adelson/Documents/mai-thomas/VR_WC_Transcripts/VR_WC_S8english_processed.csv', '/Users/adelson/Documents/mai-thomas/VR_WC_Transcripts/VR_WC_S29english_processed.csv', '/Users/adelson/Documents/mai-thomas/VR_WC_Transcripts/VR_WC_S24english_processed.csv', '/Users/adelson/Documents/mai-thomas/VR_WC_Transcripts/VR_WC_S13english_processed.csv', '/Users/adelson/Documents/mai-thomas/VR_WC_Transcripts/VR_WC_S5english_processed.csv', '/Users/adelson/Documents/mai-thomas/VR_WC_Transcripts/VR_WC_S16english_processed.csv', '/Users/adelson/Documents/mai-thomas/VR_WC_Transcripts/VR_WC_S21english_processed.csv', '/Users/adelson/Documents/mai-thomas/VR_WC_Transcripts/VR_WC_S22english_processed.csv', '/Users/adelson/Documents/mai-thomas/VR_WC_Transcripts/VR_WC_S15english_processed.csv', '/Users/adelson/Documents/mai-thomas/VR_WC_Transcripts/VR_WC_S3english_processed.csv', '/Users/adelson/Documents/mai-thomas/VR_WC_Transcripts/VR_WC_S18english_processed.csv', '/Users/adelson/Documents/mai-thomas/VR_WC_Transcripts/VR_WC_S6english_processed.csv', '/Users/adelson/Documents/mai-thomas/VR_WC_Transcripts/VR_WC_S10english_processed.csv', '/Users/adelson/Documents/mai-thomas/VR_WC_Transcripts/VR_WC_S17english_processed.csv', '/Users/adelson/Documents/mai-thomas/VR_WC_Transcripts/VR_WC_S20english_processed.csv', '/Users/adelson/Documents/mai-thomas/VR_WC_Transcripts/VR_WC_S28english_processed.csv', '/Users/adelson/Documents/mai-thomas/VR_WC_Transcripts/VR_WC_S9english_processed.csv', '/Users/adelson/Documents/mai-thomas/VR_WC_Transcripts/VR_WC_S4english_processed.csv', '/Users/adelson/Documents/mai-thomas/VR_WC_Transcripts/VR_WC_S12english_processed.csv']","chan":"stdout","logger":"task"}
{"timestamp":"2025-09-26T14:44:01.843662Z","level":"info","event":"Type of processed_files: <class 'str'>","chan":"stdout","logger":"task"}
{"timestamp":"2025-09-26T14:44:01.843682Z","level":"info","event":"processed_files is a string, attempting to parse...","chan":"stdout","logger":"task"}
{"timestamp":"2025-09-26T14:44:01.843725Z","level":"info","event":"Parsed processed_files: ['/Users/adelson/Documents/mai-thomas/VR_WC_Transcripts/VR_WC_S11english_processed.csv', '/Users/adelson/Documents/mai-thomas/VR_WC_Transcripts/VR_WC_S26english_processed.csv', '/Users/adelson/Documents/mai-thomas/VR_WC_Transcripts/VR_WC_S7english_processed.csv', '/Users/adelson/Documents/mai-thomas/VR_WC_Transcripts/VR_WC_S2english_processed.csv', '/Users/adelson/Documents/mai-thomas/VR_WC_Transcripts/VR_WC_S23english_processed.csv', '/Users/adelson/Documents/mai-thomas/VR_WC_Transcripts/VR_WC_S14english_processed.csv', '/Users/adelson/Documents/mai-thomas/VR_WC_Transcripts/VR_WC_S19english_processed.csv', '/Users/adelson/Documents/mai-thomas/VR_WC_Transcripts/VR_WC_S8english_processed.csv', '/Users/adelson/Documents/mai-thomas/VR_WC_Transcripts/VR_WC_S29english_processed.csv', '/Users/adelson/Documents/mai-thomas/VR_WC_Transcripts/VR_WC_S24english_processed.csv', '/Users/adelson/Documents/mai-thomas/VR_WC_Transcripts/VR_WC_S13english_processed.csv', '/Users/adelson/Documents/mai-thomas/VR_WC_Transcripts/VR_WC_S5english_processed.csv', '/Users/adelson/Documents/mai-thomas/VR_WC_Transcripts/VR_WC_S16english_processed.csv', '/Users/adelson/Documents/mai-thomas/VR_WC_Transcripts/VR_WC_S21english_processed.csv', '/Users/adelson/Documents/mai-thomas/VR_WC_Transcripts/VR_WC_S22english_processed.csv', '/Users/adelson/Documents/mai-thomas/VR_WC_Transcripts/VR_WC_S15english_processed.csv', '/Users/adelson/Documents/mai-thomas/VR_WC_Transcripts/VR_WC_S3english_processed.csv', '/Users/adelson/Documents/mai-thomas/VR_WC_Transcripts/VR_WC_S18english_processed.csv', '/Users/adelson/Documents/mai-thomas/VR_WC_Transcripts/VR_WC_S6english_processed.csv', '/Users/adelson/Documents/mai-thomas/VR_WC_Transcripts/VR_WC_S10english_processed.csv', '/Users/adelson/Documents/mai-thomas/VR_WC_Transcripts/VR_WC_S17english_processed.csv', '/Users/adelson/Documents/mai-thomas/VR_WC_Transcripts/VR_WC_S20english_processed.csv', '/Users/adelson/Documents/mai-thomas/VR_WC_Transcripts/VR_WC_S28english_processed.csv', '/Users/adelson/Documents/mai-thomas/VR_WC_Transcripts/VR_WC_S9english_processed.csv', '/Users/adelson/Documents/mai-thomas/VR_WC_Transcripts/VR_WC_S4english_processed.csv', '/Users/adelson/Documents/mai-thomas/VR_WC_Transcripts/VR_WC_S12english_processed.csv']","chan":"stdout","logger":"task"}
{"timestamp":"2025-09-26T14:44:01.843761Z","level":"info","event":"Processing 26 processed files","chan":"stdout","logger":"task"}
{"timestamp":"2025-09-26T14:44:01.940954Z","level":"info","event":"Added sheet 'VR_WC_S11english' with 166 rows","chan":"stdout","logger":"task"}
{"timestamp":"2025-09-26T14:44:01.943893Z","level":"info","event":"Added sheet 'VR_WC_S26english' with 159 rows","chan":"stdout","logger":"task"}
{"timestamp":"2025-09-26T14:44:01.949445Z","level":"info","event":"Added sheet 'VR_WC_S7english' with 276 rows","chan":"stdout","logger":"task"}
{"timestamp":"2025-09-26T14:44:02.053345Z","level":"info","event":"Added sheet 'VR_WC_S2english' with 403 rows","chan":"stdout","logger":"task"}
{"timestamp":"2025-09-26T14:44:02.055813Z","level":"info","event":"Added sheet 'VR_WC_S23english' with 76 rows","chan":"stdout","logger":"task"}
{"timestamp":"2025-09-26T14:44:02.057816Z","level":"info","event":"Added sheet 'VR_WC_S14english' with 90 rows","chan":"stdout","logger":"task"}
{"timestamp":"2025-09-26T14:44:02.060082Z","level":"info","event":"Added sheet 'VR_WC_S19english' with 117 rows","chan":"stdout","logger":"task"}
{"timestamp":"2025-09-26T14:44:02.063223Z","level":"info","event":"Added sheet 'VR_WC_S8english' with 192 rows","chan":"stdout","logger":"task"}
{"timestamp":"2025-09-26T14:44:02.065398Z","level":"info","event":"Added sheet 'VR_WC_S29english' with 102 rows","chan":"stdout","logger":"task"}
{"timestamp":"2025-09-26T14:44:02.069503Z","level":"info","event":"Added sheet 'VR_WC_S24english' with 190 rows","chan":"stdout","logger":"task"}
{"timestamp":"2025-09-26T14:44:02.074476Z","level":"info","event":"Added sheet 'VR_WC_S13english' with 184 rows","chan":"stdout","logger":"task"}
{"timestamp":"2025-09-26T14:44:02.079111Z","level":"info","event":"Added sheet 'VR_WC_S5english' with 199 rows","chan":"stdout","logger":"task"}
{"timestamp":"2025-09-26T14:44:02.085721Z","level":"info","event":"Added sheet 'VR_WC_S16english' with 210 rows","chan":"stdout","logger":"task"}
{"timestamp":"2025-09-26T14:44:02.088372Z","level":"info","event":"Added sheet 'VR_WC_S21english' with 91 rows","chan":"stdout","logger":"task"}
{"timestamp":"2025-09-26T14:44:02.090938Z","level":"info","event":"Added sheet 'VR_WC_S22english' with 105 rows","chan":"stdout","logger":"task"}
{"timestamp":"2025-09-26T14:44:02.094620Z","level":"info","event":"Added sheet 'VR_WC_S15english' with 155 rows","chan":"stdout","logger":"task"}
{"timestamp":"2025-09-26T14:44:02.098809Z","level":"info","event":"Added sheet 'VR_WC_S3english' with 218 rows","chan":"stdout","logger":"task"}
{"timestamp":"2025-09-26T14:44:02.103694Z","level":"info","event":"Added sheet 'VR_WC_S18english' with 156 rows","chan":"stdout","logger":"task"}
{"timestamp":"2025-09-26T14:44:02.106926Z","level":"info","event":"Added sheet 'VR_WC_S6english' with 42 rows","chan":"stdout","logger":"task"}
{"timestamp":"2025-09-26T14:44:02.110600Z","level":"info","event":"Added sheet 'VR_WC_S10english' with 146 rows","chan":"stdout","logger":"task"}
{"timestamp":"2025-09-26T14:44:02.113424Z","level":"info","event":"Added sheet 'VR_WC_S17english' with 144 rows","chan":"stdout","logger":"task"}
{"timestamp":"2025-09-26T14:44:02.115590Z","level":"info","event":"Added sheet 'VR_WC_S20english' with 78 rows","chan":"stdout","logger":"task"}
{"timestamp":"2025-09-26T14:44:02.117539Z","level":"info","event":"Added sheet 'VR_WC_S28english' with 75 rows","chan":"stdout","logger":"task"}
{"timestamp":"2025-09-26T14:44:02.120322Z","level":"info","event":"Added sheet 'VR_WC_S9english' with 153 rows","chan":"stdout","logger":"task"}
{"timestamp":"2025-09-26T14:44:02.123216Z","level":"info","event":"Added sheet 'VR_WC_S4english' with 172 rows","chan":"stdout","logger":"task"}
{"timestamp":"2025-09-26T14:44:02.126299Z","level":"info","event":"Added sheet 'VR_WC_S12english' with 167 rows","chan":"stdout","logger":"task"}
{"timestamp":"2025-09-26T14:44:02.233439Z","level":"info","event":"Excel file created: /Users/adelson/Documents/mai-thomas/data/processed_chats.xlsx with 26 sheets","chan":"stdout","logger":"task"}
{"timestamp":"2025-09-26T14:44:02.233484","level":"info","event":"Done. Returned value was: /Users/adelson/Documents/mai-thomas/data/processed_chats.xlsx","logger":"airflow.task.operators.airflow.providers.standard.operators.python.PythonOperator"}
{"timestamp":"2025-09-26T14:44:02.233566","level":"info","event":"Pushing xcom","ti":"RuntimeTaskInstance(id=UUID('0199867b-193e-74ab-87a2-8cbc811dcbbb'), task_id='create_excel_output', dag_id='prep_chats', run_id='manual__2025-09-26T14:43:58.370591+00:00', try_number=1, map_index=-1, hostname='macbook-air-de-adelson.local', context_carrier=None, task=<Task(PythonOperator): create_excel_output>, bundle_instance=LocalDagBundle(name=dags-folder), max_tries=0, start_date=datetime.datetime(2025, 9, 26, 14, 44, 1, 382142, tzinfo=datetime.timezone.utc), end_date=None, state=<TaskInstanceState.RUNNING: 'running'>, is_mapped=False, rendered_map_index=None, log_url='http://localhost:8080/dags/prep_chats/runs/manual__2025-09-26T14%3A43%3A58.370591%2B00%3A00/tasks/create_excel_output?try_number=1')","logger":"task"}
