{"timestamp":"2025-09-26T16:21:00.315492","level":"info","event":"DAG bundles loaded: dags-folder","logger":"airflow.dag_processing.bundles.manager.DagBundlesManager"}
{"timestamp":"2025-09-26T16:21:00.315715","level":"info","event":"Filling up the DagBag from /Users/adelson/airflow/dags/clair_api_processor.py","logger":"airflow.models.dagbag.DagBag"}
{"timestamp":"2025-09-26T16:21:00.360848","level":"info","event":"Tmp dir root location: /var/folders/82/f0krq6zj2bb8g6tczhngyxh00000gn/T","logger":"airflow.task.hooks.airflow.providers.standard.hooks.subprocess.SubprocessHook"}
{"timestamp":"2025-09-26T16:21:00.361095","level":"info","event":"Running command: ['/bin/bash', '-c', '\\n        echo \"=\" * 60\\n        echo \"CLAIR API PROCESSING SUMMARY\"\\n        echo \"=\" * 60\\n        echo \"📁 Input file: /Users/adelson/Documents/mai-thomas/data/combined_chats.csv\"\\n        echo \"🌐 API URL: https://next-lab-test.bms.utwente.nl/chatBot/\"\\n        echo \"🔧 Mode: ssrl\"\\n        echo \"🌍 Language: EN\"\\n        echo \"📊 Groups: All\"\\n        echo \"\"\\n        \\n        output_file=\"/Users/adelson/Documents/mai-thomas/data/combined_chats__clair_api_ssrl.xlsx\"\\n        if [ -f \"$output_file\" ]; then\\n            echo \"✅ Processing completed successfully!\"\\n            echo \"📄 Output file: $output_file\"\\n            echo \"📏 File size: $(ls -lh \"$output_file\" | awk \\'{print $5}\\')\"\\n        else\\n            echo \"❌ Processing failed - output file not found\"\\n        fi\\n        echo \"=\" * 60\\n        ']","logger":"airflow.task.hooks.airflow.providers.standard.hooks.subprocess.SubprocessHook"}
{"timestamp":"2025-09-26T16:21:00.364082","level":"info","event":"Output:","logger":"airflow.task.hooks.airflow.providers.standard.hooks.subprocess.SubprocessHook"}
{"timestamp":"2025-09-26T16:21:00.365301","level":"info","event":"= * 60","logger":"airflow.task.hooks.airflow.providers.standard.hooks.subprocess.SubprocessHook"}
{"timestamp":"2025-09-26T16:21:00.365346","level":"info","event":"CLAIR API PROCESSING SUMMARY","logger":"airflow.task.hooks.airflow.providers.standard.hooks.subprocess.SubprocessHook"}
{"timestamp":"2025-09-26T16:21:00.365368","level":"info","event":"= * 60","logger":"airflow.task.hooks.airflow.providers.standard.hooks.subprocess.SubprocessHook"}
{"timestamp":"2025-09-26T16:21:00.365389","level":"info","event":"📁 Input file: /Users/adelson/Documents/mai-thomas/data/combined_chats.csv","logger":"airflow.task.hooks.airflow.providers.standard.hooks.subprocess.SubprocessHook"}
{"timestamp":"2025-09-26T16:21:00.365421","level":"info","event":"🌐 API URL: https://next-lab-test.bms.utwente.nl/chatBot/","logger":"airflow.task.hooks.airflow.providers.standard.hooks.subprocess.SubprocessHook"}
{"timestamp":"2025-09-26T16:21:00.365440","level":"info","event":"🔧 Mode: ssrl","logger":"airflow.task.hooks.airflow.providers.standard.hooks.subprocess.SubprocessHook"}
{"timestamp":"2025-09-26T16:21:00.365472","level":"info","event":"🌍 Language: EN","logger":"airflow.task.hooks.airflow.providers.standard.hooks.subprocess.SubprocessHook"}
{"timestamp":"2025-09-26T16:21:00.365490","level":"info","event":"📊 Groups: All","logger":"airflow.task.hooks.airflow.providers.standard.hooks.subprocess.SubprocessHook"}
{"timestamp":"2025-09-26T16:21:00.365509","level":"info","event":"","logger":"airflow.task.hooks.airflow.providers.standard.hooks.subprocess.SubprocessHook"}
{"timestamp":"2025-09-26T16:21:00.365527","level":"info","event":"✅ Processing completed successfully!","logger":"airflow.task.hooks.airflow.providers.standard.hooks.subprocess.SubprocessHook"}
{"timestamp":"2025-09-26T16:21:00.365548","level":"info","event":"📄 Output file: /Users/adelson/Documents/mai-thomas/data/combined_chats__clair_api_ssrl.xlsx","logger":"airflow.task.hooks.airflow.providers.standard.hooks.subprocess.SubprocessHook"}
{"timestamp":"2025-09-26T16:21:00.368740","level":"info","event":"📏 File size: 0B","logger":"airflow.task.hooks.airflow.providers.standard.hooks.subprocess.SubprocessHook"}
{"timestamp":"2025-09-26T16:21:00.368771","level":"info","event":"= * 60","logger":"airflow.task.hooks.airflow.providers.standard.hooks.subprocess.SubprocessHook"}
{"timestamp":"2025-09-26T16:21:00.369200","level":"info","event":"Command exited with return code 0","logger":"airflow.task.hooks.airflow.providers.standard.hooks.subprocess.SubprocessHook"}
{"timestamp":"2025-09-26T16:21:00.369535","level":"info","event":"Pushing xcom","ti":"RuntimeTaskInstance(id=UUID('019986ce-f80b-797d-b1e9-2472fcf4c435'), task_id='processing_summary', dag_id='clair_api_processor', run_id='manual__2025-09-26T16:15:34.892211+00:00', try_number=1, map_index=-1, hostname='macbook-air-de-adelson.local', context_carrier=None, task=<Task(BashOperator): processing_summary>, bundle_instance=LocalDagBundle(name=dags-folder), max_tries=1, start_date=datetime.datetime(2025, 9, 26, 16, 20, 59, 938188, tzinfo=datetime.timezone.utc), end_date=None, state=<TaskInstanceState.RUNNING: 'running'>, is_mapped=False, rendered_map_index=None, log_url='http://localhost:8080/dags/clair_api_processor/runs/manual__2025-09-26T16%3A15%3A34.892211%2B00%3A00/tasks/processing_summary?try_number=1')","logger":"task"}
