{"timestamp":"2025-09-26T00:52:29.387888","level":"info","event":"DAG bundles loaded: dags-folder","logger":"airflow.dag_processing.bundles.manager.DagBundlesManager"}
{"timestamp":"2025-09-26T00:52:29.388117","level":"info","event":"Filling up the DagBag from /Users/adelson/airflow/dags/prep_chats.py","logger":"airflow.models.dagbag.DagBag"}
{"timestamp":"2025-09-26T00:52:29.621091","level":"info","event":"NumExpr defaulting to 10 threads.","logger":"numexpr.utils"}
{"timestamp":"2025-09-26T00:52:29.797844Z","level":"info","event":"Discovering CSV files in folder: /Users/adelson/Documents/mai-thomas/VR_WC_Transcripts","chan":"stdout","logger":"task"}
{"timestamp":"2025-09-26T00:52:29.798324Z","level":"info","event":"Found 26 CSV files:","chan":"stdout","logger":"task"}
{"timestamp":"2025-09-26T00:52:29.798364Z","level":"info","event":"  - /Users/adelson/Documents/mai-thomas/VR_WC_Transcripts/VR_WC_S11english.csv","chan":"stdout","logger":"task"}
{"timestamp":"2025-09-26T00:52:29.798387Z","level":"info","event":"  - /Users/adelson/Documents/mai-thomas/VR_WC_Transcripts/VR_WC_S26english.csv","chan":"stdout","logger":"task"}
{"timestamp":"2025-09-26T00:52:29.798405Z","level":"info","event":"  - /Users/adelson/Documents/mai-thomas/VR_WC_Transcripts/VR_WC_S7english.csv","chan":"stdout","logger":"task"}
{"timestamp":"2025-09-26T00:52:29.798421Z","level":"info","event":"  - /Users/adelson/Documents/mai-thomas/VR_WC_Transcripts/VR_WC_S2english.csv","chan":"stdout","logger":"task"}
{"timestamp":"2025-09-26T00:52:29.798448Z","level":"info","event":"  - /Users/adelson/Documents/mai-thomas/VR_WC_Transcripts/VR_WC_S23english.csv","chan":"stdout","logger":"task"}
{"timestamp":"2025-09-26T00:52:29.798464Z","level":"info","event":"  - /Users/adelson/Documents/mai-thomas/VR_WC_Transcripts/VR_WC_S14english.csv","chan":"stdout","logger":"task"}
{"timestamp":"2025-09-26T00:52:29.798478Z","level":"info","event":"  - /Users/adelson/Documents/mai-thomas/VR_WC_Transcripts/VR_WC_S19english.csv","chan":"stdout","logger":"task"}
{"timestamp":"2025-09-26T00:52:29.798493Z","level":"info","event":"  - /Users/adelson/Documents/mai-thomas/VR_WC_Transcripts/VR_WC_S8english.csv","chan":"stdout","logger":"task"}
{"timestamp":"2025-09-26T00:52:29.798511Z","level":"info","event":"  - /Users/adelson/Documents/mai-thomas/VR_WC_Transcripts/VR_WC_S29english.csv","chan":"stdout","logger":"task"}
{"timestamp":"2025-09-26T00:52:29.798524Z","level":"info","event":"  - /Users/adelson/Documents/mai-thomas/VR_WC_Transcripts/VR_WC_S24english.csv","chan":"stdout","logger":"task"}
{"timestamp":"2025-09-26T00:52:29.798538Z","level":"info","event":"  - /Users/adelson/Documents/mai-thomas/VR_WC_Transcripts/VR_WC_S13english.csv","chan":"stdout","logger":"task"}
{"timestamp":"2025-09-26T00:52:29.798551Z","level":"info","event":"  - /Users/adelson/Documents/mai-thomas/VR_WC_Transcripts/VR_WC_S5english.csv","chan":"stdout","logger":"task"}
{"timestamp":"2025-09-26T00:52:29.798566Z","level":"info","event":"  - /Users/adelson/Documents/mai-thomas/VR_WC_Transcripts/VR_WC_S16english.csv","chan":"stdout","logger":"task"}
{"timestamp":"2025-09-26T00:52:29.798579Z","level":"info","event":"  - /Users/adelson/Documents/mai-thomas/VR_WC_Transcripts/VR_WC_S21english.csv","chan":"stdout","logger":"task"}
{"timestamp":"2025-09-26T00:52:29.798593Z","level":"info","event":"  - /Users/adelson/Documents/mai-thomas/VR_WC_Transcripts/VR_WC_S22english.csv","chan":"stdout","logger":"task"}
{"timestamp":"2025-09-26T00:52:29.798607Z","level":"info","event":"  - /Users/adelson/Documents/mai-thomas/VR_WC_Transcripts/VR_WC_S15english.csv","chan":"stdout","logger":"task"}
{"timestamp":"2025-09-26T00:52:29.798620Z","level":"info","event":"  - /Users/adelson/Documents/mai-thomas/VR_WC_Transcripts/VR_WC_S3english.csv","chan":"stdout","logger":"task"}
{"timestamp":"2025-09-26T00:52:29.798639Z","level":"info","event":"  - /Users/adelson/Documents/mai-thomas/VR_WC_Transcripts/VR_WC_S18english.csv","chan":"stdout","logger":"task"}
{"timestamp":"2025-09-26T00:52:29.798656Z","level":"info","event":"  - /Users/adelson/Documents/mai-thomas/VR_WC_Transcripts/VR_WC_S6english.csv","chan":"stdout","logger":"task"}
{"timestamp":"2025-09-26T00:52:29.798683Z","level":"info","event":"  - /Users/adelson/Documents/mai-thomas/VR_WC_Transcripts/VR_WC_S10english.csv","chan":"stdout","logger":"task"}
{"timestamp":"2025-09-26T00:52:29.798698Z","level":"info","event":"  - /Users/adelson/Documents/mai-thomas/VR_WC_Transcripts/VR_WC_S17english.csv","chan":"stdout","logger":"task"}
{"timestamp":"2025-09-26T00:52:29.798718Z","level":"info","event":"  - /Users/adelson/Documents/mai-thomas/VR_WC_Transcripts/VR_WC_S20english.csv","chan":"stdout","logger":"task"}
{"timestamp":"2025-09-26T00:52:29.798735Z","level":"info","event":"  - /Users/adelson/Documents/mai-thomas/VR_WC_Transcripts/VR_WC_S28english.csv","chan":"stdout","logger":"task"}
{"timestamp":"2025-09-26T00:52:29.798750Z","level":"info","event":"  - /Users/adelson/Documents/mai-thomas/VR_WC_Transcripts/VR_WC_S9english.csv","chan":"stdout","logger":"task"}
{"timestamp":"2025-09-26T00:52:29.798764Z","level":"info","event":"  - /Users/adelson/Documents/mai-thomas/VR_WC_Transcripts/VR_WC_S4english.csv","chan":"stdout","logger":"task"}
{"timestamp":"2025-09-26T00:52:29.798778Z","level":"info","event":"  - /Users/adelson/Documents/mai-thomas/VR_WC_Transcripts/VR_WC_S12english.csv","chan":"stdout","logger":"task"}
{"timestamp":"2025-09-26T00:52:29.798380","level":"info","event":"Done. Returned value was: ['/Users/adelson/Documents/mai-thomas/VR_WC_Transcripts/VR_WC_S11english.csv', '/Users/adelson/Documents/mai-thomas/VR_WC_Transcripts/VR_WC_S26english.csv', '/Users/adelson/Documents/mai-thomas/VR_WC_Transcripts/VR_WC_S7english.csv', '/Users/adelson/Documents/mai-thomas/VR_WC_Transcripts/VR_WC_S2english.csv', '/Users/adelson/Documents/mai-thomas/VR_WC_Transcripts/VR_WC_S23english.csv', '/Users/adelson/Documents/mai-thomas/VR_WC_Transcripts/VR_WC_S14english.csv', '/Users/adelson/Documents/mai-thomas/VR_WC_Transcripts/VR_WC_S19english.csv', '/Users/adelson/Documents/mai-thomas/VR_WC_Transcripts/VR_WC_S8english.csv', '/Users/adelson/Documents/mai-thomas/VR_WC_Transcripts/VR_WC_S29english.csv', '/Users/adelson/Documents/mai-thomas/VR_WC_Transcripts/VR_WC_S24english.csv', '/Users/adelson/Documents/mai-thomas/VR_WC_Transcripts/VR_WC_S13english.csv', '/Users/adelson/Documents/mai-thomas/VR_WC_Transcripts/VR_WC_S5english.csv', '/Users/adelson/Documents/mai-thomas/VR_WC_Transcripts/VR_WC_S16english.csv', '/Users/adelson/Documents/mai-thomas/VR_WC_Transcripts/VR_WC_S21english.csv', '/Users/adelson/Documents/mai-thomas/VR_WC_Transcripts/VR_WC_S22english.csv', '/Users/adelson/Documents/mai-thomas/VR_WC_Transcripts/VR_WC_S15english.csv', '/Users/adelson/Documents/mai-thomas/VR_WC_Transcripts/VR_WC_S3english.csv', '/Users/adelson/Documents/mai-thomas/VR_WC_Transcripts/VR_WC_S18english.csv', '/Users/adelson/Documents/mai-thomas/VR_WC_Transcripts/VR_WC_S6english.csv', '/Users/adelson/Documents/mai-thomas/VR_WC_Transcripts/VR_WC_S10english.csv', '/Users/adelson/Documents/mai-thomas/VR_WC_Transcripts/VR_WC_S17english.csv', '/Users/adelson/Documents/mai-thomas/VR_WC_Transcripts/VR_WC_S20english.csv', '/Users/adelson/Documents/mai-thomas/VR_WC_Transcripts/VR_WC_S28english.csv', '/Users/adelson/Documents/mai-thomas/VR_WC_Transcripts/VR_WC_S9english.csv', '/Users/adelson/Documents/mai-thomas/VR_WC_Transcripts/VR_WC_S4english.csv', '/Users/adelson/Documents/mai-thomas/VR_WC_Transcripts/VR_WC_S12english.csv']","logger":"airflow.task.operators.airflow.providers.standard.operators.python.PythonOperator"}
{"timestamp":"2025-09-26T00:52:29.798449","level":"info","event":"Pushing xcom","ti":"RuntimeTaskInstance(id=UUID('01998381-d0a5-7a37-aef9-131bd30939af'), task_id='discover_csv_files', dag_id='prep_chats', run_id='manual__2025-09-26T00:52:26.893870+00:00', try_number=1, map_index=-1, hostname='macbook-air-de-adelson.local', context_carrier=None, task=<Task(PythonOperator): discover_csv_files>, bundle_instance=LocalDagBundle(name=dags-folder), max_tries=1, start_date=datetime.datetime(2025, 9, 26, 0, 52, 28, 982510, tzinfo=datetime.timezone.utc), end_date=None, state=<TaskInstanceState.RUNNING: 'running'>, is_mapped=False, rendered_map_index=None, log_url='http://localhost:8080/dags/prep_chats/runs/manual__2025-09-26T00%3A52%3A26.893870%2B00%3A00/tasks/discover_csv_files?try_number=1')","logger":"task"}
