{"timestamp":"2025-09-26T13:42:16.607695","level":"info","event":"DAG bundles loaded: dags-folder","logger":"airflow.dag_processing.bundles.manager.DagBundlesManager"}
{"timestamp":"2025-09-26T13:42:16.607965","level":"info","event":"Filling up the DagBag from /Users/adelson/airflow/dags/prep_chats.py","logger":"airflow.models.dagbag.DagBag"}
{"timestamp":"2025-09-26T13:42:16.863285","level":"info","event":"NumExpr defaulting to 10 threads.","logger":"numexpr.utils"}
{"timestamp":"2025-09-26T13:42:17.049814Z","level":"info","event":"Discovering CSV files in folder: /Users/adelson/Documents/mai-thomas/VR_WC_Transcripts","chan":"stdout","logger":"task"}
{"timestamp":"2025-09-26T13:42:17.050230Z","level":"info","event":"Found 26 CSV files:","chan":"stdout","logger":"task"}
{"timestamp":"2025-09-26T13:42:17.050260Z","level":"info","event":"  - /Users/adelson/Documents/mai-thomas/VR_WC_Transcripts/VR_WC_S11english.csv","chan":"stdout","logger":"task"}
{"timestamp":"2025-09-26T13:42:17.050281Z","level":"info","event":"  - /Users/adelson/Documents/mai-thomas/VR_WC_Transcripts/VR_WC_S26english.csv","chan":"stdout","logger":"task"}
{"timestamp":"2025-09-26T13:42:17.050299Z","level":"info","event":"  - /Users/adelson/Documents/mai-thomas/VR_WC_Transcripts/VR_WC_S7english.csv","chan":"stdout","logger":"task"}
{"timestamp":"2025-09-26T13:42:17.050316Z","level":"info","event":"  - /Users/adelson/Documents/mai-thomas/VR_WC_Transcripts/VR_WC_S2english.csv","chan":"stdout","logger":"task"}
{"timestamp":"2025-09-26T13:42:17.050345Z","level":"info","event":"  - /Users/adelson/Documents/mai-thomas/VR_WC_Transcripts/VR_WC_S23english.csv","chan":"stdout","logger":"task"}
{"timestamp":"2025-09-26T13:42:17.050364Z","level":"info","event":"  - /Users/adelson/Documents/mai-thomas/VR_WC_Transcripts/VR_WC_S14english.csv","chan":"stdout","logger":"task"}
{"timestamp":"2025-09-26T13:42:17.050380Z","level":"info","event":"  - /Users/adelson/Documents/mai-thomas/VR_WC_Transcripts/VR_WC_S19english.csv","chan":"stdout","logger":"task"}
{"timestamp":"2025-09-26T13:42:17.050396Z","level":"info","event":"  - /Users/adelson/Documents/mai-thomas/VR_WC_Transcripts/VR_WC_S8english.csv","chan":"stdout","logger":"task"}
{"timestamp":"2025-09-26T13:42:17.050413Z","level":"info","event":"  - /Users/adelson/Documents/mai-thomas/VR_WC_Transcripts/VR_WC_S29english.csv","chan":"stdout","logger":"task"}
{"timestamp":"2025-09-26T13:42:17.050428Z","level":"info","event":"  - /Users/adelson/Documents/mai-thomas/VR_WC_Transcripts/VR_WC_S24english.csv","chan":"stdout","logger":"task"}
{"timestamp":"2025-09-26T13:42:17.050444Z","level":"info","event":"  - /Users/adelson/Documents/mai-thomas/VR_WC_Transcripts/VR_WC_S13english.csv","chan":"stdout","logger":"task"}
{"timestamp":"2025-09-26T13:42:17.050460Z","level":"info","event":"  - /Users/adelson/Documents/mai-thomas/VR_WC_Transcripts/VR_WC_S5english.csv","chan":"stdout","logger":"task"}
{"timestamp":"2025-09-26T13:42:17.050480Z","level":"info","event":"  - /Users/adelson/Documents/mai-thomas/VR_WC_Transcripts/VR_WC_S16english.csv","chan":"stdout","logger":"task"}
{"timestamp":"2025-09-26T13:42:17.050496Z","level":"info","event":"  - /Users/adelson/Documents/mai-thomas/VR_WC_Transcripts/VR_WC_S21english.csv","chan":"stdout","logger":"task"}
{"timestamp":"2025-09-26T13:42:17.050511Z","level":"info","event":"  - /Users/adelson/Documents/mai-thomas/VR_WC_Transcripts/VR_WC_S22english.csv","chan":"stdout","logger":"task"}
{"timestamp":"2025-09-26T13:42:17.050527Z","level":"info","event":"  - /Users/adelson/Documents/mai-thomas/VR_WC_Transcripts/VR_WC_S15english.csv","chan":"stdout","logger":"task"}
{"timestamp":"2025-09-26T13:42:17.050545Z","level":"info","event":"  - /Users/adelson/Documents/mai-thomas/VR_WC_Transcripts/VR_WC_S3english.csv","chan":"stdout","logger":"task"}
{"timestamp":"2025-09-26T13:42:17.050561Z","level":"info","event":"  - /Users/adelson/Documents/mai-thomas/VR_WC_Transcripts/VR_WC_S18english.csv","chan":"stdout","logger":"task"}
{"timestamp":"2025-09-26T13:42:17.050576Z","level":"info","event":"  - /Users/adelson/Documents/mai-thomas/VR_WC_Transcripts/VR_WC_S6english.csv","chan":"stdout","logger":"task"}
{"timestamp":"2025-09-26T13:42:17.050605Z","level":"info","event":"  - /Users/adelson/Documents/mai-thomas/VR_WC_Transcripts/VR_WC_S10english.csv","chan":"stdout","logger":"task"}
{"timestamp":"2025-09-26T13:42:17.050620Z","level":"info","event":"  - /Users/adelson/Documents/mai-thomas/VR_WC_Transcripts/VR_WC_S17english.csv","chan":"stdout","logger":"task"}
{"timestamp":"2025-09-26T13:42:17.050635Z","level":"info","event":"  - /Users/adelson/Documents/mai-thomas/VR_WC_Transcripts/VR_WC_S20english.csv","chan":"stdout","logger":"task"}
{"timestamp":"2025-09-26T13:42:17.050649Z","level":"info","event":"  - /Users/adelson/Documents/mai-thomas/VR_WC_Transcripts/VR_WC_S28english.csv","chan":"stdout","logger":"task"}
{"timestamp":"2025-09-26T13:42:17.050664Z","level":"info","event":"  - /Users/adelson/Documents/mai-thomas/VR_WC_Transcripts/VR_WC_S9english.csv","chan":"stdout","logger":"task"}
{"timestamp":"2025-09-26T13:42:17.050685Z","level":"info","event":"  - /Users/adelson/Documents/mai-thomas/VR_WC_Transcripts/VR_WC_S4english.csv","chan":"stdout","logger":"task"}
{"timestamp":"2025-09-26T13:42:17.050699Z","level":"info","event":"  - /Users/adelson/Documents/mai-thomas/VR_WC_Transcripts/VR_WC_S12english.csv","chan":"stdout","logger":"task"}
{"timestamp":"2025-09-26T13:42:17.050291","level":"info","event":"Done. Returned value was: ['/Users/adelson/Documents/mai-thomas/VR_WC_Transcripts/VR_WC_S11english.csv', '/Users/adelson/Documents/mai-thomas/VR_WC_Transcripts/VR_WC_S26english.csv', '/Users/adelson/Documents/mai-thomas/VR_WC_Transcripts/VR_WC_S7english.csv', '/Users/adelson/Documents/mai-thomas/VR_WC_Transcripts/VR_WC_S2english.csv', '/Users/adelson/Documents/mai-thomas/VR_WC_Transcripts/VR_WC_S23english.csv', '/Users/adelson/Documents/mai-thomas/VR_WC_Transcripts/VR_WC_S14english.csv', '/Users/adelson/Documents/mai-thomas/VR_WC_Transcripts/VR_WC_S19english.csv', '/Users/adelson/Documents/mai-thomas/VR_WC_Transcripts/VR_WC_S8english.csv', '/Users/adelson/Documents/mai-thomas/VR_WC_Transcripts/VR_WC_S29english.csv', '/Users/adelson/Documents/mai-thomas/VR_WC_Transcripts/VR_WC_S24english.csv', '/Users/adelson/Documents/mai-thomas/VR_WC_Transcripts/VR_WC_S13english.csv', '/Users/adelson/Documents/mai-thomas/VR_WC_Transcripts/VR_WC_S5english.csv', '/Users/adelson/Documents/mai-thomas/VR_WC_Transcripts/VR_WC_S16english.csv', '/Users/adelson/Documents/mai-thomas/VR_WC_Transcripts/VR_WC_S21english.csv', '/Users/adelson/Documents/mai-thomas/VR_WC_Transcripts/VR_WC_S22english.csv', '/Users/adelson/Documents/mai-thomas/VR_WC_Transcripts/VR_WC_S15english.csv', '/Users/adelson/Documents/mai-thomas/VR_WC_Transcripts/VR_WC_S3english.csv', '/Users/adelson/Documents/mai-thomas/VR_WC_Transcripts/VR_WC_S18english.csv', '/Users/adelson/Documents/mai-thomas/VR_WC_Transcripts/VR_WC_S6english.csv', '/Users/adelson/Documents/mai-thomas/VR_WC_Transcripts/VR_WC_S10english.csv', '/Users/adelson/Documents/mai-thomas/VR_WC_Transcripts/VR_WC_S17english.csv', '/Users/adelson/Documents/mai-thomas/VR_WC_Transcripts/VR_WC_S20english.csv', '/Users/adelson/Documents/mai-thomas/VR_WC_Transcripts/VR_WC_S28english.csv', '/Users/adelson/Documents/mai-thomas/VR_WC_Transcripts/VR_WC_S9english.csv', '/Users/adelson/Documents/mai-thomas/VR_WC_Transcripts/VR_WC_S4english.csv', '/Users/adelson/Documents/mai-thomas/VR_WC_Transcripts/VR_WC_S12english.csv']","logger":"airflow.task.operators.airflow.providers.standard.operators.python.PythonOperator"}
{"timestamp":"2025-09-26T13:42:17.050372","level":"info","event":"Pushing xcom","ti":"RuntimeTaskInstance(id=UUID('01998642-98df-7cb5-8a4a-9c5af2c41c85'), task_id='discover_csv_files', dag_id='prep_chats', run_id='manual__2025-09-26T13:42:15.494656+00:00', try_number=1, map_index=-1, hostname='macbook-air-de-adelson.local', context_carrier=None, task=<Task(PythonOperator): discover_csv_files>, bundle_instance=LocalDagBundle(name=dags-folder), max_tries=0, start_date=datetime.datetime(2025, 9, 26, 13, 42, 16, 560593, tzinfo=datetime.timezone.utc), end_date=None, state=<TaskInstanceState.RUNNING: 'running'>, is_mapped=False, rendered_map_index=None, log_url='http://localhost:8080/dags/prep_chats/runs/manual__2025-09-26T13%3A42%3A15.494656%2B00%3A00/tasks/discover_csv_files?try_number=1')","logger":"task"}
