{"timestamp":"2025-09-26T13:16:01.149835","level":"info","event":"DAG bundles loaded: dags-folder","logger":"airflow.dag_processing.bundles.manager.DagBundlesManager"}
{"timestamp":"2025-09-26T13:16:01.150183","level":"info","event":"Filling up the DagBag from /Users/adelson/airflow/dags/prep_chats.py","logger":"airflow.models.dagbag.DagBag"}
{"timestamp":"2025-09-26T13:16:01.412155","level":"info","event":"NumExpr defaulting to 10 threads.","logger":"numexpr.utils"}
{"timestamp":"2025-09-26T13:16:01.583852Z","level":"info","event":"Discovering CSV files in folder: /Users/adelson/Documents/mai-thomas/VR_WC_Transcripts","chan":"stdout","logger":"task"}
{"timestamp":"2025-09-26T13:16:01.584884Z","level":"info","event":"Found 26 CSV files:","chan":"stdout","logger":"task"}
{"timestamp":"2025-09-26T13:16:01.584914Z","level":"info","event":"  - /Users/adelson/Documents/mai-thomas/VR_WC_Transcripts/VR_WC_S11english.csv","chan":"stdout","logger":"task"}
{"timestamp":"2025-09-26T13:16:01.584934Z","level":"info","event":"  - /Users/adelson/Documents/mai-thomas/VR_WC_Transcripts/VR_WC_S26english.csv","chan":"stdout","logger":"task"}
{"timestamp":"2025-09-26T13:16:01.584953Z","level":"info","event":"  - /Users/adelson/Documents/mai-thomas/VR_WC_Transcripts/VR_WC_S7english.csv","chan":"stdout","logger":"task"}
{"timestamp":"2025-09-26T13:16:01.584968Z","level":"info","event":"  - /Users/adelson/Documents/mai-thomas/VR_WC_Transcripts/VR_WC_S2english.csv","chan":"stdout","logger":"task"}
{"timestamp":"2025-09-26T13:16:01.584983Z","level":"info","event":"  - /Users/adelson/Documents/mai-thomas/VR_WC_Transcripts/VR_WC_S23english.csv","chan":"stdout","logger":"task"}
{"timestamp":"2025-09-26T13:16:01.584997Z","level":"info","event":"  - /Users/adelson/Documents/mai-thomas/VR_WC_Transcripts/VR_WC_S14english.csv","chan":"stdout","logger":"task"}
{"timestamp":"2025-09-26T13:16:01.585021Z","level":"info","event":"  - /Users/adelson/Documents/mai-thomas/VR_WC_Transcripts/VR_WC_S19english.csv","chan":"stdout","logger":"task"}
{"timestamp":"2025-09-26T13:16:01.585036Z","level":"info","event":"  - /Users/adelson/Documents/mai-thomas/VR_WC_Transcripts/VR_WC_S8english.csv","chan":"stdout","logger":"task"}
{"timestamp":"2025-09-26T13:16:01.585050Z","level":"info","event":"  - /Users/adelson/Documents/mai-thomas/VR_WC_Transcripts/VR_WC_S29english.csv","chan":"stdout","logger":"task"}
{"timestamp":"2025-09-26T13:16:01.585064Z","level":"info","event":"  - /Users/adelson/Documents/mai-thomas/VR_WC_Transcripts/VR_WC_S24english.csv","chan":"stdout","logger":"task"}
{"timestamp":"2025-09-26T13:16:01.585077Z","level":"info","event":"  - /Users/adelson/Documents/mai-thomas/VR_WC_Transcripts/VR_WC_S13english.csv","chan":"stdout","logger":"task"}
{"timestamp":"2025-09-26T13:16:01.585091Z","level":"info","event":"  - /Users/adelson/Documents/mai-thomas/VR_WC_Transcripts/VR_WC_S5english.csv","chan":"stdout","logger":"task"}
{"timestamp":"2025-09-26T13:16:01.585108Z","level":"info","event":"  - /Users/adelson/Documents/mai-thomas/VR_WC_Transcripts/VR_WC_S16english.csv","chan":"stdout","logger":"task"}
{"timestamp":"2025-09-26T13:16:01.585127Z","level":"info","event":"  - /Users/adelson/Documents/mai-thomas/VR_WC_Transcripts/VR_WC_S21english.csv","chan":"stdout","logger":"task"}
{"timestamp":"2025-09-26T13:16:01.585142Z","level":"info","event":"  - /Users/adelson/Documents/mai-thomas/VR_WC_Transcripts/VR_WC_S22english.csv","chan":"stdout","logger":"task"}
{"timestamp":"2025-09-26T13:16:01.585157Z","level":"info","event":"  - /Users/adelson/Documents/mai-thomas/VR_WC_Transcripts/VR_WC_S15english.csv","chan":"stdout","logger":"task"}
{"timestamp":"2025-09-26T13:16:01.585172Z","level":"info","event":"  - /Users/adelson/Documents/mai-thomas/VR_WC_Transcripts/VR_WC_S3english.csv","chan":"stdout","logger":"task"}
{"timestamp":"2025-09-26T13:16:01.585187Z","level":"info","event":"  - /Users/adelson/Documents/mai-thomas/VR_WC_Transcripts/VR_WC_S18english.csv","chan":"stdout","logger":"task"}
{"timestamp":"2025-09-26T13:16:01.585202Z","level":"info","event":"  - /Users/adelson/Documents/mai-thomas/VR_WC_Transcripts/VR_WC_S6english.csv","chan":"stdout","logger":"task"}
{"timestamp":"2025-09-26T13:16:01.585221Z","level":"info","event":"  - /Users/adelson/Documents/mai-thomas/VR_WC_Transcripts/VR_WC_S10english.csv","chan":"stdout","logger":"task"}
{"timestamp":"2025-09-26T13:16:01.585234Z","level":"info","event":"  - /Users/adelson/Documents/mai-thomas/VR_WC_Transcripts/VR_WC_S17english.csv","chan":"stdout","logger":"task"}
{"timestamp":"2025-09-26T13:16:01.585247Z","level":"info","event":"  - /Users/adelson/Documents/mai-thomas/VR_WC_Transcripts/VR_WC_S20english.csv","chan":"stdout","logger":"task"}
{"timestamp":"2025-09-26T13:16:01.585260Z","level":"info","event":"  - /Users/adelson/Documents/mai-thomas/VR_WC_Transcripts/VR_WC_S28english.csv","chan":"stdout","logger":"task"}
{"timestamp":"2025-09-26T13:16:01.585273Z","level":"info","event":"  - /Users/adelson/Documents/mai-thomas/VR_WC_Transcripts/VR_WC_S9english.csv","chan":"stdout","logger":"task"}
{"timestamp":"2025-09-26T13:16:01.585285Z","level":"info","event":"  - /Users/adelson/Documents/mai-thomas/VR_WC_Transcripts/VR_WC_S4english.csv","chan":"stdout","logger":"task"}
{"timestamp":"2025-09-26T13:16:01.585298Z","level":"info","event":"  - /Users/adelson/Documents/mai-thomas/VR_WC_Transcripts/VR_WC_S12english.csv","chan":"stdout","logger":"task"}
{"timestamp":"2025-09-26T13:16:01.584940","level":"info","event":"Done. Returned value was: ['/Users/adelson/Documents/mai-thomas/VR_WC_Transcripts/VR_WC_S11english.csv', '/Users/adelson/Documents/mai-thomas/VR_WC_Transcripts/VR_WC_S26english.csv', '/Users/adelson/Documents/mai-thomas/VR_WC_Transcripts/VR_WC_S7english.csv', '/Users/adelson/Documents/mai-thomas/VR_WC_Transcripts/VR_WC_S2english.csv', '/Users/adelson/Documents/mai-thomas/VR_WC_Transcripts/VR_WC_S23english.csv', '/Users/adelson/Documents/mai-thomas/VR_WC_Transcripts/VR_WC_S14english.csv', '/Users/adelson/Documents/mai-thomas/VR_WC_Transcripts/VR_WC_S19english.csv', '/Users/adelson/Documents/mai-thomas/VR_WC_Transcripts/VR_WC_S8english.csv', '/Users/adelson/Documents/mai-thomas/VR_WC_Transcripts/VR_WC_S29english.csv', '/Users/adelson/Documents/mai-thomas/VR_WC_Transcripts/VR_WC_S24english.csv', '/Users/adelson/Documents/mai-thomas/VR_WC_Transcripts/VR_WC_S13english.csv', '/Users/adelson/Documents/mai-thomas/VR_WC_Transcripts/VR_WC_S5english.csv', '/Users/adelson/Documents/mai-thomas/VR_WC_Transcripts/VR_WC_S16english.csv', '/Users/adelson/Documents/mai-thomas/VR_WC_Transcripts/VR_WC_S21english.csv', '/Users/adelson/Documents/mai-thomas/VR_WC_Transcripts/VR_WC_S22english.csv', '/Users/adelson/Documents/mai-thomas/VR_WC_Transcripts/VR_WC_S15english.csv', '/Users/adelson/Documents/mai-thomas/VR_WC_Transcripts/VR_WC_S3english.csv', '/Users/adelson/Documents/mai-thomas/VR_WC_Transcripts/VR_WC_S18english.csv', '/Users/adelson/Documents/mai-thomas/VR_WC_Transcripts/VR_WC_S6english.csv', '/Users/adelson/Documents/mai-thomas/VR_WC_Transcripts/VR_WC_S10english.csv', '/Users/adelson/Documents/mai-thomas/VR_WC_Transcripts/VR_WC_S17english.csv', '/Users/adelson/Documents/mai-thomas/VR_WC_Transcripts/VR_WC_S20english.csv', '/Users/adelson/Documents/mai-thomas/VR_WC_Transcripts/VR_WC_S28english.csv', '/Users/adelson/Documents/mai-thomas/VR_WC_Transcripts/VR_WC_S9english.csv', '/Users/adelson/Documents/mai-thomas/VR_WC_Transcripts/VR_WC_S4english.csv', '/Users/adelson/Documents/mai-thomas/VR_WC_Transcripts/VR_WC_S12english.csv']","logger":"airflow.task.operators.airflow.providers.standard.operators.python.PythonOperator"}
{"timestamp":"2025-09-26T13:16:01.585004","level":"info","event":"Pushing xcom","ti":"RuntimeTaskInstance(id=UUID('0199862a-8edf-78fe-9293-7a85300bb96f'), task_id='discover_csv_files', dag_id='prep_chats', run_id='manual__2025-09-26T13:16:00.079382+00:00', try_number=1, map_index=-1, hostname='macbook-air-de-adelson.local', context_carrier=None, task=<Task(PythonOperator): discover_csv_files>, bundle_instance=LocalDagBundle(name=dags-folder), max_tries=0, start_date=datetime.datetime(2025, 9, 26, 13, 16, 1, 104223, tzinfo=datetime.timezone.utc), end_date=None, state=<TaskInstanceState.RUNNING: 'running'>, is_mapped=False, rendered_map_index=None, log_url='http://localhost:8080/dags/prep_chats/runs/manual__2025-09-26T13%3A16%3A00.079382%2B00%3A00/tasks/discover_csv_files?try_number=1')","logger":"task"}
