{"timestamp":"2025-09-26T21:43:46.623782","level":"info","event":"DAG bundles loaded: dags-folder","logger":"airflow.dag_processing.bundles.manager.DagBundlesManager"}
{"timestamp":"2025-09-26T21:43:46.624083","level":"info","event":"Filling up the DagBag from /Users/adelson/airflow/dags/clair_api_processor.py","logger":"airflow.models.dagbag.DagBag"}
{"timestamp":"2025-09-26T21:43:46.694373","level":"info","event":"Tmp dir root location: /var/folders/82/f0krq6zj2bb8g6tczhngyxh00000gn/T","logger":"airflow.task.hooks.airflow.providers.standard.hooks.subprocess.SubprocessHook"}
{"timestamp":"2025-09-26T21:43:46.694676","level":"info","event":"Running command: ['/bin/bash', '-c', '\\n        # Set environment variables\\n        export CLAIR_URL=\"https://next-lab-test.bms.utwente.nl/chatBot/\"\\n        export CLAIR_TOKEN=\"ZMhoyTJQxNE\"\\n        \\n        # Add conda to PATH\\n        export PATH=\"/Users/adelson/miniconda3/bin:$PATH\"\\n        \\n        # Change to the directory containing clair_api_tester.py\\n        cd \"/Users/adelson/Library/CloudStorage/GoogleDrive-adelson.dias@gmail.com/Meu Drive/Clair/clair-v044\"\\n        \\n        # Activate the clair-py310 environment and run the script\\n        echo \"Starting Clair API processing...\"\\n        echo \"Input file: /Users/adelson/Documents/mai-thomas/data/combined_chats.csv\"\\n        echo \"Mode: ssrl\"\\n        echo \"Keywords: default, artificial intelligence\"\\n        echo \"Language: EN\"\\n        echo \"Groups: 2\"\\n        echo \"\"\\n        \\n        # Run the script with line buffering and stderr redirected to stdout to capture progress bars\\n        # Use set -e to exit on any error\\n        set -e\\n        \\n        # Run the script with unbuffered output\\n        conda run -n clair-py310 python -u tests/archived/clair_api_tester.py             --data_file_path=\"/Users/adelson/Documents/mai-thomas/data/combined_chats.csv\"             --dataset_lang=\"EN\"             --topics_file=\"default, artificial intelligence\"             --mode=\"ssrl\"             --n_groups=\"2\" 2>&1\\n        \\n        # Check exit code and provide clear error message\\n        exit_code=$?\\n        if [ $exit_code -ne 0 ]; then\\n            echo \"❌ ERROR: Clair API processing failed with exit code $exit_code\"\\n            echo \"This might be due to Excel writing issues\"\\n            echo \"Checking if Excel file was created despite the error...\"\\n            \\n            # Check if Excel file exists\\n            output_file=\"/Users/adelson/Documents/mai-thomas/data/combined_chats__clair_api_ssrl.xlsx\"\\n            if [ -f \"$output_file\" ]; then\\n                echo \"✅ Excel file was created successfully despite the error\"\\n                echo \"File: $output_file\"\\n                echo \"Size: $(ls -lh \"$output_file\" | awk \\'{print $5}\\')\"\\n                exit 0  # Success - file exists\\n            else\\n                echo \"❌ Excel file was not created\"\\n                echo \"Expected file: $output_file\"\\n                exit 1  # Fail - no file\\n            fi\\n        fi\\n        \\n        echo \"\"\\n        echo \"Clair API processing completed!\"\\n        ']","logger":"airflow.task.hooks.airflow.providers.standard.hooks.subprocess.SubprocessHook"}
{"timestamp":"2025-09-26T21:43:46.699496","level":"info","event":"Output:","logger":"airflow.task.hooks.airflow.providers.standard.hooks.subprocess.SubprocessHook"}
{"timestamp":"2025-09-26T21:43:46.702667","level":"info","event":"Starting Clair API processing...","logger":"airflow.task.hooks.airflow.providers.standard.hooks.subprocess.SubprocessHook"}
{"timestamp":"2025-09-26T21:43:46.702723","level":"info","event":"Input file: /Users/adelson/Documents/mai-thomas/data/combined_chats.csv","logger":"airflow.task.hooks.airflow.providers.standard.hooks.subprocess.SubprocessHook"}
{"timestamp":"2025-09-26T21:43:46.702750","level":"info","event":"Mode: ssrl","logger":"airflow.task.hooks.airflow.providers.standard.hooks.subprocess.SubprocessHook"}
{"timestamp":"2025-09-26T21:43:46.702824","level":"info","event":"Keywords: default, artificial intelligence","logger":"airflow.task.hooks.airflow.providers.standard.hooks.subprocess.SubprocessHook"}
{"timestamp":"2025-09-26T21:43:46.702950","level":"info","event":"Language: EN","logger":"airflow.task.hooks.airflow.providers.standard.hooks.subprocess.SubprocessHook"}
{"timestamp":"2025-09-26T21:43:46.703017","level":"info","event":"Groups: 2","logger":"airflow.task.hooks.airflow.providers.standard.hooks.subprocess.SubprocessHook"}
{"timestamp":"2025-09-26T21:43:46.703042","level":"info","event":"","logger":"airflow.task.hooks.airflow.providers.standard.hooks.subprocess.SubprocessHook"}
{"timestamp":"2025-09-26T21:47:37.035536","level":"info","event":"","logger":"airflow.task.hooks.airflow.providers.standard.hooks.subprocess.SubprocessHook"}
{"timestamp":"2025-09-26T21:47:37.035750","level":"info","event":"  0%|          | 0/327 [00:00<?, ?it/s]","logger":"airflow.task.hooks.airflow.providers.standard.hooks.subprocess.SubprocessHook"}
{"timestamp":"2025-09-26T21:47:37.035789","level":"info","event":"  0%|          | 1/327 [00:01<07:41,  1.41s/it]","logger":"airflow.task.hooks.airflow.providers.standard.hooks.subprocess.SubprocessHook"}
{"timestamp":"2025-09-26T21:47:37.035816","level":"info","event":"  1%|          | 2/327 [00:02<07:04,  1.31s/it]","logger":"airflow.task.hooks.airflow.providers.standard.hooks.subprocess.SubprocessHook"}
{"timestamp":"2025-09-26T21:47:37.035845","level":"info","event":"  1%|          | 3/327 [00:03<06:56,  1.29s/it]","logger":"airflow.task.hooks.airflow.providers.standard.hooks.subprocess.SubprocessHook"}
{"timestamp":"2025-09-26T21:47:37.035864","level":"info","event":"  1%|          | 4/327 [00:05<06:53,  1.28s/it]","logger":"airflow.task.hooks.airflow.providers.standard.hooks.subprocess.SubprocessHook"}
{"timestamp":"2025-09-26T21:47:37.035882","level":"info","event":"  2%|▏         | 5/327 [00:06<06:49,  1.27s/it]","logger":"airflow.task.hooks.airflow.providers.standard.hooks.subprocess.SubprocessHook"}
{"timestamp":"2025-09-26T21:47:37.035921","level":"info","event":"  2%|▏         | 6/327 [00:07<06:45,  1.26s/it]","logger":"airflow.task.hooks.airflow.providers.standard.hooks.subprocess.SubprocessHook"}
{"timestamp":"2025-09-26T21:47:37.035939","level":"info","event":"  2%|▏         | 7/327 [00:08<06:40,  1.25s/it]","logger":"airflow.task.hooks.airflow.providers.standard.hooks.subprocess.SubprocessHook"}
{"timestamp":"2025-09-26T21:47:37.035957","level":"info","event":"  2%|▏         | 8/327 [00:10<06:39,  1.25s/it]","logger":"airflow.task.hooks.airflow.providers.standard.hooks.subprocess.SubprocessHook"}
{"timestamp":"2025-09-26T21:47:37.035979","level":"info","event":"  3%|▎         | 9/327 [00:11<06:33,  1.24s/it]","logger":"airflow.task.hooks.airflow.providers.standard.hooks.subprocess.SubprocessHook"}
{"timestamp":"2025-09-26T21:47:37.035995","level":"info","event":"  3%|▎         | 10/327 [00:12<06:29,  1.23s/it]","logger":"airflow.task.hooks.airflow.providers.standard.hooks.subprocess.SubprocessHook"}
{"timestamp":"2025-09-26T21:47:37.036019","level":"info","event":"  3%|▎         | 11/327 [00:13<06:34,  1.25s/it]","logger":"airflow.task.hooks.airflow.providers.standard.hooks.subprocess.SubprocessHook"}
{"timestamp":"2025-09-26T21:47:37.036035","level":"info","event":"  4%|▎         | 12/327 [00:15<06:33,  1.25s/it]","logger":"airflow.task.hooks.airflow.providers.standard.hooks.subprocess.SubprocessHook"}
{"timestamp":"2025-09-26T21:47:37.036051","level":"info","event":"  4%|▍         | 13/327 [00:16<06:32,  1.25s/it]","logger":"airflow.task.hooks.airflow.providers.standard.hooks.subprocess.SubprocessHook"}
{"timestamp":"2025-09-26T21:47:37.036068","level":"info","event":"  4%|▍         | 14/327 [00:17<06:32,  1.25s/it]","logger":"airflow.task.hooks.airflow.providers.standard.hooks.subprocess.SubprocessHook"}
{"timestamp":"2025-09-26T21:47:37.036084","level":"info","event":"  5%|▍         | 15/327 [00:18<06:33,  1.26s/it]","logger":"airflow.task.hooks.airflow.providers.standard.hooks.subprocess.SubprocessHook"}
{"timestamp":"2025-09-26T21:47:37.036100","level":"info","event":"  5%|▍         | 16/327 [00:20<06:28,  1.25s/it]","logger":"airflow.task.hooks.airflow.providers.standard.hooks.subprocess.SubprocessHook"}
{"timestamp":"2025-09-26T21:47:37.036115","level":"info","event":"  5%|▌         | 17/327 [00:21<06:26,  1.25s/it]","logger":"airflow.task.hooks.airflow.providers.standard.hooks.subprocess.SubprocessHook"}
{"timestamp":"2025-09-26T21:47:37.036147","level":"info","event":"  6%|▌         | 18/327 [00:22<06:21,  1.24s/it]","logger":"airflow.task.hooks.airflow.providers.standard.hooks.subprocess.SubprocessHook"}
{"timestamp":"2025-09-26T21:47:37.036164","level":"info","event":"  6%|▌         | 19/327 [00:23<06:20,  1.24s/it]","logger":"airflow.task.hooks.airflow.providers.standard.hooks.subprocess.SubprocessHook"}
{"timestamp":"2025-09-26T21:47:37.036186","level":"info","event":"  6%|▌         | 20/327 [00:25<06:21,  1.24s/it]","logger":"airflow.task.hooks.airflow.providers.standard.hooks.subprocess.SubprocessHook"}
{"timestamp":"2025-09-26T21:47:37.036205","level":"info","event":"  6%|▋         | 21/327 [00:26<06:16,  1.23s/it]","logger":"airflow.task.hooks.airflow.providers.standard.hooks.subprocess.SubprocessHook"}
{"timestamp":"2025-09-26T21:47:37.036224","level":"info","event":"  7%|▋         | 22/327 [00:27<06:16,  1.24s/it]","logger":"airflow.task.hooks.airflow.providers.standard.hooks.subprocess.SubprocessHook"}
{"timestamp":"2025-09-26T21:47:37.036244","level":"info","event":"  7%|▋         | 23/327 [00:28<06:16,  1.24s/it]","logger":"airflow.task.hooks.airflow.providers.standard.hooks.subprocess.SubprocessHook"}
{"timestamp":"2025-09-26T21:47:37.036266","level":"info","event":"  7%|▋         | 24/327 [00:30<06:17,  1.25s/it]","logger":"airflow.task.hooks.airflow.providers.standard.hooks.subprocess.SubprocessHook"}
{"timestamp":"2025-09-26T21:47:37.036286","level":"info","event":"  8%|▊         | 25/327 [00:31<06:15,  1.24s/it]","logger":"airflow.task.hooks.airflow.providers.standard.hooks.subprocess.SubprocessHook"}
{"timestamp":"2025-09-26T21:47:37.036301","level":"info","event":"  8%|▊         | 26/327 [00:32<06:12,  1.24s/it]","logger":"airflow.task.hooks.airflow.providers.standard.hooks.subprocess.SubprocessHook"}
{"timestamp":"2025-09-26T21:47:37.036321","level":"info","event":"  8%|▊         | 27/327 [00:33<06:12,  1.24s/it]","logger":"airflow.task.hooks.airflow.providers.standard.hooks.subprocess.SubprocessHook"}
{"timestamp":"2025-09-26T21:47:37.036340","level":"info","event":"  9%|▊         | 28/327 [00:34<06:08,  1.23s/it]","logger":"airflow.task.hooks.airflow.providers.standard.hooks.subprocess.SubprocessHook"}
{"timestamp":"2025-09-26T21:47:37.036355","level":"info","event":"  9%|▉         | 29/327 [00:36<06:12,  1.25s/it]","logger":"airflow.task.hooks.airflow.providers.standard.hooks.subprocess.SubprocessHook"}
{"timestamp":"2025-09-26T21:47:37.036372","level":"info","event":"  9%|▉         | 30/327 [00:37<06:11,  1.25s/it]","logger":"airflow.task.hooks.airflow.providers.standard.hooks.subprocess.SubprocessHook"}
{"timestamp":"2025-09-26T21:47:37.036389","level":"info","event":"  9%|▉         | 31/327 [00:38<06:13,  1.26s/it]","logger":"airflow.task.hooks.airflow.providers.standard.hooks.subprocess.SubprocessHook"}
{"timestamp":"2025-09-26T21:47:37.036405","level":"info","event":" 10%|▉         | 32/327 [00:40<06:12,  1.26s/it]","logger":"airflow.task.hooks.airflow.providers.standard.hooks.subprocess.SubprocessHook"}
{"timestamp":"2025-09-26T21:47:37.036421","level":"info","event":" 10%|█         | 33/327 [00:41<06:15,  1.28s/it]","logger":"airflow.task.hooks.airflow.providers.standard.hooks.subprocess.SubprocessHook"}
{"timestamp":"2025-09-26T21:47:37.036436","level":"info","event":" 10%|█         | 34/327 [00:42<06:08,  1.26s/it]","logger":"airflow.task.hooks.airflow.providers.standard.hooks.subprocess.SubprocessHook"}
{"timestamp":"2025-09-26T21:47:37.036452","level":"info","event":" 11%|█         | 35/327 [00:43<06:04,  1.25s/it]","logger":"airflow.task.hooks.airflow.providers.standard.hooks.subprocess.SubprocessHook"}
{"timestamp":"2025-09-26T21:47:37.036468","level":"info","event":" 11%|█         | 36/327 [00:45<06:00,  1.24s/it]","logger":"airflow.task.hooks.airflow.providers.standard.hooks.subprocess.SubprocessHook"}
{"timestamp":"2025-09-26T21:47:37.036484","level":"info","event":" 11%|█▏        | 37/327 [00:46<06:01,  1.25s/it]","logger":"airflow.task.hooks.airflow.providers.standard.hooks.subprocess.SubprocessHook"}
{"timestamp":"2025-09-26T21:47:37.036503","level":"info","event":" 12%|█▏        | 38/327 [00:47<05:59,  1.24s/it]","logger":"airflow.task.hooks.airflow.providers.standard.hooks.subprocess.SubprocessHook"}
{"timestamp":"2025-09-26T21:47:37.036525","level":"info","event":" 12%|█▏        | 39/327 [00:48<05:56,  1.24s/it]","logger":"airflow.task.hooks.airflow.providers.standard.hooks.subprocess.SubprocessHook"}
{"timestamp":"2025-09-26T21:47:37.036540","level":"info","event":" 12%|█▏        | 40/327 [00:50<05:57,  1.24s/it]","logger":"airflow.task.hooks.airflow.providers.standard.hooks.subprocess.SubprocessHook"}
{"timestamp":"2025-09-26T21:47:37.036556","level":"info","event":" 13%|█▎        | 41/327 [00:51<05:56,  1.25s/it]","logger":"airflow.task.hooks.airflow.providers.standard.hooks.subprocess.SubprocessHook"}
{"timestamp":"2025-09-26T21:47:37.036577","level":"info","event":" 13%|█▎        | 42/327 [00:52<05:56,  1.25s/it]","logger":"airflow.task.hooks.airflow.providers.standard.hooks.subprocess.SubprocessHook"}
{"timestamp":"2025-09-26T21:47:37.036593","level":"info","event":" 13%|█▎        | 43/327 [00:53<05:52,  1.24s/it]","logger":"airflow.task.hooks.airflow.providers.standard.hooks.subprocess.SubprocessHook"}
{"timestamp":"2025-09-26T21:47:37.036609","level":"info","event":" 13%|█▎        | 44/327 [00:54<05:48,  1.23s/it]","logger":"airflow.task.hooks.airflow.providers.standard.hooks.subprocess.SubprocessHook"}
{"timestamp":"2025-09-26T21:47:37.036624","level":"info","event":" 14%|█▍        | 45/327 [00:56<05:47,  1.23s/it]","logger":"airflow.task.hooks.airflow.providers.standard.hooks.subprocess.SubprocessHook"}
{"timestamp":"2025-09-26T21:47:37.036640","level":"info","event":" 14%|█▍        | 46/327 [00:57<05:49,  1.24s/it]","logger":"airflow.task.hooks.airflow.providers.standard.hooks.subprocess.SubprocessHook"}
{"timestamp":"2025-09-26T21:47:37.036662","level":"info","event":" 14%|█▍        | 47/327 [00:58<05:46,  1.24s/it]","logger":"airflow.task.hooks.airflow.providers.standard.hooks.subprocess.SubprocessHook"}
{"timestamp":"2025-09-26T21:47:37.036677","level":"info","event":" 15%|█▍        | 48/327 [00:59<05:45,  1.24s/it]","logger":"airflow.task.hooks.airflow.providers.standard.hooks.subprocess.SubprocessHook"}
{"timestamp":"2025-09-26T21:47:37.036693","level":"info","event":" 15%|█▍        | 49/327 [01:01<05:42,  1.23s/it]","logger":"airflow.task.hooks.airflow.providers.standard.hooks.subprocess.SubprocessHook"}
{"timestamp":"2025-09-26T21:47:37.036708","level":"info","event":" 15%|█▌        | 50/327 [01:02<05:39,  1.23s/it]","logger":"airflow.task.hooks.airflow.providers.standard.hooks.subprocess.SubprocessHook"}
{"timestamp":"2025-09-26T21:47:37.036724","level":"info","event":" 16%|█▌        | 51/327 [01:03<05:54,  1.29s/it]","logger":"airflow.task.hooks.airflow.providers.standard.hooks.subprocess.SubprocessHook"}
{"timestamp":"2025-09-26T21:47:37.036740","level":"info","event":" 16%|█▌        | 52/327 [01:05<05:48,  1.27s/it]","logger":"airflow.task.hooks.airflow.providers.standard.hooks.subprocess.SubprocessHook"}
{"timestamp":"2025-09-26T21:47:37.036756","level":"info","event":" 16%|█▌        | 53/327 [01:06<05:44,  1.26s/it]","logger":"airflow.task.hooks.airflow.providers.standard.hooks.subprocess.SubprocessHook"}
{"timestamp":"2025-09-26T21:47:37.036771","level":"info","event":" 17%|█▋        | 54/327 [01:07<05:44,  1.26s/it]","logger":"airflow.task.hooks.airflow.providers.standard.hooks.subprocess.SubprocessHook"}
{"timestamp":"2025-09-26T21:47:37.036787","level":"info","event":" 17%|█▋        | 55/327 [01:08<05:40,  1.25s/it]","logger":"airflow.task.hooks.airflow.providers.standard.hooks.subprocess.SubprocessHook"}
{"timestamp":"2025-09-26T21:47:37.036804","level":"info","event":" 17%|█▋        | 56/327 [01:09<05:38,  1.25s/it]","logger":"airflow.task.hooks.airflow.providers.standard.hooks.subprocess.SubprocessHook"}
{"timestamp":"2025-09-26T21:47:37.036825","level":"info","event":" 17%|█▋        | 57/327 [01:11<05:37,  1.25s/it]","logger":"airflow.task.hooks.airflow.providers.standard.hooks.subprocess.SubprocessHook"}
{"timestamp":"2025-09-26T21:47:37.036840","level":"info","event":" 18%|█▊        | 58/327 [01:12<05:32,  1.24s/it]","logger":"airflow.task.hooks.airflow.providers.standard.hooks.subprocess.SubprocessHook"}
{"timestamp":"2025-09-26T21:47:37.036856","level":"info","event":" 18%|█▊        | 59/327 [01:13<05:41,  1.27s/it]","logger":"airflow.task.hooks.airflow.providers.standard.hooks.subprocess.SubprocessHook"}
{"timestamp":"2025-09-26T21:47:37.036871","level":"info","event":" 18%|█▊        | 60/327 [01:15<05:37,  1.26s/it]","logger":"airflow.task.hooks.airflow.providers.standard.hooks.subprocess.SubprocessHook"}
{"timestamp":"2025-09-26T21:47:37.036887","level":"info","event":" 19%|█▊        | 61/327 [01:16<05:31,  1.24s/it]","logger":"airflow.task.hooks.airflow.providers.standard.hooks.subprocess.SubprocessHook"}
{"timestamp":"2025-09-26T21:47:37.036902","level":"info","event":" 19%|█▉        | 62/327 [01:17<05:29,  1.24s/it]","logger":"airflow.task.hooks.airflow.providers.standard.hooks.subprocess.SubprocessHook"}
{"timestamp":"2025-09-26T21:47:37.036918","level":"info","event":" 19%|█▉        | 63/327 [01:18<05:28,  1.24s/it]","logger":"airflow.task.hooks.airflow.providers.standard.hooks.subprocess.SubprocessHook"}
{"timestamp":"2025-09-26T21:47:37.036933","level":"info","event":" 20%|█▉        | 64/327 [01:19<05:29,  1.25s/it]","logger":"airflow.task.hooks.airflow.providers.standard.hooks.subprocess.SubprocessHook"}
{"timestamp":"2025-09-26T21:47:37.036949","level":"info","event":" 20%|█▉        | 65/327 [01:21<05:23,  1.23s/it]","logger":"airflow.task.hooks.airflow.providers.standard.hooks.subprocess.SubprocessHook"}
{"timestamp":"2025-09-26T21:47:37.036965","level":"info","event":" 20%|██        | 66/327 [01:22<05:23,  1.24s/it]","logger":"airflow.task.hooks.airflow.providers.standard.hooks.subprocess.SubprocessHook"}
{"timestamp":"2025-09-26T21:47:37.036980","level":"info","event":" 20%|██        | 67/327 [01:23<05:27,  1.26s/it]","logger":"airflow.task.hooks.airflow.providers.standard.hooks.subprocess.SubprocessHook"}
{"timestamp":"2025-09-26T21:47:37.036996","level":"info","event":" 21%|██        | 68/327 [01:25<05:39,  1.31s/it]","logger":"airflow.task.hooks.airflow.providers.standard.hooks.subprocess.SubprocessHook"}
{"timestamp":"2025-09-26T21:47:37.037011","level":"info","event":" 21%|██        | 69/327 [01:26<05:29,  1.28s/it]","logger":"airflow.task.hooks.airflow.providers.standard.hooks.subprocess.SubprocessHook"}
{"timestamp":"2025-09-26T21:47:37.037031","level":"info","event":" 21%|██▏       | 70/327 [01:27<05:24,  1.26s/it]","logger":"airflow.task.hooks.airflow.providers.standard.hooks.subprocess.SubprocessHook"}
{"timestamp":"2025-09-26T21:47:37.037056","level":"info","event":" 22%|██▏       | 71/327 [01:28<05:20,  1.25s/it]","logger":"airflow.task.hooks.airflow.providers.standard.hooks.subprocess.SubprocessHook"}
{"timestamp":"2025-09-26T21:47:37.037073","level":"info","event":" 22%|██▏       | 72/327 [01:30<05:16,  1.24s/it]","logger":"airflow.task.hooks.airflow.providers.standard.hooks.subprocess.SubprocessHook"}
{"timestamp":"2025-09-26T21:47:37.037088","level":"info","event":" 22%|██▏       | 73/327 [01:31<05:13,  1.23s/it]","logger":"airflow.task.hooks.airflow.providers.standard.hooks.subprocess.SubprocessHook"}
{"timestamp":"2025-09-26T21:47:37.037104","level":"info","event":" 23%|██▎       | 74/327 [01:32<05:13,  1.24s/it]","logger":"airflow.task.hooks.airflow.providers.standard.hooks.subprocess.SubprocessHook"}
{"timestamp":"2025-09-26T21:47:37.037119","level":"info","event":" 23%|██▎       | 75/327 [01:33<05:12,  1.24s/it]","logger":"airflow.task.hooks.airflow.providers.standard.hooks.subprocess.SubprocessHook"}
{"timestamp":"2025-09-26T21:47:37.037135","level":"info","event":" 23%|██▎       | 76/327 [01:34<05:10,  1.24s/it]","logger":"airflow.task.hooks.airflow.providers.standard.hooks.subprocess.SubprocessHook"}
{"timestamp":"2025-09-26T21:47:37.037150","level":"info","event":" 24%|██▎       | 77/327 [01:36<05:11,  1.25s/it]","logger":"airflow.task.hooks.airflow.providers.standard.hooks.subprocess.SubprocessHook"}
{"timestamp":"2025-09-26T21:47:37.037166","level":"info","event":" 24%|██▍       | 78/327 [01:37<05:08,  1.24s/it]","logger":"airflow.task.hooks.airflow.providers.standard.hooks.subprocess.SubprocessHook"}
{"timestamp":"2025-09-26T21:47:37.037183","level":"info","event":" 24%|██▍       | 79/327 [01:38<05:06,  1.23s/it]","logger":"airflow.task.hooks.airflow.providers.standard.hooks.subprocess.SubprocessHook"}
{"timestamp":"2025-09-26T21:47:37.037199","level":"info","event":" 24%|██▍       | 80/327 [01:39<05:03,  1.23s/it]","logger":"airflow.task.hooks.airflow.providers.standard.hooks.subprocess.SubprocessHook"}
{"timestamp":"2025-09-26T21:47:37.037215","level":"info","event":" 25%|██▍       | 81/327 [01:41<05:03,  1.23s/it]","logger":"airflow.task.hooks.airflow.providers.standard.hooks.subprocess.SubprocessHook"}
{"timestamp":"2025-09-26T21:47:37.037233","level":"info","event":" 25%|██▌       | 82/327 [01:42<05:00,  1.23s/it]","logger":"airflow.task.hooks.airflow.providers.standard.hooks.subprocess.SubprocessHook"}
{"timestamp":"2025-09-26T21:47:37.037249","level":"info","event":" 25%|██▌       | 83/327 [01:43<05:00,  1.23s/it]","logger":"airflow.task.hooks.airflow.providers.standard.hooks.subprocess.SubprocessHook"}
{"timestamp":"2025-09-26T21:47:37.037264","level":"info","event":" 26%|██▌       | 84/327 [01:44<04:59,  1.23s/it]","logger":"airflow.task.hooks.airflow.providers.standard.hooks.subprocess.SubprocessHook"}
{"timestamp":"2025-09-26T21:47:37.037279","level":"info","event":" 26%|██▌       | 85/327 [01:46<05:05,  1.26s/it]","logger":"airflow.task.hooks.airflow.providers.standard.hooks.subprocess.SubprocessHook"}
{"timestamp":"2025-09-26T21:47:37.037295","level":"info","event":" 26%|██▋       | 86/327 [01:47<05:10,  1.29s/it]","logger":"airflow.task.hooks.airflow.providers.standard.hooks.subprocess.SubprocessHook"}
{"timestamp":"2025-09-26T21:47:37.037310","level":"info","event":" 27%|██▋       | 87/327 [01:48<05:05,  1.27s/it]","logger":"airflow.task.hooks.airflow.providers.standard.hooks.subprocess.SubprocessHook"}
{"timestamp":"2025-09-26T21:47:37.037325","level":"info","event":" 27%|██▋       | 88/327 [01:49<04:59,  1.25s/it]","logger":"airflow.task.hooks.airflow.providers.standard.hooks.subprocess.SubprocessHook"}
{"timestamp":"2025-09-26T21:47:37.037341","level":"info","event":" 27%|██▋       | 89/327 [01:51<04:56,  1.25s/it]","logger":"airflow.task.hooks.airflow.providers.standard.hooks.subprocess.SubprocessHook"}
{"timestamp":"2025-09-26T21:47:37.037356","level":"info","event":" 28%|██▊       | 90/327 [01:52<04:54,  1.24s/it]","logger":"airflow.task.hooks.airflow.providers.standard.hooks.subprocess.SubprocessHook"}
{"timestamp":"2025-09-26T21:47:37.037371","level":"info","event":" 28%|██▊       | 91/327 [01:53<04:55,  1.25s/it]","logger":"airflow.task.hooks.airflow.providers.standard.hooks.subprocess.SubprocessHook"}
{"timestamp":"2025-09-26T21:47:37.037386","level":"info","event":" 28%|██▊       | 92/327 [01:54<04:51,  1.24s/it]","logger":"airflow.task.hooks.airflow.providers.standard.hooks.subprocess.SubprocessHook"}
{"timestamp":"2025-09-26T21:47:37.037401","level":"info","event":" 28%|██▊       | 93/327 [01:56<04:49,  1.24s/it]","logger":"airflow.task.hooks.airflow.providers.standard.hooks.subprocess.SubprocessHook"}
{"timestamp":"2025-09-26T21:47:37.037416","level":"info","event":" 29%|██▊       | 94/327 [01:57<04:45,  1.23s/it]","logger":"airflow.task.hooks.airflow.providers.standard.hooks.subprocess.SubprocessHook"}
{"timestamp":"2025-09-26T21:47:37.037432","level":"info","event":" 29%|██▉       | 95/327 [01:58<04:45,  1.23s/it]","logger":"airflow.task.hooks.airflow.providers.standard.hooks.subprocess.SubprocessHook"}
{"timestamp":"2025-09-26T21:47:37.037447","level":"info","event":" 29%|██▉       | 96/327 [01:59<04:43,  1.23s/it]","logger":"airflow.task.hooks.airflow.providers.standard.hooks.subprocess.SubprocessHook"}
{"timestamp":"2025-09-26T21:47:37.037462","level":"info","event":" 30%|██▉       | 97/327 [02:01<04:44,  1.24s/it]","logger":"airflow.task.hooks.airflow.providers.standard.hooks.subprocess.SubprocessHook"}
{"timestamp":"2025-09-26T21:47:37.037477","level":"info","event":" 30%|██▉       | 98/327 [02:02<04:45,  1.25s/it]","logger":"airflow.task.hooks.airflow.providers.standard.hooks.subprocess.SubprocessHook"}
{"timestamp":"2025-09-26T21:47:37.037492","level":"info","event":" 30%|███       | 99/327 [02:03<04:41,  1.23s/it]","logger":"airflow.task.hooks.airflow.providers.standard.hooks.subprocess.SubprocessHook"}
{"timestamp":"2025-09-26T21:47:37.037507","level":"info","event":" 31%|███       | 100/327 [02:04<04:44,  1.25s/it]","logger":"airflow.task.hooks.airflow.providers.standard.hooks.subprocess.SubprocessHook"}
{"timestamp":"2025-09-26T21:47:37.037523","level":"info","event":" 31%|███       | 101/327 [02:06<04:45,  1.27s/it]","logger":"airflow.task.hooks.airflow.providers.standard.hooks.subprocess.SubprocessHook"}
{"timestamp":"2025-09-26T21:47:37.037540","level":"info","event":" 31%|███       | 102/327 [02:07<04:43,  1.26s/it]","logger":"airflow.task.hooks.airflow.providers.standard.hooks.subprocess.SubprocessHook"}
{"timestamp":"2025-09-26T21:47:37.037555","level":"info","event":" 31%|███▏      | 103/327 [02:08<04:41,  1.25s/it]","logger":"airflow.task.hooks.airflow.providers.standard.hooks.subprocess.SubprocessHook"}
{"timestamp":"2025-09-26T21:47:37.037571","level":"info","event":" 32%|███▏      | 104/327 [02:09<04:38,  1.25s/it]","logger":"airflow.task.hooks.airflow.providers.standard.hooks.subprocess.SubprocessHook"}
{"timestamp":"2025-09-26T21:47:37.037586","level":"info","event":" 32%|███▏      | 105/327 [02:11<04:38,  1.26s/it]","logger":"airflow.task.hooks.airflow.providers.standard.hooks.subprocess.SubprocessHook"}
{"timestamp":"2025-09-26T21:47:37.037601","level":"info","event":" 32%|███▏      | 106/327 [02:12<04:37,  1.26s/it]","logger":"airflow.task.hooks.airflow.providers.standard.hooks.subprocess.SubprocessHook"}
{"timestamp":"2025-09-26T21:47:37.037616","level":"info","event":" 33%|███▎      | 107/327 [02:13<04:41,  1.28s/it]","logger":"airflow.task.hooks.airflow.providers.standard.hooks.subprocess.SubprocessHook"}
{"timestamp":"2025-09-26T21:47:37.037632","level":"info","event":" 33%|███▎      | 108/327 [02:14<04:36,  1.26s/it]","logger":"airflow.task.hooks.airflow.providers.standard.hooks.subprocess.SubprocessHook"}
{"timestamp":"2025-09-26T21:47:37.037647","level":"info","event":" 33%|███▎      | 109/327 [02:16<04:33,  1.25s/it]","logger":"airflow.task.hooks.airflow.providers.standard.hooks.subprocess.SubprocessHook"}
{"timestamp":"2025-09-26T21:47:37.037661","level":"info","event":" 34%|███▎      | 110/327 [02:17<04:28,  1.24s/it]","logger":"airflow.task.hooks.airflow.providers.standard.hooks.subprocess.SubprocessHook"}
{"timestamp":"2025-09-26T21:47:37.037676","level":"info","event":" 34%|███▍      | 111/327 [02:18<04:27,  1.24s/it]","logger":"airflow.task.hooks.airflow.providers.standard.hooks.subprocess.SubprocessHook"}
{"timestamp":"2025-09-26T21:47:37.037692","level":"info","event":" 34%|███▍      | 112/327 [02:19<04:33,  1.27s/it]","logger":"airflow.task.hooks.airflow.providers.standard.hooks.subprocess.SubprocessHook"}
{"timestamp":"2025-09-26T21:47:37.037707","level":"info","event":" 35%|███▍      | 113/327 [02:21<04:27,  1.25s/it]","logger":"airflow.task.hooks.airflow.providers.standard.hooks.subprocess.SubprocessHook"}
{"timestamp":"2025-09-26T21:47:37.037722","level":"info","event":" 35%|███▍      | 114/327 [02:22<04:24,  1.24s/it]","logger":"airflow.task.hooks.airflow.providers.standard.hooks.subprocess.SubprocessHook"}
{"timestamp":"2025-09-26T21:47:37.037737","level":"info","event":" 35%|███▌      | 115/327 [02:23<04:22,  1.24s/it]","logger":"airflow.task.hooks.airflow.providers.standard.hooks.subprocess.SubprocessHook"}
{"timestamp":"2025-09-26T21:47:37.037752","level":"info","event":" 35%|███▌      | 116/327 [02:24<04:19,  1.23s/it]","logger":"airflow.task.hooks.airflow.providers.standard.hooks.subprocess.SubprocessHook"}
{"timestamp":"2025-09-26T21:47:37.037767","level":"info","event":" 36%|███▌      | 117/327 [02:26<04:21,  1.25s/it]","logger":"airflow.task.hooks.airflow.providers.standard.hooks.subprocess.SubprocessHook"}
{"timestamp":"2025-09-26T21:47:37.037782","level":"info","event":" 36%|███▌      | 118/327 [02:27<04:19,  1.24s/it]","logger":"airflow.task.hooks.airflow.providers.standard.hooks.subprocess.SubprocessHook"}
{"timestamp":"2025-09-26T21:47:37.037797","level":"info","event":" 36%|███▋      | 119/327 [02:28<04:18,  1.24s/it]","logger":"airflow.task.hooks.airflow.providers.standard.hooks.subprocess.SubprocessHook"}
{"timestamp":"2025-09-26T21:47:37.037812","level":"info","event":" 37%|███▋      | 120/327 [02:29<04:16,  1.24s/it]","logger":"airflow.task.hooks.airflow.providers.standard.hooks.subprocess.SubprocessHook"}
{"timestamp":"2025-09-26T21:47:37.037827","level":"info","event":" 37%|███▋      | 121/327 [02:31<04:14,  1.24s/it]","logger":"airflow.task.hooks.airflow.providers.standard.hooks.subprocess.SubprocessHook"}
{"timestamp":"2025-09-26T21:47:37.037842","level":"info","event":" 37%|███▋      | 122/327 [02:32<04:23,  1.29s/it]","logger":"airflow.task.hooks.airflow.providers.standard.hooks.subprocess.SubprocessHook"}
{"timestamp":"2025-09-26T21:47:37.037857","level":"info","event":" 38%|███▊      | 123/327 [02:33<04:26,  1.30s/it]","logger":"airflow.task.hooks.airflow.providers.standard.hooks.subprocess.SubprocessHook"}
{"timestamp":"2025-09-26T21:47:37.037872","level":"info","event":" 38%|███▊      | 124/327 [02:35<04:21,  1.29s/it]","logger":"airflow.task.hooks.airflow.providers.standard.hooks.subprocess.SubprocessHook"}
{"timestamp":"2025-09-26T21:47:37.037888","level":"info","event":" 38%|███▊      | 125/327 [02:36<04:19,  1.28s/it]","logger":"airflow.task.hooks.airflow.providers.standard.hooks.subprocess.SubprocessHook"}
{"timestamp":"2025-09-26T21:47:37.037903","level":"info","event":" 39%|███▊      | 126/327 [02:37<04:14,  1.27s/it]","logger":"airflow.task.hooks.airflow.providers.standard.hooks.subprocess.SubprocessHook"}
{"timestamp":"2025-09-26T21:47:37.037918","level":"info","event":" 39%|███▉      | 127/327 [02:38<04:13,  1.27s/it]","logger":"airflow.task.hooks.airflow.providers.standard.hooks.subprocess.SubprocessHook"}
{"timestamp":"2025-09-26T21:47:37.037933","level":"info","event":" 39%|███▉      | 128/327 [02:40<04:15,  1.28s/it]","logger":"airflow.task.hooks.airflow.providers.standard.hooks.subprocess.SubprocessHook"}
{"timestamp":"2025-09-26T21:47:37.037949","level":"info","event":" 39%|███▉      | 129/327 [02:41<04:09,  1.26s/it]","logger":"airflow.task.hooks.airflow.providers.standard.hooks.subprocess.SubprocessHook"}
{"timestamp":"2025-09-26T21:47:37.037964","level":"info","event":" 40%|███▉      | 130/327 [02:42<04:05,  1.25s/it]","logger":"airflow.task.hooks.airflow.providers.standard.hooks.subprocess.SubprocessHook"}
{"timestamp":"2025-09-26T21:47:37.037979","level":"info","event":" 40%|████      | 131/327 [02:43<04:02,  1.24s/it]","logger":"airflow.task.hooks.airflow.providers.standard.hooks.subprocess.SubprocessHook"}
{"timestamp":"2025-09-26T21:47:37.037994","level":"info","event":" 40%|████      | 132/327 [02:44<03:59,  1.23s/it]","logger":"airflow.task.hooks.airflow.providers.standard.hooks.subprocess.SubprocessHook"}
{"timestamp":"2025-09-26T21:47:37.038009","level":"info","event":" 41%|████      | 133/327 [02:46<04:02,  1.25s/it]","logger":"airflow.task.hooks.airflow.providers.standard.hooks.subprocess.SubprocessHook"}
{"timestamp":"2025-09-26T21:47:37.038025","level":"info","event":" 41%|████      | 134/327 [02:47<04:01,  1.25s/it]","logger":"airflow.task.hooks.airflow.providers.standard.hooks.subprocess.SubprocessHook"}
{"timestamp":"2025-09-26T21:47:37.038040","level":"info","event":" 41%|████▏     | 135/327 [02:48<03:57,  1.24s/it]","logger":"airflow.task.hooks.airflow.providers.standard.hooks.subprocess.SubprocessHook"}
{"timestamp":"2025-09-26T21:47:37.038055","level":"info","event":" 42%|████▏     | 136/327 [02:49<03:54,  1.23s/it]","logger":"airflow.task.hooks.airflow.providers.standard.hooks.subprocess.SubprocessHook"}
{"timestamp":"2025-09-26T21:47:37.038070","level":"info","event":" 42%|████▏     | 137/327 [02:51<03:57,  1.25s/it]","logger":"airflow.task.hooks.airflow.providers.standard.hooks.subprocess.SubprocessHook"}
{"timestamp":"2025-09-26T21:47:37.038085","level":"info","event":" 42%|████▏     | 138/327 [02:52<03:55,  1.25s/it]","logger":"airflow.task.hooks.airflow.providers.standard.hooks.subprocess.SubprocessHook"}
{"timestamp":"2025-09-26T21:47:37.038101","level":"info","event":" 43%|████▎     | 139/327 [02:53<03:53,  1.24s/it]","logger":"airflow.task.hooks.airflow.providers.standard.hooks.subprocess.SubprocessHook"}
{"timestamp":"2025-09-26T21:47:37.038116","level":"info","event":" 43%|████▎     | 140/327 [02:55<03:54,  1.25s/it]","logger":"airflow.task.hooks.airflow.providers.standard.hooks.subprocess.SubprocessHook"}
{"timestamp":"2025-09-26T21:47:37.038131","level":"info","event":" 43%|████▎     | 141/327 [02:56<03:53,  1.26s/it]","logger":"airflow.task.hooks.airflow.providers.standard.hooks.subprocess.SubprocessHook"}
{"timestamp":"2025-09-26T21:47:37.038146","level":"info","event":" 43%|████▎     | 142/327 [02:57<03:59,  1.29s/it]","logger":"airflow.task.hooks.airflow.providers.standard.hooks.subprocess.SubprocessHook"}
{"timestamp":"2025-09-26T21:47:37.038161","level":"info","event":" 44%|████▎     | 143/327 [02:58<03:58,  1.30s/it]","logger":"airflow.task.hooks.airflow.providers.standard.hooks.subprocess.SubprocessHook"}
{"timestamp":"2025-09-26T21:47:37.038176","level":"info","event":" 44%|████▍     | 144/327 [03:00<03:54,  1.28s/it]","logger":"airflow.task.hooks.airflow.providers.standard.hooks.subprocess.SubprocessHook"}
{"timestamp":"2025-09-26T21:47:37.038191","level":"info","event":" 44%|████▍     | 145/327 [03:01<03:56,  1.30s/it]","logger":"airflow.task.hooks.airflow.providers.standard.hooks.subprocess.SubprocessHook"}
{"timestamp":"2025-09-26T21:47:37.038211","level":"info","event":" 45%|████▍     | 146/327 [03:02<03:49,  1.27s/it]","logger":"airflow.task.hooks.airflow.providers.standard.hooks.subprocess.SubprocessHook"}
{"timestamp":"2025-09-26T21:47:37.038227","level":"info","event":" 45%|████▍     | 147/327 [03:04<03:53,  1.30s/it]","logger":"airflow.task.hooks.airflow.providers.standard.hooks.subprocess.SubprocessHook"}
{"timestamp":"2025-09-26T21:47:37.038242","level":"info","event":" 45%|████▌     | 148/327 [03:05<03:47,  1.27s/it]","logger":"airflow.task.hooks.airflow.providers.standard.hooks.subprocess.SubprocessHook"}
{"timestamp":"2025-09-26T21:47:37.038257","level":"info","event":" 46%|████▌     | 149/327 [03:06<03:46,  1.27s/it]","logger":"airflow.task.hooks.airflow.providers.standard.hooks.subprocess.SubprocessHook"}
{"timestamp":"2025-09-26T21:47:37.038272","level":"info","event":" 46%|████▌     | 150/327 [03:07<03:44,  1.27s/it]","logger":"airflow.task.hooks.airflow.providers.standard.hooks.subprocess.SubprocessHook"}
{"timestamp":"2025-09-26T21:47:37.038287","level":"info","event":" 46%|████▌     | 151/327 [03:09<03:41,  1.26s/it]","logger":"airflow.task.hooks.airflow.providers.standard.hooks.subprocess.SubprocessHook"}
{"timestamp":"2025-09-26T21:47:37.038303","level":"info","event":" 46%|████▋     | 152/327 [03:10<03:37,  1.24s/it]","logger":"airflow.task.hooks.airflow.providers.standard.hooks.subprocess.SubprocessHook"}
{"timestamp":"2025-09-26T21:47:37.038318","level":"info","event":" 47%|████▋     | 153/327 [03:11<03:38,  1.26s/it]","logger":"airflow.task.hooks.airflow.providers.standard.hooks.subprocess.SubprocessHook"}
{"timestamp":"2025-09-26T21:47:37.038333","level":"info","event":" 47%|████▋     | 154/327 [03:12<03:35,  1.25s/it]","logger":"airflow.task.hooks.airflow.providers.standard.hooks.subprocess.SubprocessHook"}
{"timestamp":"2025-09-26T21:47:37.038348","level":"info","event":" 47%|████▋     | 155/327 [03:14<03:36,  1.26s/it]","logger":"airflow.task.hooks.airflow.providers.standard.hooks.subprocess.SubprocessHook"}
{"timestamp":"2025-09-26T21:47:37.038364","level":"info","event":" 48%|████▊     | 156/327 [03:15<03:32,  1.24s/it]","logger":"airflow.task.hooks.airflow.providers.standard.hooks.subprocess.SubprocessHook"}
{"timestamp":"2025-09-26T21:47:37.038379","level":"info","event":" 48%|████▊     | 157/327 [03:16<03:31,  1.24s/it]","logger":"airflow.task.hooks.airflow.providers.standard.hooks.subprocess.SubprocessHook"}
{"timestamp":"2025-09-26T21:47:37.038394","level":"info","event":" 48%|████▊     | 157/327 [03:46<04:05,  1.45s/it]","logger":"airflow.task.hooks.airflow.providers.standard.hooks.subprocess.SubprocessHook"}
{"timestamp":"2025-09-26T21:47:37.038409","level":"info","event":"Traceback (most recent call last):","logger":"airflow.task.hooks.airflow.providers.standard.hooks.subprocess.SubprocessHook"}
{"timestamp":"2025-09-26T21:47:37.038425","level":"info","event":"  File \"/Users/adelson/miniconda3/envs/clair-py310/lib/python3.10/site-packages/urllib3/connectionpool.py\", line 464, in _make_request","logger":"airflow.task.hooks.airflow.providers.standard.hooks.subprocess.SubprocessHook"}
{"timestamp":"2025-09-26T21:47:37.038451","level":"info","event":"    self._validate_conn(conn)","logger":"airflow.task.hooks.airflow.providers.standard.hooks.subprocess.SubprocessHook"}
{"timestamp":"2025-09-26T21:47:37.038468","level":"info","event":"  File \"/Users/adelson/miniconda3/envs/clair-py310/lib/python3.10/site-packages/urllib3/connectionpool.py\", line 1093, in _validate_conn","logger":"airflow.task.hooks.airflow.providers.standard.hooks.subprocess.SubprocessHook"}
{"timestamp":"2025-09-26T21:47:37.038486","level":"info","event":"    conn.connect()","logger":"airflow.task.hooks.airflow.providers.standard.hooks.subprocess.SubprocessHook"}
{"timestamp":"2025-09-26T21:47:37.038501","level":"info","event":"  File \"/Users/adelson/miniconda3/envs/clair-py310/lib/python3.10/site-packages/urllib3/connection.py\", line 790, in connect","logger":"airflow.task.hooks.airflow.providers.standard.hooks.subprocess.SubprocessHook"}
{"timestamp":"2025-09-26T21:47:37.038521","level":"info","event":"    sock_and_verified = _ssl_wrap_socket_and_match_hostname(","logger":"airflow.task.hooks.airflow.providers.standard.hooks.subprocess.SubprocessHook"}
{"timestamp":"2025-09-26T21:47:37.038537","level":"info","event":"  File \"/Users/adelson/miniconda3/envs/clair-py310/lib/python3.10/site-packages/urllib3/connection.py\", line 969, in _ssl_wrap_socket_and_match_hostname","logger":"airflow.task.hooks.airflow.providers.standard.hooks.subprocess.SubprocessHook"}
{"timestamp":"2025-09-26T21:47:37.038558","level":"info","event":"    ssl_sock = ssl_wrap_socket(","logger":"airflow.task.hooks.airflow.providers.standard.hooks.subprocess.SubprocessHook"}
{"timestamp":"2025-09-26T21:47:37.038573","level":"info","event":"  File \"/Users/adelson/miniconda3/envs/clair-py310/lib/python3.10/site-packages/urllib3/util/ssl_.py\", line 480, in ssl_wrap_socket","logger":"airflow.task.hooks.airflow.providers.standard.hooks.subprocess.SubprocessHook"}
{"timestamp":"2025-09-26T21:47:37.038589","level":"info","event":"    ssl_sock = _ssl_wrap_socket_impl(sock, context, tls_in_tls, server_hostname)","logger":"airflow.task.hooks.airflow.providers.standard.hooks.subprocess.SubprocessHook"}
{"timestamp":"2025-09-26T21:47:37.038604","level":"info","event":"  File \"/Users/adelson/miniconda3/envs/clair-py310/lib/python3.10/site-packages/urllib3/util/ssl_.py\", line 524, in _ssl_wrap_socket_impl","logger":"airflow.task.hooks.airflow.providers.standard.hooks.subprocess.SubprocessHook"}
{"timestamp":"2025-09-26T21:47:37.038620","level":"info","event":"    return ssl_context.wrap_socket(sock, server_hostname=server_hostname)","logger":"airflow.task.hooks.airflow.providers.standard.hooks.subprocess.SubprocessHook"}
{"timestamp":"2025-09-26T21:47:37.038635","level":"info","event":"  File \"/Users/adelson/miniconda3/envs/clair-py310/lib/python3.10/ssl.py\", line 513, in wrap_socket","logger":"airflow.task.hooks.airflow.providers.standard.hooks.subprocess.SubprocessHook"}
{"timestamp":"2025-09-26T21:47:37.038650","level":"info","event":"    return self.sslsocket_class._create(","logger":"airflow.task.hooks.airflow.providers.standard.hooks.subprocess.SubprocessHook"}
{"timestamp":"2025-09-26T21:47:37.038666","level":"info","event":"  File \"/Users/adelson/miniconda3/envs/clair-py310/lib/python3.10/ssl.py\", line 1104, in _create","logger":"airflow.task.hooks.airflow.providers.standard.hooks.subprocess.SubprocessHook"}
{"timestamp":"2025-09-26T21:47:37.038681","level":"info","event":"    self.do_handshake()","logger":"airflow.task.hooks.airflow.providers.standard.hooks.subprocess.SubprocessHook"}
{"timestamp":"2025-09-26T21:47:37.038696","level":"info","event":"  File \"/Users/adelson/miniconda3/envs/clair-py310/lib/python3.10/ssl.py\", line 1375, in do_handshake","logger":"airflow.task.hooks.airflow.providers.standard.hooks.subprocess.SubprocessHook"}
{"timestamp":"2025-09-26T21:47:37.038711","level":"info","event":"    self._sslobj.do_handshake()","logger":"airflow.task.hooks.airflow.providers.standard.hooks.subprocess.SubprocessHook"}
{"timestamp":"2025-09-26T21:47:37.038726","level":"info","event":"TimeoutError: _ssl.c:1000: The handshake operation timed out","logger":"airflow.task.hooks.airflow.providers.standard.hooks.subprocess.SubprocessHook"}
{"timestamp":"2025-09-26T21:47:37.038741","level":"info","event":"","logger":"airflow.task.hooks.airflow.providers.standard.hooks.subprocess.SubprocessHook"}
{"timestamp":"2025-09-26T21:47:37.038756","level":"info","event":"The above exception was the direct cause of the following exception:","logger":"airflow.task.hooks.airflow.providers.standard.hooks.subprocess.SubprocessHook"}
{"timestamp":"2025-09-26T21:47:37.038771","level":"info","event":"","logger":"airflow.task.hooks.airflow.providers.standard.hooks.subprocess.SubprocessHook"}
{"timestamp":"2025-09-26T21:47:37.038786","level":"info","event":"Traceback (most recent call last):","logger":"airflow.task.hooks.airflow.providers.standard.hooks.subprocess.SubprocessHook"}
{"timestamp":"2025-09-26T21:47:37.038801","level":"info","event":"  File \"/Users/adelson/miniconda3/envs/clair-py310/lib/python3.10/site-packages/requests/adapters.py\", line 644, in send","logger":"airflow.task.hooks.airflow.providers.standard.hooks.subprocess.SubprocessHook"}
{"timestamp":"2025-09-26T21:47:37.038817","level":"info","event":"    resp = conn.urlopen(","logger":"airflow.task.hooks.airflow.providers.standard.hooks.subprocess.SubprocessHook"}
{"timestamp":"2025-09-26T21:47:37.038832","level":"info","event":"  File \"/Users/adelson/miniconda3/envs/clair-py310/lib/python3.10/site-packages/urllib3/connectionpool.py\", line 841, in urlopen","logger":"airflow.task.hooks.airflow.providers.standard.hooks.subprocess.SubprocessHook"}
{"timestamp":"2025-09-26T21:47:37.038847","level":"info","event":"    retries = retries.increment(","logger":"airflow.task.hooks.airflow.providers.standard.hooks.subprocess.SubprocessHook"}
{"timestamp":"2025-09-26T21:47:37.038862","level":"info","event":"  File \"/Users/adelson/miniconda3/envs/clair-py310/lib/python3.10/site-packages/urllib3/util/retry.py\", line 474, in increment","logger":"airflow.task.hooks.airflow.providers.standard.hooks.subprocess.SubprocessHook"}
{"timestamp":"2025-09-26T21:47:37.038877","level":"info","event":"    raise reraise(type(error), error, _stacktrace)","logger":"airflow.task.hooks.airflow.providers.standard.hooks.subprocess.SubprocessHook"}
{"timestamp":"2025-09-26T21:47:37.038892","level":"info","event":"  File \"/Users/adelson/miniconda3/envs/clair-py310/lib/python3.10/site-packages/urllib3/util/util.py\", line 39, in reraise","logger":"airflow.task.hooks.airflow.providers.standard.hooks.subprocess.SubprocessHook"}
{"timestamp":"2025-09-26T21:47:37.038907","level":"info","event":"    raise value","logger":"airflow.task.hooks.airflow.providers.standard.hooks.subprocess.SubprocessHook"}
{"timestamp":"2025-09-26T21:47:37.038923","level":"info","event":"  File \"/Users/adelson/miniconda3/envs/clair-py310/lib/python3.10/site-packages/urllib3/connectionpool.py\", line 787, in urlopen","logger":"airflow.task.hooks.airflow.providers.standard.hooks.subprocess.SubprocessHook"}
{"timestamp":"2025-09-26T21:47:37.038938","level":"info","event":"    response = self._make_request(","logger":"airflow.task.hooks.airflow.providers.standard.hooks.subprocess.SubprocessHook"}
{"timestamp":"2025-09-26T21:47:37.038953","level":"info","event":"  File \"/Users/adelson/miniconda3/envs/clair-py310/lib/python3.10/site-packages/urllib3/connectionpool.py\", line 488, in _make_request","logger":"airflow.task.hooks.airflow.providers.standard.hooks.subprocess.SubprocessHook"}
{"timestamp":"2025-09-26T21:47:37.038969","level":"info","event":"    raise new_e","logger":"airflow.task.hooks.airflow.providers.standard.hooks.subprocess.SubprocessHook"}
{"timestamp":"2025-09-26T21:47:37.038987","level":"info","event":"  File \"/Users/adelson/miniconda3/envs/clair-py310/lib/python3.10/site-packages/urllib3/connectionpool.py\", line 466, in _make_request","logger":"airflow.task.hooks.airflow.providers.standard.hooks.subprocess.SubprocessHook"}
{"timestamp":"2025-09-26T21:47:37.039002","level":"info","event":"    self._raise_timeout(err=e, url=url, timeout_value=conn.timeout)","logger":"airflow.task.hooks.airflow.providers.standard.hooks.subprocess.SubprocessHook"}
{"timestamp":"2025-09-26T21:47:37.039018","level":"info","event":"  File \"/Users/adelson/miniconda3/envs/clair-py310/lib/python3.10/site-packages/urllib3/connectionpool.py\", line 367, in _raise_timeout","logger":"airflow.task.hooks.airflow.providers.standard.hooks.subprocess.SubprocessHook"}
{"timestamp":"2025-09-26T21:47:37.039036","level":"info","event":"    raise ReadTimeoutError(","logger":"airflow.task.hooks.airflow.providers.standard.hooks.subprocess.SubprocessHook"}
{"timestamp":"2025-09-26T21:47:37.039052","level":"info","event":"urllib3.exceptions.ReadTimeoutError: HTTPSConnectionPool(host='next-lab-test.bms.utwente.nl', port=443): Read timed out. (read timeout=30)","logger":"airflow.task.hooks.airflow.providers.standard.hooks.subprocess.SubprocessHook"}
{"timestamp":"2025-09-26T21:47:37.039067","level":"info","event":"","logger":"airflow.task.hooks.airflow.providers.standard.hooks.subprocess.SubprocessHook"}
{"timestamp":"2025-09-26T21:47:37.039082","level":"info","event":"During handling of the above exception, another exception occurred:","logger":"airflow.task.hooks.airflow.providers.standard.hooks.subprocess.SubprocessHook"}
{"timestamp":"2025-09-26T21:47:37.039097","level":"info","event":"","logger":"airflow.task.hooks.airflow.providers.standard.hooks.subprocess.SubprocessHook"}
{"timestamp":"2025-09-26T21:47:37.039112","level":"info","event":"Traceback (most recent call last):","logger":"airflow.task.hooks.airflow.providers.standard.hooks.subprocess.SubprocessHook"}
{"timestamp":"2025-09-26T21:47:37.039130","level":"info","event":"  File \"/Users/adelson/Library/CloudStorage/GoogleDrive-adelson.dias@gmail.com/Meu Drive/Clair/clair-v044/tests/archived/clair_api_tester.py\", line 153, in <module>","logger":"airflow.task.hooks.airflow.providers.standard.hooks.subprocess.SubprocessHook"}
{"timestamp":"2025-09-26T21:47:37.039153","level":"info","event":"    fire.Fire(main)","logger":"airflow.task.hooks.airflow.providers.standard.hooks.subprocess.SubprocessHook"}
{"timestamp":"2025-09-26T21:47:37.039168","level":"info","event":"  File \"/Users/adelson/miniconda3/envs/clair-py310/lib/python3.10/site-packages/fire/core.py\", line 135, in Fire","logger":"airflow.task.hooks.airflow.providers.standard.hooks.subprocess.SubprocessHook"}
{"timestamp":"2025-09-26T21:47:37.039183","level":"info","event":"    component_trace = _Fire(component, args, parsed_flag_args, context, name)","logger":"airflow.task.hooks.airflow.providers.standard.hooks.subprocess.SubprocessHook"}
{"timestamp":"2025-09-26T21:47:37.039198","level":"info","event":"  File \"/Users/adelson/miniconda3/envs/clair-py310/lib/python3.10/site-packages/fire/core.py\", line 468, in _Fire","logger":"airflow.task.hooks.airflow.providers.standard.hooks.subprocess.SubprocessHook"}
{"timestamp":"2025-09-26T21:47:37.039213","level":"info","event":"    component, remaining_args = _CallAndUpdateTrace(","logger":"airflow.task.hooks.airflow.providers.standard.hooks.subprocess.SubprocessHook"}
{"timestamp":"2025-09-26T21:47:37.039228","level":"info","event":"  File \"/Users/adelson/miniconda3/envs/clair-py310/lib/python3.10/site-packages/fire/core.py\", line 684, in _CallAndUpdateTrace","logger":"airflow.task.hooks.airflow.providers.standard.hooks.subprocess.SubprocessHook"}
{"timestamp":"2025-09-26T21:47:37.039242","level":"info","event":"    component = fn(*varargs, **kwargs)","logger":"airflow.task.hooks.airflow.providers.standard.hooks.subprocess.SubprocessHook"}
{"timestamp":"2025-09-26T21:47:37.039258","level":"info","event":"  File \"/Users/adelson/Library/CloudStorage/GoogleDrive-adelson.dias@gmail.com/Meu Drive/Clair/clair-v044/tests/archived/clair_api_tester.py\", line 113, in main","logger":"airflow.task.hooks.airflow.providers.standard.hooks.subprocess.SubprocessHook"}
{"timestamp":"2025-09-26T21:47:37.039273","level":"info","event":"    req = requests.post(f\"{CLAIR_URL}/message?retrieve_details=true&save=false\",","logger":"airflow.task.hooks.airflow.providers.standard.hooks.subprocess.SubprocessHook"}
{"timestamp":"2025-09-26T21:47:37.039288","level":"info","event":"  File \"/Users/adelson/miniconda3/envs/clair-py310/lib/python3.10/site-packages/requests/api.py\", line 115, in post","logger":"airflow.task.hooks.airflow.providers.standard.hooks.subprocess.SubprocessHook"}
{"timestamp":"2025-09-26T21:47:37.039303","level":"info","event":"    return request(\"post\", url, data=data, json=json, **kwargs)","logger":"airflow.task.hooks.airflow.providers.standard.hooks.subprocess.SubprocessHook"}
{"timestamp":"2025-09-26T21:47:37.039319","level":"info","event":"  File \"/Users/adelson/miniconda3/envs/clair-py310/lib/python3.10/site-packages/requests/api.py\", line 59, in request","logger":"airflow.task.hooks.airflow.providers.standard.hooks.subprocess.SubprocessHook"}
{"timestamp":"2025-09-26T21:47:37.039334","level":"info","event":"    return session.request(method=method, url=url, **kwargs)","logger":"airflow.task.hooks.airflow.providers.standard.hooks.subprocess.SubprocessHook"}
{"timestamp":"2025-09-26T21:47:37.039349","level":"info","event":"  File \"/Users/adelson/miniconda3/envs/clair-py310/lib/python3.10/site-packages/requests/sessions.py\", line 589, in request","logger":"airflow.task.hooks.airflow.providers.standard.hooks.subprocess.SubprocessHook"}
{"timestamp":"2025-09-26T21:47:37.039364","level":"info","event":"    resp = self.send(prep, **send_kwargs)","logger":"airflow.task.hooks.airflow.providers.standard.hooks.subprocess.SubprocessHook"}
{"timestamp":"2025-09-26T21:47:37.039379","level":"info","event":"  File \"/Users/adelson/miniconda3/envs/clair-py310/lib/python3.10/site-packages/requests/sessions.py\", line 703, in send","logger":"airflow.task.hooks.airflow.providers.standard.hooks.subprocess.SubprocessHook"}
{"timestamp":"2025-09-26T21:47:37.039394","level":"info","event":"    r = adapter.send(request, **kwargs)","logger":"airflow.task.hooks.airflow.providers.standard.hooks.subprocess.SubprocessHook"}
{"timestamp":"2025-09-26T21:47:37.039409","level":"info","event":"  File \"/Users/adelson/miniconda3/envs/clair-py310/lib/python3.10/site-packages/requests/adapters.py\", line 690, in send","logger":"airflow.task.hooks.airflow.providers.standard.hooks.subprocess.SubprocessHook"}
{"timestamp":"2025-09-26T21:47:37.039424","level":"info","event":"    raise ReadTimeout(e, request=request)","logger":"airflow.task.hooks.airflow.providers.standard.hooks.subprocess.SubprocessHook"}
{"timestamp":"2025-09-26T21:47:37.039442","level":"info","event":"requests.exceptions.ReadTimeout: (\"Some failure happens at message: {'group': 'e584_VR_WC_S16english', 'text': 'The patient has come to the department today because he has a fever.', 'timestamp': '2025-01-01 00:09:33.620', 'username': 'SpeakerA'}\", ReadTimeoutError(\"HTTPSConnectionPool(host='next-lab-test.bms.utwente.nl', port=443): Read timed out. (read timeout=30)\"))","logger":"airflow.task.hooks.airflow.providers.standard.hooks.subprocess.SubprocessHook"}
{"timestamp":"2025-09-26T21:47:37.039458","level":"info","event":"","logger":"airflow.task.hooks.airflow.providers.standard.hooks.subprocess.SubprocessHook"}
{"timestamp":"2025-09-26T21:47:37.039479","level":"info","event":"ERROR conda.cli.main_run:execute(127): `conda run python -u tests/archived/clair_api_tester.py --data_file_path=/Users/adelson/Documents/mai-thomas/data/combined_chats.csv --dataset_lang=EN --topics_file=default, artificial intelligence --mode=ssrl --n_groups=2` failed. (See above for error)","logger":"airflow.task.hooks.airflow.providers.standard.hooks.subprocess.SubprocessHook"}
{"timestamp":"2025-09-26T21:47:37.039495","level":"info","event":"https://next-lab-test.bms.utwente.nl/chatBot","logger":"airflow.task.hooks.airflow.providers.standard.hooks.subprocess.SubprocessHook"}
{"timestamp":"2025-09-26T21:47:37.039510","level":"info","event":"{'is_active': True,","logger":"airflow.task.hooks.airflow.providers.standard.hooks.subprocess.SubprocessHook"}
{"timestamp":"2025-09-26T21:47:37.039525","level":"info","event":" 'keywords': ['default', ' artificial intelligence'],","logger":"airflow.task.hooks.airflow.providers.standard.hooks.subprocess.SubprocessHook"}
{"timestamp":"2025-09-26T21:47:37.039540","level":"info","event":" 'language': 'EN',","logger":"airflow.task.hooks.airflow.providers.standard.hooks.subprocess.SubprocessHook"}
{"timestamp":"2025-09-26T21:47:37.039555","level":"info","event":" 'learning_space': 'test/clair_api_ssrl',","logger":"airflow.task.hooks.airflow.providers.standard.hooks.subprocess.SubprocessHook"}
{"timestamp":"2025-09-26T21:47:37.039570","level":"info","event":" 'mode': 'ssrl'}","logger":"airflow.task.hooks.airflow.providers.standard.hooks.subprocess.SubprocessHook"}
{"timestamp":"2025-09-26T21:47:37.039585","level":"info","event":"<Response [200]> null 200 OK","logger":"airflow.task.hooks.airflow.providers.standard.hooks.subprocess.SubprocessHook"}
{"timestamp":"2025-09-26T21:47:37.039600","level":"info","event":"Starting...","logger":"airflow.task.hooks.airflow.providers.standard.hooks.subprocess.SubprocessHook"}
{"timestamp":"2025-09-26T21:47:37.039614","level":"info","event":"","logger":"airflow.task.hooks.airflow.providers.standard.hooks.subprocess.SubprocessHook"}
{"timestamp":"2025-09-26T21:47:37.068497","level":"info","event":"Command exited with return code 1","logger":"airflow.task.hooks.airflow.providers.standard.hooks.subprocess.SubprocessHook"}
{"timestamp":"2025-09-26T21:47:37.069428","level":"error","event":"Task failed with exception","logger":"task","error_detail":[{"exc_type":"AirflowException","exc_value":"Bash command failed. The command returned a non-zero exit code 1.","exc_notes":[],"syntax_error":null,"is_cause":false,"frames":[{"filename":"/Users/adelson/miniconda3/envs/airflow-test/lib/python3.10/site-packages/airflow/sdk/execution_time/task_runner.py","lineno":920,"name":"run"},{"filename":"/Users/adelson/miniconda3/envs/airflow-test/lib/python3.10/site-packages/airflow/sdk/execution_time/task_runner.py","lineno":1215,"name":"_execute_task"},{"filename":"/Users/adelson/miniconda3/envs/airflow-test/lib/python3.10/site-packages/airflow/sdk/bases/operator.py","lineno":397,"name":"wrapper"},{"filename":"/Users/adelson/miniconda3/envs/airflow-test/lib/python3.10/site-packages/airflow/providers/standard/operators/bash.py","lineno":232,"name":"execute"}],"is_group":false,"exceptions":[]}]}
