{"timestamp":"2025-09-26T14:27:54.799821","level":"info","event":"DAG bundles loaded: dags-folder","logger":"airflow.dag_processing.bundles.manager.DagBundlesManager"}
{"timestamp":"2025-09-26T14:27:54.800708","level":"info","event":"Filling up the DagBag from /Users/adelson/airflow/dags/clair_api_processor.py","logger":"airflow.models.dagbag.DagBag"}
{"timestamp":"2025-09-26T14:27:54.871687","level":"info","event":"Tmp dir root location: /var/folders/82/f0krq6zj2bb8g6tczhngyxh00000gn/T","logger":"airflow.task.hooks.airflow.providers.standard.hooks.subprocess.SubprocessHook"}
{"timestamp":"2025-09-26T14:27:54.871922","level":"info","event":"Running command: ['/bin/bash', '-c', '\\n        # Set environment variables\\n        export CLAIR_URL=\"https://next-lab-test.bms.utwente.nl/chatBot/\"\\n        export CLAIR_TOKEN=\"ZMhoyTJQxNE\"\\n        \\n        # Add conda to PATH\\n        export PATH=\"/Users/adelson/miniconda3/bin:$PATH\"\\n        \\n        # Change to the directory containing clair_api_tester.py\\n        cd \"/Users/adelson/Library/CloudStorage/GoogleDrive-adelson.dias@gmail.com/Meu Drive/Clair/clair-v044\"\\n        \\n        # Activate the clair-py310 environment and run the script\\n        conda run -n clair-py310 python tests/archived/clair_api_tester.py             --data_file_path=\"/Users/adelson/Documents/mai-thomas/data/combined_chats.csv\"             --dataset_lang=\"EN\"             --topics_file=\"None\"             --mode=\"ssrl\"             --n_groups=\"-1\"\\n        ']","logger":"airflow.task.hooks.airflow.providers.standard.hooks.subprocess.SubprocessHook"}
{"timestamp":"2025-09-26T14:27:54.874592","level":"info","event":"Output:","logger":"airflow.task.hooks.airflow.providers.standard.hooks.subprocess.SubprocessHook"}
{"timestamp":"2025-09-26T14:27:57.470085","level":"info","event":"Traceback (most recent call last):","logger":"airflow.task.hooks.airflow.providers.standard.hooks.subprocess.SubprocessHook"}
{"timestamp":"2025-09-26T14:27:57.470164","level":"info","event":"  File \"/Users/adelson/Library/CloudStorage/GoogleDrive-adelson.dias@gmail.com/Meu Drive/Clair/clair-v044/tests/archived/clair_api_tester.py\", line 154, in <module>","logger":"airflow.task.hooks.airflow.providers.standard.hooks.subprocess.SubprocessHook"}
{"timestamp":"2025-09-26T14:27:57.470196","level":"info","event":"    fire.Fire(main)","logger":"airflow.task.hooks.airflow.providers.standard.hooks.subprocess.SubprocessHook"}
{"timestamp":"2025-09-26T14:27:57.470216","level":"info","event":"  File \"/Users/adelson/miniconda3/envs/clair-py310/lib/python3.10/site-packages/fire/core.py\", line 135, in Fire","logger":"airflow.task.hooks.airflow.providers.standard.hooks.subprocess.SubprocessHook"}
{"timestamp":"2025-09-26T14:27:57.470236","level":"info","event":"    component_trace = _Fire(component, args, parsed_flag_args, context, name)","logger":"airflow.task.hooks.airflow.providers.standard.hooks.subprocess.SubprocessHook"}
{"timestamp":"2025-09-26T14:27:57.470255","level":"info","event":"  File \"/Users/adelson/miniconda3/envs/clair-py310/lib/python3.10/site-packages/fire/core.py\", line 468, in _Fire","logger":"airflow.task.hooks.airflow.providers.standard.hooks.subprocess.SubprocessHook"}
{"timestamp":"2025-09-26T14:27:57.470271","level":"info","event":"    component, remaining_args = _CallAndUpdateTrace(","logger":"airflow.task.hooks.airflow.providers.standard.hooks.subprocess.SubprocessHook"}
{"timestamp":"2025-09-26T14:27:57.470287","level":"info","event":"  File \"/Users/adelson/miniconda3/envs/clair-py310/lib/python3.10/site-packages/fire/core.py\", line 684, in _CallAndUpdateTrace","logger":"airflow.task.hooks.airflow.providers.standard.hooks.subprocess.SubprocessHook"}
{"timestamp":"2025-09-26T14:27:57.470305","level":"info","event":"    component = fn(*varargs, **kwargs)","logger":"airflow.task.hooks.airflow.providers.standard.hooks.subprocess.SubprocessHook"}
{"timestamp":"2025-09-26T14:27:57.470321","level":"info","event":"  File \"/Users/adelson/Library/CloudStorage/GoogleDrive-adelson.dias@gmail.com/Meu Drive/Clair/clair-v044/tests/archived/clair_api_tester.py\", line 72, in main","logger":"airflow.task.hooks.airflow.providers.standard.hooks.subprocess.SubprocessHook"}
{"timestamp":"2025-09-26T14:27:57.470340","level":"info","event":"    \"keywords\": keywords","logger":"airflow.task.hooks.airflow.providers.standard.hooks.subprocess.SubprocessHook"}
{"timestamp":"2025-09-26T14:27:57.470356","level":"info","event":"UnboundLocalError: local variable 'keywords' referenced before assignment","logger":"airflow.task.hooks.airflow.providers.standard.hooks.subprocess.SubprocessHook"}
{"timestamp":"2025-09-26T14:27:57.470374","level":"info","event":"","logger":"airflow.task.hooks.airflow.providers.standard.hooks.subprocess.SubprocessHook"}
{"timestamp":"2025-09-26T14:27:57.470392","level":"info","event":"ERROR conda.cli.main_run:execute(127): `conda run python tests/archived/clair_api_tester.py --data_file_path=/Users/adelson/Documents/mai-thomas/data/combined_chats.csv --dataset_lang=EN --topics_file=None --mode=ssrl --n_groups=-1` failed. (See above for error)","logger":"airflow.task.hooks.airflow.providers.standard.hooks.subprocess.SubprocessHook"}
{"timestamp":"2025-09-26T14:27:57.470431","level":"info","event":"https://next-lab-test.bms.utwente.nl/chatBot","logger":"airflow.task.hooks.airflow.providers.standard.hooks.subprocess.SubprocessHook"}
{"timestamp":"2025-09-26T14:27:57.470447","level":"info","event":"","logger":"airflow.task.hooks.airflow.providers.standard.hooks.subprocess.SubprocessHook"}
{"timestamp":"2025-09-26T14:27:57.498195","level":"info","event":"Command exited with return code 1","logger":"airflow.task.hooks.airflow.providers.standard.hooks.subprocess.SubprocessHook"}
{"timestamp":"2025-09-26T14:27:57.498518","level":"error","event":"Task failed with exception","logger":"task","error_detail":[{"exc_type":"AirflowException","exc_value":"Bash command failed. The command returned a non-zero exit code 1.","exc_notes":[],"syntax_error":null,"is_cause":false,"frames":[{"filename":"/Users/adelson/miniconda3/envs/airflow-test/lib/python3.10/site-packages/airflow/sdk/execution_time/task_runner.py","lineno":920,"name":"run"},{"filename":"/Users/adelson/miniconda3/envs/airflow-test/lib/python3.10/site-packages/airflow/sdk/execution_time/task_runner.py","lineno":1215,"name":"_execute_task"},{"filename":"/Users/adelson/miniconda3/envs/airflow-test/lib/python3.10/site-packages/airflow/sdk/bases/operator.py","lineno":397,"name":"wrapper"},{"filename":"/Users/adelson/miniconda3/envs/airflow-test/lib/python3.10/site-packages/airflow/providers/standard/operators/bash.py","lineno":232,"name":"execute"}],"is_group":false,"exceptions":[]}]}
