{"timestamp":"2025-09-26T01:02:33.822428","level":"info","event":"DAG bundles loaded: dags-folder","logger":"airflow.dag_processing.bundles.manager.DagBundlesManager"}
{"timestamp":"2025-09-26T01:02:33.822860","level":"info","event":"Filling up the DagBag from /Users/adelson/airflow/dags/prep_chats.py","logger":"airflow.models.dagbag.DagBag"}
{"timestamp":"2025-09-26T01:02:34.015697","level":"info","event":"NumExpr defaulting to 10 threads.","logger":"numexpr.utils"}
{"timestamp":"2025-09-26T01:02:34.173316Z","level":"info","event":"Discovering CSV files in folder: /Users/adelson/Documents/mai-thomas/VR_WC_Transcripts","chan":"stdout","logger":"task"}
{"timestamp":"2025-09-26T01:02:34.173706Z","level":"info","event":"Found 26 CSV files:","chan":"stdout","logger":"task"}
{"timestamp":"2025-09-26T01:02:34.173729Z","level":"info","event":"  - /Users/adelson/Documents/mai-thomas/VR_WC_Transcripts/VR_WC_S11english.csv","chan":"stdout","logger":"task"}
{"timestamp":"2025-09-26T01:02:34.173751Z","level":"info","event":"  - /Users/adelson/Documents/mai-thomas/VR_WC_Transcripts/VR_WC_S26english.csv","chan":"stdout","logger":"task"}
{"timestamp":"2025-09-26T01:02:34.173768Z","level":"info","event":"  - /Users/adelson/Documents/mai-thomas/VR_WC_Transcripts/VR_WC_S7english.csv","chan":"stdout","logger":"task"}
{"timestamp":"2025-09-26T01:02:34.173784Z","level":"info","event":"  - /Users/adelson/Documents/mai-thomas/VR_WC_Transcripts/VR_WC_S2english.csv","chan":"stdout","logger":"task"}
{"timestamp":"2025-09-26T01:02:34.173799Z","level":"info","event":"  - /Users/adelson/Documents/mai-thomas/VR_WC_Transcripts/VR_WC_S23english.csv","chan":"stdout","logger":"task"}
{"timestamp":"2025-09-26T01:02:34.173839Z","level":"info","event":"  - /Users/adelson/Documents/mai-thomas/VR_WC_Transcripts/VR_WC_S14english.csv","chan":"stdout","logger":"task"}
{"timestamp":"2025-09-26T01:02:34.173856Z","level":"info","event":"  - /Users/adelson/Documents/mai-thomas/VR_WC_Transcripts/VR_WC_S19english.csv","chan":"stdout","logger":"task"}
{"timestamp":"2025-09-26T01:02:34.173871Z","level":"info","event":"  - /Users/adelson/Documents/mai-thomas/VR_WC_Transcripts/VR_WC_S8english.csv","chan":"stdout","logger":"task"}
{"timestamp":"2025-09-26T01:02:34.173886Z","level":"info","event":"  - /Users/adelson/Documents/mai-thomas/VR_WC_Transcripts/VR_WC_S29english.csv","chan":"stdout","logger":"task"}
{"timestamp":"2025-09-26T01:02:34.173900Z","level":"info","event":"  - /Users/adelson/Documents/mai-thomas/VR_WC_Transcripts/VR_WC_S24english.csv","chan":"stdout","logger":"task"}
{"timestamp":"2025-09-26T01:02:34.173919Z","level":"info","event":"  - /Users/adelson/Documents/mai-thomas/VR_WC_Transcripts/VR_WC_S13english.csv","chan":"stdout","logger":"task"}
{"timestamp":"2025-09-26T01:02:34.173939Z","level":"info","event":"  - /Users/adelson/Documents/mai-thomas/VR_WC_Transcripts/VR_WC_S5english.csv","chan":"stdout","logger":"task"}
{"timestamp":"2025-09-26T01:02:34.173954Z","level":"info","event":"  - /Users/adelson/Documents/mai-thomas/VR_WC_Transcripts/VR_WC_S16english.csv","chan":"stdout","logger":"task"}
{"timestamp":"2025-09-26T01:02:34.173968Z","level":"info","event":"  - /Users/adelson/Documents/mai-thomas/VR_WC_Transcripts/VR_WC_S21english.csv","chan":"stdout","logger":"task"}
{"timestamp":"2025-09-26T01:02:34.173983Z","level":"info","event":"  - /Users/adelson/Documents/mai-thomas/VR_WC_Transcripts/VR_WC_S22english.csv","chan":"stdout","logger":"task"}
{"timestamp":"2025-09-26T01:02:34.173997Z","level":"info","event":"  - /Users/adelson/Documents/mai-thomas/VR_WC_Transcripts/VR_WC_S15english.csv","chan":"stdout","logger":"task"}
{"timestamp":"2025-09-26T01:02:34.174012Z","level":"info","event":"  - /Users/adelson/Documents/mai-thomas/VR_WC_Transcripts/VR_WC_S3english.csv","chan":"stdout","logger":"task"}
{"timestamp":"2025-09-26T01:02:34.174030Z","level":"info","event":"  - /Users/adelson/Documents/mai-thomas/VR_WC_Transcripts/VR_WC_S18english.csv","chan":"stdout","logger":"task"}
{"timestamp":"2025-09-26T01:02:34.174045Z","level":"info","event":"  - /Users/adelson/Documents/mai-thomas/VR_WC_Transcripts/VR_WC_S6english.csv","chan":"stdout","logger":"task"}
{"timestamp":"2025-09-26T01:02:34.174069Z","level":"info","event":"  - /Users/adelson/Documents/mai-thomas/VR_WC_Transcripts/VR_WC_S10english.csv","chan":"stdout","logger":"task"}
{"timestamp":"2025-09-26T01:02:34.174083Z","level":"info","event":"  - /Users/adelson/Documents/mai-thomas/VR_WC_Transcripts/VR_WC_S17english.csv","chan":"stdout","logger":"task"}
{"timestamp":"2025-09-26T01:02:34.174096Z","level":"info","event":"  - /Users/adelson/Documents/mai-thomas/VR_WC_Transcripts/VR_WC_S20english.csv","chan":"stdout","logger":"task"}
{"timestamp":"2025-09-26T01:02:34.174110Z","level":"info","event":"  - /Users/adelson/Documents/mai-thomas/VR_WC_Transcripts/VR_WC_S28english.csv","chan":"stdout","logger":"task"}
{"timestamp":"2025-09-26T01:02:34.174123Z","level":"info","event":"  - /Users/adelson/Documents/mai-thomas/VR_WC_Transcripts/VR_WC_S9english.csv","chan":"stdout","logger":"task"}
{"timestamp":"2025-09-26T01:02:34.174140Z","level":"info","event":"  - /Users/adelson/Documents/mai-thomas/VR_WC_Transcripts/VR_WC_S4english.csv","chan":"stdout","logger":"task"}
{"timestamp":"2025-09-26T01:02:34.174154Z","level":"info","event":"  - /Users/adelson/Documents/mai-thomas/VR_WC_Transcripts/VR_WC_S12english.csv","chan":"stdout","logger":"task"}
{"timestamp":"2025-09-26T01:02:34.173765","level":"info","event":"Done. Returned value was: ['/Users/adelson/Documents/mai-thomas/VR_WC_Transcripts/VR_WC_S11english.csv', '/Users/adelson/Documents/mai-thomas/VR_WC_Transcripts/VR_WC_S26english.csv', '/Users/adelson/Documents/mai-thomas/VR_WC_Transcripts/VR_WC_S7english.csv', '/Users/adelson/Documents/mai-thomas/VR_WC_Transcripts/VR_WC_S2english.csv', '/Users/adelson/Documents/mai-thomas/VR_WC_Transcripts/VR_WC_S23english.csv', '/Users/adelson/Documents/mai-thomas/VR_WC_Transcripts/VR_WC_S14english.csv', '/Users/adelson/Documents/mai-thomas/VR_WC_Transcripts/VR_WC_S19english.csv', '/Users/adelson/Documents/mai-thomas/VR_WC_Transcripts/VR_WC_S8english.csv', '/Users/adelson/Documents/mai-thomas/VR_WC_Transcripts/VR_WC_S29english.csv', '/Users/adelson/Documents/mai-thomas/VR_WC_Transcripts/VR_WC_S24english.csv', '/Users/adelson/Documents/mai-thomas/VR_WC_Transcripts/VR_WC_S13english.csv', '/Users/adelson/Documents/mai-thomas/VR_WC_Transcripts/VR_WC_S5english.csv', '/Users/adelson/Documents/mai-thomas/VR_WC_Transcripts/VR_WC_S16english.csv', '/Users/adelson/Documents/mai-thomas/VR_WC_Transcripts/VR_WC_S21english.csv', '/Users/adelson/Documents/mai-thomas/VR_WC_Transcripts/VR_WC_S22english.csv', '/Users/adelson/Documents/mai-thomas/VR_WC_Transcripts/VR_WC_S15english.csv', '/Users/adelson/Documents/mai-thomas/VR_WC_Transcripts/VR_WC_S3english.csv', '/Users/adelson/Documents/mai-thomas/VR_WC_Transcripts/VR_WC_S18english.csv', '/Users/adelson/Documents/mai-thomas/VR_WC_Transcripts/VR_WC_S6english.csv', '/Users/adelson/Documents/mai-thomas/VR_WC_Transcripts/VR_WC_S10english.csv', '/Users/adelson/Documents/mai-thomas/VR_WC_Transcripts/VR_WC_S17english.csv', '/Users/adelson/Documents/mai-thomas/VR_WC_Transcripts/VR_WC_S20english.csv', '/Users/adelson/Documents/mai-thomas/VR_WC_Transcripts/VR_WC_S28english.csv', '/Users/adelson/Documents/mai-thomas/VR_WC_Transcripts/VR_WC_S9english.csv', '/Users/adelson/Documents/mai-thomas/VR_WC_Transcripts/VR_WC_S4english.csv', '/Users/adelson/Documents/mai-thomas/VR_WC_Transcripts/VR_WC_S12english.csv']","logger":"airflow.task.operators.airflow.providers.standard.operators.python.PythonOperator"}
{"timestamp":"2025-09-26T01:02:34.173841","level":"info","event":"Pushing xcom","ti":"RuntimeTaskInstance(id=UUID('0199838b-0fae-7ee8-8a70-3ae41b0212ba'), task_id='discover_csv_files', dag_id='prep_chats', run_id='manual__2025-09-26T01:02:32.859547+00:00', try_number=1, map_index=-1, hostname='macbook-air-de-adelson.local', context_carrier=None, task=<Task(PythonOperator): discover_csv_files>, bundle_instance=LocalDagBundle(name=dags-folder), max_tries=0, start_date=datetime.datetime(2025, 9, 26, 1, 2, 33, 399459, tzinfo=datetime.timezone.utc), end_date=None, state=<TaskInstanceState.RUNNING: 'running'>, is_mapped=False, rendered_map_index=None, log_url='http://localhost:8080/dags/prep_chats/runs/manual__2025-09-26T01%3A02%3A32.859547%2B00%3A00/tasks/discover_csv_files?try_number=1')","logger":"task"}
