{"timestamp":"2025-09-26T23:51:18.992699","level":"info","event":"DAG bundles loaded: dags-folder","logger":"airflow.dag_processing.bundles.manager.DagBundlesManager"}
{"timestamp":"2025-09-26T23:51:18.992948","level":"info","event":"Filling up the DagBag from /Users/adelson/airflow/dags/clair_api_processor.py","logger":"airflow.models.dagbag.DagBag"}
{"timestamp":"2025-09-26T23:51:19.066641Z","level":"info","event":"🚀 Starting Clair API processing...","chan":"stdout","logger":"task"}
{"timestamp":"2025-09-26T23:51:19.066716Z","level":"info","event":"📁 Input file: /Users/adelson/Documents/mai-thomas/data/combined_chats.csv","chan":"stdout","logger":"task"}
{"timestamp":"2025-09-26T23:51:19.066741Z","level":"info","event":"🔧 Mode: ssrl","chan":"stdout","logger":"task"}
{"timestamp":"2025-09-26T23:51:19.066762Z","level":"info","event":"🌍 Language: EN","chan":"stdout","logger":"task"}
{"timestamp":"2025-09-26T23:51:19.066779Z","level":"info","event":"📊 Groups: 1","chan":"stdout","logger":"task"}
{"timestamp":"2025-09-26T23:51:19.066795Z","level":"info","event":"🌐 API URL: https://next-lab-test.bms.utwente.nl/chatBot/","chan":"stdout","logger":"task"}
{"timestamp":"2025-09-26T23:51:19.066813Z","level":"info","event":"","chan":"stdout","logger":"task"}
{"timestamp":"2025-09-26T23:59:09.968409Z","level":"info","event":"","chan":"stdout","logger":"task"}
{"timestamp":"2025-09-26T23:59:09.969069Z","level":"info","event":"0%|          | 0/403 [00:00<?, ?it/s]","chan":"stdout","logger":"task"}
{"timestamp":"2025-09-26T23:59:09.969106Z","level":"info","event":"0%|          | 1/403 [00:01<09:10,  1.37s/it]","chan":"stdout","logger":"task"}
{"timestamp":"2025-09-26T23:59:09.969129Z","level":"info","event":"0%|          | 2/403 [00:02<08:15,  1.24s/it]","chan":"stdout","logger":"task"}
{"timestamp":"2025-09-26T23:59:09.969153Z","level":"info","event":"1%|          | 3/403 [00:03<07:57,  1.19s/it]","chan":"stdout","logger":"task"}
{"timestamp":"2025-09-26T23:59:09.969171Z","level":"info","event":"1%|          | 4/403 [00:04<07:53,  1.19s/it]","chan":"stdout","logger":"task"}
{"timestamp":"2025-09-26T23:59:09.969188Z","level":"info","event":"1%|          | 5/403 [00:05<07:48,  1.18s/it]","chan":"stdout","logger":"task"}
{"timestamp":"2025-09-26T23:59:09.969206Z","level":"info","event":"1%|▏         | 6/403 [00:08<09:55,  1.50s/it]","chan":"stdout","logger":"task"}
{"timestamp":"2025-09-26T23:59:09.969229Z","level":"info","event":"2%|▏         | 7/403 [00:09<09:14,  1.40s/it]","chan":"stdout","logger":"task"}
{"timestamp":"2025-09-26T23:59:09.969246Z","level":"info","event":"2%|▏         | 8/403 [00:10<08:47,  1.34s/it]","chan":"stdout","logger":"task"}
{"timestamp":"2025-09-26T23:59:09.969267Z","level":"info","event":"2%|▏         | 9/403 [00:11<08:39,  1.32s/it]","chan":"stdout","logger":"task"}
{"timestamp":"2025-09-26T23:59:09.969287Z","level":"info","event":"2%|▏         | 10/403 [00:12<08:23,  1.28s/it]","chan":"stdout","logger":"task"}
{"timestamp":"2025-09-26T23:59:09.969304Z","level":"info","event":"3%|▎         | 11/403 [00:14<08:10,  1.25s/it]","chan":"stdout","logger":"task"}
{"timestamp":"2025-09-26T23:59:09.969321Z","level":"info","event":"3%|▎         | 12/403 [00:15<07:58,  1.22s/it]","chan":"stdout","logger":"task"}
{"timestamp":"2025-09-26T23:59:09.969337Z","level":"info","event":"3%|▎         | 13/403 [00:16<07:49,  1.20s/it]","chan":"stdout","logger":"task"}
{"timestamp":"2025-09-26T23:59:09.969353Z","level":"info","event":"3%|▎         | 14/403 [00:17<07:43,  1.19s/it]","chan":"stdout","logger":"task"}
{"timestamp":"2025-09-26T23:59:09.969369Z","level":"info","event":"4%|▎         | 15/403 [00:18<07:37,  1.18s/it]","chan":"stdout","logger":"task"}
{"timestamp":"2025-09-26T23:59:09.969386Z","level":"info","event":"4%|▍         | 16/403 [00:19<07:34,  1.17s/it]","chan":"stdout","logger":"task"}
{"timestamp":"2025-09-26T23:59:09.969401Z","level":"info","event":"4%|▍         | 17/403 [00:21<07:30,  1.17s/it]","chan":"stdout","logger":"task"}
{"timestamp":"2025-09-26T23:59:09.969422Z","level":"info","event":"4%|▍         | 18/403 [00:22<07:25,  1.16s/it]","chan":"stdout","logger":"task"}
{"timestamp":"2025-09-26T23:59:09.969447Z","level":"info","event":"5%|▍         | 19/403 [00:23<07:19,  1.15s/it]","chan":"stdout","logger":"task"}
{"timestamp":"2025-09-26T23:59:09.969469Z","level":"info","event":"5%|▍         | 20/403 [00:24<07:19,  1.15s/it]","chan":"stdout","logger":"task"}
{"timestamp":"2025-09-26T23:59:09.969485Z","level":"info","event":"5%|▌         | 21/403 [00:25<07:19,  1.15s/it]","chan":"stdout","logger":"task"}
{"timestamp":"2025-09-26T23:59:09.969504Z","level":"info","event":"5%|▌         | 22/403 [00:26<07:17,  1.15s/it]","chan":"stdout","logger":"task"}
{"timestamp":"2025-09-26T23:59:09.969520Z","level":"info","event":"6%|▌         | 23/403 [00:27<07:17,  1.15s/it]","chan":"stdout","logger":"task"}
{"timestamp":"2025-09-26T23:59:09.969535Z","level":"info","event":"6%|▌         | 24/403 [00:29<07:15,  1.15s/it]","chan":"stdout","logger":"task"}
{"timestamp":"2025-09-26T23:59:09.969550Z","level":"info","event":"6%|▌         | 25/403 [00:30<07:13,  1.15s/it]","chan":"stdout","logger":"task"}
{"timestamp":"2025-09-26T23:59:09.969571Z","level":"info","event":"6%|▋         | 26/403 [00:31<07:11,  1.14s/it]","chan":"stdout","logger":"task"}
{"timestamp":"2025-09-26T23:59:09.969588Z","level":"info","event":"7%|▋         | 27/403 [00:32<07:07,  1.14s/it]","chan":"stdout","logger":"task"}
{"timestamp":"2025-09-26T23:59:09.969603Z","level":"info","event":"7%|▋         | 28/403 [00:33<07:17,  1.17s/it]","chan":"stdout","logger":"task"}
{"timestamp":"2025-09-26T23:59:09.969618Z","level":"info","event":"7%|▋         | 29/403 [00:34<07:20,  1.18s/it]","chan":"stdout","logger":"task"}
{"timestamp":"2025-09-26T23:59:09.969633Z","level":"info","event":"7%|▋         | 30/403 [00:36<07:18,  1.18s/it]","chan":"stdout","logger":"task"}
{"timestamp":"2025-09-26T23:59:09.969648Z","level":"info","event":"8%|▊         | 31/403 [00:37<07:16,  1.17s/it]","chan":"stdout","logger":"task"}
{"timestamp":"2025-09-26T23:59:09.969664Z","level":"info","event":"8%|▊         | 32/403 [00:38<07:11,  1.16s/it]","chan":"stdout","logger":"task"}
{"timestamp":"2025-09-26T23:59:09.969679Z","level":"info","event":"8%|▊         | 33/403 [00:39<07:08,  1.16s/it]","chan":"stdout","logger":"task"}
{"timestamp":"2025-09-26T23:59:09.969694Z","level":"info","event":"8%|▊         | 34/403 [00:40<07:06,  1.16s/it]","chan":"stdout","logger":"task"}
{"timestamp":"2025-09-26T23:59:09.969713Z","level":"info","event":"9%|▊         | 35/403 [00:41<07:04,  1.15s/it]","chan":"stdout","logger":"task"}
{"timestamp":"2025-09-26T23:59:09.969728Z","level":"info","event":"9%|▉         | 36/403 [00:43<07:03,  1.15s/it]","chan":"stdout","logger":"task"}
{"timestamp":"2025-09-26T23:59:09.969743Z","level":"info","event":"9%|▉         | 37/403 [00:44<07:00,  1.15s/it]","chan":"stdout","logger":"task"}
{"timestamp":"2025-09-26T23:59:09.969762Z","level":"info","event":"9%|▉         | 38/403 [00:45<07:00,  1.15s/it]","chan":"stdout","logger":"task"}
{"timestamp":"2025-09-26T23:59:09.969778Z","level":"info","event":"10%|▉         | 39/403 [00:46<06:58,  1.15s/it]","chan":"stdout","logger":"task"}
{"timestamp":"2025-09-26T23:59:09.969793Z","level":"info","event":"10%|▉         | 40/403 [00:47<06:59,  1.16s/it]","chan":"stdout","logger":"task"}
{"timestamp":"2025-09-26T23:59:09.969808Z","level":"info","event":"10%|█         | 41/403 [00:48<06:58,  1.16s/it]","chan":"stdout","logger":"task"}
{"timestamp":"2025-09-26T23:59:09.969823Z","level":"info","event":"10%|█         | 42/403 [00:49<06:54,  1.15s/it]","chan":"stdout","logger":"task"}
{"timestamp":"2025-09-26T23:59:09.969838Z","level":"info","event":"11%|█         | 43/403 [00:51<06:54,  1.15s/it]","chan":"stdout","logger":"task"}
{"timestamp":"2025-09-26T23:59:09.969853Z","level":"info","event":"11%|█         | 44/403 [00:52<06:55,  1.16s/it]","chan":"stdout","logger":"task"}
{"timestamp":"2025-09-26T23:59:09.969868Z","level":"info","event":"11%|█         | 45/403 [00:53<06:53,  1.16s/it]","chan":"stdout","logger":"task"}
{"timestamp":"2025-09-26T23:59:09.969887Z","level":"info","event":"11%|█▏        | 46/403 [00:54<06:50,  1.15s/it]","chan":"stdout","logger":"task"}
{"timestamp":"2025-09-26T23:59:09.969907Z","level":"info","event":"12%|█▏        | 47/403 [00:55<06:52,  1.16s/it]","chan":"stdout","logger":"task"}
{"timestamp":"2025-09-26T23:59:09.969928Z","level":"info","event":"12%|█▏        | 48/403 [00:56<06:47,  1.15s/it]","chan":"stdout","logger":"task"}
{"timestamp":"2025-09-26T23:59:09.969947Z","level":"info","event":"12%|█▏        | 49/403 [00:58<06:48,  1.15s/it]","chan":"stdout","logger":"task"}
{"timestamp":"2025-09-26T23:59:09.969962Z","level":"info","event":"12%|█▏        | 50/403 [00:59<06:47,  1.15s/it]","chan":"stdout","logger":"task"}
{"timestamp":"2025-09-26T23:59:09.969977Z","level":"info","event":"13%|█▎        | 51/403 [01:00<06:45,  1.15s/it]","chan":"stdout","logger":"task"}
{"timestamp":"2025-09-26T23:59:09.969996Z","level":"info","event":"13%|█▎        | 52/403 [01:01<06:43,  1.15s/it]","chan":"stdout","logger":"task"}
{"timestamp":"2025-09-26T23:59:09.970011Z","level":"info","event":"13%|█▎        | 53/403 [01:02<06:40,  1.14s/it]","chan":"stdout","logger":"task"}
{"timestamp":"2025-09-26T23:59:09.970026Z","level":"info","event":"13%|█▎        | 54/403 [01:03<06:37,  1.14s/it]","chan":"stdout","logger":"task"}
{"timestamp":"2025-09-26T23:59:09.970041Z","level":"info","event":"14%|█▎        | 55/403 [01:04<06:40,  1.15s/it]","chan":"stdout","logger":"task"}
{"timestamp":"2025-09-26T23:59:09.970056Z","level":"info","event":"14%|█▍        | 56/403 [01:06<06:41,  1.16s/it]","chan":"stdout","logger":"task"}
{"timestamp":"2025-09-26T23:59:09.970071Z","level":"info","event":"14%|█▍        | 57/403 [01:07<06:37,  1.15s/it]","chan":"stdout","logger":"task"}
{"timestamp":"2025-09-26T23:59:09.970086Z","level":"info","event":"14%|█▍        | 58/403 [01:08<06:37,  1.15s/it]","chan":"stdout","logger":"task"}
{"timestamp":"2025-09-26T23:59:09.970101Z","level":"info","event":"15%|█▍        | 59/403 [01:09<06:34,  1.15s/it]","chan":"stdout","logger":"task"}
{"timestamp":"2025-09-26T23:59:09.970116Z","level":"info","event":"15%|█▍        | 60/403 [01:10<06:33,  1.15s/it]","chan":"stdout","logger":"task"}
{"timestamp":"2025-09-26T23:59:09.970130Z","level":"info","event":"15%|█▌        | 61/403 [01:11<06:32,  1.15s/it]","chan":"stdout","logger":"task"}
{"timestamp":"2025-09-26T23:59:09.970145Z","level":"info","event":"15%|█▌        | 62/403 [01:12<06:32,  1.15s/it]","chan":"stdout","logger":"task"}
{"timestamp":"2025-09-26T23:59:09.970160Z","level":"info","event":"16%|█▌        | 63/403 [01:14<06:30,  1.15s/it]","chan":"stdout","logger":"task"}
{"timestamp":"2025-09-26T23:59:09.970178Z","level":"info","event":"16%|█▌        | 64/403 [01:15<06:27,  1.14s/it]","chan":"stdout","logger":"task"}
{"timestamp":"2025-09-26T23:59:09.970193Z","level":"info","event":"16%|█▌        | 65/403 [01:16<06:26,  1.14s/it]","chan":"stdout","logger":"task"}
{"timestamp":"2025-09-26T23:59:09.970208Z","level":"info","event":"16%|█▋        | 66/403 [01:17<06:27,  1.15s/it]","chan":"stdout","logger":"task"}
{"timestamp":"2025-09-26T23:59:09.970222Z","level":"info","event":"17%|█▋        | 67/403 [01:18<06:27,  1.15s/it]","chan":"stdout","logger":"task"}
{"timestamp":"2025-09-26T23:59:09.970237Z","level":"info","event":"17%|█▋        | 68/403 [01:19<06:24,  1.15s/it]","chan":"stdout","logger":"task"}
{"timestamp":"2025-09-26T23:59:09.970252Z","level":"info","event":"17%|█▋        | 69/403 [01:20<06:24,  1.15s/it]","chan":"stdout","logger":"task"}
{"timestamp":"2025-09-26T23:59:09.970267Z","level":"info","event":"17%|█▋        | 70/403 [01:22<06:22,  1.15s/it]","chan":"stdout","logger":"task"}
{"timestamp":"2025-09-26T23:59:09.970286Z","level":"info","event":"18%|█▊        | 71/403 [01:23<06:20,  1.15s/it]","chan":"stdout","logger":"task"}
{"timestamp":"2025-09-26T23:59:09.970301Z","level":"info","event":"18%|█▊        | 72/403 [01:24<06:17,  1.14s/it]","chan":"stdout","logger":"task"}
{"timestamp":"2025-09-26T23:59:09.970319Z","level":"info","event":"18%|█▊        | 73/403 [01:25<06:14,  1.13s/it]","chan":"stdout","logger":"task"}
{"timestamp":"2025-09-26T23:59:09.970338Z","level":"info","event":"18%|█▊        | 74/403 [01:26<06:15,  1.14s/it]","chan":"stdout","logger":"task"}
{"timestamp":"2025-09-26T23:59:09.970357Z","level":"info","event":"19%|█▊        | 75/403 [01:27<06:16,  1.15s/it]","chan":"stdout","logger":"task"}
{"timestamp":"2025-09-26T23:59:09.970375Z","level":"info","event":"19%|█▉        | 76/403 [01:29<06:21,  1.17s/it]","chan":"stdout","logger":"task"}
{"timestamp":"2025-09-26T23:59:09.970396Z","level":"info","event":"19%|█▉        | 77/403 [01:30<06:17,  1.16s/it]","chan":"stdout","logger":"task"}
{"timestamp":"2025-09-26T23:59:09.970411Z","level":"info","event":"19%|█▉        | 78/403 [01:31<06:15,  1.16s/it]","chan":"stdout","logger":"task"}
{"timestamp":"2025-09-26T23:59:09.970430Z","level":"info","event":"20%|█▉        | 79/403 [01:32<06:14,  1.15s/it]","chan":"stdout","logger":"task"}
{"timestamp":"2025-09-26T23:59:09.970444Z","level":"info","event":"20%|█▉        | 80/403 [01:33<06:10,  1.15s/it]","chan":"stdout","logger":"task"}
{"timestamp":"2025-09-26T23:59:09.970689Z","level":"info","event":"20%|██        | 81/403 [01:34<06:07,  1.14s/it]","chan":"stdout","logger":"task"}
{"timestamp":"2025-09-26T23:59:09.970710Z","level":"info","event":"20%|██        | 82/403 [01:35<06:07,  1.15s/it]","chan":"stdout","logger":"task"}
{"timestamp":"2025-09-26T23:59:09.970726Z","level":"info","event":"21%|██        | 83/403 [01:37<06:06,  1.14s/it]","chan":"stdout","logger":"task"}
{"timestamp":"2025-09-26T23:59:09.970741Z","level":"info","event":"21%|██        | 84/403 [01:38<06:05,  1.14s/it]","chan":"stdout","logger":"task"}
{"timestamp":"2025-09-26T23:59:09.970756Z","level":"info","event":"21%|██        | 85/403 [01:39<06:05,  1.15s/it]","chan":"stdout","logger":"task"}
{"timestamp":"2025-09-26T23:59:09.970771Z","level":"info","event":"21%|██▏       | 86/403 [01:40<06:03,  1.15s/it]","chan":"stdout","logger":"task"}
{"timestamp":"2025-09-26T23:59:09.970786Z","level":"info","event":"22%|██▏       | 87/403 [01:41<06:01,  1.14s/it]","chan":"stdout","logger":"task"}
{"timestamp":"2025-09-26T23:59:09.970801Z","level":"info","event":"22%|██▏       | 88/403 [01:42<06:02,  1.15s/it]","chan":"stdout","logger":"task"}
{"timestamp":"2025-09-26T23:59:09.970816Z","level":"info","event":"22%|██▏       | 89/403 [01:43<05:59,  1.14s/it]","chan":"stdout","logger":"task"}
{"timestamp":"2025-09-26T23:59:09.970831Z","level":"info","event":"22%|██▏       | 90/403 [01:45<06:01,  1.16s/it]","chan":"stdout","logger":"task"}
{"timestamp":"2025-09-26T23:59:09.970846Z","level":"info","event":"23%|██▎       | 91/403 [01:46<05:56,  1.14s/it]","chan":"stdout","logger":"task"}
{"timestamp":"2025-09-26T23:59:09.970861Z","level":"info","event":"23%|██▎       | 92/403 [01:47<05:54,  1.14s/it]","chan":"stdout","logger":"task"}
{"timestamp":"2025-09-26T23:59:09.970876Z","level":"info","event":"23%|██▎       | 93/403 [01:48<05:53,  1.14s/it]","chan":"stdout","logger":"task"}
{"timestamp":"2025-09-26T23:59:09.970891Z","level":"info","event":"23%|██▎       | 94/403 [01:49<05:51,  1.14s/it]","chan":"stdout","logger":"task"}
{"timestamp":"2025-09-26T23:59:09.970906Z","level":"info","event":"24%|██▎       | 95/403 [01:50<05:54,  1.15s/it]","chan":"stdout","logger":"task"}
{"timestamp":"2025-09-26T23:59:09.970920Z","level":"info","event":"24%|██▍       | 96/403 [01:51<05:54,  1.15s/it]","chan":"stdout","logger":"task"}
{"timestamp":"2025-09-26T23:59:09.970935Z","level":"info","event":"24%|██▍       | 97/403 [01:53<05:49,  1.14s/it]","chan":"stdout","logger":"task"}
{"timestamp":"2025-09-26T23:59:09.970950Z","level":"info","event":"24%|██▍       | 98/403 [01:54<05:48,  1.14s/it]","chan":"stdout","logger":"task"}
{"timestamp":"2025-09-26T23:59:09.970969Z","level":"info","event":"25%|██▍       | 99/403 [01:55<05:48,  1.15s/it]","chan":"stdout","logger":"task"}
{"timestamp":"2025-09-26T23:59:09.970985Z","level":"info","event":"25%|██▍       | 100/403 [01:56<05:47,  1.15s/it]","chan":"stdout","logger":"task"}
{"timestamp":"2025-09-26T23:59:09.971000Z","level":"info","event":"25%|██▌       | 101/403 [01:57<05:48,  1.15s/it]","chan":"stdout","logger":"task"}
{"timestamp":"2025-09-26T23:59:09.971015Z","level":"info","event":"25%|██▌       | 102/403 [01:58<05:47,  1.16s/it]","chan":"stdout","logger":"task"}
{"timestamp":"2025-09-26T23:59:09.971030Z","level":"info","event":"26%|██▌       | 103/403 [02:00<05:48,  1.16s/it]","chan":"stdout","logger":"task"}
{"timestamp":"2025-09-26T23:59:09.971045Z","level":"info","event":"26%|██▌       | 104/403 [02:01<05:46,  1.16s/it]","chan":"stdout","logger":"task"}
{"timestamp":"2025-09-26T23:59:09.971060Z","level":"info","event":"26%|██▌       | 105/403 [02:02<05:41,  1.15s/it]","chan":"stdout","logger":"task"}
{"timestamp":"2025-09-26T23:59:09.971076Z","level":"info","event":"26%|██▋       | 106/403 [02:03<05:38,  1.14s/it]","chan":"stdout","logger":"task"}
{"timestamp":"2025-09-26T23:59:09.971090Z","level":"info","event":"27%|██▋       | 107/403 [02:04<05:36,  1.14s/it]","chan":"stdout","logger":"task"}
{"timestamp":"2025-09-26T23:59:09.971105Z","level":"info","event":"27%|██▋       | 108/403 [02:05<05:36,  1.14s/it]","chan":"stdout","logger":"task"}
{"timestamp":"2025-09-26T23:59:09.971120Z","level":"info","event":"27%|██▋       | 109/403 [02:06<05:32,  1.13s/it]","chan":"stdout","logger":"task"}
{"timestamp":"2025-09-26T23:59:09.971135Z","level":"info","event":"27%|██▋       | 110/403 [02:08<05:35,  1.14s/it]","chan":"stdout","logger":"task"}
{"timestamp":"2025-09-26T23:59:09.971149Z","level":"info","event":"28%|██▊       | 111/403 [02:09<05:32,  1.14s/it]","chan":"stdout","logger":"task"}
{"timestamp":"2025-09-26T23:59:09.971164Z","level":"info","event":"28%|██▊       | 112/403 [02:10<05:31,  1.14s/it]","chan":"stdout","logger":"task"}
{"timestamp":"2025-09-26T23:59:09.971179Z","level":"info","event":"28%|██▊       | 113/403 [02:11<05:31,  1.14s/it]","chan":"stdout","logger":"task"}
{"timestamp":"2025-09-26T23:59:09.971193Z","level":"info","event":"28%|██▊       | 114/403 [02:12<05:29,  1.14s/it]","chan":"stdout","logger":"task"}
{"timestamp":"2025-09-26T23:59:09.971208Z","level":"info","event":"29%|██▊       | 115/403 [02:13<05:30,  1.15s/it]","chan":"stdout","logger":"task"}
{"timestamp":"2025-09-26T23:59:09.971223Z","level":"info","event":"29%|██▉       | 116/403 [02:14<05:28,  1.14s/it]","chan":"stdout","logger":"task"}
{"timestamp":"2025-09-26T23:59:09.971238Z","level":"info","event":"29%|██▉       | 117/403 [02:15<05:26,  1.14s/it]","chan":"stdout","logger":"task"}
{"timestamp":"2025-09-26T23:59:09.971252Z","level":"info","event":"29%|██▉       | 118/403 [02:17<05:25,  1.14s/it]","chan":"stdout","logger":"task"}
{"timestamp":"2025-09-26T23:59:09.971267Z","level":"info","event":"30%|██▉       | 119/403 [02:18<05:23,  1.14s/it]","chan":"stdout","logger":"task"}
{"timestamp":"2025-09-26T23:59:09.971281Z","level":"info","event":"30%|██▉       | 120/403 [02:19<05:22,  1.14s/it]","chan":"stdout","logger":"task"}
{"timestamp":"2025-09-26T23:59:09.971296Z","level":"info","event":"30%|███       | 121/403 [02:20<05:21,  1.14s/it]","chan":"stdout","logger":"task"}
{"timestamp":"2025-09-26T23:59:09.971310Z","level":"info","event":"30%|███       | 122/403 [02:21<05:21,  1.14s/it]","chan":"stdout","logger":"task"}
{"timestamp":"2025-09-26T23:59:09.971325Z","level":"info","event":"31%|███       | 123/403 [02:22<05:19,  1.14s/it]","chan":"stdout","logger":"task"}
{"timestamp":"2025-09-26T23:59:09.971339Z","level":"info","event":"31%|███       | 124/403 [02:23<05:18,  1.14s/it]","chan":"stdout","logger":"task"}
{"timestamp":"2025-09-26T23:59:09.971352Z","level":"info","event":"31%|███       | 125/403 [02:25<05:16,  1.14s/it]","chan":"stdout","logger":"task"}
{"timestamp":"2025-09-26T23:59:09.971368Z","level":"info","event":"31%|███▏      | 126/403 [02:26<05:13,  1.13s/it]","chan":"stdout","logger":"task"}
{"timestamp":"2025-09-26T23:59:09.971381Z","level":"info","event":"32%|███▏      | 127/403 [02:27<05:14,  1.14s/it]","chan":"stdout","logger":"task"}
{"timestamp":"2025-09-26T23:59:09.971394Z","level":"info","event":"32%|███▏      | 128/403 [02:28<05:18,  1.16s/it]","chan":"stdout","logger":"task"}
{"timestamp":"2025-09-26T23:59:09.971407Z","level":"info","event":"32%|███▏      | 129/403 [02:29<05:14,  1.15s/it]","chan":"stdout","logger":"task"}
{"timestamp":"2025-09-26T23:59:09.971420Z","level":"info","event":"32%|███▏      | 130/403 [02:30<05:17,  1.16s/it]","chan":"stdout","logger":"task"}
{"timestamp":"2025-09-26T23:59:09.971434Z","level":"info","event":"33%|███▎      | 131/403 [02:32<05:17,  1.17s/it]","chan":"stdout","logger":"task"}
{"timestamp":"2025-09-26T23:59:09.971447Z","level":"info","event":"33%|███▎      | 132/403 [02:33<05:14,  1.16s/it]","chan":"stdout","logger":"task"}
{"timestamp":"2025-09-26T23:59:09.971460Z","level":"info","event":"33%|███▎      | 133/403 [02:34<05:09,  1.15s/it]","chan":"stdout","logger":"task"}
{"timestamp":"2025-09-26T23:59:09.971476Z","level":"info","event":"33%|███▎      | 134/403 [02:35<05:08,  1.15s/it]","chan":"stdout","logger":"task"}
{"timestamp":"2025-09-26T23:59:09.971488Z","level":"info","event":"33%|███▎      | 135/403 [02:36<05:09,  1.15s/it]","chan":"stdout","logger":"task"}
{"timestamp":"2025-09-26T23:59:09.971501Z","level":"info","event":"34%|███▎      | 136/403 [02:37<05:08,  1.16s/it]","chan":"stdout","logger":"task"}
{"timestamp":"2025-09-26T23:59:09.971514Z","level":"info","event":"34%|███▍      | 137/403 [02:38<05:07,  1.16s/it]","chan":"stdout","logger":"task"}
{"timestamp":"2025-09-26T23:59:09.971533Z","level":"info","event":"34%|███▍      | 138/403 [02:40<05:03,  1.15s/it]","chan":"stdout","logger":"task"}
{"timestamp":"2025-09-26T23:59:09.971546Z","level":"info","event":"34%|███▍      | 139/403 [02:41<05:01,  1.14s/it]","chan":"stdout","logger":"task"}
{"timestamp":"2025-09-26T23:59:09.971560Z","level":"info","event":"35%|███▍      | 140/403 [02:42<05:02,  1.15s/it]","chan":"stdout","logger":"task"}
{"timestamp":"2025-09-26T23:59:09.971573Z","level":"info","event":"35%|███▍      | 141/403 [02:43<04:59,  1.14s/it]","chan":"stdout","logger":"task"}
{"timestamp":"2025-09-26T23:59:09.971586Z","level":"info","event":"35%|███▌      | 142/403 [02:44<04:58,  1.14s/it]","chan":"stdout","logger":"task"}
{"timestamp":"2025-09-26T23:59:09.971599Z","level":"info","event":"35%|███▌      | 143/403 [02:45<04:57,  1.14s/it]","chan":"stdout","logger":"task"}
{"timestamp":"2025-09-26T23:59:09.971612Z","level":"info","event":"36%|███▌      | 144/403 [02:46<04:56,  1.14s/it]","chan":"stdout","logger":"task"}
{"timestamp":"2025-09-26T23:59:09.971625Z","level":"info","event":"36%|███▌      | 145/403 [02:48<05:00,  1.16s/it]","chan":"stdout","logger":"task"}
{"timestamp":"2025-09-26T23:59:09.971638Z","level":"info","event":"36%|███▌      | 146/403 [02:49<04:55,  1.15s/it]","chan":"stdout","logger":"task"}
{"timestamp":"2025-09-26T23:59:09.971654Z","level":"info","event":"36%|███▋      | 147/403 [02:50<04:53,  1.15s/it]","chan":"stdout","logger":"task"}
{"timestamp":"2025-09-26T23:59:09.971667Z","level":"info","event":"37%|███▋      | 148/403 [02:51<04:52,  1.15s/it]","chan":"stdout","logger":"task"}
{"timestamp":"2025-09-26T23:59:09.971683Z","level":"info","event":"37%|███▋      | 149/403 [02:52<04:50,  1.14s/it]","chan":"stdout","logger":"task"}
{"timestamp":"2025-09-26T23:59:09.971699Z","level":"info","event":"37%|███▋      | 150/403 [02:53<04:49,  1.15s/it]","chan":"stdout","logger":"task"}
{"timestamp":"2025-09-26T23:59:09.971713Z","level":"info","event":"37%|███▋      | 151/403 [02:55<04:53,  1.17s/it]","chan":"stdout","logger":"task"}
{"timestamp":"2025-09-26T23:59:09.971728Z","level":"info","event":"38%|███▊      | 152/403 [02:56<04:54,  1.17s/it]","chan":"stdout","logger":"task"}
{"timestamp":"2025-09-26T23:59:09.971757Z","level":"info","event":"38%|███▊      | 153/403 [02:57<04:52,  1.17s/it]","chan":"stdout","logger":"task"}
{"timestamp":"2025-09-26T23:59:09.971771Z","level":"info","event":"38%|███▊      | 154/403 [02:58<04:52,  1.17s/it]","chan":"stdout","logger":"task"}
{"timestamp":"2025-09-26T23:59:09.971806Z","level":"info","event":"38%|███▊      | 155/403 [02:59<04:50,  1.17s/it]","chan":"stdout","logger":"task"}
{"timestamp":"2025-09-26T23:59:09.971825Z","level":"info","event":"39%|███▊      | 156/403 [03:00<04:48,  1.17s/it]","chan":"stdout","logger":"task"}
{"timestamp":"2025-09-26T23:59:09.971840Z","level":"info","event":"39%|███▉      | 157/403 [03:02<04:45,  1.16s/it]","chan":"stdout","logger":"task"}
{"timestamp":"2025-09-26T23:59:09.971855Z","level":"info","event":"39%|███▉      | 158/403 [03:03<04:44,  1.16s/it]","chan":"stdout","logger":"task"}
{"timestamp":"2025-09-26T23:59:09.971870Z","level":"info","event":"39%|███▉      | 159/403 [03:04<04:41,  1.16s/it]","chan":"stdout","logger":"task"}
{"timestamp":"2025-09-26T23:59:09.971885Z","level":"info","event":"40%|███▉      | 160/403 [03:05<04:40,  1.15s/it]","chan":"stdout","logger":"task"}
{"timestamp":"2025-09-26T23:59:09.971899Z","level":"info","event":"40%|███▉      | 161/403 [03:06<04:38,  1.15s/it]","chan":"stdout","logger":"task"}
{"timestamp":"2025-09-26T23:59:09.971913Z","level":"info","event":"40%|████      | 162/403 [03:07<04:35,  1.14s/it]","chan":"stdout","logger":"task"}
{"timestamp":"2025-09-26T23:59:09.971926Z","level":"info","event":"40%|████      | 163/403 [03:08<04:38,  1.16s/it]","chan":"stdout","logger":"task"}
{"timestamp":"2025-09-26T23:59:09.971939Z","level":"info","event":"41%|████      | 164/403 [03:10<04:38,  1.16s/it]","chan":"stdout","logger":"task"}
{"timestamp":"2025-09-26T23:59:09.971952Z","level":"info","event":"41%|████      | 165/403 [03:11<04:35,  1.16s/it]","chan":"stdout","logger":"task"}
{"timestamp":"2025-09-26T23:59:09.971965Z","level":"info","event":"41%|████      | 166/403 [03:12<04:32,  1.15s/it]","chan":"stdout","logger":"task"}
{"timestamp":"2025-09-26T23:59:09.971978Z","level":"info","event":"41%|████▏     | 167/403 [03:13<04:29,  1.14s/it]","chan":"stdout","logger":"task"}
{"timestamp":"2025-09-26T23:59:09.971991Z","level":"info","event":"42%|████▏     | 168/403 [03:14<04:28,  1.14s/it]","chan":"stdout","logger":"task"}
{"timestamp":"2025-09-26T23:59:09.972004Z","level":"info","event":"42%|████▏     | 169/403 [03:15<04:27,  1.14s/it]","chan":"stdout","logger":"task"}
{"timestamp":"2025-09-26T23:59:09.972017Z","level":"info","event":"42%|████▏     | 170/403 [03:16<04:25,  1.14s/it]","chan":"stdout","logger":"task"}
{"timestamp":"2025-09-26T23:59:09.972030Z","level":"info","event":"42%|████▏     | 171/403 [03:18<04:24,  1.14s/it]","chan":"stdout","logger":"task"}
{"timestamp":"2025-09-26T23:59:09.972043Z","level":"info","event":"43%|████▎     | 172/403 [03:19<04:23,  1.14s/it]","chan":"stdout","logger":"task"}
{"timestamp":"2025-09-26T23:59:09.972055Z","level":"info","event":"43%|████▎     | 173/403 [03:20<04:21,  1.14s/it]","chan":"stdout","logger":"task"}
{"timestamp":"2025-09-26T23:59:09.972068Z","level":"info","event":"43%|████▎     | 174/403 [03:21<04:18,  1.13s/it]","chan":"stdout","logger":"task"}
{"timestamp":"2025-09-26T23:59:09.972081Z","level":"info","event":"43%|████▎     | 175/403 [03:22<04:19,  1.14s/it]","chan":"stdout","logger":"task"}
{"timestamp":"2025-09-26T23:59:09.972094Z","level":"info","event":"44%|████▎     | 176/403 [03:23<04:20,  1.15s/it]","chan":"stdout","logger":"task"}
{"timestamp":"2025-09-26T23:59:09.972109Z","level":"info","event":"44%|████▍     | 177/403 [03:24<04:18,  1.14s/it]","chan":"stdout","logger":"task"}
{"timestamp":"2025-09-26T23:59:09.972122Z","level":"info","event":"44%|████▍     | 178/403 [03:26<04:17,  1.15s/it]","chan":"stdout","logger":"task"}
{"timestamp":"2025-09-26T23:59:09.972135Z","level":"info","event":"44%|████▍     | 179/403 [03:27<04:16,  1.14s/it]","chan":"stdout","logger":"task"}
{"timestamp":"2025-09-26T23:59:09.972148Z","level":"info","event":"45%|████▍     | 180/403 [03:28<04:18,  1.16s/it]","chan":"stdout","logger":"task"}
{"timestamp":"2025-09-26T23:59:09.972161Z","level":"info","event":"45%|████▍     | 181/403 [03:29<04:16,  1.16s/it]","chan":"stdout","logger":"task"}
{"timestamp":"2025-09-26T23:59:09.972174Z","level":"info","event":"45%|████▌     | 182/403 [03:30<04:12,  1.14s/it]","chan":"stdout","logger":"task"}
{"timestamp":"2025-09-26T23:59:09.972187Z","level":"info","event":"45%|████▌     | 183/403 [03:31<04:10,  1.14s/it]","chan":"stdout","logger":"task"}
{"timestamp":"2025-09-26T23:59:09.972200Z","level":"info","event":"46%|████▌     | 184/403 [03:33<04:11,  1.15s/it]","chan":"stdout","logger":"task"}
{"timestamp":"2025-09-26T23:59:09.972212Z","level":"info","event":"46%|████▌     | 185/403 [03:34<04:10,  1.15s/it]","chan":"stdout","logger":"task"}
{"timestamp":"2025-09-26T23:59:09.972225Z","level":"info","event":"46%|████▌     | 186/403 [03:35<04:09,  1.15s/it]","chan":"stdout","logger":"task"}
{"timestamp":"2025-09-26T23:59:09.972238Z","level":"info","event":"46%|████▋     | 187/403 [03:36<04:08,  1.15s/it]","chan":"stdout","logger":"task"}
{"timestamp":"2025-09-26T23:59:09.972251Z","level":"info","event":"47%|████▋     | 188/403 [03:37<04:07,  1.15s/it]","chan":"stdout","logger":"task"}
{"timestamp":"2025-09-26T23:59:09.972263Z","level":"info","event":"47%|████▋     | 189/403 [03:38<04:05,  1.15s/it]","chan":"stdout","logger":"task"}
{"timestamp":"2025-09-26T23:59:09.972276Z","level":"info","event":"47%|████▋     | 190/403 [03:39<04:03,  1.14s/it]","chan":"stdout","logger":"task"}
{"timestamp":"2025-09-26T23:59:09.972289Z","level":"info","event":"47%|████▋     | 191/403 [03:41<04:01,  1.14s/it]","chan":"stdout","logger":"task"}
{"timestamp":"2025-09-26T23:59:09.972302Z","level":"info","event":"48%|████▊     | 192/403 [03:42<04:04,  1.16s/it]","chan":"stdout","logger":"task"}
{"timestamp":"2025-09-26T23:59:09.972314Z","level":"info","event":"48%|████▊     | 193/403 [03:43<04:00,  1.14s/it]","chan":"stdout","logger":"task"}
{"timestamp":"2025-09-26T23:59:09.972327Z","level":"info","event":"48%|████▊     | 194/403 [03:44<03:58,  1.14s/it]","chan":"stdout","logger":"task"}
{"timestamp":"2025-09-26T23:59:09.972340Z","level":"info","event":"48%|████▊     | 195/403 [03:45<03:59,  1.15s/it]","chan":"stdout","logger":"task"}
{"timestamp":"2025-09-26T23:59:09.972353Z","level":"info","event":"49%|████▊     | 196/403 [03:46<03:57,  1.15s/it]","chan":"stdout","logger":"task"}
{"timestamp":"2025-09-26T23:59:09.972366Z","level":"info","event":"49%|████▉     | 197/403 [03:48<04:56,  1.44s/it]","chan":"stdout","logger":"task"}
{"timestamp":"2025-09-26T23:59:09.972378Z","level":"info","event":"49%|████▉     | 198/403 [03:50<04:39,  1.36s/it]","chan":"stdout","logger":"task"}
{"timestamp":"2025-09-26T23:59:09.972391Z","level":"info","event":"49%|████▉     | 199/403 [03:51<04:26,  1.31s/it]","chan":"stdout","logger":"task"}
{"timestamp":"2025-09-26T23:59:09.972403Z","level":"info","event":"50%|████▉     | 200/403 [03:52<04:18,  1.27s/it]","chan":"stdout","logger":"task"}
{"timestamp":"2025-09-26T23:59:09.972416Z","level":"info","event":"50%|████▉     | 201/403 [03:53<04:12,  1.25s/it]","chan":"stdout","logger":"task"}
{"timestamp":"2025-09-26T23:59:09.972428Z","level":"info","event":"50%|█████     | 202/403 [03:54<04:06,  1.23s/it]","chan":"stdout","logger":"task"}
{"timestamp":"2025-09-26T23:59:09.972444Z","level":"info","event":"50%|█████     | 203/403 [03:56<04:02,  1.21s/it]","chan":"stdout","logger":"task"}
{"timestamp":"2025-09-26T23:59:09.972463Z","level":"info","event":"51%|█████     | 204/403 [03:57<03:58,  1.20s/it]","chan":"stdout","logger":"task"}
{"timestamp":"2025-09-26T23:59:09.972475Z","level":"info","event":"51%|█████     | 205/403 [03:58<03:59,  1.21s/it]","chan":"stdout","logger":"task"}
{"timestamp":"2025-09-26T23:59:09.972488Z","level":"info","event":"51%|█████     | 206/403 [03:59<03:54,  1.19s/it]","chan":"stdout","logger":"task"}
{"timestamp":"2025-09-26T23:59:09.972501Z","level":"info","event":"51%|█████▏    | 207/403 [04:00<03:50,  1.18s/it]","chan":"stdout","logger":"task"}
{"timestamp":"2025-09-26T23:59:09.972518Z","level":"info","event":"52%|█████▏    | 208/403 [04:01<03:52,  1.19s/it]","chan":"stdout","logger":"task"}
{"timestamp":"2025-09-26T23:59:09.972530Z","level":"info","event":"52%|█████▏    | 209/403 [04:03<03:47,  1.17s/it]","chan":"stdout","logger":"task"}
{"timestamp":"2025-09-26T23:59:09.972547Z","level":"info","event":"52%|█████▏    | 210/403 [04:04<03:47,  1.18s/it]","chan":"stdout","logger":"task"}
{"timestamp":"2025-09-26T23:59:09.972561Z","level":"info","event":"52%|█████▏    | 211/403 [04:05<03:55,  1.22s/it]","chan":"stdout","logger":"task"}
{"timestamp":"2025-09-26T23:59:09.972574Z","level":"info","event":"53%|█████▎    | 212/403 [04:06<03:50,  1.20s/it]","chan":"stdout","logger":"task"}
{"timestamp":"2025-09-26T23:59:09.972586Z","level":"info","event":"53%|█████▎    | 213/403 [04:07<03:47,  1.20s/it]","chan":"stdout","logger":"task"}
{"timestamp":"2025-09-26T23:59:09.972601Z","level":"info","event":"53%|█████▎    | 214/403 [04:09<03:43,  1.18s/it]","chan":"stdout","logger":"task"}
{"timestamp":"2025-09-26T23:59:09.972619Z","level":"info","event":"53%|█████▎    | 215/403 [04:10<03:41,  1.18s/it]","chan":"stdout","logger":"task"}
{"timestamp":"2025-09-26T23:59:09.972637Z","level":"info","event":"54%|█████▎    | 216/403 [04:11<03:39,  1.18s/it]","chan":"stdout","logger":"task"}
{"timestamp":"2025-09-26T23:59:09.972654Z","level":"info","event":"54%|█████▍    | 217/403 [04:12<03:36,  1.16s/it]","chan":"stdout","logger":"task"}
{"timestamp":"2025-09-26T23:59:09.972668Z","level":"info","event":"54%|█████▍    | 218/403 [04:13<03:35,  1.16s/it]","chan":"stdout","logger":"task"}
{"timestamp":"2025-09-26T23:59:09.972680Z","level":"info","event":"54%|█████▍    | 219/403 [04:14<03:38,  1.19s/it]","chan":"stdout","logger":"task"}
{"timestamp":"2025-09-26T23:59:09.972693Z","level":"info","event":"55%|█████▍    | 220/403 [04:16<03:37,  1.19s/it]","chan":"stdout","logger":"task"}
{"timestamp":"2025-09-26T23:59:09.972712Z","level":"info","event":"55%|█████▍    | 221/403 [04:17<03:34,  1.18s/it]","chan":"stdout","logger":"task"}
{"timestamp":"2025-09-26T23:59:09.972724Z","level":"info","event":"55%|█████▌    | 222/403 [04:18<03:31,  1.17s/it]","chan":"stdout","logger":"task"}
{"timestamp":"2025-09-26T23:59:09.972737Z","level":"info","event":"55%|█████▌    | 223/403 [04:19<03:29,  1.16s/it]","chan":"stdout","logger":"task"}
{"timestamp":"2025-09-26T23:59:09.972764Z","level":"info","event":"56%|█████▌    | 224/403 [04:20<03:29,  1.17s/it]","chan":"stdout","logger":"task"}
{"timestamp":"2025-09-26T23:59:09.972784Z","level":"info","event":"56%|█████▌    | 225/403 [04:21<03:28,  1.17s/it]","chan":"stdout","logger":"task"}
{"timestamp":"2025-09-26T23:59:09.972802Z","level":"info","event":"56%|█████▌    | 226/403 [04:23<03:25,  1.16s/it]","chan":"stdout","logger":"task"}
{"timestamp":"2025-09-26T23:59:09.972816Z","level":"info","event":"56%|█████▋    | 227/403 [04:24<03:24,  1.16s/it]","chan":"stdout","logger":"task"}
{"timestamp":"2025-09-26T23:59:09.972833Z","level":"info","event":"57%|█████▋    | 228/403 [04:25<03:23,  1.16s/it]","chan":"stdout","logger":"task"}
{"timestamp":"2025-09-26T23:59:09.972847Z","level":"info","event":"57%|█████▋    | 229/403 [04:26<03:22,  1.16s/it]","chan":"stdout","logger":"task"}
{"timestamp":"2025-09-26T23:59:09.972862Z","level":"info","event":"57%|█████▋    | 230/403 [04:27<03:19,  1.16s/it]","chan":"stdout","logger":"task"}
{"timestamp":"2025-09-26T23:59:09.972876Z","level":"info","event":"57%|█████▋    | 231/403 [04:28<03:17,  1.15s/it]","chan":"stdout","logger":"task"}
{"timestamp":"2025-09-26T23:59:09.972890Z","level":"info","event":"58%|█████▊    | 232/403 [04:30<03:17,  1.15s/it]","chan":"stdout","logger":"task"}
{"timestamp":"2025-09-26T23:59:09.972903Z","level":"info","event":"58%|█████▊    | 233/403 [04:31<03:15,  1.15s/it]","chan":"stdout","logger":"task"}
{"timestamp":"2025-09-26T23:59:09.972916Z","level":"info","event":"58%|█████▊    | 234/403 [04:32<03:14,  1.15s/it]","chan":"stdout","logger":"task"}
{"timestamp":"2025-09-26T23:59:09.972929Z","level":"info","event":"58%|█████▊    | 235/403 [04:33<03:14,  1.16s/it]","chan":"stdout","logger":"task"}
{"timestamp":"2025-09-26T23:59:09.972941Z","level":"info","event":"59%|█████▊    | 236/403 [04:34<03:16,  1.18s/it]","chan":"stdout","logger":"task"}
{"timestamp":"2025-09-26T23:59:09.972954Z","level":"info","event":"59%|█████▉    | 237/403 [04:35<03:13,  1.17s/it]","chan":"stdout","logger":"task"}
{"timestamp":"2025-09-26T23:59:09.972967Z","level":"info","event":"59%|█████▉    | 238/403 [04:36<03:11,  1.16s/it]","chan":"stdout","logger":"task"}
{"timestamp":"2025-09-26T23:59:09.972980Z","level":"info","event":"59%|█████▉    | 239/403 [04:38<03:10,  1.16s/it]","chan":"stdout","logger":"task"}
{"timestamp":"2025-09-26T23:59:09.972992Z","level":"info","event":"60%|█████▉    | 240/403 [04:39<03:09,  1.16s/it]","chan":"stdout","logger":"task"}
{"timestamp":"2025-09-26T23:59:09.973005Z","level":"info","event":"60%|█████▉    | 241/403 [04:40<03:06,  1.15s/it]","chan":"stdout","logger":"task"}
{"timestamp":"2025-09-26T23:59:09.973017Z","level":"info","event":"60%|██████    | 242/403 [04:41<03:04,  1.14s/it]","chan":"stdout","logger":"task"}
{"timestamp":"2025-09-26T23:59:09.973030Z","level":"info","event":"60%|██████    | 243/403 [04:42<03:04,  1.15s/it]","chan":"stdout","logger":"task"}
{"timestamp":"2025-09-26T23:59:09.973043Z","level":"info","event":"61%|██████    | 244/403 [04:43<03:03,  1.15s/it]","chan":"stdout","logger":"task"}
{"timestamp":"2025-09-26T23:59:09.973055Z","level":"info","event":"61%|██████    | 245/403 [04:45<03:02,  1.16s/it]","chan":"stdout","logger":"task"}
{"timestamp":"2025-09-26T23:59:09.973068Z","level":"info","event":"61%|██████    | 246/403 [04:46<03:01,  1.16s/it]","chan":"stdout","logger":"task"}
{"timestamp":"2025-09-26T23:59:09.973080Z","level":"info","event":"61%|██████▏   | 247/403 [04:47<03:00,  1.16s/it]","chan":"stdout","logger":"task"}
{"timestamp":"2025-09-26T23:59:09.973093Z","level":"info","event":"62%|██████▏   | 248/403 [04:48<02:58,  1.15s/it]","chan":"stdout","logger":"task"}
{"timestamp":"2025-09-26T23:59:09.973106Z","level":"info","event":"62%|██████▏   | 249/403 [04:49<02:58,  1.16s/it]","chan":"stdout","logger":"task"}
{"timestamp":"2025-09-26T23:59:09.973118Z","level":"info","event":"62%|██████▏   | 250/403 [04:50<02:57,  1.16s/it]","chan":"stdout","logger":"task"}
{"timestamp":"2025-09-26T23:59:09.973131Z","level":"info","event":"62%|██████▏   | 251/403 [04:51<02:55,  1.16s/it]","chan":"stdout","logger":"task"}
{"timestamp":"2025-09-26T23:59:09.973144Z","level":"info","event":"63%|██████▎   | 252/403 [04:53<02:54,  1.16s/it]","chan":"stdout","logger":"task"}
{"timestamp":"2025-09-26T23:59:09.973156Z","level":"info","event":"63%|██████▎   | 253/403 [04:54<02:54,  1.16s/it]","chan":"stdout","logger":"task"}
{"timestamp":"2025-09-26T23:59:09.973171Z","level":"info","event":"63%|██████▎   | 254/403 [04:55<02:52,  1.16s/it]","chan":"stdout","logger":"task"}
{"timestamp":"2025-09-26T23:59:09.973185Z","level":"info","event":"63%|██████▎   | 255/403 [04:56<02:53,  1.17s/it]","chan":"stdout","logger":"task"}
{"timestamp":"2025-09-26T23:59:09.973197Z","level":"info","event":"64%|██████▎   | 256/403 [04:57<02:52,  1.18s/it]","chan":"stdout","logger":"task"}
{"timestamp":"2025-09-26T23:59:09.973210Z","level":"info","event":"64%|██████▍   | 257/403 [04:59<02:50,  1.16s/it]","chan":"stdout","logger":"task"}
{"timestamp":"2025-09-26T23:59:09.973223Z","level":"info","event":"64%|██████▍   | 258/403 [05:00<02:50,  1.17s/it]","chan":"stdout","logger":"task"}
{"timestamp":"2025-09-26T23:59:09.973235Z","level":"info","event":"64%|██████▍   | 259/403 [05:01<02:49,  1.18s/it]","chan":"stdout","logger":"task"}
{"timestamp":"2025-09-26T23:59:09.973248Z","level":"info","event":"65%|██████▍   | 260/403 [05:02<02:47,  1.17s/it]","chan":"stdout","logger":"task"}
{"timestamp":"2025-09-26T23:59:09.973261Z","level":"info","event":"65%|██████▍   | 261/403 [05:03<02:45,  1.16s/it]","chan":"stdout","logger":"task"}
{"timestamp":"2025-09-26T23:59:09.973273Z","level":"info","event":"65%|██████▌   | 262/403 [05:04<02:43,  1.16s/it]","chan":"stdout","logger":"task"}
{"timestamp":"2025-09-26T23:59:09.973286Z","level":"info","event":"65%|██████▌   | 263/403 [05:05<02:41,  1.15s/it]","chan":"stdout","logger":"task"}
{"timestamp":"2025-09-26T23:59:09.973299Z","level":"info","event":"66%|██████▌   | 264/403 [05:07<02:39,  1.15s/it]","chan":"stdout","logger":"task"}
{"timestamp":"2025-09-26T23:59:09.973312Z","level":"info","event":"66%|██████▌   | 265/403 [05:08<02:38,  1.15s/it]","chan":"stdout","logger":"task"}
{"timestamp":"2025-09-26T23:59:09.973324Z","level":"info","event":"66%|██████▌   | 266/403 [05:09<02:38,  1.16s/it]","chan":"stdout","logger":"task"}
{"timestamp":"2025-09-26T23:59:09.973337Z","level":"info","event":"66%|██████▋   | 267/403 [05:10<02:36,  1.15s/it]","chan":"stdout","logger":"task"}
{"timestamp":"2025-09-26T23:59:09.973350Z","level":"info","event":"67%|██████▋   | 268/403 [05:11<02:34,  1.15s/it]","chan":"stdout","logger":"task"}
{"timestamp":"2025-09-26T23:59:09.973362Z","level":"info","event":"67%|██████▋   | 269/403 [05:12<02:32,  1.14s/it]","chan":"stdout","logger":"task"}
{"timestamp":"2025-09-26T23:59:09.973375Z","level":"info","event":"67%|██████▋   | 270/403 [05:13<02:31,  1.14s/it]","chan":"stdout","logger":"task"}
{"timestamp":"2025-09-26T23:59:09.973387Z","level":"info","event":"67%|██████▋   | 271/403 [05:15<02:30,  1.14s/it]","chan":"stdout","logger":"task"}
{"timestamp":"2025-09-26T23:59:09.973400Z","level":"info","event":"67%|██████▋   | 272/403 [05:16<02:29,  1.14s/it]","chan":"stdout","logger":"task"}
{"timestamp":"2025-09-26T23:59:09.973413Z","level":"info","event":"68%|██████▊   | 273/403 [05:17<02:29,  1.15s/it]","chan":"stdout","logger":"task"}
{"timestamp":"2025-09-26T23:59:09.973425Z","level":"info","event":"68%|██████▊   | 274/403 [05:18<02:28,  1.15s/it]","chan":"stdout","logger":"task"}
{"timestamp":"2025-09-26T23:59:09.973438Z","level":"info","event":"68%|██████▊   | 275/403 [05:19<02:27,  1.16s/it]","chan":"stdout","logger":"task"}
{"timestamp":"2025-09-26T23:59:09.973451Z","level":"info","event":"68%|██████▊   | 276/403 [05:20<02:26,  1.15s/it]","chan":"stdout","logger":"task"}
{"timestamp":"2025-09-26T23:59:09.973463Z","level":"info","event":"69%|██████▊   | 277/403 [05:22<02:30,  1.20s/it]","chan":"stdout","logger":"task"}
{"timestamp":"2025-09-26T23:59:09.973476Z","level":"info","event":"69%|██████▉   | 278/403 [05:23<02:28,  1.19s/it]","chan":"stdout","logger":"task"}
{"timestamp":"2025-09-26T23:59:09.973491Z","level":"info","event":"69%|██████▉   | 279/403 [05:24<02:28,  1.20s/it]","chan":"stdout","logger":"task"}
{"timestamp":"2025-09-26T23:59:09.973503Z","level":"info","event":"69%|██████▉   | 280/403 [05:25<02:27,  1.20s/it]","chan":"stdout","logger":"task"}
{"timestamp":"2025-09-26T23:59:09.973516Z","level":"info","event":"70%|██████▉   | 281/403 [05:26<02:24,  1.19s/it]","chan":"stdout","logger":"task"}
{"timestamp":"2025-09-26T23:59:09.973529Z","level":"info","event":"70%|██████▉   | 282/403 [05:28<02:22,  1.18s/it]","chan":"stdout","logger":"task"}
{"timestamp":"2025-09-26T23:59:09.973541Z","level":"info","event":"70%|███████   | 283/403 [05:29<02:20,  1.17s/it]","chan":"stdout","logger":"task"}
{"timestamp":"2025-09-26T23:59:09.973554Z","level":"info","event":"70%|███████   | 284/403 [05:30<02:18,  1.16s/it]","chan":"stdout","logger":"task"}
{"timestamp":"2025-09-26T23:59:09.973567Z","level":"info","event":"71%|███████   | 285/403 [05:31<02:16,  1.16s/it]","chan":"stdout","logger":"task"}
{"timestamp":"2025-09-26T23:59:09.973579Z","level":"info","event":"71%|███████   | 286/403 [05:32<02:14,  1.15s/it]","chan":"stdout","logger":"task"}
{"timestamp":"2025-09-26T23:59:09.973592Z","level":"info","event":"71%|███████   | 287/403 [05:33<02:12,  1.14s/it]","chan":"stdout","logger":"task"}
{"timestamp":"2025-09-26T23:59:09.973605Z","level":"info","event":"71%|███████▏  | 288/403 [05:34<02:12,  1.15s/it]","chan":"stdout","logger":"task"}
{"timestamp":"2025-09-26T23:59:09.973618Z","level":"info","event":"72%|███████▏  | 289/403 [05:36<02:10,  1.14s/it]","chan":"stdout","logger":"task"}
{"timestamp":"2025-09-26T23:59:09.973642Z","level":"info","event":"72%|███████▏  | 290/403 [05:37<02:08,  1.14s/it]","chan":"stdout","logger":"task"}
{"timestamp":"2025-09-26T23:59:09.973657Z","level":"info","event":"72%|███████▏  | 291/403 [05:38<02:10,  1.16s/it]","chan":"stdout","logger":"task"}
{"timestamp":"2025-09-26T23:59:09.973671Z","level":"info","event":"72%|███████▏  | 292/403 [05:39<02:08,  1.16s/it]","chan":"stdout","logger":"task"}
{"timestamp":"2025-09-26T23:59:09.973684Z","level":"info","event":"73%|███████▎  | 293/403 [05:40<02:06,  1.15s/it]","chan":"stdout","logger":"task"}
{"timestamp":"2025-09-26T23:59:09.973697Z","level":"info","event":"73%|███████▎  | 294/403 [05:41<02:05,  1.15s/it]","chan":"stdout","logger":"task"}
{"timestamp":"2025-09-26T23:59:09.973709Z","level":"info","event":"73%|███████▎  | 295/403 [05:43<02:04,  1.15s/it]","chan":"stdout","logger":"task"}
{"timestamp":"2025-09-26T23:59:09.973722Z","level":"info","event":"73%|███████▎  | 296/403 [05:44<02:02,  1.15s/it]","chan":"stdout","logger":"task"}
{"timestamp":"2025-09-26T23:59:09.973734Z","level":"info","event":"74%|███████▎  | 297/403 [05:45<02:03,  1.16s/it]","chan":"stdout","logger":"task"}
{"timestamp":"2025-09-26T23:59:09.973747Z","level":"info","event":"74%|███████▍  | 298/403 [05:46<02:01,  1.16s/it]","chan":"stdout","logger":"task"}
{"timestamp":"2025-09-26T23:59:09.973760Z","level":"info","event":"74%|███████▍  | 299/403 [05:47<01:59,  1.15s/it]","chan":"stdout","logger":"task"}
{"timestamp":"2025-09-26T23:59:09.973772Z","level":"info","event":"74%|███████▍  | 300/403 [05:48<01:58,  1.15s/it]","chan":"stdout","logger":"task"}
{"timestamp":"2025-09-26T23:59:09.973785Z","level":"info","event":"75%|███████▍  | 301/403 [05:49<01:57,  1.15s/it]","chan":"stdout","logger":"task"}
{"timestamp":"2025-09-26T23:59:09.973797Z","level":"info","event":"75%|███████▍  | 302/403 [05:51<01:55,  1.14s/it]","chan":"stdout","logger":"task"}
{"timestamp":"2025-09-26T23:59:09.973813Z","level":"info","event":"75%|███████▌  | 303/403 [05:52<01:53,  1.14s/it]","chan":"stdout","logger":"task"}
{"timestamp":"2025-09-26T23:59:09.973826Z","level":"info","event":"75%|███████▌  | 304/403 [05:53<01:53,  1.14s/it]","chan":"stdout","logger":"task"}
{"timestamp":"2025-09-26T23:59:09.973838Z","level":"info","event":"76%|███████▌  | 305/403 [05:54<01:54,  1.17s/it]","chan":"stdout","logger":"task"}
{"timestamp":"2025-09-26T23:59:09.973851Z","level":"info","event":"76%|███████▌  | 306/403 [05:55<01:51,  1.15s/it]","chan":"stdout","logger":"task"}
{"timestamp":"2025-09-26T23:59:09.973864Z","level":"info","event":"76%|███████▌  | 307/403 [05:56<01:50,  1.15s/it]","chan":"stdout","logger":"task"}
{"timestamp":"2025-09-26T23:59:09.973876Z","level":"info","event":"76%|███████▋  | 308/403 [05:58<01:50,  1.16s/it]","chan":"stdout","logger":"task"}
{"timestamp":"2025-09-26T23:59:09.973889Z","level":"info","event":"77%|███████▋  | 309/403 [05:59<01:48,  1.16s/it]","chan":"stdout","logger":"task"}
{"timestamp":"2025-09-26T23:59:09.973902Z","level":"info","event":"77%|███████▋  | 310/403 [06:00<01:47,  1.16s/it]","chan":"stdout","logger":"task"}
{"timestamp":"2025-09-26T23:59:09.973914Z","level":"info","event":"77%|███████▋  | 311/403 [06:01<01:46,  1.16s/it]","chan":"stdout","logger":"task"}
{"timestamp":"2025-09-26T23:59:09.973927Z","level":"info","event":"77%|███████▋  | 312/403 [06:02<01:44,  1.15s/it]","chan":"stdout","logger":"task"}
{"timestamp":"2025-09-26T23:59:09.973939Z","level":"info","event":"78%|███████▊  | 313/403 [06:03<01:43,  1.15s/it]","chan":"stdout","logger":"task"}
{"timestamp":"2025-09-26T23:59:09.973952Z","level":"info","event":"78%|███████▊  | 314/403 [06:04<01:42,  1.15s/it]","chan":"stdout","logger":"task"}
{"timestamp":"2025-09-26T23:59:09.973965Z","level":"info","event":"78%|███████▊  | 315/403 [06:06<01:42,  1.16s/it]","chan":"stdout","logger":"task"}
{"timestamp":"2025-09-26T23:59:09.973977Z","level":"info","event":"78%|███████▊  | 316/403 [06:07<01:39,  1.15s/it]","chan":"stdout","logger":"task"}
{"timestamp":"2025-09-26T23:59:09.973990Z","level":"info","event":"79%|███████▊  | 317/403 [06:08<01:39,  1.15s/it]","chan":"stdout","logger":"task"}
{"timestamp":"2025-09-26T23:59:09.974002Z","level":"info","event":"79%|███████▉  | 318/403 [06:09<01:37,  1.15s/it]","chan":"stdout","logger":"task"}
{"timestamp":"2025-09-26T23:59:09.974015Z","level":"info","event":"79%|███████▉  | 319/403 [06:10<01:36,  1.15s/it]","chan":"stdout","logger":"task"}
{"timestamp":"2025-09-26T23:59:09.974027Z","level":"info","event":"79%|███████▉  | 320/403 [06:11<01:35,  1.16s/it]","chan":"stdout","logger":"task"}
{"timestamp":"2025-09-26T23:59:09.974040Z","level":"info","event":"80%|███████▉  | 321/403 [06:12<01:34,  1.15s/it]","chan":"stdout","logger":"task"}
{"timestamp":"2025-09-26T23:59:09.974052Z","level":"info","event":"80%|███████▉  | 322/403 [06:14<01:33,  1.15s/it]","chan":"stdout","logger":"task"}
{"timestamp":"2025-09-26T23:59:09.974065Z","level":"info","event":"80%|████████  | 323/403 [06:15<01:31,  1.15s/it]","chan":"stdout","logger":"task"}
{"timestamp":"2025-09-26T23:59:09.974077Z","level":"info","event":"80%|████████  | 324/403 [06:16<01:30,  1.14s/it]","chan":"stdout","logger":"task"}
{"timestamp":"2025-09-26T23:59:09.974090Z","level":"info","event":"81%|████████  | 325/403 [06:17<01:29,  1.14s/it]","chan":"stdout","logger":"task"}
{"timestamp":"2025-09-26T23:59:09.974103Z","level":"info","event":"81%|████████  | 326/403 [06:18<01:27,  1.14s/it]","chan":"stdout","logger":"task"}
{"timestamp":"2025-09-26T23:59:09.974115Z","level":"info","event":"81%|████████  | 327/403 [06:19<01:26,  1.14s/it]","chan":"stdout","logger":"task"}
{"timestamp":"2025-09-26T23:59:09.974130Z","level":"info","event":"81%|████████▏ | 328/403 [06:20<01:25,  1.13s/it]","chan":"stdout","logger":"task"}
{"timestamp":"2025-09-26T23:59:09.974142Z","level":"info","event":"82%|████████▏ | 329/403 [06:22<01:24,  1.14s/it]","chan":"stdout","logger":"task"}
{"timestamp":"2025-09-26T23:59:09.974155Z","level":"info","event":"82%|████████▏ | 330/403 [06:23<01:23,  1.14s/it]","chan":"stdout","logger":"task"}
{"timestamp":"2025-09-26T23:59:09.974167Z","level":"info","event":"82%|████████▏ | 331/403 [06:24<01:22,  1.14s/it]","chan":"stdout","logger":"task"}
{"timestamp":"2025-09-26T23:59:09.974180Z","level":"info","event":"82%|████████▏ | 332/403 [06:25<01:20,  1.13s/it]","chan":"stdout","logger":"task"}
{"timestamp":"2025-09-26T23:59:09.974193Z","level":"info","event":"83%|████████▎ | 333/403 [06:26<01:19,  1.14s/it]","chan":"stdout","logger":"task"}
{"timestamp":"2025-09-26T23:59:09.974205Z","level":"info","event":"83%|████████▎ | 334/403 [06:27<01:18,  1.14s/it]","chan":"stdout","logger":"task"}
{"timestamp":"2025-09-26T23:59:09.974218Z","level":"info","event":"83%|████████▎ | 335/403 [06:28<01:17,  1.15s/it]","chan":"stdout","logger":"task"}
{"timestamp":"2025-09-26T23:59:09.974230Z","level":"info","event":"83%|████████▎ | 336/403 [06:30<01:16,  1.15s/it]","chan":"stdout","logger":"task"}
{"timestamp":"2025-09-26T23:59:09.974243Z","level":"info","event":"84%|████████▎ | 337/403 [06:31<01:16,  1.16s/it]","chan":"stdout","logger":"task"}
{"timestamp":"2025-09-26T23:59:09.974255Z","level":"info","event":"84%|████████▍ | 338/403 [06:32<01:14,  1.15s/it]","chan":"stdout","logger":"task"}
{"timestamp":"2025-09-26T23:59:09.974268Z","level":"info","event":"84%|████████▍ | 339/403 [06:33<01:13,  1.15s/it]","chan":"stdout","logger":"task"}
{"timestamp":"2025-09-26T23:59:09.974280Z","level":"info","event":"84%|████████▍ | 340/403 [06:34<01:12,  1.15s/it]","chan":"stdout","logger":"task"}
{"timestamp":"2025-09-26T23:59:09.974293Z","level":"info","event":"85%|████████▍ | 341/403 [06:35<01:11,  1.15s/it]","chan":"stdout","logger":"task"}
{"timestamp":"2025-09-26T23:59:09.974305Z","level":"info","event":"85%|████████▍ | 342/403 [06:36<01:09,  1.14s/it]","chan":"stdout","logger":"task"}
{"timestamp":"2025-09-26T23:59:09.974318Z","level":"info","event":"85%|████████▌ | 343/403 [06:38<01:08,  1.14s/it]","chan":"stdout","logger":"task"}
{"timestamp":"2025-09-26T23:59:09.974330Z","level":"info","event":"85%|████████▌ | 344/403 [06:39<01:07,  1.14s/it]","chan":"stdout","logger":"task"}
{"timestamp":"2025-09-26T23:59:09.974343Z","level":"info","event":"86%|████████▌ | 345/403 [06:40<01:06,  1.15s/it]","chan":"stdout","logger":"task"}
{"timestamp":"2025-09-26T23:59:09.974356Z","level":"info","event":"86%|████████▌ | 346/403 [06:41<01:05,  1.15s/it]","chan":"stdout","logger":"task"}
{"timestamp":"2025-09-26T23:59:09.974371Z","level":"info","event":"86%|████████▌ | 347/403 [06:42<01:04,  1.14s/it]","chan":"stdout","logger":"task"}
{"timestamp":"2025-09-26T23:59:09.974384Z","level":"info","event":"86%|████████▋ | 348/403 [06:43<01:02,  1.14s/it]","chan":"stdout","logger":"task"}
{"timestamp":"2025-09-26T23:59:09.974397Z","level":"info","event":"87%|████████▋ | 349/403 [06:45<01:02,  1.15s/it]","chan":"stdout","logger":"task"}
{"timestamp":"2025-09-26T23:59:09.974409Z","level":"info","event":"87%|████████▋ | 350/403 [06:46<01:00,  1.14s/it]","chan":"stdout","logger":"task"}
{"timestamp":"2025-09-26T23:59:09.974422Z","level":"info","event":"87%|████████▋ | 351/403 [06:47<00:59,  1.14s/it]","chan":"stdout","logger":"task"}
{"timestamp":"2025-09-26T23:59:09.974444Z","level":"info","event":"87%|████████▋ | 352/403 [06:48<00:58,  1.15s/it]","chan":"stdout","logger":"task"}
{"timestamp":"2025-09-26T23:59:09.974458Z","level":"info","event":"88%|████████▊ | 353/403 [06:49<00:57,  1.15s/it]","chan":"stdout","logger":"task"}
{"timestamp":"2025-09-26T23:59:09.974471Z","level":"info","event":"88%|████████▊ | 354/403 [06:50<00:55,  1.14s/it]","chan":"stdout","logger":"task"}
{"timestamp":"2025-09-26T23:59:09.974483Z","level":"info","event":"88%|████████▊ | 355/403 [06:51<00:54,  1.14s/it]","chan":"stdout","logger":"task"}
{"timestamp":"2025-09-26T23:59:09.974496Z","level":"info","event":"88%|████████▊ | 356/403 [06:52<00:53,  1.14s/it]","chan":"stdout","logger":"task"}
{"timestamp":"2025-09-26T23:59:09.974509Z","level":"info","event":"89%|████████▊ | 357/403 [06:54<00:53,  1.15s/it]","chan":"stdout","logger":"task"}
{"timestamp":"2025-09-26T23:59:09.974522Z","level":"info","event":"89%|████████▉ | 358/403 [06:55<00:51,  1.15s/it]","chan":"stdout","logger":"task"}
{"timestamp":"2025-09-26T23:59:09.974534Z","level":"info","event":"89%|████████▉ | 359/403 [06:56<00:50,  1.14s/it]","chan":"stdout","logger":"task"}
{"timestamp":"2025-09-26T23:59:09.974547Z","level":"info","event":"89%|████████▉ | 360/403 [06:57<00:49,  1.15s/it]","chan":"stdout","logger":"task"}
{"timestamp":"2025-09-26T23:59:09.974560Z","level":"info","event":"90%|████████▉ | 361/403 [06:58<00:49,  1.18s/it]","chan":"stdout","logger":"task"}
{"timestamp":"2025-09-26T23:59:09.974573Z","level":"info","event":"90%|████████▉ | 362/403 [07:00<00:48,  1.18s/it]","chan":"stdout","logger":"task"}
{"timestamp":"2025-09-26T23:59:09.974585Z","level":"info","event":"90%|█████████ | 363/403 [07:01<00:46,  1.17s/it]","chan":"stdout","logger":"task"}
{"timestamp":"2025-09-26T23:59:09.974598Z","level":"info","event":"90%|█████████ | 364/403 [07:02<00:45,  1.16s/it]","chan":"stdout","logger":"task"}
{"timestamp":"2025-09-26T23:59:09.974611Z","level":"info","event":"91%|█████████ | 365/403 [07:03<00:44,  1.16s/it]","chan":"stdout","logger":"task"}
{"timestamp":"2025-09-26T23:59:09.974623Z","level":"info","event":"91%|█████████ | 366/403 [07:04<00:42,  1.16s/it]","chan":"stdout","logger":"task"}
{"timestamp":"2025-09-26T23:59:09.974636Z","level":"info","event":"91%|█████████ | 367/403 [07:05<00:41,  1.16s/it]","chan":"stdout","logger":"task"}
{"timestamp":"2025-09-26T23:59:09.974649Z","level":"info","event":"91%|█████████▏| 368/403 [07:06<00:40,  1.15s/it]","chan":"stdout","logger":"task"}
{"timestamp":"2025-09-26T23:59:09.974661Z","level":"info","event":"92%|█████████▏| 369/403 [07:08<00:38,  1.14s/it]","chan":"stdout","logger":"task"}
{"timestamp":"2025-09-26T23:59:09.974674Z","level":"info","event":"92%|█████████▏| 370/403 [07:09<00:37,  1.15s/it]","chan":"stdout","logger":"task"}
{"timestamp":"2025-09-26T23:59:09.974686Z","level":"info","event":"92%|█████████▏| 371/403 [07:10<00:36,  1.15s/it]","chan":"stdout","logger":"task"}
{"timestamp":"2025-09-26T23:59:09.974699Z","level":"info","event":"92%|█████████▏| 372/403 [07:11<00:35,  1.15s/it]","chan":"stdout","logger":"task"}
{"timestamp":"2025-09-26T23:59:09.974712Z","level":"info","event":"93%|█████████▎| 373/403 [07:12<00:34,  1.15s/it]","chan":"stdout","logger":"task"}
{"timestamp":"2025-09-26T23:59:09.974724Z","level":"info","event":"93%|█████████▎| 374/403 [07:13<00:33,  1.15s/it]","chan":"stdout","logger":"task"}
{"timestamp":"2025-09-26T23:59:09.974737Z","level":"info","event":"93%|█████████▎| 375/403 [07:14<00:32,  1.15s/it]","chan":"stdout","logger":"task"}
{"timestamp":"2025-09-26T23:59:09.974750Z","level":"info","event":"93%|█████████▎| 376/403 [07:16<00:30,  1.15s/it]","chan":"stdout","logger":"task"}
{"timestamp":"2025-09-26T23:59:09.974764Z","level":"info","event":"94%|█████████▎| 377/403 [07:17<00:29,  1.14s/it]","chan":"stdout","logger":"task"}
{"timestamp":"2025-09-26T23:59:09.974777Z","level":"info","event":"94%|█████████▍| 378/403 [07:18<00:28,  1.14s/it]","chan":"stdout","logger":"task"}
{"timestamp":"2025-09-26T23:59:09.974789Z","level":"info","event":"94%|█████████▍| 379/403 [07:19<00:27,  1.14s/it]","chan":"stdout","logger":"task"}
{"timestamp":"2025-09-26T23:59:09.974802Z","level":"info","event":"94%|█████████▍| 380/403 [07:20<00:26,  1.13s/it]","chan":"stdout","logger":"task"}
{"timestamp":"2025-09-26T23:59:09.974815Z","level":"info","event":"95%|█████████▍| 381/403 [07:21<00:25,  1.14s/it]","chan":"stdout","logger":"task"}
{"timestamp":"2025-09-26T23:59:09.974827Z","level":"info","event":"95%|█████████▍| 382/403 [07:22<00:23,  1.14s/it]","chan":"stdout","logger":"task"}
{"timestamp":"2025-09-26T23:59:09.974840Z","level":"info","event":"95%|█████████▌| 383/403 [07:24<00:23,  1.17s/it]","chan":"stdout","logger":"task"}
{"timestamp":"2025-09-26T23:59:09.974852Z","level":"info","event":"95%|█████████▌| 384/403 [07:25<00:21,  1.15s/it]","chan":"stdout","logger":"task"}
{"timestamp":"2025-09-26T23:59:09.974865Z","level":"info","event":"96%|█████████▌| 385/403 [07:26<00:20,  1.16s/it]","chan":"stdout","logger":"task"}
{"timestamp":"2025-09-26T23:59:09.974877Z","level":"info","event":"96%|█████████▌| 386/403 [07:27<00:19,  1.15s/it]","chan":"stdout","logger":"task"}
{"timestamp":"2025-09-26T23:59:09.974890Z","level":"info","event":"96%|█████████▌| 387/403 [07:28<00:18,  1.15s/it]","chan":"stdout","logger":"task"}
{"timestamp":"2025-09-26T23:59:09.974902Z","level":"info","event":"96%|█████████▋| 388/403 [07:30<00:21,  1.46s/it]","chan":"stdout","logger":"task"}
{"timestamp":"2025-09-26T23:59:09.974915Z","level":"info","event":"97%|█████████▋| 389/403 [07:32<00:19,  1.38s/it]","chan":"stdout","logger":"task"}
{"timestamp":"2025-09-26T23:59:09.974928Z","level":"info","event":"97%|█████████▋| 390/403 [07:33<00:17,  1.32s/it]","chan":"stdout","logger":"task"}
{"timestamp":"2025-09-26T23:59:09.974940Z","level":"info","event":"97%|█████████▋| 391/403 [07:34<00:15,  1.30s/it]","chan":"stdout","logger":"task"}
{"timestamp":"2025-09-26T23:59:09.974953Z","level":"info","event":"97%|█████████▋| 392/403 [07:35<00:13,  1.27s/it]","chan":"stdout","logger":"task"}
{"timestamp":"2025-09-26T23:59:09.974965Z","level":"info","event":"98%|█████████▊| 393/403 [07:36<00:12,  1.24s/it]","chan":"stdout","logger":"task"}
{"timestamp":"2025-09-26T23:59:09.974978Z","level":"info","event":"98%|█████████▊| 394/403 [07:38<00:11,  1.23s/it]","chan":"stdout","logger":"task"}
{"timestamp":"2025-09-26T23:59:09.974990Z","level":"info","event":"98%|█████████▊| 395/403 [07:39<00:09,  1.21s/it]","chan":"stdout","logger":"task"}
{"timestamp":"2025-09-26T23:59:09.975003Z","level":"info","event":"98%|█████████▊| 396/403 [07:40<00:08,  1.20s/it]","chan":"stdout","logger":"task"}
{"timestamp":"2025-09-26T23:59:09.975016Z","level":"info","event":"99%|█████████▊| 397/403 [07:41<00:07,  1.18s/it]","chan":"stdout","logger":"task"}
{"timestamp":"2025-09-26T23:59:09.975028Z","level":"info","event":"99%|█████████▉| 398/403 [07:42<00:05,  1.18s/it]","chan":"stdout","logger":"task"}
{"timestamp":"2025-09-26T23:59:09.975041Z","level":"info","event":"99%|█████████▉| 399/403 [07:43<00:04,  1.16s/it]","chan":"stdout","logger":"task"}
{"timestamp":"2025-09-26T23:59:09.975054Z","level":"info","event":"99%|█████████▉| 400/403 [07:45<00:03,  1.16s/it]","chan":"stdout","logger":"task"}
{"timestamp":"2025-09-26T23:59:09.975069Z","level":"info","event":"100%|█████████▉| 401/403 [07:46<00:02,  1.17s/it]","chan":"stdout","logger":"task"}
{"timestamp":"2025-09-26T23:59:09.975082Z","level":"info","event":"100%|█████████▉| 402/403 [07:47<00:01,  1.16s/it]","chan":"stdout","logger":"task"}
{"timestamp":"2025-09-26T23:59:09.975095Z","level":"info","event":"100%|██████████| 403/403 [07:48<00:00,  1.16s/it]","chan":"stdout","logger":"task"}
{"timestamp":"2025-09-26T23:59:09.975107Z","level":"info","event":"100%|██████████| 403/403 [07:48<00:00,  1.16s/it]","chan":"stdout","logger":"task"}
{"timestamp":"2025-09-26T23:59:09.975120Z","level":"info","event":"","chan":"stdout","logger":"task"}
{"timestamp":"2025-09-26T23:59:09.975133Z","level":"info","event":"https://next-lab-test.bms.utwente.nl/chatBot","chan":"stdout","logger":"task"}
{"timestamp":"2025-09-26T23:59:09.975146Z","level":"info","event":"{'is_active': True,","chan":"stdout","logger":"task"}
{"timestamp":"2025-09-26T23:59:09.975159Z","level":"info","event":"'keywords': ['default', ' artificial intelligence'],","chan":"stdout","logger":"task"}
{"timestamp":"2025-09-26T23:59:09.975175Z","level":"info","event":"'language': 'EN',","chan":"stdout","logger":"task"}
{"timestamp":"2025-09-26T23:59:09.975199Z","level":"info","event":"'learning_space': 'test/clair_api_ssrl',","chan":"stdout","logger":"task"}
{"timestamp":"2025-09-26T23:59:09.975216Z","level":"info","event":"'mode': 'ssrl'}","chan":"stdout","logger":"task"}
{"timestamp":"2025-09-26T23:59:09.975229Z","level":"info","event":"<Response [200]> null 200 OK","chan":"stdout","logger":"task"}
{"timestamp":"2025-09-26T23:59:09.975249Z","level":"info","event":"Starting...","chan":"stdout","logger":"task"}
{"timestamp":"2025-09-26T23:59:09.975261Z","level":"info","event":"","chan":"stdout","logger":"task"}
{"timestamp":"2025-09-26T23:59:10.002134Z","level":"info","event":"","chan":"stdout","logger":"task"}
{"timestamp":"2025-09-26T23:59:10.002209Z","level":"info","event":"✅ Clair API processing completed successfully!","chan":"stdout","logger":"task"}
{"timestamp":"2025-09-26T23:59:10.003011","level":"info","event":"Done. Returned value was: None","logger":"airflow.task.operators.airflow.providers.standard.operators.python.PythonOperator"}
