{"timestamp":"2025-09-26T14:44:03.464061","level":"info","event":"DAG bundles loaded: dags-folder","logger":"airflow.dag_processing.bundles.manager.DagBundlesManager"}
{"timestamp":"2025-09-26T14:44:03.464352","level":"info","event":"Filling up the DagBag from /Users/adelson/airflow/dags/prep_chats.py","logger":"airflow.models.dagbag.DagBag"}
{"timestamp":"2025-09-26T14:44:03.834985","level":"info","event":"NumExpr defaulting to 10 threads.","logger":"numexpr.utils"}
{"timestamp":"2025-09-26T14:44:03.956493Z","level":"info","event":"Cleaning up temporary files...","chan":"stdout","logger":"task"}
{"timestamp":"2025-09-26T14:44:03.961106Z","level":"info","event":"Removed temporary file: /Users/adelson/Documents/mai-thomas/VR_WC_Transcripts/VR_WC_S11english_processed.csv","chan":"stdout","logger":"task"}
{"timestamp":"2025-09-26T14:44:03.961160Z","level":"info","event":"Removed temporary file: /Users/adelson/Documents/mai-thomas/VR_WC_Transcripts/VR_WC_S26english_processed.csv","chan":"stdout","logger":"task"}
{"timestamp":"2025-09-26T14:44:03.961184Z","level":"info","event":"Removed temporary file: /Users/adelson/Documents/mai-thomas/VR_WC_Transcripts/VR_WC_S7english_processed.csv","chan":"stdout","logger":"task"}
{"timestamp":"2025-09-26T14:44:03.961211Z","level":"info","event":"Removed temporary file: /Users/adelson/Documents/mai-thomas/VR_WC_Transcripts/VR_WC_S2english_processed.csv","chan":"stdout","logger":"task"}
{"timestamp":"2025-09-26T14:44:03.961229Z","level":"info","event":"Removed temporary file: /Users/adelson/Documents/mai-thomas/VR_WC_Transcripts/VR_WC_S23english_processed.csv","chan":"stdout","logger":"task"}
{"timestamp":"2025-09-26T14:44:03.961253Z","level":"info","event":"Removed temporary file: /Users/adelson/Documents/mai-thomas/VR_WC_Transcripts/VR_WC_S14english_processed.csv","chan":"stdout","logger":"task"}
{"timestamp":"2025-09-26T14:44:03.961275Z","level":"info","event":"Removed temporary file: /Users/adelson/Documents/mai-thomas/VR_WC_Transcripts/VR_WC_S19english_processed.csv","chan":"stdout","logger":"task"}
{"timestamp":"2025-09-26T14:44:03.961297Z","level":"info","event":"Removed temporary file: /Users/adelson/Documents/mai-thomas/VR_WC_Transcripts/VR_WC_S8english_processed.csv","chan":"stdout","logger":"task"}
{"timestamp":"2025-09-26T14:44:03.961319Z","level":"info","event":"Removed temporary file: /Users/adelson/Documents/mai-thomas/VR_WC_Transcripts/VR_WC_S29english_processed.csv","chan":"stdout","logger":"task"}
{"timestamp":"2025-09-26T14:44:03.961342Z","level":"info","event":"Removed temporary file: /Users/adelson/Documents/mai-thomas/VR_WC_Transcripts/VR_WC_S24english_processed.csv","chan":"stdout","logger":"task"}
{"timestamp":"2025-09-26T14:44:03.961373Z","level":"info","event":"Removed temporary file: /Users/adelson/Documents/mai-thomas/VR_WC_Transcripts/VR_WC_S13english_processed.csv","chan":"stdout","logger":"task"}
{"timestamp":"2025-09-26T14:44:03.961397Z","level":"info","event":"Removed temporary file: /Users/adelson/Documents/mai-thomas/VR_WC_Transcripts/VR_WC_S5english_processed.csv","chan":"stdout","logger":"task"}
{"timestamp":"2025-09-26T14:44:03.961422Z","level":"info","event":"Removed temporary file: /Users/adelson/Documents/mai-thomas/VR_WC_Transcripts/VR_WC_S16english_processed.csv","chan":"stdout","logger":"task"}
{"timestamp":"2025-09-26T14:44:03.961447Z","level":"info","event":"Removed temporary file: /Users/adelson/Documents/mai-thomas/VR_WC_Transcripts/VR_WC_S21english_processed.csv","chan":"stdout","logger":"task"}
{"timestamp":"2025-09-26T14:44:03.961469Z","level":"info","event":"Removed temporary file: /Users/adelson/Documents/mai-thomas/VR_WC_Transcripts/VR_WC_S22english_processed.csv","chan":"stdout","logger":"task"}
{"timestamp":"2025-09-26T14:44:03.961492Z","level":"info","event":"Removed temporary file: /Users/adelson/Documents/mai-thomas/VR_WC_Transcripts/VR_WC_S15english_processed.csv","chan":"stdout","logger":"task"}
{"timestamp":"2025-09-26T14:44:03.961515Z","level":"info","event":"Removed temporary file: /Users/adelson/Documents/mai-thomas/VR_WC_Transcripts/VR_WC_S3english_processed.csv","chan":"stdout","logger":"task"}
{"timestamp":"2025-09-26T14:44:03.961539Z","level":"info","event":"Removed temporary file: /Users/adelson/Documents/mai-thomas/VR_WC_Transcripts/VR_WC_S18english_processed.csv","chan":"stdout","logger":"task"}
{"timestamp":"2025-09-26T14:44:03.961563Z","level":"info","event":"Removed temporary file: /Users/adelson/Documents/mai-thomas/VR_WC_Transcripts/VR_WC_S6english_processed.csv","chan":"stdout","logger":"task"}
{"timestamp":"2025-09-26T14:44:03.961585Z","level":"info","event":"Removed temporary file: /Users/adelson/Documents/mai-thomas/VR_WC_Transcripts/VR_WC_S10english_processed.csv","chan":"stdout","logger":"task"}
{"timestamp":"2025-09-26T14:44:03.961608Z","level":"info","event":"Removed temporary file: /Users/adelson/Documents/mai-thomas/VR_WC_Transcripts/VR_WC_S17english_processed.csv","chan":"stdout","logger":"task"}
{"timestamp":"2025-09-26T14:44:03.961640Z","level":"info","event":"Removed temporary file: /Users/adelson/Documents/mai-thomas/VR_WC_Transcripts/VR_WC_S20english_processed.csv","chan":"stdout","logger":"task"}
{"timestamp":"2025-09-26T14:44:03.961665Z","level":"info","event":"Removed temporary file: /Users/adelson/Documents/mai-thomas/VR_WC_Transcripts/VR_WC_S28english_processed.csv","chan":"stdout","logger":"task"}
{"timestamp":"2025-09-26T14:44:03.961694Z","level":"info","event":"Removed temporary file: /Users/adelson/Documents/mai-thomas/VR_WC_Transcripts/VR_WC_S9english_processed.csv","chan":"stdout","logger":"task"}
{"timestamp":"2025-09-26T14:44:03.961736Z","level":"info","event":"Removed temporary file: /Users/adelson/Documents/mai-thomas/VR_WC_Transcripts/VR_WC_S4english_processed.csv","chan":"stdout","logger":"task"}
{"timestamp":"2025-09-26T14:44:03.961768Z","level":"info","event":"Removed temporary file: /Users/adelson/Documents/mai-thomas/VR_WC_Transcripts/VR_WC_S12english_processed.csv","chan":"stdout","logger":"task"}
{"timestamp":"2025-09-26T14:44:03.961783Z","level":"info","event":"Cleanup completed!","chan":"stdout","logger":"task"}
{"timestamp":"2025-09-26T14:44:03.961822","level":"info","event":"Done. Returned value was: None","logger":"airflow.task.operators.airflow.providers.standard.operators.python.PythonOperator"}
