{"timestamp":"2025-09-26T14:44:00.342942","level":"info","event":"DAG bundles loaded: dags-folder","logger":"airflow.dag_processing.bundles.manager.DagBundlesManager"}
{"timestamp":"2025-09-26T14:44:00.343179","level":"info","event":"Filling up the DagBag from /Users/adelson/airflow/dags/prep_chats.py","logger":"airflow.models.dagbag.DagBag"}
{"timestamp":"2025-09-26T14:44:00.555176","level":"info","event":"NumExpr defaulting to 10 threads.","logger":"numexpr.utils"}
{"timestamp":"2025-09-26T14:44:00.690555Z","level":"info","event":"Processing 2020 CSV files","chan":"stdout","logger":"task"}
{"timestamp":"2025-09-26T14:44:00.690602Z","level":"info","event":"csv_files is a string, attempting to parse...","chan":"stdout","logger":"task"}
{"timestamp":"2025-09-26T14:44:00.712707Z","level":"info","event":"Removed consecutive duplicate text rows from VR_WC_S11english","chan":"stdout","logger":"task"}
{"timestamp":"2025-09-26T14:44:00.715152Z","level":"info","event":"Processed VR_WC_S11english: 166 rows, 5 columns","chan":"stdout","logger":"task"}
{"timestamp":"2025-09-26T14:44:00.727561Z","level":"info","event":"Removed consecutive duplicate text rows from VR_WC_S26english","chan":"stdout","logger":"task"}
{"timestamp":"2025-09-26T14:44:00.736605Z","level":"info","event":"Processed VR_WC_S26english: 159 rows, 5 columns","chan":"stdout","logger":"task"}
{"timestamp":"2025-09-26T14:44:00.754583Z","level":"info","event":"Removed consecutive duplicate text rows from VR_WC_S7english","chan":"stdout","logger":"task"}
{"timestamp":"2025-09-26T14:44:00.755442Z","level":"info","event":"Processed VR_WC_S7english: 276 rows, 5 columns","chan":"stdout","logger":"task"}
{"timestamp":"2025-09-26T14:44:00.780498Z","level":"info","event":"Removed consecutive duplicate text rows from VR_WC_S2english","chan":"stdout","logger":"task"}
{"timestamp":"2025-09-26T14:44:00.781417Z","level":"info","event":"Processed VR_WC_S2english: 403 rows, 5 columns","chan":"stdout","logger":"task"}
{"timestamp":"2025-09-26T14:44:00.787799Z","level":"info","event":"Removed consecutive duplicate text rows from VR_WC_S23english","chan":"stdout","logger":"task"}
{"timestamp":"2025-09-26T14:44:00.788306Z","level":"info","event":"Processed VR_WC_S23english: 76 rows, 5 columns","chan":"stdout","logger":"task"}
{"timestamp":"2025-09-26T14:44:00.796342Z","level":"info","event":"Removed consecutive duplicate text rows from VR_WC_S14english","chan":"stdout","logger":"task"}
{"timestamp":"2025-09-26T14:44:00.796853Z","level":"info","event":"Processed VR_WC_S14english: 90 rows, 5 columns","chan":"stdout","logger":"task"}
{"timestamp":"2025-09-26T14:44:00.805923Z","level":"info","event":"Removed consecutive duplicate text rows from VR_WC_S19english","chan":"stdout","logger":"task"}
{"timestamp":"2025-09-26T14:44:00.806479Z","level":"info","event":"Processed VR_WC_S19english: 117 rows, 5 columns","chan":"stdout","logger":"task"}
{"timestamp":"2025-09-26T14:44:00.819008Z","level":"info","event":"Removed consecutive duplicate text rows from VR_WC_S8english","chan":"stdout","logger":"task"}
{"timestamp":"2025-09-26T14:44:00.819674Z","level":"info","event":"Processed VR_WC_S8english: 192 rows, 5 columns","chan":"stdout","logger":"task"}
{"timestamp":"2025-09-26T14:44:00.827160Z","level":"info","event":"Removed consecutive duplicate text rows from VR_WC_S29english","chan":"stdout","logger":"task"}
{"timestamp":"2025-09-26T14:44:00.827749Z","level":"info","event":"Processed VR_WC_S29english: 102 rows, 5 columns","chan":"stdout","logger":"task"}
{"timestamp":"2025-09-26T14:44:00.840321Z","level":"info","event":"Removed consecutive duplicate text rows from VR_WC_S24english","chan":"stdout","logger":"task"}
{"timestamp":"2025-09-26T14:44:00.841039Z","level":"info","event":"Processed VR_WC_S24english: 190 rows, 5 columns","chan":"stdout","logger":"task"}
{"timestamp":"2025-09-26T14:44:00.853496Z","level":"info","event":"Removed consecutive duplicate text rows from VR_WC_S13english","chan":"stdout","logger":"task"}
{"timestamp":"2025-09-26T14:44:00.854186Z","level":"info","event":"Processed VR_WC_S13english: 184 rows, 5 columns","chan":"stdout","logger":"task"}
{"timestamp":"2025-09-26T14:44:00.867795Z","level":"info","event":"Removed consecutive duplicate text rows from VR_WC_S5english","chan":"stdout","logger":"task"}
{"timestamp":"2025-09-26T14:44:00.868490Z","level":"info","event":"Processed VR_WC_S5english: 199 rows, 5 columns","chan":"stdout","logger":"task"}
{"timestamp":"2025-09-26T14:44:00.881412Z","level":"info","event":"Removed consecutive duplicate text rows from VR_WC_S16english","chan":"stdout","logger":"task"}
{"timestamp":"2025-09-26T14:44:00.882113Z","level":"info","event":"Processed VR_WC_S16english: 210 rows, 5 columns","chan":"stdout","logger":"task"}
{"timestamp":"2025-09-26T14:44:00.890753Z","level":"info","event":"Removed consecutive duplicate text rows from VR_WC_S21english","chan":"stdout","logger":"task"}
{"timestamp":"2025-09-26T14:44:00.891267Z","level":"info","event":"Processed VR_WC_S21english: 91 rows, 5 columns","chan":"stdout","logger":"task"}
{"timestamp":"2025-09-26T14:44:00.899371Z","level":"info","event":"Removed consecutive duplicate text rows from VR_WC_S22english","chan":"stdout","logger":"task"}
{"timestamp":"2025-09-26T14:44:00.899906Z","level":"info","event":"Processed VR_WC_S22english: 105 rows, 5 columns","chan":"stdout","logger":"task"}
{"timestamp":"2025-09-26T14:44:00.910522Z","level":"info","event":"Removed consecutive duplicate text rows from VR_WC_S15english","chan":"stdout","logger":"task"}
{"timestamp":"2025-09-26T14:44:00.911187Z","level":"info","event":"Processed VR_WC_S15english: 155 rows, 5 columns","chan":"stdout","logger":"task"}
{"timestamp":"2025-09-26T14:44:00.926401Z","level":"info","event":"Removed consecutive duplicate text rows from VR_WC_S3english","chan":"stdout","logger":"task"}
{"timestamp":"2025-09-26T14:44:00.927106Z","level":"info","event":"Processed VR_WC_S3english: 218 rows, 5 columns","chan":"stdout","logger":"task"}
{"timestamp":"2025-09-26T14:44:00.937893Z","level":"info","event":"Removed consecutive duplicate text rows from VR_WC_S18english","chan":"stdout","logger":"task"}
{"timestamp":"2025-09-26T14:44:00.938557Z","level":"info","event":"Processed VR_WC_S18english: 156 rows, 5 columns","chan":"stdout","logger":"task"}
{"timestamp":"2025-09-26T14:44:00.946199Z","level":"info","event":"Removed consecutive duplicate text rows from VR_WC_S6english","chan":"stdout","logger":"task"}
{"timestamp":"2025-09-26T14:44:00.946621Z","level":"info","event":"Processed VR_WC_S6english: 42 rows, 5 columns","chan":"stdout","logger":"task"}
{"timestamp":"2025-09-26T14:44:00.956503Z","level":"info","event":"Removed consecutive duplicate text rows from VR_WC_S10english","chan":"stdout","logger":"task"}
{"timestamp":"2025-09-26T14:44:00.957164Z","level":"info","event":"Processed VR_WC_S10english: 146 rows, 5 columns","chan":"stdout","logger":"task"}
{"timestamp":"2025-09-26T14:44:00.966883Z","level":"info","event":"Removed consecutive duplicate text rows from VR_WC_S17english","chan":"stdout","logger":"task"}
{"timestamp":"2025-09-26T14:44:00.967517Z","level":"info","event":"Processed VR_WC_S17english: 144 rows, 5 columns","chan":"stdout","logger":"task"}
{"timestamp":"2025-09-26T14:44:00.973587Z","level":"info","event":"Removed consecutive duplicate text rows from VR_WC_S20english","chan":"stdout","logger":"task"}
{"timestamp":"2025-09-26T14:44:00.974043Z","level":"info","event":"Processed VR_WC_S20english: 78 rows, 5 columns","chan":"stdout","logger":"task"}
{"timestamp":"2025-09-26T14:44:00.980048Z","level":"info","event":"Removed consecutive duplicate text rows from VR_WC_S28english","chan":"stdout","logger":"task"}
{"timestamp":"2025-09-26T14:44:00.980521Z","level":"info","event":"Processed VR_WC_S28english: 75 rows, 5 columns","chan":"stdout","logger":"task"}
{"timestamp":"2025-09-26T14:44:00.991093Z","level":"info","event":"Removed consecutive duplicate text rows from VR_WC_S9english","chan":"stdout","logger":"task"}
{"timestamp":"2025-09-26T14:44:00.991747Z","level":"info","event":"Processed VR_WC_S9english: 153 rows, 5 columns","chan":"stdout","logger":"task"}
{"timestamp":"2025-09-26T14:44:01.002994Z","level":"info","event":"Removed consecutive duplicate text rows from VR_WC_S4english","chan":"stdout","logger":"task"}
{"timestamp":"2025-09-26T14:44:01.003713Z","level":"info","event":"Processed VR_WC_S4english: 172 rows, 5 columns","chan":"stdout","logger":"task"}
{"timestamp":"2025-09-26T14:44:01.016454Z","level":"info","event":"Removed consecutive duplicate text rows from VR_WC_S12english","chan":"stdout","logger":"task"}
{"timestamp":"2025-09-26T14:44:01.017155Z","level":"info","event":"Processed VR_WC_S12english: 167 rows, 5 columns","chan":"stdout","logger":"task"}
{"timestamp":"2025-09-26T14:44:01.017214","level":"info","event":"Done. Returned value was: ['/Users/adelson/Documents/mai-thomas/VR_WC_Transcripts/VR_WC_S11english_processed.csv', '/Users/adelson/Documents/mai-thomas/VR_WC_Transcripts/VR_WC_S26english_processed.csv', '/Users/adelson/Documents/mai-thomas/VR_WC_Transcripts/VR_WC_S7english_processed.csv', '/Users/adelson/Documents/mai-thomas/VR_WC_Transcripts/VR_WC_S2english_processed.csv', '/Users/adelson/Documents/mai-thomas/VR_WC_Transcripts/VR_WC_S23english_processed.csv', '/Users/adelson/Documents/mai-thomas/VR_WC_Transcripts/VR_WC_S14english_processed.csv', '/Users/adelson/Documents/mai-thomas/VR_WC_Transcripts/VR_WC_S19english_processed.csv', '/Users/adelson/Documents/mai-thomas/VR_WC_Transcripts/VR_WC_S8english_processed.csv', '/Users/adelson/Documents/mai-thomas/VR_WC_Transcripts/VR_WC_S29english_processed.csv', '/Users/adelson/Documents/mai-thomas/VR_WC_Transcripts/VR_WC_S24english_processed.csv', '/Users/adelson/Documents/mai-thomas/VR_WC_Transcripts/VR_WC_S13english_processed.csv', '/Users/adelson/Documents/mai-thomas/VR_WC_Transcripts/VR_WC_S5english_processed.csv', '/Users/adelson/Documents/mai-thomas/VR_WC_Transcripts/VR_WC_S16english_processed.csv', '/Users/adelson/Documents/mai-thomas/VR_WC_Transcripts/VR_WC_S21english_processed.csv', '/Users/adelson/Documents/mai-thomas/VR_WC_Transcripts/VR_WC_S22english_processed.csv', '/Users/adelson/Documents/mai-thomas/VR_WC_Transcripts/VR_WC_S15english_processed.csv', '/Users/adelson/Documents/mai-thomas/VR_WC_Transcripts/VR_WC_S3english_processed.csv', '/Users/adelson/Documents/mai-thomas/VR_WC_Transcripts/VR_WC_S18english_processed.csv', '/Users/adelson/Documents/mai-thomas/VR_WC_Transcripts/VR_WC_S6english_processed.csv', '/Users/adelson/Documents/mai-thomas/VR_WC_Transcripts/VR_WC_S10english_processed.csv', '/Users/adelson/Documents/mai-thomas/VR_WC_Transcripts/VR_WC_S17english_processed.csv', '/Users/adelson/Documents/mai-thomas/VR_WC_Transcripts/VR_WC_S20english_processed.csv', '/Users/adelson/Documents/mai-thomas/VR_WC_Transcripts/VR_WC_S28english_processed.csv', '/Users/adelson/Documents/mai-thomas/VR_WC_Transcripts/VR_WC_S9english_processed.csv', '/Users/adelson/Documents/mai-thomas/VR_WC_Transcripts/VR_WC_S4english_processed.csv', '/Users/adelson/Documents/mai-thomas/VR_WC_Transcripts/VR_WC_S12english_processed.csv']","logger":"airflow.task.operators.airflow.providers.standard.operators.python.PythonOperator"}
{"timestamp":"2025-09-26T14:44:01.017299","level":"info","event":"Pushing xcom","ti":"RuntimeTaskInstance(id=UUID('0199867b-193d-7ac0-88f8-7ffb6e0713a7'), task_id='process_csv_files', dag_id='prep_chats', run_id='manual__2025-09-26T14:43:58.370591+00:00', try_number=1, map_index=-1, hostname='macbook-air-de-adelson.local', context_carrier=None, task=<Task(PythonOperator): process_csv_files>, bundle_instance=LocalDagBundle(name=dags-folder), max_tries=0, start_date=datetime.datetime(2025, 9, 26, 14, 44, 0, 324901, tzinfo=datetime.timezone.utc), end_date=None, state=<TaskInstanceState.RUNNING: 'running'>, is_mapped=False, rendered_map_index=None, log_url='http://localhost:8080/dags/prep_chats/runs/manual__2025-09-26T14%3A43%3A58.370591%2B00%3A00/tasks/process_csv_files?try_number=1')","logger":"task"}
