{"timestamp":"2025-09-26T14:01:33.497775","level":"info","event":"DAG bundles loaded: dags-folder","logger":"airflow.dag_processing.bundles.manager.DagBundlesManager"}
{"timestamp":"2025-09-26T14:01:33.498221","level":"info","event":"Filling up the DagBag from /Users/adelson/airflow/dags/prep_chats.py","logger":"airflow.models.dagbag.DagBag"}
{"timestamp":"2025-09-26T14:01:33.795616","level":"info","event":"NumExpr defaulting to 10 threads.","logger":"numexpr.utils"}
{"timestamp":"2025-09-26T14:01:33.931210Z","level":"info","event":"Cleaning up temporary files...","chan":"stdout","logger":"task"}
{"timestamp":"2025-09-26T14:01:33.936110Z","level":"info","event":"Removed temporary file: /Users/adelson/Documents/mai-thomas/VR_WC_Transcripts/VR_WC_S11english_processed.csv","chan":"stdout","logger":"task"}
{"timestamp":"2025-09-26T14:01:33.936175Z","level":"info","event":"Removed temporary file: /Users/adelson/Documents/mai-thomas/VR_WC_Transcripts/VR_WC_S26english_processed.csv","chan":"stdout","logger":"task"}
{"timestamp":"2025-09-26T14:01:33.936199Z","level":"info","event":"Removed temporary file: /Users/adelson/Documents/mai-thomas/VR_WC_Transcripts/VR_WC_S7english_processed.csv","chan":"stdout","logger":"task"}
{"timestamp":"2025-09-26T14:01:33.936228Z","level":"info","event":"Removed temporary file: /Users/adelson/Documents/mai-thomas/VR_WC_Transcripts/VR_WC_S2english_processed.csv","chan":"stdout","logger":"task"}
{"timestamp":"2025-09-26T14:01:33.936247Z","level":"info","event":"Removed temporary file: /Users/adelson/Documents/mai-thomas/VR_WC_Transcripts/VR_WC_S20english_processed_processed.csv","chan":"stdout","logger":"task"}
{"timestamp":"2025-09-26T14:01:33.936272Z","level":"info","event":"Removed temporary file: /Users/adelson/Documents/mai-thomas/VR_WC_Transcripts/VR_WC_S23english_processed.csv","chan":"stdout","logger":"task"}
{"timestamp":"2025-09-26T14:01:33.936361Z","level":"info","event":"Removed temporary file: /Users/adelson/Documents/mai-thomas/VR_WC_Transcripts/VR_WC_S14english_processed.csv","chan":"stdout","logger":"task"}
{"timestamp":"2025-09-26T14:01:33.936398Z","level":"info","event":"Removed temporary file: /Users/adelson/Documents/mai-thomas/VR_WC_Transcripts/VR_WC_S18english_processed_processed.csv","chan":"stdout","logger":"task"}
{"timestamp":"2025-09-26T14:01:33.936427Z","level":"info","event":"Removed temporary file: /Users/adelson/Documents/mai-thomas/VR_WC_Transcripts/VR_WC_S4english_processed_processed.csv","chan":"stdout","logger":"task"}
{"timestamp":"2025-09-26T14:01:33.936456Z","level":"info","event":"Removed temporary file: /Users/adelson/Documents/mai-thomas/VR_WC_Transcripts/VR_WC_S17english_processed_processed.csv","chan":"stdout","logger":"task"}
{"timestamp":"2025-09-26T14:01:33.936484Z","level":"info","event":"Removed temporary file: /Users/adelson/Documents/mai-thomas/VR_WC_Transcripts/VR_WC_S12english_processed_processed.csv","chan":"stdout","logger":"task"}
{"timestamp":"2025-09-26T14:01:33.936516Z","level":"info","event":"Removed temporary file: /Users/adelson/Documents/mai-thomas/VR_WC_Transcripts/VR_WC_S19english_processed.csv","chan":"stdout","logger":"task"}
{"timestamp":"2025-09-26T14:01:33.936544Z","level":"info","event":"Removed temporary file: /Users/adelson/Documents/mai-thomas/VR_WC_Transcripts/VR_WC_S8english_processed.csv","chan":"stdout","logger":"task"}
{"timestamp":"2025-09-26T14:01:33.936572Z","level":"info","event":"Removed temporary file: /Users/adelson/Documents/mai-thomas/VR_WC_Transcripts/VR_WC_S29english_processed.csv","chan":"stdout","logger":"task"}
{"timestamp":"2025-09-26T14:01:33.936597Z","level":"info","event":"Removed temporary file: /Users/adelson/Documents/mai-thomas/VR_WC_Transcripts/VR_WC_S24english_processed.csv","chan":"stdout","logger":"task"}
{"timestamp":"2025-09-26T14:01:33.936623Z","level":"info","event":"Removed temporary file: /Users/adelson/Documents/mai-thomas/VR_WC_Transcripts/VR_WC_S13english_processed.csv","chan":"stdout","logger":"task"}
{"timestamp":"2025-09-26T14:01:33.936651Z","level":"info","event":"Removed temporary file: /Users/adelson/Documents/mai-thomas/VR_WC_Transcripts/VR_WC_S5english_processed.csv","chan":"stdout","logger":"task"}
{"timestamp":"2025-09-26T14:01:33.936681Z","level":"info","event":"Removed temporary file: /Users/adelson/Documents/mai-thomas/VR_WC_Transcripts/VR_WC_S16english_processed_processed.csv","chan":"stdout","logger":"task"}
{"timestamp":"2025-09-26T14:01:33.936712Z","level":"info","event":"Removed temporary file: /Users/adelson/Documents/mai-thomas/VR_WC_Transcripts/VR_WC_S16english_processed.csv","chan":"stdout","logger":"task"}
{"timestamp":"2025-09-26T14:01:33.936739Z","level":"info","event":"Removed temporary file: /Users/adelson/Documents/mai-thomas/VR_WC_Transcripts/VR_WC_S21english_processed.csv","chan":"stdout","logger":"task"}
{"timestamp":"2025-09-26T14:01:33.936770Z","level":"info","event":"Removed temporary file: /Users/adelson/Documents/mai-thomas/VR_WC_Transcripts/VR_WC_S5english_processed_processed.csv","chan":"stdout","logger":"task"}
{"timestamp":"2025-09-26T14:01:33.936802Z","level":"info","event":"Removed temporary file: /Users/adelson/Documents/mai-thomas/VR_WC_Transcripts/VR_WC_S13english_processed_processed.csv","chan":"stdout","logger":"task"}
{"timestamp":"2025-09-26T14:01:33.936842Z","level":"info","event":"Removed temporary file: /Users/adelson/Documents/mai-thomas/VR_WC_Transcripts/VR_WC_S24english_processed_processed.csv","chan":"stdout","logger":"task"}
{"timestamp":"2025-09-26T14:01:33.936879Z","level":"info","event":"Removed temporary file: /Users/adelson/Documents/mai-thomas/VR_WC_Transcripts/VR_WC_S19english_processed_processed.csv","chan":"stdout","logger":"task"}
{"timestamp":"2025-09-26T14:01:33.936923Z","level":"info","event":"Removed temporary file: /Users/adelson/Documents/mai-thomas/VR_WC_Transcripts/VR_WC_S21english_processed_processed.csv","chan":"stdout","logger":"task"}
{"timestamp":"2025-09-26T14:01:33.936969Z","level":"info","event":"Removed temporary file: /Users/adelson/Documents/mai-thomas/VR_WC_Transcripts/VR_WC_S9english_processed_processed.csv","chan":"stdout","logger":"task"}
{"timestamp":"2025-09-26T14:01:33.937006Z","level":"info","event":"Removed temporary file: /Users/adelson/Documents/mai-thomas/VR_WC_Transcripts/VR_WC_S22english_processed_processed.csv","chan":"stdout","logger":"task"}
{"timestamp":"2025-09-26T14:01:33.937048Z","level":"info","event":"Removed temporary file: /Users/adelson/Documents/mai-thomas/VR_WC_Transcripts/VR_WC_S22english_processed.csv","chan":"stdout","logger":"task"}
{"timestamp":"2025-09-26T14:01:33.937086Z","level":"info","event":"Removed temporary file: /Users/adelson/Documents/mai-thomas/VR_WC_Transcripts/VR_WC_S15english_processed.csv","chan":"stdout","logger":"task"}
{"timestamp":"2025-09-26T14:01:33.937156Z","level":"info","event":"Removed temporary file: /Users/adelson/Documents/mai-thomas/VR_WC_Transcripts/VR_WC_S3english_processed.csv","chan":"stdout","logger":"task"}
{"timestamp":"2025-09-26T14:01:33.937191Z","level":"info","event":"Removed temporary file: /Users/adelson/Documents/mai-thomas/VR_WC_Transcripts/VR_WC_S28english_processed_processed.csv","chan":"stdout","logger":"task"}
{"timestamp":"2025-09-26T14:01:33.937229Z","level":"info","event":"Removed temporary file: /Users/adelson/Documents/mai-thomas/VR_WC_Transcripts/VR_WC_S3english_processed_processed.csv","chan":"stdout","logger":"task"}
{"timestamp":"2025-09-26T14:01:33.937268Z","level":"info","event":"Removed temporary file: /Users/adelson/Documents/mai-thomas/VR_WC_Transcripts/VR_WC_S10english_processed_processed.csv","chan":"stdout","logger":"task"}
{"timestamp":"2025-09-26T14:01:33.937309Z","level":"info","event":"Removed temporary file: /Users/adelson/Documents/mai-thomas/VR_WC_Transcripts/VR_WC_S15english_processed_processed.csv","chan":"stdout","logger":"task"}
{"timestamp":"2025-09-26T14:01:33.937356Z","level":"info","event":"Removed temporary file: /Users/adelson/Documents/mai-thomas/VR_WC_Transcripts/VR_WC_S6english_processed_processed.csv","chan":"stdout","logger":"task"}
{"timestamp":"2025-09-26T14:01:33.937407Z","level":"info","event":"Removed temporary file: /Users/adelson/Documents/mai-thomas/VR_WC_Transcripts/VR_WC_S18english_processed.csv","chan":"stdout","logger":"task"}
{"timestamp":"2025-09-26T14:01:33.937451Z","level":"info","event":"Removed temporary file: /Users/adelson/Documents/mai-thomas/VR_WC_Transcripts/VR_WC_S6english_processed.csv","chan":"stdout","logger":"task"}
{"timestamp":"2025-09-26T14:01:33.937489Z","level":"info","event":"Removed temporary file: /Users/adelson/Documents/mai-thomas/VR_WC_Transcripts/VR_WC_S10english_processed.csv","chan":"stdout","logger":"task"}
{"timestamp":"2025-09-26T14:01:33.937528Z","level":"info","event":"Removed temporary file: /Users/adelson/Documents/mai-thomas/VR_WC_Transcripts/VR_WC_S17english_processed.csv","chan":"stdout","logger":"task"}
{"timestamp":"2025-09-26T14:01:33.937574Z","level":"info","event":"Removed temporary file: /Users/adelson/Documents/mai-thomas/VR_WC_Transcripts/VR_WC_S11english_processed_processed.csv","chan":"stdout","logger":"task"}
{"timestamp":"2025-09-26T14:01:33.937608Z","level":"info","event":"Removed temporary file: /Users/adelson/Documents/mai-thomas/VR_WC_Transcripts/VR_WC_S20english_processed.csv","chan":"stdout","logger":"task"}
{"timestamp":"2025-09-26T14:01:33.937660Z","level":"info","event":"Removed temporary file: /Users/adelson/Documents/mai-thomas/VR_WC_Transcripts/VR_WC_S2english_processed_processed.csv","chan":"stdout","logger":"task"}
{"timestamp":"2025-09-26T14:01:33.937700Z","level":"info","event":"Removed temporary file: /Users/adelson/Documents/mai-thomas/VR_WC_Transcripts/VR_WC_S29english_processed_processed.csv","chan":"stdout","logger":"task"}
{"timestamp":"2025-09-26T14:01:33.937741Z","level":"info","event":"Removed temporary file: /Users/adelson/Documents/mai-thomas/VR_WC_Transcripts/VR_WC_S7english_processed_processed.csv","chan":"stdout","logger":"task"}
{"timestamp":"2025-09-26T14:01:33.937785Z","level":"info","event":"Removed temporary file: /Users/adelson/Documents/mai-thomas/VR_WC_Transcripts/VR_WC_S14english_processed_processed.csv","chan":"stdout","logger":"task"}
{"timestamp":"2025-09-26T14:01:33.937826Z","level":"info","event":"Removed temporary file: /Users/adelson/Documents/mai-thomas/VR_WC_Transcripts/VR_WC_S23english_processed_processed.csv","chan":"stdout","logger":"task"}
{"timestamp":"2025-09-26T14:01:33.937875Z","level":"info","event":"Removed temporary file: /Users/adelson/Documents/mai-thomas/VR_WC_Transcripts/VR_WC_S8english_processed_processed.csv","chan":"stdout","logger":"task"}
{"timestamp":"2025-09-26T14:01:33.937915Z","level":"info","event":"Removed temporary file: /Users/adelson/Documents/mai-thomas/VR_WC_Transcripts/VR_WC_S26english_processed_processed.csv","chan":"stdout","logger":"task"}
{"timestamp":"2025-09-26T14:01:33.937959Z","level":"info","event":"Removed temporary file: /Users/adelson/Documents/mai-thomas/VR_WC_Transcripts/VR_WC_S28english_processed.csv","chan":"stdout","logger":"task"}
{"timestamp":"2025-09-26T14:01:33.938002Z","level":"info","event":"Removed temporary file: /Users/adelson/Documents/mai-thomas/VR_WC_Transcripts/VR_WC_S9english_processed.csv","chan":"stdout","logger":"task"}
{"timestamp":"2025-09-26T14:01:33.938056Z","level":"info","event":"Removed temporary file: /Users/adelson/Documents/mai-thomas/VR_WC_Transcripts/VR_WC_S4english_processed.csv","chan":"stdout","logger":"task"}
{"timestamp":"2025-09-26T14:01:33.938108Z","level":"info","event":"Removed temporary file: /Users/adelson/Documents/mai-thomas/VR_WC_Transcripts/VR_WC_S12english_processed.csv","chan":"stdout","logger":"task"}
{"timestamp":"2025-09-26T14:01:33.938124Z","level":"info","event":"Cleanup completed!","chan":"stdout","logger":"task"}
{"timestamp":"2025-09-26T14:01:33.938172","level":"info","event":"Done. Returned value was: None","logger":"airflow.task.operators.airflow.providers.standard.operators.python.PythonOperator"}
