{"timestamp":"2025-09-26T14:39:43.871268","level":"info","event":"DAG bundles loaded: dags-folder","logger":"airflow.dag_processing.bundles.manager.DagBundlesManager"}
{"timestamp":"2025-09-26T14:39:43.871510","level":"info","event":"Filling up the DagBag from /Users/adelson/airflow/dags/clair_api_processor.py","logger":"airflow.models.dagbag.DagBag"}
{"timestamp":"2025-09-26T14:39:43.923375","level":"info","event":"Tmp dir root location: /var/folders/82/f0krq6zj2bb8g6tczhngyxh00000gn/T","logger":"airflow.task.hooks.airflow.providers.standard.hooks.subprocess.SubprocessHook"}
{"timestamp":"2025-09-26T14:39:43.923613","level":"info","event":"Running command: ['/bin/bash', '-c', '\\n        # Set environment variables\\n        export CLAIR_URL=\"https://next-lab-test.bms.utwente.nl/chatBot/\"\\n        export CLAIR_TOKEN=\"ZMhoyTJQxNE\"\\n        \\n        # Add conda to PATH\\n        export PATH=\"/Users/adelson/miniconda3/bin:$PATH\"\\n        \\n        # Change to the directory containing clair_api_tester.py\\n        cd \"/Users/adelson/Library/CloudStorage/GoogleDrive-adelson.dias@gmail.com/Meu Drive/Clair/clair-v044\"\\n        \\n        # Activate the clair-py310 environment and run the script\\n        conda run -n clair-py310 python tests/archived/clair_api_tester.py             --data_file_path=\"/Users/adelson/Documents/mai-thomas/data/combined_chats.csv\"             --dataset_lang=\"EN\"             --topics_file=\"default, artificial intelligence\"             --mode=\"ssrl\"             --n_groups=\"-1\"\\n        ']","logger":"airflow.task.hooks.airflow.providers.standard.hooks.subprocess.SubprocessHook"}
{"timestamp":"2025-09-26T14:39:43.927807","level":"info","event":"Output:","logger":"airflow.task.hooks.airflow.providers.standard.hooks.subprocess.SubprocessHook"}
{"timestamp":"2025-09-26T14:39:46.108719","level":"info","event":"Traceback (most recent call last):","logger":"airflow.task.hooks.airflow.providers.standard.hooks.subprocess.SubprocessHook"}
{"timestamp":"2025-09-26T14:39:46.109312","level":"info","event":"  File \"/Users/adelson/miniconda3/envs/clair-py310/lib/python3.10/site-packages/pandas/core/indexes/base.py\", line 3812, in get_loc","logger":"airflow.task.hooks.airflow.providers.standard.hooks.subprocess.SubprocessHook"}
{"timestamp":"2025-09-26T14:39:46.109414","level":"info","event":"    return self._engine.get_loc(casted_key)","logger":"airflow.task.hooks.airflow.providers.standard.hooks.subprocess.SubprocessHook"}
{"timestamp":"2025-09-26T14:39:46.109440","level":"info","event":"  File \"pandas/_libs/index.pyx\", line 167, in pandas._libs.index.IndexEngine.get_loc","logger":"airflow.task.hooks.airflow.providers.standard.hooks.subprocess.SubprocessHook"}
{"timestamp":"2025-09-26T14:39:46.109461","level":"info","event":"  File \"pandas/_libs/index.pyx\", line 196, in pandas._libs.index.IndexEngine.get_loc","logger":"airflow.task.hooks.airflow.providers.standard.hooks.subprocess.SubprocessHook"}
{"timestamp":"2025-09-26T14:39:46.109496","level":"info","event":"  File \"pandas/_libs/hashtable_class_helper.pxi\", line 7088, in pandas._libs.hashtable.PyObjectHashTable.get_item","logger":"airflow.task.hooks.airflow.providers.standard.hooks.subprocess.SubprocessHook"}
{"timestamp":"2025-09-26T14:39:46.109518","level":"info","event":"  File \"pandas/_libs/hashtable_class_helper.pxi\", line 7096, in pandas._libs.hashtable.PyObjectHashTable.get_item","logger":"airflow.task.hooks.airflow.providers.standard.hooks.subprocess.SubprocessHook"}
{"timestamp":"2025-09-26T14:39:46.109535","level":"info","event":"KeyError: 'group'","logger":"airflow.task.hooks.airflow.providers.standard.hooks.subprocess.SubprocessHook"}
{"timestamp":"2025-09-26T14:39:46.109556","level":"info","event":"","logger":"airflow.task.hooks.airflow.providers.standard.hooks.subprocess.SubprocessHook"}
{"timestamp":"2025-09-26T14:39:46.109572","level":"info","event":"The above exception was the direct cause of the following exception:","logger":"airflow.task.hooks.airflow.providers.standard.hooks.subprocess.SubprocessHook"}
{"timestamp":"2025-09-26T14:39:46.109589","level":"info","event":"","logger":"airflow.task.hooks.airflow.providers.standard.hooks.subprocess.SubprocessHook"}
{"timestamp":"2025-09-26T14:39:46.109605","level":"info","event":"Traceback (most recent call last):","logger":"airflow.task.hooks.airflow.providers.standard.hooks.subprocess.SubprocessHook"}
{"timestamp":"2025-09-26T14:39:46.109622","level":"info","event":"  File \"/Users/adelson/Library/CloudStorage/GoogleDrive-adelson.dias@gmail.com/Meu Drive/Clair/clair-v044/tests/archived/clair_api_tester.py\", line 151, in <module>","logger":"airflow.task.hooks.airflow.providers.standard.hooks.subprocess.SubprocessHook"}
{"timestamp":"2025-09-26T14:39:46.109646","level":"info","event":"    fire.Fire(main)","logger":"airflow.task.hooks.airflow.providers.standard.hooks.subprocess.SubprocessHook"}
{"timestamp":"2025-09-26T14:39:46.109662","level":"info","event":"  File \"/Users/adelson/miniconda3/envs/clair-py310/lib/python3.10/site-packages/fire/core.py\", line 135, in Fire","logger":"airflow.task.hooks.airflow.providers.standard.hooks.subprocess.SubprocessHook"}
{"timestamp":"2025-09-26T14:39:46.109678","level":"info","event":"    component_trace = _Fire(component, args, parsed_flag_args, context, name)","logger":"airflow.task.hooks.airflow.providers.standard.hooks.subprocess.SubprocessHook"}
{"timestamp":"2025-09-26T14:39:46.109695","level":"info","event":"  File \"/Users/adelson/miniconda3/envs/clair-py310/lib/python3.10/site-packages/fire/core.py\", line 468, in _Fire","logger":"airflow.task.hooks.airflow.providers.standard.hooks.subprocess.SubprocessHook"}
{"timestamp":"2025-09-26T14:39:46.109710","level":"info","event":"    component, remaining_args = _CallAndUpdateTrace(","logger":"airflow.task.hooks.airflow.providers.standard.hooks.subprocess.SubprocessHook"}
{"timestamp":"2025-09-26T14:39:46.109726","level":"info","event":"  File \"/Users/adelson/miniconda3/envs/clair-py310/lib/python3.10/site-packages/fire/core.py\", line 684, in _CallAndUpdateTrace","logger":"airflow.task.hooks.airflow.providers.standard.hooks.subprocess.SubprocessHook"}
{"timestamp":"2025-09-26T14:39:46.109753","level":"info","event":"    component = fn(*varargs, **kwargs)","logger":"airflow.task.hooks.airflow.providers.standard.hooks.subprocess.SubprocessHook"}
{"timestamp":"2025-09-26T14:39:46.109771","level":"info","event":"  File \"/Users/adelson/Library/CloudStorage/GoogleDrive-adelson.dias@gmail.com/Meu Drive/Clair/clair-v044/tests/archived/clair_api_tester.py\", line 92, in main","logger":"airflow.task.hooks.airflow.providers.standard.hooks.subprocess.SubprocessHook"}
{"timestamp":"2025-09-26T14:39:46.109794","level":"info","event":"    print(f\"Using all groups ({len(data_df['group'].unique())})\")","logger":"airflow.task.hooks.airflow.providers.standard.hooks.subprocess.SubprocessHook"}
{"timestamp":"2025-09-26T14:39:46.109810","level":"info","event":"  File \"/Users/adelson/miniconda3/envs/clair-py310/lib/python3.10/site-packages/pandas/core/frame.py\", line 4107, in __getitem__","logger":"airflow.task.hooks.airflow.providers.standard.hooks.subprocess.SubprocessHook"}
{"timestamp":"2025-09-26T14:39:46.109828","level":"info","event":"    indexer = self.columns.get_loc(key)","logger":"airflow.task.hooks.airflow.providers.standard.hooks.subprocess.SubprocessHook"}
{"timestamp":"2025-09-26T14:39:46.109843","level":"info","event":"  File \"/Users/adelson/miniconda3/envs/clair-py310/lib/python3.10/site-packages/pandas/core/indexes/base.py\", line 3819, in get_loc","logger":"airflow.task.hooks.airflow.providers.standard.hooks.subprocess.SubprocessHook"}
{"timestamp":"2025-09-26T14:39:46.109860","level":"info","event":"    raise KeyError(key) from err","logger":"airflow.task.hooks.airflow.providers.standard.hooks.subprocess.SubprocessHook"}
{"timestamp":"2025-09-26T14:39:46.109878","level":"info","event":"KeyError: 'group'","logger":"airflow.task.hooks.airflow.providers.standard.hooks.subprocess.SubprocessHook"}
{"timestamp":"2025-09-26T14:39:46.109894","level":"info","event":"","logger":"airflow.task.hooks.airflow.providers.standard.hooks.subprocess.SubprocessHook"}
{"timestamp":"2025-09-26T14:39:46.109911","level":"info","event":"ERROR conda.cli.main_run:execute(127): `conda run python tests/archived/clair_api_tester.py --data_file_path=/Users/adelson/Documents/mai-thomas/data/combined_chats.csv --dataset_lang=EN --topics_file=default, artificial intelligence --mode=ssrl --n_groups=-1` failed. (See above for error)","logger":"airflow.task.hooks.airflow.providers.standard.hooks.subprocess.SubprocessHook"}
{"timestamp":"2025-09-26T14:39:46.109942","level":"info","event":"https://next-lab-test.bms.utwente.nl/chatBot","logger":"airflow.task.hooks.airflow.providers.standard.hooks.subprocess.SubprocessHook"}
{"timestamp":"2025-09-26T14:39:46.109958","level":"info","event":"{'is_active': True,","logger":"airflow.task.hooks.airflow.providers.standard.hooks.subprocess.SubprocessHook"}
{"timestamp":"2025-09-26T14:39:46.109973","level":"info","event":" 'keywords': ['default', ' artificial intelligence'],","logger":"airflow.task.hooks.airflow.providers.standard.hooks.subprocess.SubprocessHook"}
{"timestamp":"2025-09-26T14:39:46.109989","level":"info","event":" 'language': 'EN',","logger":"airflow.task.hooks.airflow.providers.standard.hooks.subprocess.SubprocessHook"}
{"timestamp":"2025-09-26T14:39:46.110004","level":"info","event":" 'learning_space': 'test/clair_api_ssrl',","logger":"airflow.task.hooks.airflow.providers.standard.hooks.subprocess.SubprocessHook"}
{"timestamp":"2025-09-26T14:39:46.110019","level":"info","event":" 'mode': 'ssrl'}","logger":"airflow.task.hooks.airflow.providers.standard.hooks.subprocess.SubprocessHook"}
{"timestamp":"2025-09-26T14:39:46.110035","level":"info","event":"<Response [200]> null 200 OK","logger":"airflow.task.hooks.airflow.providers.standard.hooks.subprocess.SubprocessHook"}
{"timestamp":"2025-09-26T14:39:46.110069","level":"info","event":"","logger":"airflow.task.hooks.airflow.providers.standard.hooks.subprocess.SubprocessHook"}
{"timestamp":"2025-09-26T14:39:46.164730","level":"info","event":"Command exited with return code 1","logger":"airflow.task.hooks.airflow.providers.standard.hooks.subprocess.SubprocessHook"}
{"timestamp":"2025-09-26T14:39:46.165577","level":"error","event":"Task failed with exception","logger":"task","error_detail":[{"exc_type":"AirflowException","exc_value":"Bash command failed. The command returned a non-zero exit code 1.","exc_notes":[],"syntax_error":null,"is_cause":false,"frames":[{"filename":"/Users/adelson/miniconda3/envs/airflow-test/lib/python3.10/site-packages/airflow/sdk/execution_time/task_runner.py","lineno":920,"name":"run"},{"filename":"/Users/adelson/miniconda3/envs/airflow-test/lib/python3.10/site-packages/airflow/sdk/execution_time/task_runner.py","lineno":1215,"name":"_execute_task"},{"filename":"/Users/adelson/miniconda3/envs/airflow-test/lib/python3.10/site-packages/airflow/sdk/bases/operator.py","lineno":397,"name":"wrapper"},{"filename":"/Users/adelson/miniconda3/envs/airflow-test/lib/python3.10/site-packages/airflow/providers/standard/operators/bash.py","lineno":232,"name":"execute"}],"is_group":false,"exceptions":[]}]}
