{"timestamp":"2025-09-26T01:03:48.534031","level":"info","event":"DAG bundles loaded: dags-folder","logger":"airflow.dag_processing.bundles.manager.DagBundlesManager"}
{"timestamp":"2025-09-26T01:03:48.534344","level":"info","event":"Filling up the DagBag from /Users/adelson/airflow/dags/prep_chats.py","logger":"airflow.models.dagbag.DagBag"}
{"timestamp":"2025-09-26T01:03:48.802980","level":"info","event":"NumExpr defaulting to 10 threads.","logger":"numexpr.utils"}
{"timestamp":"2025-09-26T01:03:48.930558Z","level":"info","event":"Discovering CSV files in folder: /Users/adelson/Documents/mai-thomas/VR_WC_Transcripts","chan":"stdout","logger":"task"}
{"timestamp":"2025-09-26T01:03:48.931456Z","level":"info","event":"Found 26 CSV files:","chan":"stdout","logger":"task"}
{"timestamp":"2025-09-26T01:03:48.931482Z","level":"info","event":"  - /Users/adelson/Documents/mai-thomas/VR_WC_Transcripts/VR_WC_S11english.csv","chan":"stdout","logger":"task"}
{"timestamp":"2025-09-26T01:03:48.931501Z","level":"info","event":"  - /Users/adelson/Documents/mai-thomas/VR_WC_Transcripts/VR_WC_S26english.csv","chan":"stdout","logger":"task"}
{"timestamp":"2025-09-26T01:03:48.931518Z","level":"info","event":"  - /Users/adelson/Documents/mai-thomas/VR_WC_Transcripts/VR_WC_S7english.csv","chan":"stdout","logger":"task"}
{"timestamp":"2025-09-26T01:03:48.931534Z","level":"info","event":"  - /Users/adelson/Documents/mai-thomas/VR_WC_Transcripts/VR_WC_S2english.csv","chan":"stdout","logger":"task"}
{"timestamp":"2025-09-26T01:03:48.931559Z","level":"info","event":"  - /Users/adelson/Documents/mai-thomas/VR_WC_Transcripts/VR_WC_S23english.csv","chan":"stdout","logger":"task"}
{"timestamp":"2025-09-26T01:03:48.931576Z","level":"info","event":"  - /Users/adelson/Documents/mai-thomas/VR_WC_Transcripts/VR_WC_S14english.csv","chan":"stdout","logger":"task"}
{"timestamp":"2025-09-26T01:03:48.931591Z","level":"info","event":"  - /Users/adelson/Documents/mai-thomas/VR_WC_Transcripts/VR_WC_S19english.csv","chan":"stdout","logger":"task"}
{"timestamp":"2025-09-26T01:03:48.931606Z","level":"info","event":"  - /Users/adelson/Documents/mai-thomas/VR_WC_Transcripts/VR_WC_S8english.csv","chan":"stdout","logger":"task"}
{"timestamp":"2025-09-26T01:03:48.931623Z","level":"info","event":"  - /Users/adelson/Documents/mai-thomas/VR_WC_Transcripts/VR_WC_S29english.csv","chan":"stdout","logger":"task"}
{"timestamp":"2025-09-26T01:03:48.931638Z","level":"info","event":"  - /Users/adelson/Documents/mai-thomas/VR_WC_Transcripts/VR_WC_S24english.csv","chan":"stdout","logger":"task"}
{"timestamp":"2025-09-26T01:03:48.931652Z","level":"info","event":"  - /Users/adelson/Documents/mai-thomas/VR_WC_Transcripts/VR_WC_S13english.csv","chan":"stdout","logger":"task"}
{"timestamp":"2025-09-26T01:03:48.931667Z","level":"info","event":"  - /Users/adelson/Documents/mai-thomas/VR_WC_Transcripts/VR_WC_S5english.csv","chan":"stdout","logger":"task"}
{"timestamp":"2025-09-26T01:03:48.931681Z","level":"info","event":"  - /Users/adelson/Documents/mai-thomas/VR_WC_Transcripts/VR_WC_S16english.csv","chan":"stdout","logger":"task"}
{"timestamp":"2025-09-26T01:03:48.931696Z","level":"info","event":"  - /Users/adelson/Documents/mai-thomas/VR_WC_Transcripts/VR_WC_S21english.csv","chan":"stdout","logger":"task"}
{"timestamp":"2025-09-26T01:03:48.931710Z","level":"info","event":"  - /Users/adelson/Documents/mai-thomas/VR_WC_Transcripts/VR_WC_S22english.csv","chan":"stdout","logger":"task"}
{"timestamp":"2025-09-26T01:03:48.931725Z","level":"info","event":"  - /Users/adelson/Documents/mai-thomas/VR_WC_Transcripts/VR_WC_S15english.csv","chan":"stdout","logger":"task"}
{"timestamp":"2025-09-26T01:03:48.931739Z","level":"info","event":"  - /Users/adelson/Documents/mai-thomas/VR_WC_Transcripts/VR_WC_S3english.csv","chan":"stdout","logger":"task"}
{"timestamp":"2025-09-26T01:03:48.931754Z","level":"info","event":"  - /Users/adelson/Documents/mai-thomas/VR_WC_Transcripts/VR_WC_S18english.csv","chan":"stdout","logger":"task"}
{"timestamp":"2025-09-26T01:03:48.931769Z","level":"info","event":"  - /Users/adelson/Documents/mai-thomas/VR_WC_Transcripts/VR_WC_S6english.csv","chan":"stdout","logger":"task"}
{"timestamp":"2025-09-26T01:03:48.931788Z","level":"info","event":"  - /Users/adelson/Documents/mai-thomas/VR_WC_Transcripts/VR_WC_S10english.csv","chan":"stdout","logger":"task"}
{"timestamp":"2025-09-26T01:03:48.931803Z","level":"info","event":"  - /Users/adelson/Documents/mai-thomas/VR_WC_Transcripts/VR_WC_S17english.csv","chan":"stdout","logger":"task"}
{"timestamp":"2025-09-26T01:03:48.931816Z","level":"info","event":"  - /Users/adelson/Documents/mai-thomas/VR_WC_Transcripts/VR_WC_S20english.csv","chan":"stdout","logger":"task"}
{"timestamp":"2025-09-26T01:03:48.931830Z","level":"info","event":"  - /Users/adelson/Documents/mai-thomas/VR_WC_Transcripts/VR_WC_S28english.csv","chan":"stdout","logger":"task"}
{"timestamp":"2025-09-26T01:03:48.931843Z","level":"info","event":"  - /Users/adelson/Documents/mai-thomas/VR_WC_Transcripts/VR_WC_S9english.csv","chan":"stdout","logger":"task"}
{"timestamp":"2025-09-26T01:03:48.931857Z","level":"info","event":"  - /Users/adelson/Documents/mai-thomas/VR_WC_Transcripts/VR_WC_S4english.csv","chan":"stdout","logger":"task"}
{"timestamp":"2025-09-26T01:03:48.931870Z","level":"info","event":"  - /Users/adelson/Documents/mai-thomas/VR_WC_Transcripts/VR_WC_S12english.csv","chan":"stdout","logger":"task"}
{"timestamp":"2025-09-26T01:03:48.931511","level":"info","event":"Done. Returned value was: ['/Users/adelson/Documents/mai-thomas/VR_WC_Transcripts/VR_WC_S11english.csv', '/Users/adelson/Documents/mai-thomas/VR_WC_Transcripts/VR_WC_S26english.csv', '/Users/adelson/Documents/mai-thomas/VR_WC_Transcripts/VR_WC_S7english.csv', '/Users/adelson/Documents/mai-thomas/VR_WC_Transcripts/VR_WC_S2english.csv', '/Users/adelson/Documents/mai-thomas/VR_WC_Transcripts/VR_WC_S23english.csv', '/Users/adelson/Documents/mai-thomas/VR_WC_Transcripts/VR_WC_S14english.csv', '/Users/adelson/Documents/mai-thomas/VR_WC_Transcripts/VR_WC_S19english.csv', '/Users/adelson/Documents/mai-thomas/VR_WC_Transcripts/VR_WC_S8english.csv', '/Users/adelson/Documents/mai-thomas/VR_WC_Transcripts/VR_WC_S29english.csv', '/Users/adelson/Documents/mai-thomas/VR_WC_Transcripts/VR_WC_S24english.csv', '/Users/adelson/Documents/mai-thomas/VR_WC_Transcripts/VR_WC_S13english.csv', '/Users/adelson/Documents/mai-thomas/VR_WC_Transcripts/VR_WC_S5english.csv', '/Users/adelson/Documents/mai-thomas/VR_WC_Transcripts/VR_WC_S16english.csv', '/Users/adelson/Documents/mai-thomas/VR_WC_Transcripts/VR_WC_S21english.csv', '/Users/adelson/Documents/mai-thomas/VR_WC_Transcripts/VR_WC_S22english.csv', '/Users/adelson/Documents/mai-thomas/VR_WC_Transcripts/VR_WC_S15english.csv', '/Users/adelson/Documents/mai-thomas/VR_WC_Transcripts/VR_WC_S3english.csv', '/Users/adelson/Documents/mai-thomas/VR_WC_Transcripts/VR_WC_S18english.csv', '/Users/adelson/Documents/mai-thomas/VR_WC_Transcripts/VR_WC_S6english.csv', '/Users/adelson/Documents/mai-thomas/VR_WC_Transcripts/VR_WC_S10english.csv', '/Users/adelson/Documents/mai-thomas/VR_WC_Transcripts/VR_WC_S17english.csv', '/Users/adelson/Documents/mai-thomas/VR_WC_Transcripts/VR_WC_S20english.csv', '/Users/adelson/Documents/mai-thomas/VR_WC_Transcripts/VR_WC_S28english.csv', '/Users/adelson/Documents/mai-thomas/VR_WC_Transcripts/VR_WC_S9english.csv', '/Users/adelson/Documents/mai-thomas/VR_WC_Transcripts/VR_WC_S4english.csv', '/Users/adelson/Documents/mai-thomas/VR_WC_Transcripts/VR_WC_S12english.csv']","logger":"airflow.task.operators.airflow.providers.standard.operators.python.PythonOperator"}
{"timestamp":"2025-09-26T01:03:48.931578","level":"info","event":"Pushing xcom","ti":"RuntimeTaskInstance(id=UUID('0199838c-3657-75f8-959c-e2f59d970907'), task_id='discover_csv_files', dag_id='prep_chats', run_id='manual__2025-09-26T01:03:48.287352+00:00', try_number=1, map_index=-1, hostname='macbook-air-de-adelson.local', context_carrier=None, task=<Task(PythonOperator): discover_csv_files>, bundle_instance=LocalDagBundle(name=dags-folder), max_tries=0, start_date=datetime.datetime(2025, 9, 26, 1, 3, 48, 483543, tzinfo=datetime.timezone.utc), end_date=None, state=<TaskInstanceState.RUNNING: 'running'>, is_mapped=False, rendered_map_index=None, log_url='http://localhost:8080/dags/prep_chats/runs/manual__2025-09-26T01%3A03%3A48.287352%2B00%3A00/tasks/discover_csv_files?try_number=1')","logger":"task"}
